[0.412s] DEBUG:colcon:Command line arguments: ['/usr/bin/colcon', 'build']
[0.413s] DEBUG:colcon:Parsed command line arguments: Namespace(log_base=None, log_level=None, verb_name='build', build_base='build', install_base='install', merge_install=False, symlink_install=False, test_result_base=None, continue_on_error=False, executor='parallel', parallel_workers=8, event_handlers=None, ignore_user_meta=False, metas=['./colcon.meta'], base_paths=['.'], packages_ignore=None, packages_ignore_regex=None, paths=None, packages_up_to=None, packages_up_to_regex=None, packages_above=None, packages_above_and_dependencies=None, packages_above_depth=None, packages_select_by_dep=None, packages_skip_by_dep=None, packages_skip_up_to=None, packages_select_build_failed=False, packages_skip_build_finished=False, packages_select_test_failures=False, packages_skip_test_passed=False, packages_select=None, packages_skip=None, packages_select_regex=None, packages_skip_regex=None, packages_start=None, packages_end=None, allow_overriding=[], cmake_args=None, cmake_target=None, cmake_target_skip_unavailable=False, cmake_clean_cache=False, cmake_clean_first=False, cmake_force_configure=False, ament_cmake_args=None, catkin_cmake_args=None, catkin_skip_building_tests=False, mixin_files=None, mixin=None, verb_parser=<colcon_mixin.mixin.mixin_argument.MixinArgumentDecorator object at 0x7d77c8eccfe0>, verb_extension=<colcon_core.verb.build.BuildVerb object at 0x7d77c8fed7f0>, main=<bound method BuildVerb.main of <colcon_core.verb.build.BuildVerb object at 0x7d77c8fed7f0>>, mixin_verb=('build',))
[0.602s] Level 1:colcon.colcon_core.package_discovery:discover_packages(colcon_meta) check parameters
[0.602s] Level 1:colcon.colcon_core.package_discovery:discover_packages(recursive) check parameters
[0.603s] Level 1:colcon.colcon_core.package_discovery:discover_packages(ignore) check parameters
[0.603s] Level 1:colcon.colcon_core.package_discovery:discover_packages(path) check parameters
[0.603s] Level 1:colcon.colcon_core.package_discovery:discover_packages(colcon_meta) discover
[0.603s] Level 1:colcon.colcon_core.package_discovery:discover_packages(recursive) discover
[0.603s] INFO:colcon.colcon_core.package_discovery:Crawling recursively for packages in '/home/lunet/ttcc4/direct_motor_control_ws'
[0.604s] Level 1:colcon.colcon_core.package_identification:_identify(.) by extensions ['ignore', 'ignore_ament_install']
[0.604s] Level 1:colcon.colcon_core.package_identification:_identify(.) by extension 'ignore'
[0.604s] Level 1:colcon.colcon_core.package_identification:_identify(.) by extension 'ignore_ament_install'
[0.605s] Level 1:colcon.colcon_core.package_identification:_identify(.) by extensions ['colcon_pkg']
[0.605s] Level 1:colcon.colcon_core.package_identification:_identify(.) by extension 'colcon_pkg'
[0.605s] Level 1:colcon.colcon_core.package_identification:_identify(.) by extensions ['colcon_meta']
[0.605s] Level 1:colcon.colcon_core.package_identification:_identify(.) by extension 'colcon_meta'
[0.605s] Level 1:colcon.colcon_core.package_identification:_identify(.) by extensions ['ros']
[0.605s] Level 1:colcon.colcon_core.package_identification:_identify(.) by extension 'ros'
[0.726s] Level 1:colcon.colcon_core.package_identification:_identify(.) by extensions ['cmake', 'python']
[0.726s] Level 1:colcon.colcon_core.package_identification:_identify(.) by extension 'cmake'
[0.726s] Level 1:colcon.colcon_core.package_identification:_identify(.) by extension 'python'
[0.726s] Level 1:colcon.colcon_core.package_identification:_identify(.) by extensions ['python_setup_py']
[0.726s] Level 1:colcon.colcon_core.package_identification:_identify(.) by extension 'python_setup_py'
[0.727s] Level 1:colcon.colcon_core.package_identification:_identify(build) by extensions ['ignore', 'ignore_ament_install']
[0.727s] Level 1:colcon.colcon_core.package_identification:_identify(build) by extension 'ignore'
[0.727s] Level 1:colcon.colcon_core.package_identification:_identify(build) ignored
[0.728s] Level 1:colcon.colcon_core.package_identification:_identify(install) by extensions ['ignore', 'ignore_ament_install']
[0.728s] Level 1:colcon.colcon_core.package_identification:_identify(install) by extension 'ignore'
[0.728s] Level 1:colcon.colcon_core.package_identification:_identify(install) ignored
[0.729s] Level 1:colcon.colcon_core.package_identification:_identify(log) by extensions ['ignore', 'ignore_ament_install']
[0.729s] Level 1:colcon.colcon_core.package_identification:_identify(log) by extension 'ignore'
[0.730s] Level 1:colcon.colcon_core.package_identification:_identify(log) ignored
[0.730s] Level 1:colcon.colcon_core.package_identification:_identify(new_data) by extensions ['ignore', 'ignore_ament_install']
[0.730s] Level 1:colcon.colcon_core.package_identification:_identify(new_data) by extension 'ignore'
[0.730s] Level 1:colcon.colcon_core.package_identification:_identify(new_data) by extension 'ignore_ament_install'
[0.730s] Level 1:colcon.colcon_core.package_identification:_identify(new_data) by extensions ['colcon_pkg']
[0.730s] Level 1:colcon.colcon_core.package_identification:_identify(new_data) by extension 'colcon_pkg'
[0.730s] Level 1:colcon.colcon_core.package_identification:_identify(new_data) by extensions ['colcon_meta']
[0.730s] Level 1:colcon.colcon_core.package_identification:_identify(new_data) by extension 'colcon_meta'
[0.730s] Level 1:colcon.colcon_core.package_identification:_identify(new_data) by extensions ['ros']
[0.731s] Level 1:colcon.colcon_core.package_identification:_identify(new_data) by extension 'ros'
[0.731s] Level 1:colcon.colcon_core.package_identification:_identify(new_data) by extensions ['cmake', 'python']
[0.731s] Level 1:colcon.colcon_core.package_identification:_identify(new_data) by extension 'cmake'
[0.731s] Level 1:colcon.colcon_core.package_identification:_identify(new_data) by extension 'python'
[0.731s] Level 1:colcon.colcon_core.package_identification:_identify(new_data) by extensions ['python_setup_py']
[0.731s] Level 1:colcon.colcon_core.package_identification:_identify(new_data) by extension 'python_setup_py'
[0.731s] Level 1:colcon.colcon_core.package_identification:_identify(new_data/piddob) by extensions ['ignore', 'ignore_ament_install']
[0.732s] Level 1:colcon.colcon_core.package_identification:_identify(new_data/piddob) by extension 'ignore'
[0.732s] Level 1:colcon.colcon_core.package_identification:_identify(new_data/piddob) by extension 'ignore_ament_install'
[0.732s] Level 1:colcon.colcon_core.package_identification:_identify(new_data/piddob) by extensions ['colcon_pkg']
[0.732s] Level 1:colcon.colcon_core.package_identification:_identify(new_data/piddob) by extension 'colcon_pkg'
[0.732s] Level 1:colcon.colcon_core.package_identification:_identify(new_data/piddob) by extensions ['colcon_meta']
[0.732s] Level 1:colcon.colcon_core.package_identification:_identify(new_data/piddob) by extension 'colcon_meta'
[0.732s] Level 1:colcon.colcon_core.package_identification:_identify(new_data/piddob) by extensions ['ros']
[0.732s] Level 1:colcon.colcon_core.package_identification:_identify(new_data/piddob) by extension 'ros'
[0.732s] Level 1:colcon.colcon_core.package_identification:_identify(new_data/piddob) by extensions ['cmake', 'python']
[0.733s] Level 1:colcon.colcon_core.package_identification:_identify(new_data/piddob) by extension 'cmake'
[0.733s] Level 1:colcon.colcon_core.package_identification:_identify(new_data/piddob) by extension 'python'
[0.733s] Level 1:colcon.colcon_core.package_identification:_identify(new_data/piddob) by extensions ['python_setup_py']
[0.733s] Level 1:colcon.colcon_core.package_identification:_identify(new_data/piddob) by extension 'python_setup_py'
[0.733s] Level 1:colcon.colcon_core.package_identification:_identify(new_data/piddob/reports) by extensions ['ignore', 'ignore_ament_install']
[0.733s] Level 1:colcon.colcon_core.package_identification:_identify(new_data/piddob/reports) by extension 'ignore'
[0.733s] Level 1:colcon.colcon_core.package_identification:_identify(new_data/piddob/reports) by extension 'ignore_ament_install'
[0.733s] Level 1:colcon.colcon_core.package_identification:_identify(new_data/piddob/reports) by extensions ['colcon_pkg']
[0.733s] Level 1:colcon.colcon_core.package_identification:_identify(new_data/piddob/reports) by extension 'colcon_pkg'
[0.734s] Level 1:colcon.colcon_core.package_identification:_identify(new_data/piddob/reports) by extensions ['colcon_meta']
[0.734s] Level 1:colcon.colcon_core.package_identification:_identify(new_data/piddob/reports) by extension 'colcon_meta'
[0.734s] Level 1:colcon.colcon_core.package_identification:_identify(new_data/piddob/reports) by extensions ['ros']
[0.734s] Level 1:colcon.colcon_core.package_identification:_identify(new_data/piddob/reports) by extension 'ros'
[0.734s] Level 1:colcon.colcon_core.package_identification:_identify(new_data/piddob/reports) by extensions ['cmake', 'python']
[0.734s] Level 1:colcon.colcon_core.package_identification:_identify(new_data/piddob/reports) by extension 'cmake'
[0.734s] Level 1:colcon.colcon_core.package_identification:_identify(new_data/piddob/reports) by extension 'python'
[0.734s] Level 1:colcon.colcon_core.package_identification:_identify(new_data/piddob/reports) by extensions ['python_setup_py']
[0.734s] Level 1:colcon.colcon_core.package_identification:_identify(new_data/piddob/reports) by extension 'python_setup_py'
[0.735s] Level 1:colcon.colcon_core.package_identification:_identify(new_data/piddob/reports/20251022_140621) by extensions ['ignore', 'ignore_ament_install']
[0.735s] Level 1:colcon.colcon_core.package_identification:_identify(new_data/piddob/reports/20251022_140621) by extension 'ignore'
[0.735s] Level 1:colcon.colcon_core.package_identification:_identify(new_data/piddob/reports/20251022_140621) by extension 'ignore_ament_install'
[0.735s] Level 1:colcon.colcon_core.package_identification:_identify(new_data/piddob/reports/20251022_140621) by extensions ['colcon_pkg']
[0.735s] Level 1:colcon.colcon_core.package_identification:_identify(new_data/piddob/reports/20251022_140621) by extension 'colcon_pkg'
[0.735s] Level 1:colcon.colcon_core.package_identification:_identify(new_data/piddob/reports/20251022_140621) by extensions ['colcon_meta']
[0.735s] Level 1:colcon.colcon_core.package_identification:_identify(new_data/piddob/reports/20251022_140621) by extension 'colcon_meta'
[0.735s] Level 1:colcon.colcon_core.package_identification:_identify(new_data/piddob/reports/20251022_140621) by extensions ['ros']
[0.735s] Level 1:colcon.colcon_core.package_identification:_identify(new_data/piddob/reports/20251022_140621) by extension 'ros'
[0.736s] Level 1:colcon.colcon_core.package_identification:_identify(new_data/piddob/reports/20251022_140621) by extensions ['cmake', 'python']
[0.736s] Level 1:colcon.colcon_core.package_identification:_identify(new_data/piddob/reports/20251022_140621) by extension 'cmake'
[0.736s] Level 1:colcon.colcon_core.package_identification:_identify(new_data/piddob/reports/20251022_140621) by extension 'python'
[0.736s] Level 1:colcon.colcon_core.package_identification:_identify(new_data/piddob/reports/20251022_140621) by extensions ['python_setup_py']
[0.736s] Level 1:colcon.colcon_core.package_identification:_identify(new_data/piddob/reports/20251022_140621) by extension 'python_setup_py'
[0.736s] Level 1:colcon.colcon_core.package_identification:_identify(new_data/piddob/reports/20251022_140621/per_file) by extensions ['ignore', 'ignore_ament_install']
[0.737s] Level 1:colcon.colcon_core.package_identification:_identify(new_data/piddob/reports/20251022_140621/per_file) by extension 'ignore'
[0.737s] Level 1:colcon.colcon_core.package_identification:_identify(new_data/piddob/reports/20251022_140621/per_file) by extension 'ignore_ament_install'
[0.737s] Level 1:colcon.colcon_core.package_identification:_identify(new_data/piddob/reports/20251022_140621/per_file) by extensions ['colcon_pkg']
[0.737s] Level 1:colcon.colcon_core.package_identification:_identify(new_data/piddob/reports/20251022_140621/per_file) by extension 'colcon_pkg'
[0.737s] Level 1:colcon.colcon_core.package_identification:_identify(new_data/piddob/reports/20251022_140621/per_file) by extensions ['colcon_meta']
[0.737s] Level 1:colcon.colcon_core.package_identification:_identify(new_data/piddob/reports/20251022_140621/per_file) by extension 'colcon_meta'
[0.737s] Level 1:colcon.colcon_core.package_identification:_identify(new_data/piddob/reports/20251022_140621/per_file) by extensions ['ros']
[0.737s] Level 1:colcon.colcon_core.package_identification:_identify(new_data/piddob/reports/20251022_140621/per_file) by extension 'ros'
[0.737s] Level 1:colcon.colcon_core.package_identification:_identify(new_data/piddob/reports/20251022_140621/per_file) by extensions ['cmake', 'python']
[0.737s] Level 1:colcon.colcon_core.package_identification:_identify(new_data/piddob/reports/20251022_140621/per_file) by extension 'cmake'
[0.737s] Level 1:colcon.colcon_core.package_identification:_identify(new_data/piddob/reports/20251022_140621/per_file) by extension 'python'
[0.738s] Level 1:colcon.colcon_core.package_identification:_identify(new_data/piddob/reports/20251022_140621/per_file) by extensions ['python_setup_py']
[0.738s] Level 1:colcon.colcon_core.package_identification:_identify(new_data/piddob/reports/20251022_140621/per_file) by extension 'python_setup_py'
[0.738s] Level 1:colcon.colcon_core.package_identification:_identify(new_data/piddob/reports/20251022_140821) by extensions ['ignore', 'ignore_ament_install']
[0.738s] Level 1:colcon.colcon_core.package_identification:_identify(new_data/piddob/reports/20251022_140821) by extension 'ignore'
[0.738s] Level 1:colcon.colcon_core.package_identification:_identify(new_data/piddob/reports/20251022_140821) by extension 'ignore_ament_install'
[0.738s] Level 1:colcon.colcon_core.package_identification:_identify(new_data/piddob/reports/20251022_140821) by extensions ['colcon_pkg']
[0.738s] Level 1:colcon.colcon_core.package_identification:_identify(new_data/piddob/reports/20251022_140821) by extension 'colcon_pkg'
[0.738s] Level 1:colcon.colcon_core.package_identification:_identify(new_data/piddob/reports/20251022_140821) by extensions ['colcon_meta']
[0.738s] Level 1:colcon.colcon_core.package_identification:_identify(new_data/piddob/reports/20251022_140821) by extension 'colcon_meta'
[0.738s] Level 1:colcon.colcon_core.package_identification:_identify(new_data/piddob/reports/20251022_140821) by extensions ['ros']
[0.738s] Level 1:colcon.colcon_core.package_identification:_identify(new_data/piddob/reports/20251022_140821) by extension 'ros'
[0.739s] Level 1:colcon.colcon_core.package_identification:_identify(new_data/piddob/reports/20251022_140821) by extensions ['cmake', 'python']
[0.739s] Level 1:colcon.colcon_core.package_identification:_identify(new_data/piddob/reports/20251022_140821) by extension 'cmake'
[0.739s] Level 1:colcon.colcon_core.package_identification:_identify(new_data/piddob/reports/20251022_140821) by extension 'python'
[0.739s] Level 1:colcon.colcon_core.package_identification:_identify(new_data/piddob/reports/20251022_140821) by extensions ['python_setup_py']
[0.739s] Level 1:colcon.colcon_core.package_identification:_identify(new_data/piddob/reports/20251022_140821) by extension 'python_setup_py'
[0.739s] Level 1:colcon.colcon_core.package_identification:_identify(new_data/piddob/reports/20251022_140821/per_file) by extensions ['ignore', 'ignore_ament_install']
[0.739s] Level 1:colcon.colcon_core.package_identification:_identify(new_data/piddob/reports/20251022_140821/per_file) by extension 'ignore'
[0.739s] Level 1:colcon.colcon_core.package_identification:_identify(new_data/piddob/reports/20251022_140821/per_file) by extension 'ignore_ament_install'
[0.739s] Level 1:colcon.colcon_core.package_identification:_identify(new_data/piddob/reports/20251022_140821/per_file) by extensions ['colcon_pkg']
[0.740s] Level 1:colcon.colcon_core.package_identification:_identify(new_data/piddob/reports/20251022_140821/per_file) by extension 'colcon_pkg'
[0.740s] Level 1:colcon.colcon_core.package_identification:_identify(new_data/piddob/reports/20251022_140821/per_file) by extensions ['colcon_meta']
[0.740s] Level 1:colcon.colcon_core.package_identification:_identify(new_data/piddob/reports/20251022_140821/per_file) by extension 'colcon_meta'
[0.740s] Level 1:colcon.colcon_core.package_identification:_identify(new_data/piddob/reports/20251022_140821/per_file) by extensions ['ros']
[0.740s] Level 1:colcon.colcon_core.package_identification:_identify(new_data/piddob/reports/20251022_140821/per_file) by extension 'ros'
[0.740s] Level 1:colcon.colcon_core.package_identification:_identify(new_data/piddob/reports/20251022_140821/per_file) by extensions ['cmake', 'python']
[0.740s] Level 1:colcon.colcon_core.package_identification:_identify(new_data/piddob/reports/20251022_140821/per_file) by extension 'cmake'
[0.740s] Level 1:colcon.colcon_core.package_identification:_identify(new_data/piddob/reports/20251022_140821/per_file) by extension 'python'
[0.740s] Level 1:colcon.colcon_core.package_identification:_identify(new_data/piddob/reports/20251022_140821/per_file) by extensions ['python_setup_py']
[0.740s] Level 1:colcon.colcon_core.package_identification:_identify(new_data/piddob/reports/20251022_140821/per_file) by extension 'python_setup_py'
[0.741s] Level 1:colcon.colcon_core.package_identification:_identify(new_data/piddob/reports/20251022_141447) by extensions ['ignore', 'ignore_ament_install']
[0.741s] Level 1:colcon.colcon_core.package_identification:_identify(new_data/piddob/reports/20251022_141447) by extension 'ignore'
[0.741s] Level 1:colcon.colcon_core.package_identification:_identify(new_data/piddob/reports/20251022_141447) by extension 'ignore_ament_install'
[0.741s] Level 1:colcon.colcon_core.package_identification:_identify(new_data/piddob/reports/20251022_141447) by extensions ['colcon_pkg']
[0.741s] Level 1:colcon.colcon_core.package_identification:_identify(new_data/piddob/reports/20251022_141447) by extension 'colcon_pkg'
[0.742s] Level 1:colcon.colcon_core.package_identification:_identify(new_data/piddob/reports/20251022_141447) by extensions ['colcon_meta']
[0.742s] Level 1:colcon.colcon_core.package_identification:_identify(new_data/piddob/reports/20251022_141447) by extension 'colcon_meta'
[0.742s] Level 1:colcon.colcon_core.package_identification:_identify(new_data/piddob/reports/20251022_141447) by extensions ['ros']
[0.742s] Level 1:colcon.colcon_core.package_identification:_identify(new_data/piddob/reports/20251022_141447) by extension 'ros'
[0.742s] Level 1:colcon.colcon_core.package_identification:_identify(new_data/piddob/reports/20251022_141447) by extensions ['cmake', 'python']
[0.742s] Level 1:colcon.colcon_core.package_identification:_identify(new_data/piddob/reports/20251022_141447) by extension 'cmake'
[0.742s] Level 1:colcon.colcon_core.package_identification:_identify(new_data/piddob/reports/20251022_141447) by extension 'python'
[0.742s] Level 1:colcon.colcon_core.package_identification:_identify(new_data/piddob/reports/20251022_141447) by extensions ['python_setup_py']
[0.742s] Level 1:colcon.colcon_core.package_identification:_identify(new_data/piddob/reports/20251022_141447) by extension 'python_setup_py'
[0.743s] Level 1:colcon.colcon_core.package_identification:_identify(new_data/piddob/reports/20251022_141447/per_file) by extensions ['ignore', 'ignore_ament_install']
[0.743s] Level 1:colcon.colcon_core.package_identification:_identify(new_data/piddob/reports/20251022_141447/per_file) by extension 'ignore'
[0.743s] Level 1:colcon.colcon_core.package_identification:_identify(new_data/piddob/reports/20251022_141447/per_file) by extension 'ignore_ament_install'
[0.743s] Level 1:colcon.colcon_core.package_identification:_identify(new_data/piddob/reports/20251022_141447/per_file) by extensions ['colcon_pkg']
[0.743s] Level 1:colcon.colcon_core.package_identification:_identify(new_data/piddob/reports/20251022_141447/per_file) by extension 'colcon_pkg'
[0.743s] Level 1:colcon.colcon_core.package_identification:_identify(new_data/piddob/reports/20251022_141447/per_file) by extensions ['colcon_meta']
[0.743s] Level 1:colcon.colcon_core.package_identification:_identify(new_data/piddob/reports/20251022_141447/per_file) by extension 'colcon_meta'
[0.743s] Level 1:colcon.colcon_core.package_identification:_identify(new_data/piddob/reports/20251022_141447/per_file) by extensions ['ros']
[0.744s] Level 1:colcon.colcon_core.package_identification:_identify(new_data/piddob/reports/20251022_141447/per_file) by extension 'ros'
[0.744s] Level 1:colcon.colcon_core.package_identification:_identify(new_data/piddob/reports/20251022_141447/per_file) by extensions ['cmake', 'python']
[0.744s] Level 1:colcon.colcon_core.package_identification:_identify(new_data/piddob/reports/20251022_141447/per_file) by extension 'cmake'
[0.744s] Level 1:colcon.colcon_core.package_identification:_identify(new_data/piddob/reports/20251022_141447/per_file) by extension 'python'
[0.744s] Level 1:colcon.colcon_core.package_identification:_identify(new_data/piddob/reports/20251022_141447/per_file) by extensions ['python_setup_py']
[0.744s] Level 1:colcon.colcon_core.package_identification:_identify(new_data/piddob/reports/20251022_141447/per_file) by extension 'python_setup_py'
[0.744s] Level 1:colcon.colcon_core.package_identification:_identify(new_data/piddob/reports/20251022_141618) by extensions ['ignore', 'ignore_ament_install']
[0.744s] Level 1:colcon.colcon_core.package_identification:_identify(new_data/piddob/reports/20251022_141618) by extension 'ignore'
[0.745s] Level 1:colcon.colcon_core.package_identification:_identify(new_data/piddob/reports/20251022_141618) by extension 'ignore_ament_install'
[0.745s] Level 1:colcon.colcon_core.package_identification:_identify(new_data/piddob/reports/20251022_141618) by extensions ['colcon_pkg']
[0.745s] Level 1:colcon.colcon_core.package_identification:_identify(new_data/piddob/reports/20251022_141618) by extension 'colcon_pkg'
[0.745s] Level 1:colcon.colcon_core.package_identification:_identify(new_data/piddob/reports/20251022_141618) by extensions ['colcon_meta']
[0.745s] Level 1:colcon.colcon_core.package_identification:_identify(new_data/piddob/reports/20251022_141618) by extension 'colcon_meta'
[0.745s] Level 1:colcon.colcon_core.package_identification:_identify(new_data/piddob/reports/20251022_141618) by extensions ['ros']
[0.745s] Level 1:colcon.colcon_core.package_identification:_identify(new_data/piddob/reports/20251022_141618) by extension 'ros'
[0.745s] Level 1:colcon.colcon_core.package_identification:_identify(new_data/piddob/reports/20251022_141618) by extensions ['cmake', 'python']
[0.745s] Level 1:colcon.colcon_core.package_identification:_identify(new_data/piddob/reports/20251022_141618) by extension 'cmake'
[0.745s] Level 1:colcon.colcon_core.package_identification:_identify(new_data/piddob/reports/20251022_141618) by extension 'python'
[0.745s] Level 1:colcon.colcon_core.package_identification:_identify(new_data/piddob/reports/20251022_141618) by extensions ['python_setup_py']
[0.745s] Level 1:colcon.colcon_core.package_identification:_identify(new_data/piddob/reports/20251022_141618) by extension 'python_setup_py'
[0.745s] Level 1:colcon.colcon_core.package_identification:_identify(new_data/piddob/reports/20251022_141618/per_file) by extensions ['ignore', 'ignore_ament_install']
[0.746s] Level 1:colcon.colcon_core.package_identification:_identify(new_data/piddob/reports/20251022_141618/per_file) by extension 'ignore'
[0.746s] Level 1:colcon.colcon_core.package_identification:_identify(new_data/piddob/reports/20251022_141618/per_file) by extension 'ignore_ament_install'
[0.746s] Level 1:colcon.colcon_core.package_identification:_identify(new_data/piddob/reports/20251022_141618/per_file) by extensions ['colcon_pkg']
[0.746s] Level 1:colcon.colcon_core.package_identification:_identify(new_data/piddob/reports/20251022_141618/per_file) by extension 'colcon_pkg'
[0.746s] Level 1:colcon.colcon_core.package_identification:_identify(new_data/piddob/reports/20251022_141618/per_file) by extensions ['colcon_meta']
[0.746s] Level 1:colcon.colcon_core.package_identification:_identify(new_data/piddob/reports/20251022_141618/per_file) by extension 'colcon_meta'
[0.746s] Level 1:colcon.colcon_core.package_identification:_identify(new_data/piddob/reports/20251022_141618/per_file) by extensions ['ros']
[0.746s] Level 1:colcon.colcon_core.package_identification:_identify(new_data/piddob/reports/20251022_141618/per_file) by extension 'ros'
[0.747s] Level 1:colcon.colcon_core.package_identification:_identify(new_data/piddob/reports/20251022_141618/per_file) by extensions ['cmake', 'python']
[0.747s] Level 1:colcon.colcon_core.package_identification:_identify(new_data/piddob/reports/20251022_141618/per_file) by extension 'cmake'
[0.747s] Level 1:colcon.colcon_core.package_identification:_identify(new_data/piddob/reports/20251022_141618/per_file) by extension 'python'
[0.747s] Level 1:colcon.colcon_core.package_identification:_identify(new_data/piddob/reports/20251022_141618/per_file) by extensions ['python_setup_py']
[0.747s] Level 1:colcon.colcon_core.package_identification:_identify(new_data/piddob/reports/20251022_141618/per_file) by extension 'python_setup_py'
[0.747s] Level 1:colcon.colcon_core.package_identification:_identify(new_data/reports_compare) by extensions ['ignore', 'ignore_ament_install']
[0.747s] Level 1:colcon.colcon_core.package_identification:_identify(new_data/reports_compare) by extension 'ignore'
[0.748s] Level 1:colcon.colcon_core.package_identification:_identify(new_data/reports_compare) by extension 'ignore_ament_install'
[0.748s] Level 1:colcon.colcon_core.package_identification:_identify(new_data/reports_compare) by extensions ['colcon_pkg']
[0.748s] Level 1:colcon.colcon_core.package_identification:_identify(new_data/reports_compare) by extension 'colcon_pkg'
[0.748s] Level 1:colcon.colcon_core.package_identification:_identify(new_data/reports_compare) by extensions ['colcon_meta']
[0.748s] Level 1:colcon.colcon_core.package_identification:_identify(new_data/reports_compare) by extension 'colcon_meta'
[0.748s] Level 1:colcon.colcon_core.package_identification:_identify(new_data/reports_compare) by extensions ['ros']
[0.748s] Level 1:colcon.colcon_core.package_identification:_identify(new_data/reports_compare) by extension 'ros'
[0.748s] Level 1:colcon.colcon_core.package_identification:_identify(new_data/reports_compare) by extensions ['cmake', 'python']
[0.748s] Level 1:colcon.colcon_core.package_identification:_identify(new_data/reports_compare) by extension 'cmake'
[0.748s] Level 1:colcon.colcon_core.package_identification:_identify(new_data/reports_compare) by extension 'python'
[0.748s] Level 1:colcon.colcon_core.package_identification:_identify(new_data/reports_compare) by extensions ['python_setup_py']
[0.749s] Level 1:colcon.colcon_core.package_identification:_identify(new_data/reports_compare) by extension 'python_setup_py'
[0.749s] Level 1:colcon.colcon_core.package_identification:_identify(new_data/reports_compare/20251022_141618) by extensions ['ignore', 'ignore_ament_install']
[0.749s] Level 1:colcon.colcon_core.package_identification:_identify(new_data/reports_compare/20251022_141618) by extension 'ignore'
[0.749s] Level 1:colcon.colcon_core.package_identification:_identify(new_data/reports_compare/20251022_141618) by extension 'ignore_ament_install'
[0.749s] Level 1:colcon.colcon_core.package_identification:_identify(new_data/reports_compare/20251022_141618) by extensions ['colcon_pkg']
[0.749s] Level 1:colcon.colcon_core.package_identification:_identify(new_data/reports_compare/20251022_141618) by extension 'colcon_pkg'
[0.749s] Level 1:colcon.colcon_core.package_identification:_identify(new_data/reports_compare/20251022_141618) by extensions ['colcon_meta']
[0.749s] Level 1:colcon.colcon_core.package_identification:_identify(new_data/reports_compare/20251022_141618) by extension 'colcon_meta'
[0.750s] Level 1:colcon.colcon_core.package_identification:_identify(new_data/reports_compare/20251022_141618) by extensions ['ros']
[0.750s] Level 1:colcon.colcon_core.package_identification:_identify(new_data/reports_compare/20251022_141618) by extension 'ros'
[0.750s] Level 1:colcon.colcon_core.package_identification:_identify(new_data/reports_compare/20251022_141618) by extensions ['cmake', 'python']
[0.750s] Level 1:colcon.colcon_core.package_identification:_identify(new_data/reports_compare/20251022_141618) by extension 'cmake'
[0.750s] Level 1:colcon.colcon_core.package_identification:_identify(new_data/reports_compare/20251022_141618) by extension 'python'
[0.750s] Level 1:colcon.colcon_core.package_identification:_identify(new_data/reports_compare/20251022_141618) by extensions ['python_setup_py']
[0.750s] Level 1:colcon.colcon_core.package_identification:_identify(new_data/reports_compare/20251022_141618) by extension 'python_setup_py'
[0.751s] Level 1:colcon.colcon_core.package_identification:_identify(new_data/reports_compare/20251022_141618/per_file) by extensions ['ignore', 'ignore_ament_install']
[0.751s] Level 1:colcon.colcon_core.package_identification:_identify(new_data/reports_compare/20251022_141618/per_file) by extension 'ignore'
[0.751s] Level 1:colcon.colcon_core.package_identification:_identify(new_data/reports_compare/20251022_141618/per_file) by extension 'ignore_ament_install'
[0.751s] Level 1:colcon.colcon_core.package_identification:_identify(new_data/reports_compare/20251022_141618/per_file) by extensions ['colcon_pkg']
[0.751s] Level 1:colcon.colcon_core.package_identification:_identify(new_data/reports_compare/20251022_141618/per_file) by extension 'colcon_pkg'
[0.752s] Level 1:colcon.colcon_core.package_identification:_identify(new_data/reports_compare/20251022_141618/per_file) by extensions ['colcon_meta']
[0.752s] Level 1:colcon.colcon_core.package_identification:_identify(new_data/reports_compare/20251022_141618/per_file) by extension 'colcon_meta'
[0.752s] Level 1:colcon.colcon_core.package_identification:_identify(new_data/reports_compare/20251022_141618/per_file) by extensions ['ros']
[0.752s] Level 1:colcon.colcon_core.package_identification:_identify(new_data/reports_compare/20251022_141618/per_file) by extension 'ros'
[0.752s] Level 1:colcon.colcon_core.package_identification:_identify(new_data/reports_compare/20251022_141618/per_file) by extensions ['cmake', 'python']
[0.752s] Level 1:colcon.colcon_core.package_identification:_identify(new_data/reports_compare/20251022_141618/per_file) by extension 'cmake'
[0.752s] Level 1:colcon.colcon_core.package_identification:_identify(new_data/reports_compare/20251022_141618/per_file) by extension 'python'
[0.752s] Level 1:colcon.colcon_core.package_identification:_identify(new_data/reports_compare/20251022_141618/per_file) by extensions ['python_setup_py']
[0.752s] Level 1:colcon.colcon_core.package_identification:_identify(new_data/reports_compare/20251022_141618/per_file) by extension 'python_setup_py'
[0.753s] Level 1:colcon.colcon_core.package_identification:_identify(new_data/rvolmea) by extensions ['ignore', 'ignore_ament_install']
[0.753s] Level 1:colcon.colcon_core.package_identification:_identify(new_data/rvolmea) by extension 'ignore'
[0.753s] Level 1:colcon.colcon_core.package_identification:_identify(new_data/rvolmea) by extension 'ignore_ament_install'
[0.753s] Level 1:colcon.colcon_core.package_identification:_identify(new_data/rvolmea) by extensions ['colcon_pkg']
[0.753s] Level 1:colcon.colcon_core.package_identification:_identify(new_data/rvolmea) by extension 'colcon_pkg'
[0.753s] Level 1:colcon.colcon_core.package_identification:_identify(new_data/rvolmea) by extensions ['colcon_meta']
[0.753s] Level 1:colcon.colcon_core.package_identification:_identify(new_data/rvolmea) by extension 'colcon_meta'
[0.753s] Level 1:colcon.colcon_core.package_identification:_identify(new_data/rvolmea) by extensions ['ros']
[0.753s] Level 1:colcon.colcon_core.package_identification:_identify(new_data/rvolmea) by extension 'ros'
[0.754s] Level 1:colcon.colcon_core.package_identification:_identify(new_data/rvolmea) by extensions ['cmake', 'python']
[0.754s] Level 1:colcon.colcon_core.package_identification:_identify(new_data/rvolmea) by extension 'cmake'
[0.754s] Level 1:colcon.colcon_core.package_identification:_identify(new_data/rvolmea) by extension 'python'
[0.754s] Level 1:colcon.colcon_core.package_identification:_identify(new_data/rvolmea) by extensions ['python_setup_py']
[0.754s] Level 1:colcon.colcon_core.package_identification:_identify(new_data/rvolmea) by extension 'python_setup_py'
[0.754s] Level 1:colcon.colcon_core.package_identification:_identify(new_data/rvolmea/reports) by extensions ['ignore', 'ignore_ament_install']
[0.754s] Level 1:colcon.colcon_core.package_identification:_identify(new_data/rvolmea/reports) by extension 'ignore'
[0.754s] Level 1:colcon.colcon_core.package_identification:_identify(new_data/rvolmea/reports) by extension 'ignore_ament_install'
[0.755s] Level 1:colcon.colcon_core.package_identification:_identify(new_data/rvolmea/reports) by extensions ['colcon_pkg']
[0.755s] Level 1:colcon.colcon_core.package_identification:_identify(new_data/rvolmea/reports) by extension 'colcon_pkg'
[0.755s] Level 1:colcon.colcon_core.package_identification:_identify(new_data/rvolmea/reports) by extensions ['colcon_meta']
[0.755s] Level 1:colcon.colcon_core.package_identification:_identify(new_data/rvolmea/reports) by extension 'colcon_meta'
[0.755s] Level 1:colcon.colcon_core.package_identification:_identify(new_data/rvolmea/reports) by extensions ['ros']
[0.755s] Level 1:colcon.colcon_core.package_identification:_identify(new_data/rvolmea/reports) by extension 'ros'
[0.755s] Level 1:colcon.colcon_core.package_identification:_identify(new_data/rvolmea/reports) by extensions ['cmake', 'python']
[0.755s] Level 1:colcon.colcon_core.package_identification:_identify(new_data/rvolmea/reports) by extension 'cmake'
[0.755s] Level 1:colcon.colcon_core.package_identification:_identify(new_data/rvolmea/reports) by extension 'python'
[0.755s] Level 1:colcon.colcon_core.package_identification:_identify(new_data/rvolmea/reports) by extensions ['python_setup_py']
[0.755s] Level 1:colcon.colcon_core.package_identification:_identify(new_data/rvolmea/reports) by extension 'python_setup_py'
[0.755s] Level 1:colcon.colcon_core.package_identification:_identify(new_data/rvolmea/reports/20251022_130436) by extensions ['ignore', 'ignore_ament_install']
[0.756s] Level 1:colcon.colcon_core.package_identification:_identify(new_data/rvolmea/reports/20251022_130436) by extension 'ignore'
[0.756s] Level 1:colcon.colcon_core.package_identification:_identify(new_data/rvolmea/reports/20251022_130436) by extension 'ignore_ament_install'
[0.756s] Level 1:colcon.colcon_core.package_identification:_identify(new_data/rvolmea/reports/20251022_130436) by extensions ['colcon_pkg']
[0.756s] Level 1:colcon.colcon_core.package_identification:_identify(new_data/rvolmea/reports/20251022_130436) by extension 'colcon_pkg'
[0.756s] Level 1:colcon.colcon_core.package_identification:_identify(new_data/rvolmea/reports/20251022_130436) by extensions ['colcon_meta']
[0.756s] Level 1:colcon.colcon_core.package_identification:_identify(new_data/rvolmea/reports/20251022_130436) by extension 'colcon_meta'
[0.756s] Level 1:colcon.colcon_core.package_identification:_identify(new_data/rvolmea/reports/20251022_130436) by extensions ['ros']
[0.756s] Level 1:colcon.colcon_core.package_identification:_identify(new_data/rvolmea/reports/20251022_130436) by extension 'ros'
[0.756s] Level 1:colcon.colcon_core.package_identification:_identify(new_data/rvolmea/reports/20251022_130436) by extensions ['cmake', 'python']
[0.756s] Level 1:colcon.colcon_core.package_identification:_identify(new_data/rvolmea/reports/20251022_130436) by extension 'cmake'
[0.756s] Level 1:colcon.colcon_core.package_identification:_identify(new_data/rvolmea/reports/20251022_130436) by extension 'python'
[0.756s] Level 1:colcon.colcon_core.package_identification:_identify(new_data/rvolmea/reports/20251022_130436) by extensions ['python_setup_py']
[0.756s] Level 1:colcon.colcon_core.package_identification:_identify(new_data/rvolmea/reports/20251022_130436) by extension 'python_setup_py'
[0.757s] Level 1:colcon.colcon_core.package_identification:_identify(new_data/rvolmea/reports/20251022_130436/per_file) by extensions ['ignore', 'ignore_ament_install']
[0.757s] Level 1:colcon.colcon_core.package_identification:_identify(new_data/rvolmea/reports/20251022_130436/per_file) by extension 'ignore'
[0.757s] Level 1:colcon.colcon_core.package_identification:_identify(new_data/rvolmea/reports/20251022_130436/per_file) by extension 'ignore_ament_install'
[0.757s] Level 1:colcon.colcon_core.package_identification:_identify(new_data/rvolmea/reports/20251022_130436/per_file) by extensions ['colcon_pkg']
[0.757s] Level 1:colcon.colcon_core.package_identification:_identify(new_data/rvolmea/reports/20251022_130436/per_file) by extension 'colcon_pkg'
[0.757s] Level 1:colcon.colcon_core.package_identification:_identify(new_data/rvolmea/reports/20251022_130436/per_file) by extensions ['colcon_meta']
[0.757s] Level 1:colcon.colcon_core.package_identification:_identify(new_data/rvolmea/reports/20251022_130436/per_file) by extension 'colcon_meta'
[0.758s] Level 1:colcon.colcon_core.package_identification:_identify(new_data/rvolmea/reports/20251022_130436/per_file) by extensions ['ros']
[0.758s] Level 1:colcon.colcon_core.package_identification:_identify(new_data/rvolmea/reports/20251022_130436/per_file) by extension 'ros'
[0.758s] Level 1:colcon.colcon_core.package_identification:_identify(new_data/rvolmea/reports/20251022_130436/per_file) by extensions ['cmake', 'python']
[0.758s] Level 1:colcon.colcon_core.package_identification:_identify(new_data/rvolmea/reports/20251022_130436/per_file) by extension 'cmake'
[0.758s] Level 1:colcon.colcon_core.package_identification:_identify(new_data/rvolmea/reports/20251022_130436/per_file) by extension 'python'
[0.758s] Level 1:colcon.colcon_core.package_identification:_identify(new_data/rvolmea/reports/20251022_130436/per_file) by extensions ['python_setup_py']
[0.758s] Level 1:colcon.colcon_core.package_identification:_identify(new_data/rvolmea/reports/20251022_130436/per_file) by extension 'python_setup_py'
[0.758s] Level 1:colcon.colcon_core.package_identification:_identify(new_data/rvolmea/reports/20251022_140821) by extensions ['ignore', 'ignore_ament_install']
[0.758s] Level 1:colcon.colcon_core.package_identification:_identify(new_data/rvolmea/reports/20251022_140821) by extension 'ignore'
[0.758s] Level 1:colcon.colcon_core.package_identification:_identify(new_data/rvolmea/reports/20251022_140821) by extension 'ignore_ament_install'
[0.758s] Level 1:colcon.colcon_core.package_identification:_identify(new_data/rvolmea/reports/20251022_140821) by extensions ['colcon_pkg']
[0.759s] Level 1:colcon.colcon_core.package_identification:_identify(new_data/rvolmea/reports/20251022_140821) by extension 'colcon_pkg'
[0.759s] Level 1:colcon.colcon_core.package_identification:_identify(new_data/rvolmea/reports/20251022_140821) by extensions ['colcon_meta']
[0.759s] Level 1:colcon.colcon_core.package_identification:_identify(new_data/rvolmea/reports/20251022_140821) by extension 'colcon_meta'
[0.759s] Level 1:colcon.colcon_core.package_identification:_identify(new_data/rvolmea/reports/20251022_140821) by extensions ['ros']
[0.759s] Level 1:colcon.colcon_core.package_identification:_identify(new_data/rvolmea/reports/20251022_140821) by extension 'ros'
[0.759s] Level 1:colcon.colcon_core.package_identification:_identify(new_data/rvolmea/reports/20251022_140821) by extensions ['cmake', 'python']
[0.759s] Level 1:colcon.colcon_core.package_identification:_identify(new_data/rvolmea/reports/20251022_140821) by extension 'cmake'
[0.759s] Level 1:colcon.colcon_core.package_identification:_identify(new_data/rvolmea/reports/20251022_140821) by extension 'python'
[0.759s] Level 1:colcon.colcon_core.package_identification:_identify(new_data/rvolmea/reports/20251022_140821) by extensions ['python_setup_py']
[0.759s] Level 1:colcon.colcon_core.package_identification:_identify(new_data/rvolmea/reports/20251022_140821) by extension 'python_setup_py'
[0.760s] Level 1:colcon.colcon_core.package_identification:_identify(new_data/rvolmea/reports/20251022_140821/per_file) by extensions ['ignore', 'ignore_ament_install']
[0.760s] Level 1:colcon.colcon_core.package_identification:_identify(new_data/rvolmea/reports/20251022_140821/per_file) by extension 'ignore'
[0.760s] Level 1:colcon.colcon_core.package_identification:_identify(new_data/rvolmea/reports/20251022_140821/per_file) by extension 'ignore_ament_install'
[0.760s] Level 1:colcon.colcon_core.package_identification:_identify(new_data/rvolmea/reports/20251022_140821/per_file) by extensions ['colcon_pkg']
[0.760s] Level 1:colcon.colcon_core.package_identification:_identify(new_data/rvolmea/reports/20251022_140821/per_file) by extension 'colcon_pkg'
[0.760s] Level 1:colcon.colcon_core.package_identification:_identify(new_data/rvolmea/reports/20251022_140821/per_file) by extensions ['colcon_meta']
[0.761s] Level 1:colcon.colcon_core.package_identification:_identify(new_data/rvolmea/reports/20251022_140821/per_file) by extension 'colcon_meta'
[0.761s] Level 1:colcon.colcon_core.package_identification:_identify(new_data/rvolmea/reports/20251022_140821/per_file) by extensions ['ros']
[0.761s] Level 1:colcon.colcon_core.package_identification:_identify(new_data/rvolmea/reports/20251022_140821/per_file) by extension 'ros'
[0.761s] Level 1:colcon.colcon_core.package_identification:_identify(new_data/rvolmea/reports/20251022_140821/per_file) by extensions ['cmake', 'python']
[0.761s] Level 1:colcon.colcon_core.package_identification:_identify(new_data/rvolmea/reports/20251022_140821/per_file) by extension 'cmake'
[0.761s] Level 1:colcon.colcon_core.package_identification:_identify(new_data/rvolmea/reports/20251022_140821/per_file) by extension 'python'
[0.761s] Level 1:colcon.colcon_core.package_identification:_identify(new_data/rvolmea/reports/20251022_140821/per_file) by extensions ['python_setup_py']
[0.761s] Level 1:colcon.colcon_core.package_identification:_identify(new_data/rvolmea/reports/20251022_140821/per_file) by extension 'python_setup_py'
[0.762s] Level 1:colcon.colcon_core.package_identification:_identify(new_data/rvolmea/reports/20251022_141447) by extensions ['ignore', 'ignore_ament_install']
[0.762s] Level 1:colcon.colcon_core.package_identification:_identify(new_data/rvolmea/reports/20251022_141447) by extension 'ignore'
[0.762s] Level 1:colcon.colcon_core.package_identification:_identify(new_data/rvolmea/reports/20251022_141447) by extension 'ignore_ament_install'
[0.762s] Level 1:colcon.colcon_core.package_identification:_identify(new_data/rvolmea/reports/20251022_141447) by extensions ['colcon_pkg']
[0.762s] Level 1:colcon.colcon_core.package_identification:_identify(new_data/rvolmea/reports/20251022_141447) by extension 'colcon_pkg'
[0.762s] Level 1:colcon.colcon_core.package_identification:_identify(new_data/rvolmea/reports/20251022_141447) by extensions ['colcon_meta']
[0.763s] Level 1:colcon.colcon_core.package_identification:_identify(new_data/rvolmea/reports/20251022_141447) by extension 'colcon_meta'
[0.763s] Level 1:colcon.colcon_core.package_identification:_identify(new_data/rvolmea/reports/20251022_141447) by extensions ['ros']
[0.763s] Level 1:colcon.colcon_core.package_identification:_identify(new_data/rvolmea/reports/20251022_141447) by extension 'ros'
[0.763s] Level 1:colcon.colcon_core.package_identification:_identify(new_data/rvolmea/reports/20251022_141447) by extensions ['cmake', 'python']
[0.763s] Level 1:colcon.colcon_core.package_identification:_identify(new_data/rvolmea/reports/20251022_141447) by extension 'cmake'
[0.763s] Level 1:colcon.colcon_core.package_identification:_identify(new_data/rvolmea/reports/20251022_141447) by extension 'python'
[0.763s] Level 1:colcon.colcon_core.package_identification:_identify(new_data/rvolmea/reports/20251022_141447) by extensions ['python_setup_py']
[0.763s] Level 1:colcon.colcon_core.package_identification:_identify(new_data/rvolmea/reports/20251022_141447) by extension 'python_setup_py'
[0.763s] Level 1:colcon.colcon_core.package_identification:_identify(new_data/rvolmea/reports/20251022_141447/per_file) by extensions ['ignore', 'ignore_ament_install']
[0.764s] Level 1:colcon.colcon_core.package_identification:_identify(new_data/rvolmea/reports/20251022_141447/per_file) by extension 'ignore'
[0.764s] Level 1:colcon.colcon_core.package_identification:_identify(new_data/rvolmea/reports/20251022_141447/per_file) by extension 'ignore_ament_install'
[0.764s] Level 1:colcon.colcon_core.package_identification:_identify(new_data/rvolmea/reports/20251022_141447/per_file) by extensions ['colcon_pkg']
[0.764s] Level 1:colcon.colcon_core.package_identification:_identify(new_data/rvolmea/reports/20251022_141447/per_file) by extension 'colcon_pkg'
[0.764s] Level 1:colcon.colcon_core.package_identification:_identify(new_data/rvolmea/reports/20251022_141447/per_file) by extensions ['colcon_meta']
[0.764s] Level 1:colcon.colcon_core.package_identification:_identify(new_data/rvolmea/reports/20251022_141447/per_file) by extension 'colcon_meta'
[0.764s] Level 1:colcon.colcon_core.package_identification:_identify(new_data/rvolmea/reports/20251022_141447/per_file) by extensions ['ros']
[0.764s] Level 1:colcon.colcon_core.package_identification:_identify(new_data/rvolmea/reports/20251022_141447/per_file) by extension 'ros'
[0.764s] Level 1:colcon.colcon_core.package_identification:_identify(new_data/rvolmea/reports/20251022_141447/per_file) by extensions ['cmake', 'python']
[0.765s] Level 1:colcon.colcon_core.package_identification:_identify(new_data/rvolmea/reports/20251022_141447/per_file) by extension 'cmake'
[0.765s] Level 1:colcon.colcon_core.package_identification:_identify(new_data/rvolmea/reports/20251022_141447/per_file) by extension 'python'
[0.765s] Level 1:colcon.colcon_core.package_identification:_identify(new_data/rvolmea/reports/20251022_141447/per_file) by extensions ['python_setup_py']
[0.765s] Level 1:colcon.colcon_core.package_identification:_identify(new_data/rvolmea/reports/20251022_141447/per_file) by extension 'python_setup_py'
[0.765s] Level 1:colcon.colcon_core.package_identification:_identify(new_data/rvolmea/reports/20251022_141618) by extensions ['ignore', 'ignore_ament_install']
[0.766s] Level 1:colcon.colcon_core.package_identification:_identify(new_data/rvolmea/reports/20251022_141618) by extension 'ignore'
[0.766s] Level 1:colcon.colcon_core.package_identification:_identify(new_data/rvolmea/reports/20251022_141618) by extension 'ignore_ament_install'
[0.766s] Level 1:colcon.colcon_core.package_identification:_identify(new_data/rvolmea/reports/20251022_141618) by extensions ['colcon_pkg']
[0.766s] Level 1:colcon.colcon_core.package_identification:_identify(new_data/rvolmea/reports/20251022_141618) by extension 'colcon_pkg'
[0.766s] Level 1:colcon.colcon_core.package_identification:_identify(new_data/rvolmea/reports/20251022_141618) by extensions ['colcon_meta']
[0.766s] Level 1:colcon.colcon_core.package_identification:_identify(new_data/rvolmea/reports/20251022_141618) by extension 'colcon_meta'
[0.766s] Level 1:colcon.colcon_core.package_identification:_identify(new_data/rvolmea/reports/20251022_141618) by extensions ['ros']
[0.766s] Level 1:colcon.colcon_core.package_identification:_identify(new_data/rvolmea/reports/20251022_141618) by extension 'ros'
[0.766s] Level 1:colcon.colcon_core.package_identification:_identify(new_data/rvolmea/reports/20251022_141618) by extensions ['cmake', 'python']
[0.767s] Level 1:colcon.colcon_core.package_identification:_identify(new_data/rvolmea/reports/20251022_141618) by extension 'cmake'
[0.767s] Level 1:colcon.colcon_core.package_identification:_identify(new_data/rvolmea/reports/20251022_141618) by extension 'python'
[0.767s] Level 1:colcon.colcon_core.package_identification:_identify(new_data/rvolmea/reports/20251022_141618) by extensions ['python_setup_py']
[0.767s] Level 1:colcon.colcon_core.package_identification:_identify(new_data/rvolmea/reports/20251022_141618) by extension 'python_setup_py'
[0.767s] Level 1:colcon.colcon_core.package_identification:_identify(new_data/rvolmea/reports/20251022_141618/per_file) by extensions ['ignore', 'ignore_ament_install']
[0.767s] Level 1:colcon.colcon_core.package_identification:_identify(new_data/rvolmea/reports/20251022_141618/per_file) by extension 'ignore'
[0.767s] Level 1:colcon.colcon_core.package_identification:_identify(new_data/rvolmea/reports/20251022_141618/per_file) by extension 'ignore_ament_install'
[0.768s] Level 1:colcon.colcon_core.package_identification:_identify(new_data/rvolmea/reports/20251022_141618/per_file) by extensions ['colcon_pkg']
[0.768s] Level 1:colcon.colcon_core.package_identification:_identify(new_data/rvolmea/reports/20251022_141618/per_file) by extension 'colcon_pkg'
[0.768s] Level 1:colcon.colcon_core.package_identification:_identify(new_data/rvolmea/reports/20251022_141618/per_file) by extensions ['colcon_meta']
[0.768s] Level 1:colcon.colcon_core.package_identification:_identify(new_data/rvolmea/reports/20251022_141618/per_file) by extension 'colcon_meta'
[0.768s] Level 1:colcon.colcon_core.package_identification:_identify(new_data/rvolmea/reports/20251022_141618/per_file) by extensions ['ros']
[0.768s] Level 1:colcon.colcon_core.package_identification:_identify(new_data/rvolmea/reports/20251022_141618/per_file) by extension 'ros'
[0.768s] Level 1:colcon.colcon_core.package_identification:_identify(new_data/rvolmea/reports/20251022_141618/per_file) by extensions ['cmake', 'python']
[0.768s] Level 1:colcon.colcon_core.package_identification:_identify(new_data/rvolmea/reports/20251022_141618/per_file) by extension 'cmake'
[0.768s] Level 1:colcon.colcon_core.package_identification:_identify(new_data/rvolmea/reports/20251022_141618/per_file) by extension 'python'
[0.768s] Level 1:colcon.colcon_core.package_identification:_identify(new_data/rvolmea/reports/20251022_141618/per_file) by extensions ['python_setup_py']
[0.769s] Level 1:colcon.colcon_core.package_identification:_identify(new_data/rvolmea/reports/20251022_141618/per_file) by extension 'python_setup_py'
[0.769s] Level 1:colcon.colcon_core.package_identification:_identify(src) by extensions ['ignore', 'ignore_ament_install']
[0.769s] Level 1:colcon.colcon_core.package_identification:_identify(src) by extension 'ignore'
[0.769s] Level 1:colcon.colcon_core.package_identification:_identify(src) by extension 'ignore_ament_install'
[0.769s] Level 1:colcon.colcon_core.package_identification:_identify(src) by extensions ['colcon_pkg']
[0.769s] Level 1:colcon.colcon_core.package_identification:_identify(src) by extension 'colcon_pkg'
[0.769s] Level 1:colcon.colcon_core.package_identification:_identify(src) by extensions ['colcon_meta']
[0.769s] Level 1:colcon.colcon_core.package_identification:_identify(src) by extension 'colcon_meta'
[0.769s] Level 1:colcon.colcon_core.package_identification:_identify(src) by extensions ['ros']
[0.769s] Level 1:colcon.colcon_core.package_identification:_identify(src) by extension 'ros'
[0.770s] Level 1:colcon.colcon_core.package_identification:_identify(src) by extensions ['cmake', 'python']
[0.770s] Level 1:colcon.colcon_core.package_identification:_identify(src) by extension 'cmake'
[0.770s] Level 1:colcon.colcon_core.package_identification:_identify(src) by extension 'python'
[0.770s] Level 1:colcon.colcon_core.package_identification:_identify(src) by extensions ['python_setup_py']
[0.770s] Level 1:colcon.colcon_core.package_identification:_identify(src) by extension 'python_setup_py'
[0.770s] Level 1:colcon.colcon_core.package_identification:_identify(src/ai_motor_controller) by extensions ['ignore', 'ignore_ament_install']
[0.771s] Level 1:colcon.colcon_core.package_identification:_identify(src/ai_motor_controller) by extension 'ignore'
[0.771s] Level 1:colcon.colcon_core.package_identification:_identify(src/ai_motor_controller) by extension 'ignore_ament_install'
[0.771s] Level 1:colcon.colcon_core.package_identification:_identify(src/ai_motor_controller) by extensions ['colcon_pkg']
[0.771s] Level 1:colcon.colcon_core.package_identification:_identify(src/ai_motor_controller) by extension 'colcon_pkg'
[0.771s] Level 1:colcon.colcon_core.package_identification:_identify(src/ai_motor_controller) by extensions ['colcon_meta']
[0.771s] Level 1:colcon.colcon_core.package_identification:_identify(src/ai_motor_controller) by extension 'colcon_meta'
[0.771s] Level 1:colcon.colcon_core.package_identification:_identify(src/ai_motor_controller) by extensions ['ros']
[0.771s] Level 1:colcon.colcon_core.package_identification:_identify(src/ai_motor_controller) by extension 'ros'
[0.783s] DEBUG:colcon.colcon_core.package_identification:Package 'src/ai_motor_controller' with type 'ros.ament_cmake' and name 'ai_motor_controller'
[0.784s] Level 1:colcon.colcon_core.package_discovery:discover_packages(recursive) using defaults
[0.784s] Level 1:colcon.colcon_core.package_discovery:discover_packages(ignore) discover
[0.784s] Level 1:colcon.colcon_core.package_discovery:discover_packages(ignore) using defaults
[0.784s] Level 1:colcon.colcon_core.package_discovery:discover_packages(path) discover
[0.784s] Level 1:colcon.colcon_core.package_discovery:discover_packages(path) using defaults
[0.853s] Level 1:colcon.colcon_core.package_discovery:discover_packages(prefix_path) check parameters
[0.853s] Level 1:colcon.colcon_core.package_discovery:discover_packages(prefix_path) discover
[0.862s] DEBUG:colcon.colcon_installed_package_information.package_discovery:Found 1 installed packages in /home/lunet/ttcc4/direct_motor_control_ws/install
[0.864s] DEBUG:colcon.colcon_installed_package_information.package_discovery:Found 2 installed packages in /home/lunet/ttcc4/ws_sensor_combined/install
[0.868s] DEBUG:colcon.colcon_installed_package_information.package_discovery:Found 319 installed packages in /opt/ros/rolling
[0.875s] Level 1:colcon.colcon_core.package_discovery:discover_packages(prefix_path) using defaults
[1.103s] Level 5:colcon.colcon_core.verb:set package 'ai_motor_controller' build argument 'cmake_args' from command line to 'None'
[1.104s] Level 5:colcon.colcon_core.verb:set package 'ai_motor_controller' build argument 'cmake_target' from command line to 'None'
[1.104s] Level 5:colcon.colcon_core.verb:set package 'ai_motor_controller' build argument 'cmake_target_skip_unavailable' from command line to 'False'
[1.104s] Level 5:colcon.colcon_core.verb:set package 'ai_motor_controller' build argument 'cmake_clean_cache' from command line to 'False'
[1.104s] Level 5:colcon.colcon_core.verb:set package 'ai_motor_controller' build argument 'cmake_clean_first' from command line to 'False'
[1.104s] Level 5:colcon.colcon_core.verb:set package 'ai_motor_controller' build argument 'cmake_force_configure' from command line to 'False'
[1.104s] Level 5:colcon.colcon_core.verb:set package 'ai_motor_controller' build argument 'ament_cmake_args' from command line to 'None'
[1.104s] Level 5:colcon.colcon_core.verb:set package 'ai_motor_controller' build argument 'catkin_cmake_args' from command line to 'None'
[1.104s] Level 5:colcon.colcon_core.verb:set package 'ai_motor_controller' build argument 'catkin_skip_building_tests' from command line to 'False'
[1.104s] DEBUG:colcon.colcon_core.verb:Building package 'ai_motor_controller' with the following arguments: {'ament_cmake_args': None, 'build_base': '/home/lunet/ttcc4/direct_motor_control_ws/build/ai_motor_controller', 'catkin_cmake_args': None, 'catkin_skip_building_tests': False, 'cmake_args': None, 'cmake_clean_cache': False, 'cmake_clean_first': False, 'cmake_force_configure': False, 'cmake_target': None, 'cmake_target_skip_unavailable': False, 'install_base': '/home/lunet/ttcc4/direct_motor_control_ws/install/ai_motor_controller', 'merge_install': False, 'path': '/home/lunet/ttcc4/direct_motor_control_ws/src/ai_motor_controller', 'symlink_install': False, 'test_result_base': None}
[1.105s] INFO:colcon.colcon_core.executor:Executing jobs using 'parallel' executor
[1.109s] DEBUG:colcon.colcon_parallel_executor.executor.parallel:run_until_complete
[1.110s] INFO:colcon.colcon_ros.task.ament_cmake.build:Building ROS package in '/home/lunet/ttcc4/direct_motor_control_ws/src/ai_motor_controller' with build type 'ament_cmake'
[1.111s] INFO:colcon.colcon_cmake.task.cmake.build:Building CMake package in '/home/lunet/ttcc4/direct_motor_control_ws/src/ai_motor_controller'
[1.129s] INFO:colcon.colcon_core.plugin_system:Skipping extension 'colcon_core.shell.bat': Not used on non-Windows systems
[1.133s] INFO:colcon.colcon_core.shell:Skip shell extension 'powershell' for command environment: Not usable outside of PowerShell
[1.134s] DEBUG:colcon.colcon_core.shell:Skip shell extension 'dsv' for command environment
[1.180s] DEBUG:colcon.colcon_core.event_handler.log_command:Invoking command in '/home/lunet/ttcc4/direct_motor_control_ws/build/ai_motor_controller': CMAKE_PREFIX_PATH=${CMAKE_PREFIX_PATH}:/opt/ros/rolling CONDA_PROMPT_MODIFIER=(base) DEBUGINFOD_URLS=https://debuginfod.ubuntu.com /home/lunet/ttcc4/anaconda3/bin/cmake --build /home/lunet/ttcc4/direct_motor_control_ws/build/ai_motor_controller -- -j8 -l8
[102.914s] DEBUG:colcon.colcon_core.event_handler.log_command:Invoked command in '/home/lunet/ttcc4/direct_motor_control_ws/build/ai_motor_controller' returned '0': CMAKE_PREFIX_PATH=${CMAKE_PREFIX_PATH}:/opt/ros/rolling CONDA_PROMPT_MODIFIER=(base) DEBUGINFOD_URLS=https://debuginfod.ubuntu.com /home/lunet/ttcc4/anaconda3/bin/cmake --build /home/lunet/ttcc4/direct_motor_control_ws/build/ai_motor_controller -- -j8 -l8
[103.039s] DEBUG:colcon.colcon_core.event_handler.log_command:Invoking command in '/home/lunet/ttcc4/direct_motor_control_ws/build/ai_motor_controller': CMAKE_PREFIX_PATH=${CMAKE_PREFIX_PATH}:/opt/ros/rolling CONDA_PROMPT_MODIFIER=(base) DEBUGINFOD_URLS=https://debuginfod.ubuntu.com /home/lunet/ttcc4/anaconda3/bin/cmake --install /home/lunet/ttcc4/direct_motor_control_ws/build/ai_motor_controller
[103.242s] Level 1:colcon.colcon_core.environment:create_environment_scripts_only(ai_motor_controller)
[103.246s] DEBUG:colcon.colcon_core.event_handler.log_command:Invoked command in '/home/lunet/ttcc4/direct_motor_control_ws/build/ai_motor_controller' returned '0': CMAKE_PREFIX_PATH=${CMAKE_PREFIX_PATH}:/opt/ros/rolling CONDA_PROMPT_MODIFIER=(base) DEBUGINFOD_URLS=https://debuginfod.ubuntu.com /home/lunet/ttcc4/anaconda3/bin/cmake --install /home/lunet/ttcc4/direct_motor_control_ws/build/ai_motor_controller
[103.265s] Level 1:colcon.colcon_core.environment:checking '/home/lunet/ttcc4/direct_motor_control_ws/install/ai_motor_controller' for CMake module files
[103.268s] Level 1:colcon.colcon_core.environment:checking '/home/lunet/ttcc4/direct_motor_control_ws/install/ai_motor_controller' for CMake config files
[103.268s] Level 1:colcon.colcon_core.shell:create_environment_hook('ai_motor_controller', 'cmake_prefix_path')
[103.270s] INFO:colcon.colcon_core.shell:Creating environment hook '/home/lunet/ttcc4/direct_motor_control_ws/install/ai_motor_controller/share/ai_motor_controller/hook/cmake_prefix_path.ps1'
[103.272s] INFO:colcon.colcon_core.shell:Creating environment descriptor '/home/lunet/ttcc4/direct_motor_control_ws/install/ai_motor_controller/share/ai_motor_controller/hook/cmake_prefix_path.dsv'
[103.275s] INFO:colcon.colcon_core.shell:Creating environment hook '/home/lunet/ttcc4/direct_motor_control_ws/install/ai_motor_controller/share/ai_motor_controller/hook/cmake_prefix_path.sh'
[103.278s] Level 1:colcon.colcon_core.environment:checking '/home/lunet/ttcc4/direct_motor_control_ws/install/ai_motor_controller/lib'
[103.279s] Level 1:colcon.colcon_core.environment:checking '/home/lunet/ttcc4/direct_motor_control_ws/install/ai_motor_controller/bin'
[103.280s] Level 1:colcon.colcon_core.environment:checking '/home/lunet/ttcc4/direct_motor_control_ws/install/ai_motor_controller/lib/pkgconfig/ai_motor_controller.pc'
[103.280s] Level 1:colcon.colcon_core.environment:checking '/home/lunet/ttcc4/direct_motor_control_ws/install/ai_motor_controller/lib/python3.12/site-packages'
[103.281s] Level 1:colcon.colcon_core.environment:checking '/home/lunet/ttcc4/direct_motor_control_ws/install/ai_motor_controller/bin'
[103.281s] INFO:colcon.colcon_core.shell:Creating package script '/home/lunet/ttcc4/direct_motor_control_ws/install/ai_motor_controller/share/ai_motor_controller/package.ps1'
[103.284s] INFO:colcon.colcon_core.shell:Creating package descriptor '/home/lunet/ttcc4/direct_motor_control_ws/install/ai_motor_controller/share/ai_motor_controller/package.dsv'
[103.287s] INFO:colcon.colcon_core.shell:Creating package script '/home/lunet/ttcc4/direct_motor_control_ws/install/ai_motor_controller/share/ai_motor_controller/package.sh'
[103.291s] INFO:colcon.colcon_core.shell:Creating package script '/home/lunet/ttcc4/direct_motor_control_ws/install/ai_motor_controller/share/ai_motor_controller/package.bash'
[103.294s] INFO:colcon.colcon_core.shell:Creating package script '/home/lunet/ttcc4/direct_motor_control_ws/install/ai_motor_controller/share/ai_motor_controller/package.zsh'
[103.297s] Level 1:colcon.colcon_core.environment:create_file_with_runtime_dependencies(/home/lunet/ttcc4/direct_motor_control_ws/install/ai_motor_controller/share/colcon-core/packages/ai_motor_controller)
[103.301s] Level 1:colcon.colcon_core.environment:create_environment_scripts_only(ai_motor_controller)
[103.303s] Level 1:colcon.colcon_core.environment:checking '/home/lunet/ttcc4/direct_motor_control_ws/install/ai_motor_controller' for CMake module files
[103.304s] Level 1:colcon.colcon_core.environment:checking '/home/lunet/ttcc4/direct_motor_control_ws/install/ai_motor_controller' for CMake config files
[103.305s] Level 1:colcon.colcon_core.shell:create_environment_hook('ai_motor_controller', 'cmake_prefix_path')
[103.305s] INFO:colcon.colcon_core.shell:Creating environment hook '/home/lunet/ttcc4/direct_motor_control_ws/install/ai_motor_controller/share/ai_motor_controller/hook/cmake_prefix_path.ps1'
[103.307s] INFO:colcon.colcon_core.shell:Creating environment descriptor '/home/lunet/ttcc4/direct_motor_control_ws/install/ai_motor_controller/share/ai_motor_controller/hook/cmake_prefix_path.dsv'
[103.309s] INFO:colcon.colcon_core.shell:Creating environment hook '/home/lunet/ttcc4/direct_motor_control_ws/install/ai_motor_controller/share/ai_motor_controller/hook/cmake_prefix_path.sh'
[103.310s] Level 1:colcon.colcon_core.environment:checking '/home/lunet/ttcc4/direct_motor_control_ws/install/ai_motor_controller/lib'
[103.310s] Level 1:colcon.colcon_core.environment:checking '/home/lunet/ttcc4/direct_motor_control_ws/install/ai_motor_controller/bin'
[103.310s] Level 1:colcon.colcon_core.environment:checking '/home/lunet/ttcc4/direct_motor_control_ws/install/ai_motor_controller/lib/pkgconfig/ai_motor_controller.pc'
[103.311s] Level 1:colcon.colcon_core.environment:checking '/home/lunet/ttcc4/direct_motor_control_ws/install/ai_motor_controller/lib/python3.12/site-packages'
[103.311s] Level 1:colcon.colcon_core.environment:checking '/home/lunet/ttcc4/direct_motor_control_ws/install/ai_motor_controller/bin'
[103.312s] INFO:colcon.colcon_core.shell:Creating package script '/home/lunet/ttcc4/direct_motor_control_ws/install/ai_motor_controller/share/ai_motor_controller/package.ps1'
[103.314s] INFO:colcon.colcon_core.shell:Creating package descriptor '/home/lunet/ttcc4/direct_motor_control_ws/install/ai_motor_controller/share/ai_motor_controller/package.dsv'
[103.316s] INFO:colcon.colcon_core.shell:Creating package script '/home/lunet/ttcc4/direct_motor_control_ws/install/ai_motor_controller/share/ai_motor_controller/package.sh'
[103.317s] INFO:colcon.colcon_core.shell:Creating package script '/home/lunet/ttcc4/direct_motor_control_ws/install/ai_motor_controller/share/ai_motor_controller/package.bash'
[103.319s] INFO:colcon.colcon_core.shell:Creating package script '/home/lunet/ttcc4/direct_motor_control_ws/install/ai_motor_controller/share/ai_motor_controller/package.zsh'
[103.320s] Level 1:colcon.colcon_core.environment:create_file_with_runtime_dependencies(/home/lunet/ttcc4/direct_motor_control_ws/install/ai_motor_controller/share/colcon-core/packages/ai_motor_controller)
[103.323s] DEBUG:colcon.colcon_parallel_executor.executor.parallel:closing loop
[103.324s] DEBUG:colcon.colcon_parallel_executor.executor.parallel:loop closed
[103.324s] DEBUG:colcon.colcon_parallel_executor.executor.parallel:run_until_complete finished with '0'
[103.325s] DEBUG:colcon.colcon_core.event_reactor:joining thread
[103.354s] INFO:colcon.colcon_core.plugin_system:Skipping extension 'colcon_notification.desktop_notification.terminal_notifier': Not used on non-Darwin systems
[103.354s] INFO:colcon.colcon_core.plugin_system:Skipping extension 'colcon_notification.desktop_notification.win32': Not used on non-Windows systems
[103.354s] INFO:colcon.colcon_notification.desktop_notification:Sending desktop notification using 'notify2'
[103.408s] DEBUG:colcon.colcon_core.event_reactor:joined thread
[103.409s] INFO:colcon.colcon_core.shell:Creating prefix script '/home/lunet/ttcc4/direct_motor_control_ws/install/local_setup.ps1'
[103.411s] INFO:colcon.colcon_core.shell:Creating prefix util module '/home/lunet/ttcc4/direct_motor_control_ws/install/_local_setup_util_ps1.py'
[103.412s] INFO:colcon.colcon_core.shell:Creating prefix chain script '/home/lunet/ttcc4/direct_motor_control_ws/install/setup.ps1'
[103.418s] INFO:colcon.colcon_core.shell:Creating prefix script '/home/lunet/ttcc4/direct_motor_control_ws/install/local_setup.sh'
[103.419s] INFO:colcon.colcon_core.shell:Creating prefix util module '/home/lunet/ttcc4/direct_motor_control_ws/install/_local_setup_util_sh.py'
[103.421s] INFO:colcon.colcon_core.shell:Creating prefix chain script '/home/lunet/ttcc4/direct_motor_control_ws/install/setup.sh'
[103.424s] INFO:colcon.colcon_core.shell:Creating prefix script '/home/lunet/ttcc4/direct_motor_control_ws/install/local_setup.bash'
[103.426s] INFO:colcon.colcon_core.shell:Creating prefix chain script '/home/lunet/ttcc4/direct_motor_control_ws/install/setup.bash'
[103.429s] INFO:colcon.colcon_core.shell:Creating prefix script '/home/lunet/ttcc4/direct_motor_control_ws/install/local_setup.zsh'
[103.430s] INFO:colcon.colcon_core.shell:Creating prefix chain script '/home/lunet/ttcc4/direct_motor_control_ws/install/setup.zsh'
