[0.019s] Invoking command in '/home/lunet/ttcc4/direct_motor_control_ws/build/ai_motor_controller': CMAKE_PREFIX_PATH=${CMAKE_PREFIX_PATH}:/opt/ros/rolling CONDA_PROMPT_MODIFIER=(base) DEBUGINFOD_URLS=https://debuginfod.ubuntu.com /home/lunet/ttcc4/anaconda3/bin/cmake --build /home/lunet/ttcc4/direct_motor_control_ws/build/ai_motor_controller -- -j8 -l8
[0.078s] -- Found ament_cmake: 2.8.2 (/opt/ros/rolling/share/ament_cmake/cmake)
[0.193s] -- Found builtin_interfaces: 2.4.0 (/opt/ros/rolling/share/builtin_interfaces/cmake)
[0.235s] -- Found rosidl_generator_c: 4.10.0 (/opt/ros/rolling/share/rosidl_generator_c/cmake)
[0.247s] -- Found rosidl_generator_cpp: 4.10.0 (/opt/ros/rolling/share/rosidl_generator_cpp/cmake)
[0.263s] -- Using all available rosidl_typesupport_c: rosidl_typesupport_fastrtps_c;rosidl_typesupport_introspection_c
[0.280s] -- Using all available rosidl_typesupport_cpp: rosidl_typesupport_fastrtps_cpp;rosidl_typesupport_introspection_cpp
[0.294s] -- Found eigen3_cmake_module: 0.5.0 (/opt/ros/rolling/share/eigen3_cmake_module/cmake)
[0.298s] -- Found px4_msgs: 2.0.1 (/home/lunet/ttcc4/ws_sensor_combined/install/px4_msgs/share/px4_msgs/cmake)
[0.347s] -- Found rclcpp: 29.6.0 (/opt/ros/rolling/share/rclcpp/cmake)
[0.391s] -- Found rmw_implementation_cmake: 7.9.0 (/opt/ros/rolling/share/rmw_implementation_cmake/cmake)
[0.394s] -- Found rmw_fastrtps_cpp: 9.4.0 (/opt/ros/rolling/share/rmw_fastrtps_cpp/cmake)
[0.493s] -- Using RMW implementation 'rmw_fastrtps_cpp' as default
[0.583s] -- Found px4_ros_com: 0.1.0 (/home/lunet/ttcc4/ws_sensor_combined/install/px4_ros_com/share/px4_ros_com/cmake)
[0.662s] [0mCMake Deprecation Warning at /opt/ros/rolling/share/ament_cmake_target_dependencies/cmake/ament_target_dependencies.cmake:87 (message):
[0.662s]   ament_target_dependencies() is deprecated.  Use target_link_libraries()
[0.662s]   with modern CMake targets instead.  Try replacing this call with:
[0.662s] 
[0.662s]     target_link_libraries(lemniscate PUBLIC
[0.662s]       ${px4_msgs_TARGETS}
[0.662s]       px4_ros_com::frame_transforms
[0.662s]       rclcpp::rclcpp
[0.662s]     )
[0.662s] 
[0.662s] Call Stack (most recent call first):
[0.662s]   CMakeLists.txt:33 (ament_target_dependencies)
[0.662s] 
[0.662s] [0m
[0.664s] [0mCMake Deprecation Warning at /opt/ros/rolling/share/ament_cmake_target_dependencies/cmake/ament_target_dependencies.cmake:87 (message):
[0.664s]   ament_target_dependencies() is deprecated.  Use target_link_libraries()
[0.664s]   with modern CMake targets instead.  Try replacing this call with:
[0.664s] 
[0.664s]     target_link_libraries(wrench PUBLIC
[0.664s]       ${px4_msgs_TARGETS}
[0.664s]       px4_ros_com::frame_transforms
[0.664s]       rclcpp::rclcpp
[0.664s]     )
[0.664s] 
[0.664s] Call Stack (most recent call first):
[0.664s]   CMakeLists.txt:40 (ament_target_dependencies)
[0.664s] 
[0.664s] [0m
[0.667s] -- Found ament_lint_auto: 0.20.0 (/opt/ros/rolling/share/ament_lint_auto/cmake)
[0.784s] -- Added test 'copyright' to check source files copyright and LICENSE
[0.786s] -- Added test 'cppcheck' to perform static code analysis on C / C++ code
[0.787s] -- Configured cppcheck include dirs: /home/lunet/ttcc4/direct_motor_control_ws/src/ai_motor_controller/include
[0.787s] -- Configured cppcheck exclude dirs and/or files: 
[0.788s] -- Added test 'cpplint' to check C / C++ code against the Google style
[0.788s] -- Configured cpplint exclude dirs and/or files: 
[0.788s] -- Added test 'flake8' to check Python code syntax and style conventions
[0.788s] -- Configured 'flake8' exclude dirs and/or files: 
[0.788s] -- Added test 'lint_cmake' to check CMake code style
[0.789s] -- Added test 'pep257' to check Python code against some of the docstring style conventions in PEP 257
[0.790s] -- Added test 'uncrustify' to check C / C++ code style
[0.790s] -- Configured uncrustify additional arguments: 
[0.790s] -- Added test 'xmllint' to check XML markup files
[0.792s] -- Configuring done (0.7s)
[0.818s] -- Generating done (0.0s)
[0.825s] -- Build files have been written to: /home/lunet/ttcc4/direct_motor_control_ws/build/ai_motor_controller
[0.859s] [ 50%] [32mBuilding CXX object CMakeFiles/wrench.dir/src/wrench_disturbance.cpp.o[0m
[0.859s] [ 50%] [32mBuilding CXX object CMakeFiles/lemniscate.dir/src/lemniscate.cpp.o[0m
[0.993s] [ 75%] [32m[1mLinking CXX executable wrench[0m
[2.738s] [ 75%] Built target wrench
[30.184s] [100%] [32m[1mLinking CXX executable lemniscate[0m
[31.609s] [100%] Built target lemniscate
[31.625s] Invoked command in '/home/lunet/ttcc4/direct_motor_control_ws/build/ai_motor_controller' returned '0': CMAKE_PREFIX_PATH=${CMAKE_PREFIX_PATH}:/opt/ros/rolling CONDA_PROMPT_MODIFIER=(base) DEBUGINFOD_URLS=https://debuginfod.ubuntu.com /home/lunet/ttcc4/anaconda3/bin/cmake --build /home/lunet/ttcc4/direct_motor_control_ws/build/ai_motor_controller -- -j8 -l8
[31.669s] Invoking command in '/home/lunet/ttcc4/direct_motor_control_ws/build/ai_motor_controller': CMAKE_PREFIX_PATH=${CMAKE_PREFIX_PATH}:/opt/ros/rolling CONDA_PROMPT_MODIFIER=(base) DEBUGINFOD_URLS=https://debuginfod.ubuntu.com /home/lunet/ttcc4/anaconda3/bin/cmake --install /home/lunet/ttcc4/direct_motor_control_ws/build/ai_motor_controller
[31.699s] -- Install configuration: ""
[31.700s] -- Installing: /home/lunet/ttcc4/direct_motor_control_ws/install/ai_motor_controller/lib/ai_motor_controller/lemniscate
[31.714s] -- Set runtime path of "/home/lunet/ttcc4/direct_motor_control_ws/install/ai_motor_controller/lib/ai_motor_controller/lemniscate" to ""
[31.715s] -- Installing: /home/lunet/ttcc4/direct_motor_control_ws/install/ai_motor_controller/lib/ai_motor_controller/wrench
[31.738s] -- Set runtime path of "/home/lunet/ttcc4/direct_motor_control_ws/install/ai_motor_controller/lib/ai_motor_controller/wrench" to ""
[31.738s] -- Up-to-date: /home/lunet/ttcc4/direct_motor_control_ws/install/ai_motor_controller/share/ai_motor_controller//launch
[31.738s] -- Up-to-date: /home/lunet/ttcc4/direct_motor_control_ws/install/ai_motor_controller/share/ai_motor_controller//launch/lemniscate_launch.py
[31.738s] -- Up-to-date: /home/lunet/ttcc4/direct_motor_control_ws/install/ai_motor_controller/share/ai_motor_controller//launch/traj.csv
[31.738s] -- Up-to-date: /home/lunet/ttcc4/direct_motor_control_ws/install/ai_motor_controller/share/ai_motor_controller//launch/wrench_launch.py
[31.738s] -- Up-to-date: /home/lunet/ttcc4/direct_motor_control_ws/install/ai_motor_controller/share/ai_motor_controller//launch/__pycache__
[31.739s] -- Up-to-date: /home/lunet/ttcc4/direct_motor_control_ws/install/ai_motor_controller/share/ai_motor_controller//launch/__pycache__/wrench_launch.cpython-312.pyc
[31.739s] -- Up-to-date: /home/lunet/ttcc4/direct_motor_control_ws/install/ai_motor_controller/share/ai_motor_controller//config
[31.739s] -- Up-to-date: /home/lunet/ttcc4/direct_motor_control_ws/install/ai_motor_controller/share/ai_motor_controller//config/pid_params.yaml
[31.739s] -- Up-to-date: /home/lunet/ttcc4/direct_motor_control_ws/install/ai_motor_controller/share/ament_index/resource_index/package_run_dependencies/ai_motor_controller
[31.739s] -- Installing: /home/lunet/ttcc4/direct_motor_control_ws/install/ai_motor_controller/share/ament_index/resource_index/parent_prefix_path/ai_motor_controller
[31.740s] -- Up-to-date: /home/lunet/ttcc4/direct_motor_control_ws/install/ai_motor_controller/share/ai_motor_controller/environment/ament_prefix_path.sh
[31.740s] -- Up-to-date: /home/lunet/ttcc4/direct_motor_control_ws/install/ai_motor_controller/share/ai_motor_controller/environment/ament_prefix_path.dsv
[31.740s] -- Up-to-date: /home/lunet/ttcc4/direct_motor_control_ws/install/ai_motor_controller/share/ai_motor_controller/environment/path.sh
[31.740s] -- Up-to-date: /home/lunet/ttcc4/direct_motor_control_ws/install/ai_motor_controller/share/ai_motor_controller/environment/path.dsv
[31.741s] -- Up-to-date: /home/lunet/ttcc4/direct_motor_control_ws/install/ai_motor_controller/share/ai_motor_controller/local_setup.bash
[31.741s] -- Up-to-date: /home/lunet/ttcc4/direct_motor_control_ws/install/ai_motor_controller/share/ai_motor_controller/local_setup.sh
[31.741s] -- Up-to-date: /home/lunet/ttcc4/direct_motor_control_ws/install/ai_motor_controller/share/ai_motor_controller/local_setup.zsh
[31.741s] -- Up-to-date: /home/lunet/ttcc4/direct_motor_control_ws/install/ai_motor_controller/share/ai_motor_controller/local_setup.dsv
[31.741s] -- Installing: /home/lunet/ttcc4/direct_motor_control_ws/install/ai_motor_controller/share/ai_motor_controller/package.dsv
[31.742s] -- Up-to-date: /home/lunet/ttcc4/direct_motor_control_ws/install/ai_motor_controller/share/ament_index/resource_index/packages/ai_motor_controller
[31.743s] -- Up-to-date: /home/lunet/ttcc4/direct_motor_control_ws/install/ai_motor_controller/share/ai_motor_controller/cmake/ament_cmake_export_dependencies-extras.cmake
[31.743s] -- Up-to-date: /home/lunet/ttcc4/direct_motor_control_ws/install/ai_motor_controller/share/ai_motor_controller/cmake/ai_motor_controllerConfig.cmake
[31.743s] -- Up-to-date: /home/lunet/ttcc4/direct_motor_control_ws/install/ai_motor_controller/share/ai_motor_controller/cmake/ai_motor_controllerConfig-version.cmake
[31.743s] -- Up-to-date: /home/lunet/ttcc4/direct_motor_control_ws/install/ai_motor_controller/share/ai_motor_controller/package.xml
[31.747s] Invoked command in '/home/lunet/ttcc4/direct_motor_control_ws/build/ai_motor_controller' returned '0': CMAKE_PREFIX_PATH=${CMAKE_PREFIX_PATH}:/opt/ros/rolling CONDA_PROMPT_MODIFIER=(base) DEBUGINFOD_URLS=https://debuginfod.ubuntu.com /home/lunet/ttcc4/anaconda3/bin/cmake --install /home/lunet/ttcc4/direct_motor_control_ws/build/ai_motor_controller
