[01m[K/home/lunet/ttcc4/direct_motor_control_ws/src/ai_motor_controller/src/lemniscate.cpp:[m[K In member function ‘[01m[Kvoid OffboardControl::[01;32m[KrvolmeaControl[m[K()[m[K’:
[01m[K/home/lunet/ttcc4/direct_motor_control_ws/src/ai_motor_controller/src/lemniscate.cpp:652:8:[m[K [01;31m[Kerror: [m[K‘[01m[Kts[m[K’ was not declared in this scope; did you mean ‘[01m[Kt[m[K’?
  652 |     if([01;31m[Kts[m[K > 0)
      |        [01;31m[K^~[m[K
      |        [32m[Kt[m[K
In file included from [01m[K/usr/include/eigen3/Eigen/Core:164[m[K,
                 from [01m[K/usr/include/eigen3/Eigen/Dense:1[m[K,
                 from [01m[K/home/lunet/ttcc4/direct_motor_control_ws/src/ai_motor_controller/src/lemniscate.cpp:23[m[K:
/usr/include/eigen3/Eigen/src/Core/AssignEvaluator.h: In instantiation of ‘[01m[Kvoid Eigen::internal::[01;32m[Kcall_assignment_no_alias[m[K(Dst&, const Src&, const Func&) [35m[K[with Dst = Eigen::Matrix<double, 3, 1>; Src = Eigen::CwiseBinaryOp<scalar_sum_op<float, float>, const Eigen::Matrix<float, 3, 1>, const Eigen::CwiseBinaryOp<scalar_product_op<float, float>, const Eigen::CwiseNullaryOp<scalar_constant_op<float>, const Eigen::Matrix<float, 3, 1> >, const Eigen::CwiseBinaryOp<scalar_difference_op<float, float>, const Eigen::Matrix<float, 3, 1>, const Eigen::Matrix<float, 3, 1> > > >; Func = assign_op<double, float>][m[K[m[K’:
[01m[K/usr/include/eigen3/Eigen/src/Core/PlainObjectBase.h:797:41:[m[K   required from ‘[01m[KDerived& Eigen::PlainObjectBase<Derived>::[01;32m[K_set_noalias[m[K(const Eigen::DenseBase<OtherDerived>&) [35m[K[with OtherDerived = Eigen::CwiseBinaryOp<Eigen::internal::scalar_sum_op<float, float>, const Eigen::Matrix<float, 3, 1>, const Eigen::CwiseBinaryOp<Eigen::internal::scalar_product_op<float, float>, const Eigen::CwiseNullaryOp<Eigen::internal::scalar_constant_op<float>, const Eigen::Matrix<float, 3, 1> >, const Eigen::CwiseBinaryOp<Eigen::internal::scalar_difference_op<float, float>, const Eigen::Matrix<float, 3, 1>, const Eigen::Matrix<float, 3, 1> > > >; Derived = Eigen::Matrix<double, 3, 1>][m[K[m[K’
[01m[K/usr/include/eigen3/Eigen/src/Core/PlainObjectBase.h:594:19:[m[K   required from ‘[01m[KEigen::PlainObjectBase<Derived>::[01;32m[KPlainObjectBase[m[K(const Eigen::DenseBase<OtherDerived>&) [35m[K[with OtherDerived = Eigen::CwiseBinaryOp<Eigen::internal::scalar_sum_op<float, float>, const Eigen::Matrix<float, 3, 1>, const Eigen::CwiseBinaryOp<Eigen::internal::scalar_product_op<float, float>, const Eigen::CwiseNullaryOp<Eigen::internal::scalar_constant_op<float>, const Eigen::Matrix<float, 3, 1> >, const Eigen::CwiseBinaryOp<Eigen::internal::scalar_difference_op<float, float>, const Eigen::Matrix<float, 3, 1>, const Eigen::Matrix<float, 3, 1> > > >; Derived = Eigen::Matrix<double, 3, 1>][m[K[m[K’
[01m[K/usr/include/eigen3/Eigen/src/Core/Matrix.h:423:29:[m[K   required from ‘[01m[KEigen::Matrix<_Scalar, _Rows, _Cols, _Options, _MaxRows, _MaxCols>::[01;32m[KMatrix[m[K(const Eigen::EigenBase<OtherDerived>&) [35m[K[with OtherDerived = Eigen::CwiseBinaryOp<Eigen::internal::scalar_sum_op<float, float>, const Eigen::Matrix<float, 3, 1>, const Eigen::CwiseBinaryOp<Eigen::internal::scalar_product_op<float, float>, const Eigen::CwiseNullaryOp<Eigen::internal::scalar_constant_op<float>, const Eigen::Matrix<float, 3, 1> >, const Eigen::CwiseBinaryOp<Eigen::internal::scalar_difference_op<float, float>, const Eigen::Matrix<float, 3, 1>, const Eigen::Matrix<float, 3, 1> > > >; _Scalar = double; int _Rows = 3; int _Cols = 1; int _Options = 0; int _MaxRows = 3; int _MaxCols = 1][m[K[m[K’
[01m[K/home/lunet/ttcc4/direct_motor_control_ws/src/ai_motor_controller/src/lemniscate.cpp:610:89:[m[K   required from here
[01m[K/usr/include/eigen3/Eigen/src/Core/AssignEvaluator.h:888:3:[m[K [01;31m[Kerror: [m[Kstatic assertion failed: YOU_MIXED_DIFFERENT_NUMERIC_TYPES__YOU_NEED_TO_USE_THE_CAST_METHOD_OF_MATRIXBASE_TO_CAST_NUMERIC_TYPES_EXPLICITLY
  888 |   [01;31m[KEIGEN_CHECK_BINARY_COMPATIBILIY[m[K(Func,typename ActualDstTypeCleaned::Scalar,typename Src::Scalar);
      |   [01;31m[K^~~~~~~~~~~~~~~~~~~~~~~~~~~~~~~[m[K
[01m[K/usr/include/eigen3/Eigen/src/Core/AssignEvaluator.h:888:3:[m[K [01;36m[Knote: [m[K‘[01m[KEigen::internal::has_ReturnType<Eigen::ScalarBinaryOpTraits<double, float, Eigen::internal::assign_op<double, float> > >::value[m[K’ evaluates to false
gmake[2]: *** [CMakeFiles/lemniscate.dir/build.make:76: CMakeFiles/lemniscate.dir/src/lemniscate.cpp.o] Error 1
gmake[1]: *** [CMakeFiles/Makefile2:139: CMakeFiles/lemniscate.dir/all] Error 2
gmake: *** [Makefile:146: all] Error 2
