[0.051s] Invoking command in '/home/lunet/ttcc4/direct_motor_control_ws/build/ai_motor_controller': CMAKE_PREFIX_PATH=${CMAKE_PREFIX_PATH}:/opt/ros/rolling CONDA_PROMPT_MODIFIER=(base) DEBUGINFOD_URLS=https://debuginfod.ubuntu.com /home/lunet/ttcc4/anaconda3/bin/cmake --build /home/lunet/ttcc4/direct_motor_control_ws/build/ai_motor_controller -- -j8 -l8
[0.288s] [ 25%] [32mBuilding CXX object CMakeFiles/lemniscate.dir/src/lemniscate.cpp.o[0m
[66.074s] gmake[2]: *** Deleting file 'CMakeFiles/lemniscate.dir/src/lemniscate.cpp.o'
[66.090s] gmake[2]: *** [CMakeFiles/lemniscate.dir/build.make:76: CMakeFiles/lemniscate.dir/src/lemniscate.cpp.o] Interrupt
[66.090s] gmake[1]: *** [CMakeFiles/Makefile2:139: CMakeFiles/lemniscate.dir/all] Interrupt
[66.090s] gmake: *** [Makefile:146: all] Interrupt
[66.106s] Traceback (most recent call last):
[66.107s]   File "/home/lunet/ttcc4/anaconda3/bin/cmake", line 8, in <module>
[66.107s]     sys.exit(cmake())
[66.108s]   File "/home/lunet/ttcc4/anaconda3/lib/python3.9/site-packages/cmake/__init__.py", line 43, in cmake
[66.108s]     raise SystemExit(_program('cmake', sys.argv[1:]))
[66.108s]   File "/home/lunet/ttcc4/anaconda3/lib/python3.9/site-packages/cmake/__init__.py", line 39, in _program
[66.108s]     return subprocess.call([os.path.join(CMAKE_BIN_DIR, name)] + args, close_fds=False)
[66.108s]   File "/home/lunet/ttcc4/anaconda3/lib/python3.9/subprocess.py", line 351, in call
[66.108s]     return p.wait(timeout=timeout)
[66.109s]   File "/home/lunet/ttcc4/anaconda3/lib/python3.9/subprocess.py", line 1189, in wait
[66.109s]     return self._wait(timeout=timeout)
[66.109s]   File "/home/lunet/ttcc4/anaconda3/lib/python3.9/subprocess.py", line 1917, in _wait
[66.109s]     (pid, sts) = self._try_wait(0)
[66.109s]   File "/home/lunet/ttcc4/anaconda3/lib/python3.9/subprocess.py", line 1875, in _try_wait
[66.110s]     (pid, sts) = os.waitpid(self.pid, wait_flags)
[66.110s] KeyboardInterrupt
[66.131s] Invoked command in '/home/lunet/ttcc4/direct_motor_control_ws/build/ai_motor_controller' returned '-2': CMAKE_PREFIX_PATH=${CMAKE_PREFIX_PATH}:/opt/ros/rolling CONDA_PROMPT_MODIFIER=(base) DEBUGINFOD_URLS=https://debuginfod.ubuntu.com /home/lunet/ttcc4/anaconda3/bin/cmake --build /home/lunet/ttcc4/direct_motor_control_ws/build/ai_motor_controller -- -j8 -l8
