[0.224s] DEBUG:colcon:Command line arguments: ['/usr/bin/colcon', 'build']
[0.224s] DEBUG:colcon:Parsed command line arguments: Namespace(log_base=None, log_level=None, verb_name='build', build_base='build', install_base='install', merge_install=False, symlink_install=False, test_result_base=None, continue_on_error=False, executor='parallel', parallel_workers=8, event_handlers=None, ignore_user_meta=False, metas=['./colcon.meta'], base_paths=['.'], packages_ignore=None, packages_ignore_regex=None, paths=None, packages_up_to=None, packages_up_to_regex=None, packages_above=None, packages_above_and_dependencies=None, packages_above_depth=None, packages_select_by_dep=None, packages_skip_by_dep=None, packages_skip_up_to=None, packages_select_build_failed=False, packages_skip_build_finished=False, packages_select_test_failures=False, packages_skip_test_passed=False, packages_select=None, packages_skip=None, packages_select_regex=None, packages_skip_regex=None, packages_start=None, packages_end=None, allow_overriding=[], cmake_args=None, cmake_target=None, cmake_target_skip_unavailable=False, cmake_clean_cache=False, cmake_clean_first=False, cmake_force_configure=False, ament_cmake_args=None, catkin_cmake_args=None, catkin_skip_building_tests=False, mixin_files=None, mixin=None, verb_parser=<colcon_mixin.mixin.mixin_argument.MixinArgumentDecorator object at 0x71d0611bd1c0>, verb_extension=<colcon_core.verb.build.BuildVerb object at 0x71d0612e1820>, main=<bound method BuildVerb.main of <colcon_core.verb.build.BuildVerb object at 0x71d0612e1820>>, mixin_verb=('build',))
[0.359s] Level 1:colcon.colcon_core.package_discovery:discover_packages(colcon_meta) check parameters
[0.360s] Level 1:colcon.colcon_core.package_discovery:discover_packages(recursive) check parameters
[0.360s] Level 1:colcon.colcon_core.package_discovery:discover_packages(ignore) check parameters
[0.360s] Level 1:colcon.colcon_core.package_discovery:discover_packages(path) check parameters
[0.360s] Level 1:colcon.colcon_core.package_discovery:discover_packages(colcon_meta) discover
[0.360s] Level 1:colcon.colcon_core.package_discovery:discover_packages(recursive) discover
[0.360s] INFO:colcon.colcon_core.package_discovery:Crawling recursively for packages in '/home/lunet/ttcc4/direct_motor_control_ws'
[0.361s] Level 1:colcon.colcon_core.package_identification:_identify(.) by extensions ['ignore', 'ignore_ament_install']
[0.361s] Level 1:colcon.colcon_core.package_identification:_identify(.) by extension 'ignore'
[0.361s] Level 1:colcon.colcon_core.package_identification:_identify(.) by extension 'ignore_ament_install'
[0.361s] Level 1:colcon.colcon_core.package_identification:_identify(.) by extensions ['colcon_pkg']
[0.361s] Level 1:colcon.colcon_core.package_identification:_identify(.) by extension 'colcon_pkg'
[0.362s] Level 1:colcon.colcon_core.package_identification:_identify(.) by extensions ['colcon_meta']
[0.362s] Level 1:colcon.colcon_core.package_identification:_identify(.) by extension 'colcon_meta'
[0.362s] Level 1:colcon.colcon_core.package_identification:_identify(.) by extensions ['ros']
[0.362s] Level 1:colcon.colcon_core.package_identification:_identify(.) by extension 'ros'
[0.471s] Level 1:colcon.colcon_core.package_identification:_identify(.) by extensions ['cmake', 'python']
[0.471s] Level 1:colcon.colcon_core.package_identification:_identify(.) by extension 'cmake'
[0.471s] Level 1:colcon.colcon_core.package_identification:_identify(.) by extension 'python'
[0.471s] Level 1:colcon.colcon_core.package_identification:_identify(.) by extensions ['python_setup_py']
[0.471s] Level 1:colcon.colcon_core.package_identification:_identify(.) by extension 'python_setup_py'
[0.472s] Level 1:colcon.colcon_core.package_identification:_identify(build) by extensions ['ignore', 'ignore_ament_install']
[0.472s] Level 1:colcon.colcon_core.package_identification:_identify(build) by extension 'ignore'
[0.472s] Level 1:colcon.colcon_core.package_identification:_identify(build) ignored
[0.473s] Level 1:colcon.colcon_core.package_identification:_identify(install) by extensions ['ignore', 'ignore_ament_install']
[0.473s] Level 1:colcon.colcon_core.package_identification:_identify(install) by extension 'ignore'
[0.473s] Level 1:colcon.colcon_core.package_identification:_identify(install) ignored
[0.474s] Level 1:colcon.colcon_core.package_identification:_identify(log) by extensions ['ignore', 'ignore_ament_install']
[0.474s] Level 1:colcon.colcon_core.package_identification:_identify(log) by extension 'ignore'
[0.474s] Level 1:colcon.colcon_core.package_identification:_identify(log) ignored
[0.474s] Level 1:colcon.colcon_core.package_identification:_identify(new_data) by extensions ['ignore', 'ignore_ament_install']
[0.474s] Level 1:colcon.colcon_core.package_identification:_identify(new_data) by extension 'ignore'
[0.475s] Level 1:colcon.colcon_core.package_identification:_identify(new_data) by extension 'ignore_ament_install'
[0.475s] Level 1:colcon.colcon_core.package_identification:_identify(new_data) by extensions ['colcon_pkg']
[0.475s] Level 1:colcon.colcon_core.package_identification:_identify(new_data) by extension 'colcon_pkg'
[0.475s] Level 1:colcon.colcon_core.package_identification:_identify(new_data) by extensions ['colcon_meta']
[0.475s] Level 1:colcon.colcon_core.package_identification:_identify(new_data) by extension 'colcon_meta'
[0.475s] Level 1:colcon.colcon_core.package_identification:_identify(new_data) by extensions ['ros']
[0.476s] Level 1:colcon.colcon_core.package_identification:_identify(new_data) by extension 'ros'
[0.476s] Level 1:colcon.colcon_core.package_identification:_identify(new_data) by extensions ['cmake', 'python']
[0.476s] Level 1:colcon.colcon_core.package_identification:_identify(new_data) by extension 'cmake'
[0.476s] Level 1:colcon.colcon_core.package_identification:_identify(new_data) by extension 'python'
[0.476s] Level 1:colcon.colcon_core.package_identification:_identify(new_data) by extensions ['python_setup_py']
[0.476s] Level 1:colcon.colcon_core.package_identification:_identify(new_data) by extension 'python_setup_py'
[0.477s] Level 1:colcon.colcon_core.package_identification:_identify(new_data/piddob) by extensions ['ignore', 'ignore_ament_install']
[0.477s] Level 1:colcon.colcon_core.package_identification:_identify(new_data/piddob) by extension 'ignore'
[0.477s] Level 1:colcon.colcon_core.package_identification:_identify(new_data/piddob) by extension 'ignore_ament_install'
[0.477s] Level 1:colcon.colcon_core.package_identification:_identify(new_data/piddob) by extensions ['colcon_pkg']
[0.477s] Level 1:colcon.colcon_core.package_identification:_identify(new_data/piddob) by extension 'colcon_pkg'
[0.477s] Level 1:colcon.colcon_core.package_identification:_identify(new_data/piddob) by extensions ['colcon_meta']
[0.477s] Level 1:colcon.colcon_core.package_identification:_identify(new_data/piddob) by extension 'colcon_meta'
[0.477s] Level 1:colcon.colcon_core.package_identification:_identify(new_data/piddob) by extensions ['ros']
[0.477s] Level 1:colcon.colcon_core.package_identification:_identify(new_data/piddob) by extension 'ros'
[0.478s] Level 1:colcon.colcon_core.package_identification:_identify(new_data/piddob) by extensions ['cmake', 'python']
[0.478s] Level 1:colcon.colcon_core.package_identification:_identify(new_data/piddob) by extension 'cmake'
[0.478s] Level 1:colcon.colcon_core.package_identification:_identify(new_data/piddob) by extension 'python'
[0.478s] Level 1:colcon.colcon_core.package_identification:_identify(new_data/piddob) by extensions ['python_setup_py']
[0.478s] Level 1:colcon.colcon_core.package_identification:_identify(new_data/piddob) by extension 'python_setup_py'
[0.478s] Level 1:colcon.colcon_core.package_identification:_identify(new_data/piddob/reports) by extensions ['ignore', 'ignore_ament_install']
[0.478s] Level 1:colcon.colcon_core.package_identification:_identify(new_data/piddob/reports) by extension 'ignore'
[0.479s] Level 1:colcon.colcon_core.package_identification:_identify(new_data/piddob/reports) by extension 'ignore_ament_install'
[0.479s] Level 1:colcon.colcon_core.package_identification:_identify(new_data/piddob/reports) by extensions ['colcon_pkg']
[0.479s] Level 1:colcon.colcon_core.package_identification:_identify(new_data/piddob/reports) by extension 'colcon_pkg'
[0.479s] Level 1:colcon.colcon_core.package_identification:_identify(new_data/piddob/reports) by extensions ['colcon_meta']
[0.479s] Level 1:colcon.colcon_core.package_identification:_identify(new_data/piddob/reports) by extension 'colcon_meta'
[0.479s] Level 1:colcon.colcon_core.package_identification:_identify(new_data/piddob/reports) by extensions ['ros']
[0.479s] Level 1:colcon.colcon_core.package_identification:_identify(new_data/piddob/reports) by extension 'ros'
[0.480s] Level 1:colcon.colcon_core.package_identification:_identify(new_data/piddob/reports) by extensions ['cmake', 'python']
[0.480s] Level 1:colcon.colcon_core.package_identification:_identify(new_data/piddob/reports) by extension 'cmake'
[0.480s] Level 1:colcon.colcon_core.package_identification:_identify(new_data/piddob/reports) by extension 'python'
[0.480s] Level 1:colcon.colcon_core.package_identification:_identify(new_data/piddob/reports) by extensions ['python_setup_py']
[0.480s] Level 1:colcon.colcon_core.package_identification:_identify(new_data/piddob/reports) by extension 'python_setup_py'
[0.480s] Level 1:colcon.colcon_core.package_identification:_identify(new_data/piddob/reports/20251022_140621) by extensions ['ignore', 'ignore_ament_install']
[0.480s] Level 1:colcon.colcon_core.package_identification:_identify(new_data/piddob/reports/20251022_140621) by extension 'ignore'
[0.481s] Level 1:colcon.colcon_core.package_identification:_identify(new_data/piddob/reports/20251022_140621) by extension 'ignore_ament_install'
[0.481s] Level 1:colcon.colcon_core.package_identification:_identify(new_data/piddob/reports/20251022_140621) by extensions ['colcon_pkg']
[0.481s] Level 1:colcon.colcon_core.package_identification:_identify(new_data/piddob/reports/20251022_140621) by extension 'colcon_pkg'
[0.481s] Level 1:colcon.colcon_core.package_identification:_identify(new_data/piddob/reports/20251022_140621) by extensions ['colcon_meta']
[0.481s] Level 1:colcon.colcon_core.package_identification:_identify(new_data/piddob/reports/20251022_140621) by extension 'colcon_meta'
[0.481s] Level 1:colcon.colcon_core.package_identification:_identify(new_data/piddob/reports/20251022_140621) by extensions ['ros']
[0.481s] Level 1:colcon.colcon_core.package_identification:_identify(new_data/piddob/reports/20251022_140621) by extension 'ros'
[0.481s] Level 1:colcon.colcon_core.package_identification:_identify(new_data/piddob/reports/20251022_140621) by extensions ['cmake', 'python']
[0.481s] Level 1:colcon.colcon_core.package_identification:_identify(new_data/piddob/reports/20251022_140621) by extension 'cmake'
[0.481s] Level 1:colcon.colcon_core.package_identification:_identify(new_data/piddob/reports/20251022_140621) by extension 'python'
[0.482s] Level 1:colcon.colcon_core.package_identification:_identify(new_data/piddob/reports/20251022_140621) by extensions ['python_setup_py']
[0.482s] Level 1:colcon.colcon_core.package_identification:_identify(new_data/piddob/reports/20251022_140621) by extension 'python_setup_py'
[0.482s] Level 1:colcon.colcon_core.package_identification:_identify(new_data/piddob/reports/20251022_140621/per_file) by extensions ['ignore', 'ignore_ament_install']
[0.482s] Level 1:colcon.colcon_core.package_identification:_identify(new_data/piddob/reports/20251022_140621/per_file) by extension 'ignore'
[0.482s] Level 1:colcon.colcon_core.package_identification:_identify(new_data/piddob/reports/20251022_140621/per_file) by extension 'ignore_ament_install'
[0.482s] Level 1:colcon.colcon_core.package_identification:_identify(new_data/piddob/reports/20251022_140621/per_file) by extensions ['colcon_pkg']
[0.483s] Level 1:colcon.colcon_core.package_identification:_identify(new_data/piddob/reports/20251022_140621/per_file) by extension 'colcon_pkg'
[0.483s] Level 1:colcon.colcon_core.package_identification:_identify(new_data/piddob/reports/20251022_140621/per_file) by extensions ['colcon_meta']
[0.483s] Level 1:colcon.colcon_core.package_identification:_identify(new_data/piddob/reports/20251022_140621/per_file) by extension 'colcon_meta'
[0.483s] Level 1:colcon.colcon_core.package_identification:_identify(new_data/piddob/reports/20251022_140621/per_file) by extensions ['ros']
[0.483s] Level 1:colcon.colcon_core.package_identification:_identify(new_data/piddob/reports/20251022_140621/per_file) by extension 'ros'
[0.483s] Level 1:colcon.colcon_core.package_identification:_identify(new_data/piddob/reports/20251022_140621/per_file) by extensions ['cmake', 'python']
[0.483s] Level 1:colcon.colcon_core.package_identification:_identify(new_data/piddob/reports/20251022_140621/per_file) by extension 'cmake'
[0.484s] Level 1:colcon.colcon_core.package_identification:_identify(new_data/piddob/reports/20251022_140621/per_file) by extension 'python'
[0.484s] Level 1:colcon.colcon_core.package_identification:_identify(new_data/piddob/reports/20251022_140621/per_file) by extensions ['python_setup_py']
[0.484s] Level 1:colcon.colcon_core.package_identification:_identify(new_data/piddob/reports/20251022_140621/per_file) by extension 'python_setup_py'
[0.484s] Level 1:colcon.colcon_core.package_identification:_identify(new_data/piddob/reports/20251022_140821) by extensions ['ignore', 'ignore_ament_install']
[0.484s] Level 1:colcon.colcon_core.package_identification:_identify(new_data/piddob/reports/20251022_140821) by extension 'ignore'
[0.484s] Level 1:colcon.colcon_core.package_identification:_identify(new_data/piddob/reports/20251022_140821) by extension 'ignore_ament_install'
[0.485s] Level 1:colcon.colcon_core.package_identification:_identify(new_data/piddob/reports/20251022_140821) by extensions ['colcon_pkg']
[0.485s] Level 1:colcon.colcon_core.package_identification:_identify(new_data/piddob/reports/20251022_140821) by extension 'colcon_pkg'
[0.485s] Level 1:colcon.colcon_core.package_identification:_identify(new_data/piddob/reports/20251022_140821) by extensions ['colcon_meta']
[0.485s] Level 1:colcon.colcon_core.package_identification:_identify(new_data/piddob/reports/20251022_140821) by extension 'colcon_meta'
[0.485s] Level 1:colcon.colcon_core.package_identification:_identify(new_data/piddob/reports/20251022_140821) by extensions ['ros']
[0.485s] Level 1:colcon.colcon_core.package_identification:_identify(new_data/piddob/reports/20251022_140821) by extension 'ros'
[0.485s] Level 1:colcon.colcon_core.package_identification:_identify(new_data/piddob/reports/20251022_140821) by extensions ['cmake', 'python']
[0.485s] Level 1:colcon.colcon_core.package_identification:_identify(new_data/piddob/reports/20251022_140821) by extension 'cmake'
[0.485s] Level 1:colcon.colcon_core.package_identification:_identify(new_data/piddob/reports/20251022_140821) by extension 'python'
[0.485s] Level 1:colcon.colcon_core.package_identification:_identify(new_data/piddob/reports/20251022_140821) by extensions ['python_setup_py']
[0.486s] Level 1:colcon.colcon_core.package_identification:_identify(new_data/piddob/reports/20251022_140821) by extension 'python_setup_py'
[0.486s] Level 1:colcon.colcon_core.package_identification:_identify(new_data/piddob/reports/20251022_140821/per_file) by extensions ['ignore', 'ignore_ament_install']
[0.486s] Level 1:colcon.colcon_core.package_identification:_identify(new_data/piddob/reports/20251022_140821/per_file) by extension 'ignore'
[0.486s] Level 1:colcon.colcon_core.package_identification:_identify(new_data/piddob/reports/20251022_140821/per_file) by extension 'ignore_ament_install'
[0.486s] Level 1:colcon.colcon_core.package_identification:_identify(new_data/piddob/reports/20251022_140821/per_file) by extensions ['colcon_pkg']
[0.487s] Level 1:colcon.colcon_core.package_identification:_identify(new_data/piddob/reports/20251022_140821/per_file) by extension 'colcon_pkg'
[0.487s] Level 1:colcon.colcon_core.package_identification:_identify(new_data/piddob/reports/20251022_140821/per_file) by extensions ['colcon_meta']
[0.487s] Level 1:colcon.colcon_core.package_identification:_identify(new_data/piddob/reports/20251022_140821/per_file) by extension 'colcon_meta'
[0.487s] Level 1:colcon.colcon_core.package_identification:_identify(new_data/piddob/reports/20251022_140821/per_file) by extensions ['ros']
[0.487s] Level 1:colcon.colcon_core.package_identification:_identify(new_data/piddob/reports/20251022_140821/per_file) by extension 'ros'
[0.487s] Level 1:colcon.colcon_core.package_identification:_identify(new_data/piddob/reports/20251022_140821/per_file) by extensions ['cmake', 'python']
[0.487s] Level 1:colcon.colcon_core.package_identification:_identify(new_data/piddob/reports/20251022_140821/per_file) by extension 'cmake'
[0.488s] Level 1:colcon.colcon_core.package_identification:_identify(new_data/piddob/reports/20251022_140821/per_file) by extension 'python'
[0.488s] Level 1:colcon.colcon_core.package_identification:_identify(new_data/piddob/reports/20251022_140821/per_file) by extensions ['python_setup_py']
[0.488s] Level 1:colcon.colcon_core.package_identification:_identify(new_data/piddob/reports/20251022_140821/per_file) by extension 'python_setup_py'
[0.488s] Level 1:colcon.colcon_core.package_identification:_identify(new_data/piddob/reports/20251022_141447) by extensions ['ignore', 'ignore_ament_install']
[0.488s] Level 1:colcon.colcon_core.package_identification:_identify(new_data/piddob/reports/20251022_141447) by extension 'ignore'
[0.488s] Level 1:colcon.colcon_core.package_identification:_identify(new_data/piddob/reports/20251022_141447) by extension 'ignore_ament_install'
[0.488s] Level 1:colcon.colcon_core.package_identification:_identify(new_data/piddob/reports/20251022_141447) by extensions ['colcon_pkg']
[0.489s] Level 1:colcon.colcon_core.package_identification:_identify(new_data/piddob/reports/20251022_141447) by extension 'colcon_pkg'
[0.489s] Level 1:colcon.colcon_core.package_identification:_identify(new_data/piddob/reports/20251022_141447) by extensions ['colcon_meta']
[0.489s] Level 1:colcon.colcon_core.package_identification:_identify(new_data/piddob/reports/20251022_141447) by extension 'colcon_meta'
[0.489s] Level 1:colcon.colcon_core.package_identification:_identify(new_data/piddob/reports/20251022_141447) by extensions ['ros']
[0.489s] Level 1:colcon.colcon_core.package_identification:_identify(new_data/piddob/reports/20251022_141447) by extension 'ros'
[0.489s] Level 1:colcon.colcon_core.package_identification:_identify(new_data/piddob/reports/20251022_141447) by extensions ['cmake', 'python']
[0.489s] Level 1:colcon.colcon_core.package_identification:_identify(new_data/piddob/reports/20251022_141447) by extension 'cmake'
[0.489s] Level 1:colcon.colcon_core.package_identification:_identify(new_data/piddob/reports/20251022_141447) by extension 'python'
[0.489s] Level 1:colcon.colcon_core.package_identification:_identify(new_data/piddob/reports/20251022_141447) by extensions ['python_setup_py']
[0.489s] Level 1:colcon.colcon_core.package_identification:_identify(new_data/piddob/reports/20251022_141447) by extension 'python_setup_py'
[0.490s] Level 1:colcon.colcon_core.package_identification:_identify(new_data/piddob/reports/20251022_141447/per_file) by extensions ['ignore', 'ignore_ament_install']
[0.490s] Level 1:colcon.colcon_core.package_identification:_identify(new_data/piddob/reports/20251022_141447/per_file) by extension 'ignore'
[0.490s] Level 1:colcon.colcon_core.package_identification:_identify(new_data/piddob/reports/20251022_141447/per_file) by extension 'ignore_ament_install'
[0.490s] Level 1:colcon.colcon_core.package_identification:_identify(new_data/piddob/reports/20251022_141447/per_file) by extensions ['colcon_pkg']
[0.490s] Level 1:colcon.colcon_core.package_identification:_identify(new_data/piddob/reports/20251022_141447/per_file) by extension 'colcon_pkg'
[0.491s] Level 1:colcon.colcon_core.package_identification:_identify(new_data/piddob/reports/20251022_141447/per_file) by extensions ['colcon_meta']
[0.491s] Level 1:colcon.colcon_core.package_identification:_identify(new_data/piddob/reports/20251022_141447/per_file) by extension 'colcon_meta'
[0.491s] Level 1:colcon.colcon_core.package_identification:_identify(new_data/piddob/reports/20251022_141447/per_file) by extensions ['ros']
[0.491s] Level 1:colcon.colcon_core.package_identification:_identify(new_data/piddob/reports/20251022_141447/per_file) by extension 'ros'
[0.491s] Level 1:colcon.colcon_core.package_identification:_identify(new_data/piddob/reports/20251022_141447/per_file) by extensions ['cmake', 'python']
[0.491s] Level 1:colcon.colcon_core.package_identification:_identify(new_data/piddob/reports/20251022_141447/per_file) by extension 'cmake'
[0.491s] Level 1:colcon.colcon_core.package_identification:_identify(new_data/piddob/reports/20251022_141447/per_file) by extension 'python'
[0.492s] Level 1:colcon.colcon_core.package_identification:_identify(new_data/piddob/reports/20251022_141447/per_file) by extensions ['python_setup_py']
[0.492s] Level 1:colcon.colcon_core.package_identification:_identify(new_data/piddob/reports/20251022_141447/per_file) by extension 'python_setup_py'
[0.492s] Level 1:colcon.colcon_core.package_identification:_identify(new_data/piddob/reports/20251022_141618) by extensions ['ignore', 'ignore_ament_install']
[0.492s] Level 1:colcon.colcon_core.package_identification:_identify(new_data/piddob/reports/20251022_141618) by extension 'ignore'
[0.492s] Level 1:colcon.colcon_core.package_identification:_identify(new_data/piddob/reports/20251022_141618) by extension 'ignore_ament_install'
[0.492s] Level 1:colcon.colcon_core.package_identification:_identify(new_data/piddob/reports/20251022_141618) by extensions ['colcon_pkg']
[0.492s] Level 1:colcon.colcon_core.package_identification:_identify(new_data/piddob/reports/20251022_141618) by extension 'colcon_pkg'
[0.493s] Level 1:colcon.colcon_core.package_identification:_identify(new_data/piddob/reports/20251022_141618) by extensions ['colcon_meta']
[0.493s] Level 1:colcon.colcon_core.package_identification:_identify(new_data/piddob/reports/20251022_141618) by extension 'colcon_meta'
[0.493s] Level 1:colcon.colcon_core.package_identification:_identify(new_data/piddob/reports/20251022_141618) by extensions ['ros']
[0.493s] Level 1:colcon.colcon_core.package_identification:_identify(new_data/piddob/reports/20251022_141618) by extension 'ros'
[0.493s] Level 1:colcon.colcon_core.package_identification:_identify(new_data/piddob/reports/20251022_141618) by extensions ['cmake', 'python']
[0.493s] Level 1:colcon.colcon_core.package_identification:_identify(new_data/piddob/reports/20251022_141618) by extension 'cmake'
[0.493s] Level 1:colcon.colcon_core.package_identification:_identify(new_data/piddob/reports/20251022_141618) by extension 'python'
[0.493s] Level 1:colcon.colcon_core.package_identification:_identify(new_data/piddob/reports/20251022_141618) by extensions ['python_setup_py']
[0.493s] Level 1:colcon.colcon_core.package_identification:_identify(new_data/piddob/reports/20251022_141618) by extension 'python_setup_py'
[0.494s] Level 1:colcon.colcon_core.package_identification:_identify(new_data/piddob/reports/20251022_141618/per_file) by extensions ['ignore', 'ignore_ament_install']
[0.494s] Level 1:colcon.colcon_core.package_identification:_identify(new_data/piddob/reports/20251022_141618/per_file) by extension 'ignore'
[0.494s] Level 1:colcon.colcon_core.package_identification:_identify(new_data/piddob/reports/20251022_141618/per_file) by extension 'ignore_ament_install'
[0.494s] Level 1:colcon.colcon_core.package_identification:_identify(new_data/piddob/reports/20251022_141618/per_file) by extensions ['colcon_pkg']
[0.494s] Level 1:colcon.colcon_core.package_identification:_identify(new_data/piddob/reports/20251022_141618/per_file) by extension 'colcon_pkg'
[0.494s] Level 1:colcon.colcon_core.package_identification:_identify(new_data/piddob/reports/20251022_141618/per_file) by extensions ['colcon_meta']
[0.494s] Level 1:colcon.colcon_core.package_identification:_identify(new_data/piddob/reports/20251022_141618/per_file) by extension 'colcon_meta'
[0.494s] Level 1:colcon.colcon_core.package_identification:_identify(new_data/piddob/reports/20251022_141618/per_file) by extensions ['ros']
[0.494s] Level 1:colcon.colcon_core.package_identification:_identify(new_data/piddob/reports/20251022_141618/per_file) by extension 'ros'
[0.495s] Level 1:colcon.colcon_core.package_identification:_identify(new_data/piddob/reports/20251022_141618/per_file) by extensions ['cmake', 'python']
[0.495s] Level 1:colcon.colcon_core.package_identification:_identify(new_data/piddob/reports/20251022_141618/per_file) by extension 'cmake'
[0.495s] Level 1:colcon.colcon_core.package_identification:_identify(new_data/piddob/reports/20251022_141618/per_file) by extension 'python'
[0.495s] Level 1:colcon.colcon_core.package_identification:_identify(new_data/piddob/reports/20251022_141618/per_file) by extensions ['python_setup_py']
[0.495s] Level 1:colcon.colcon_core.package_identification:_identify(new_data/piddob/reports/20251022_141618/per_file) by extension 'python_setup_py'
[0.496s] Level 1:colcon.colcon_core.package_identification:_identify(new_data/reports_compare) by extensions ['ignore', 'ignore_ament_install']
[0.496s] Level 1:colcon.colcon_core.package_identification:_identify(new_data/reports_compare) by extension 'ignore'
[0.496s] Level 1:colcon.colcon_core.package_identification:_identify(new_data/reports_compare) by extension 'ignore_ament_install'
[0.496s] Level 1:colcon.colcon_core.package_identification:_identify(new_data/reports_compare) by extensions ['colcon_pkg']
[0.496s] Level 1:colcon.colcon_core.package_identification:_identify(new_data/reports_compare) by extension 'colcon_pkg'
[0.496s] Level 1:colcon.colcon_core.package_identification:_identify(new_data/reports_compare) by extensions ['colcon_meta']
[0.496s] Level 1:colcon.colcon_core.package_identification:_identify(new_data/reports_compare) by extension 'colcon_meta'
[0.496s] Level 1:colcon.colcon_core.package_identification:_identify(new_data/reports_compare) by extensions ['ros']
[0.496s] Level 1:colcon.colcon_core.package_identification:_identify(new_data/reports_compare) by extension 'ros'
[0.497s] Level 1:colcon.colcon_core.package_identification:_identify(new_data/reports_compare) by extensions ['cmake', 'python']
[0.497s] Level 1:colcon.colcon_core.package_identification:_identify(new_data/reports_compare) by extension 'cmake'
[0.497s] Level 1:colcon.colcon_core.package_identification:_identify(new_data/reports_compare) by extension 'python'
[0.497s] Level 1:colcon.colcon_core.package_identification:_identify(new_data/reports_compare) by extensions ['python_setup_py']
[0.497s] Level 1:colcon.colcon_core.package_identification:_identify(new_data/reports_compare) by extension 'python_setup_py'
[0.497s] Level 1:colcon.colcon_core.package_identification:_identify(new_data/reports_compare/20251022_141618) by extensions ['ignore', 'ignore_ament_install']
[0.498s] Level 1:colcon.colcon_core.package_identification:_identify(new_data/reports_compare/20251022_141618) by extension 'ignore'
[0.498s] Level 1:colcon.colcon_core.package_identification:_identify(new_data/reports_compare/20251022_141618) by extension 'ignore_ament_install'
[0.498s] Level 1:colcon.colcon_core.package_identification:_identify(new_data/reports_compare/20251022_141618) by extensions ['colcon_pkg']
[0.498s] Level 1:colcon.colcon_core.package_identification:_identify(new_data/reports_compare/20251022_141618) by extension 'colcon_pkg'
[0.498s] Level 1:colcon.colcon_core.package_identification:_identify(new_data/reports_compare/20251022_141618) by extensions ['colcon_meta']
[0.498s] Level 1:colcon.colcon_core.package_identification:_identify(new_data/reports_compare/20251022_141618) by extension 'colcon_meta'
[0.498s] Level 1:colcon.colcon_core.package_identification:_identify(new_data/reports_compare/20251022_141618) by extensions ['ros']
[0.498s] Level 1:colcon.colcon_core.package_identification:_identify(new_data/reports_compare/20251022_141618) by extension 'ros'
[0.499s] Level 1:colcon.colcon_core.package_identification:_identify(new_data/reports_compare/20251022_141618) by extensions ['cmake', 'python']
[0.499s] Level 1:colcon.colcon_core.package_identification:_identify(new_data/reports_compare/20251022_141618) by extension 'cmake'
[0.499s] Level 1:colcon.colcon_core.package_identification:_identify(new_data/reports_compare/20251022_141618) by extension 'python'
[0.499s] Level 1:colcon.colcon_core.package_identification:_identify(new_data/reports_compare/20251022_141618) by extensions ['python_setup_py']
[0.499s] Level 1:colcon.colcon_core.package_identification:_identify(new_data/reports_compare/20251022_141618) by extension 'python_setup_py'
[0.499s] Level 1:colcon.colcon_core.package_identification:_identify(new_data/reports_compare/20251022_141618/per_file) by extensions ['ignore', 'ignore_ament_install']
[0.500s] Level 1:colcon.colcon_core.package_identification:_identify(new_data/reports_compare/20251022_141618/per_file) by extension 'ignore'
[0.500s] Level 1:colcon.colcon_core.package_identification:_identify(new_data/reports_compare/20251022_141618/per_file) by extension 'ignore_ament_install'
[0.500s] Level 1:colcon.colcon_core.package_identification:_identify(new_data/reports_compare/20251022_141618/per_file) by extensions ['colcon_pkg']
[0.500s] Level 1:colcon.colcon_core.package_identification:_identify(new_data/reports_compare/20251022_141618/per_file) by extension 'colcon_pkg'
[0.500s] Level 1:colcon.colcon_core.package_identification:_identify(new_data/reports_compare/20251022_141618/per_file) by extensions ['colcon_meta']
[0.500s] Level 1:colcon.colcon_core.package_identification:_identify(new_data/reports_compare/20251022_141618/per_file) by extension 'colcon_meta'
[0.500s] Level 1:colcon.colcon_core.package_identification:_identify(new_data/reports_compare/20251022_141618/per_file) by extensions ['ros']
[0.500s] Level 1:colcon.colcon_core.package_identification:_identify(new_data/reports_compare/20251022_141618/per_file) by extension 'ros'
[0.501s] Level 1:colcon.colcon_core.package_identification:_identify(new_data/reports_compare/20251022_141618/per_file) by extensions ['cmake', 'python']
[0.501s] Level 1:colcon.colcon_core.package_identification:_identify(new_data/reports_compare/20251022_141618/per_file) by extension 'cmake'
[0.501s] Level 1:colcon.colcon_core.package_identification:_identify(new_data/reports_compare/20251022_141618/per_file) by extension 'python'
[0.501s] Level 1:colcon.colcon_core.package_identification:_identify(new_data/reports_compare/20251022_141618/per_file) by extensions ['python_setup_py']
[0.501s] Level 1:colcon.colcon_core.package_identification:_identify(new_data/reports_compare/20251022_141618/per_file) by extension 'python_setup_py'
[0.502s] Level 1:colcon.colcon_core.package_identification:_identify(new_data/rvolmea) by extensions ['ignore', 'ignore_ament_install']
[0.502s] Level 1:colcon.colcon_core.package_identification:_identify(new_data/rvolmea) by extension 'ignore'
[0.502s] Level 1:colcon.colcon_core.package_identification:_identify(new_data/rvolmea) by extension 'ignore_ament_install'
[0.502s] Level 1:colcon.colcon_core.package_identification:_identify(new_data/rvolmea) by extensions ['colcon_pkg']
[0.502s] Level 1:colcon.colcon_core.package_identification:_identify(new_data/rvolmea) by extension 'colcon_pkg'
[0.502s] Level 1:colcon.colcon_core.package_identification:_identify(new_data/rvolmea) by extensions ['colcon_meta']
[0.503s] Level 1:colcon.colcon_core.package_identification:_identify(new_data/rvolmea) by extension 'colcon_meta'
[0.503s] Level 1:colcon.colcon_core.package_identification:_identify(new_data/rvolmea) by extensions ['ros']
[0.503s] Level 1:colcon.colcon_core.package_identification:_identify(new_data/rvolmea) by extension 'ros'
[0.503s] Level 1:colcon.colcon_core.package_identification:_identify(new_data/rvolmea) by extensions ['cmake', 'python']
[0.503s] Level 1:colcon.colcon_core.package_identification:_identify(new_data/rvolmea) by extension 'cmake'
[0.503s] Level 1:colcon.colcon_core.package_identification:_identify(new_data/rvolmea) by extension 'python'
[0.503s] Level 1:colcon.colcon_core.package_identification:_identify(new_data/rvolmea) by extensions ['python_setup_py']
[0.503s] Level 1:colcon.colcon_core.package_identification:_identify(new_data/rvolmea) by extension 'python_setup_py'
[0.504s] Level 1:colcon.colcon_core.package_identification:_identify(new_data/rvolmea/reports) by extensions ['ignore', 'ignore_ament_install']
[0.504s] Level 1:colcon.colcon_core.package_identification:_identify(new_data/rvolmea/reports) by extension 'ignore'
[0.504s] Level 1:colcon.colcon_core.package_identification:_identify(new_data/rvolmea/reports) by extension 'ignore_ament_install'
[0.504s] Level 1:colcon.colcon_core.package_identification:_identify(new_data/rvolmea/reports) by extensions ['colcon_pkg']
[0.505s] Level 1:colcon.colcon_core.package_identification:_identify(new_data/rvolmea/reports) by extension 'colcon_pkg'
[0.505s] Level 1:colcon.colcon_core.package_identification:_identify(new_data/rvolmea/reports) by extensions ['colcon_meta']
[0.505s] Level 1:colcon.colcon_core.package_identification:_identify(new_data/rvolmea/reports) by extension 'colcon_meta'
[0.505s] Level 1:colcon.colcon_core.package_identification:_identify(new_data/rvolmea/reports) by extensions ['ros']
[0.505s] Level 1:colcon.colcon_core.package_identification:_identify(new_data/rvolmea/reports) by extension 'ros'
[0.505s] Level 1:colcon.colcon_core.package_identification:_identify(new_data/rvolmea/reports) by extensions ['cmake', 'python']
[0.505s] Level 1:colcon.colcon_core.package_identification:_identify(new_data/rvolmea/reports) by extension 'cmake'
[0.506s] Level 1:colcon.colcon_core.package_identification:_identify(new_data/rvolmea/reports) by extension 'python'
[0.506s] Level 1:colcon.colcon_core.package_identification:_identify(new_data/rvolmea/reports) by extensions ['python_setup_py']
[0.506s] Level 1:colcon.colcon_core.package_identification:_identify(new_data/rvolmea/reports) by extension 'python_setup_py'
[0.506s] Level 1:colcon.colcon_core.package_identification:_identify(new_data/rvolmea/reports/20251022_130436) by extensions ['ignore', 'ignore_ament_install']
[0.506s] Level 1:colcon.colcon_core.package_identification:_identify(new_data/rvolmea/reports/20251022_130436) by extension 'ignore'
[0.507s] Level 1:colcon.colcon_core.package_identification:_identify(new_data/rvolmea/reports/20251022_130436) by extension 'ignore_ament_install'
[0.507s] Level 1:colcon.colcon_core.package_identification:_identify(new_data/rvolmea/reports/20251022_130436) by extensions ['colcon_pkg']
[0.507s] Level 1:colcon.colcon_core.package_identification:_identify(new_data/rvolmea/reports/20251022_130436) by extension 'colcon_pkg'
[0.507s] Level 1:colcon.colcon_core.package_identification:_identify(new_data/rvolmea/reports/20251022_130436) by extensions ['colcon_meta']
[0.507s] Level 1:colcon.colcon_core.package_identification:_identify(new_data/rvolmea/reports/20251022_130436) by extension 'colcon_meta'
[0.507s] Level 1:colcon.colcon_core.package_identification:_identify(new_data/rvolmea/reports/20251022_130436) by extensions ['ros']
[0.507s] Level 1:colcon.colcon_core.package_identification:_identify(new_data/rvolmea/reports/20251022_130436) by extension 'ros'
[0.508s] Level 1:colcon.colcon_core.package_identification:_identify(new_data/rvolmea/reports/20251022_130436) by extensions ['cmake', 'python']
[0.508s] Level 1:colcon.colcon_core.package_identification:_identify(new_data/rvolmea/reports/20251022_130436) by extension 'cmake'
[0.508s] Level 1:colcon.colcon_core.package_identification:_identify(new_data/rvolmea/reports/20251022_130436) by extension 'python'
[0.508s] Level 1:colcon.colcon_core.package_identification:_identify(new_data/rvolmea/reports/20251022_130436) by extensions ['python_setup_py']
[0.508s] Level 1:colcon.colcon_core.package_identification:_identify(new_data/rvolmea/reports/20251022_130436) by extension 'python_setup_py'
[0.509s] Level 1:colcon.colcon_core.package_identification:_identify(new_data/rvolmea/reports/20251022_130436/per_file) by extensions ['ignore', 'ignore_ament_install']
[0.509s] Level 1:colcon.colcon_core.package_identification:_identify(new_data/rvolmea/reports/20251022_130436/per_file) by extension 'ignore'
[0.509s] Level 1:colcon.colcon_core.package_identification:_identify(new_data/rvolmea/reports/20251022_130436/per_file) by extension 'ignore_ament_install'
[0.509s] Level 1:colcon.colcon_core.package_identification:_identify(new_data/rvolmea/reports/20251022_130436/per_file) by extensions ['colcon_pkg']
[0.509s] Level 1:colcon.colcon_core.package_identification:_identify(new_data/rvolmea/reports/20251022_130436/per_file) by extension 'colcon_pkg'
[0.510s] Level 1:colcon.colcon_core.package_identification:_identify(new_data/rvolmea/reports/20251022_130436/per_file) by extensions ['colcon_meta']
[0.510s] Level 1:colcon.colcon_core.package_identification:_identify(new_data/rvolmea/reports/20251022_130436/per_file) by extension 'colcon_meta'
[0.510s] Level 1:colcon.colcon_core.package_identification:_identify(new_data/rvolmea/reports/20251022_130436/per_file) by extensions ['ros']
[0.510s] Level 1:colcon.colcon_core.package_identification:_identify(new_data/rvolmea/reports/20251022_130436/per_file) by extension 'ros'
[0.510s] Level 1:colcon.colcon_core.package_identification:_identify(new_data/rvolmea/reports/20251022_130436/per_file) by extensions ['cmake', 'python']
[0.510s] Level 1:colcon.colcon_core.package_identification:_identify(new_data/rvolmea/reports/20251022_130436/per_file) by extension 'cmake'
[0.511s] Level 1:colcon.colcon_core.package_identification:_identify(new_data/rvolmea/reports/20251022_130436/per_file) by extension 'python'
[0.511s] Level 1:colcon.colcon_core.package_identification:_identify(new_data/rvolmea/reports/20251022_130436/per_file) by extensions ['python_setup_py']
[0.511s] Level 1:colcon.colcon_core.package_identification:_identify(new_data/rvolmea/reports/20251022_130436/per_file) by extension 'python_setup_py'
[0.511s] Level 1:colcon.colcon_core.package_identification:_identify(new_data/rvolmea/reports/20251022_140821) by extensions ['ignore', 'ignore_ament_install']
[0.511s] Level 1:colcon.colcon_core.package_identification:_identify(new_data/rvolmea/reports/20251022_140821) by extension 'ignore'
[0.512s] Level 1:colcon.colcon_core.package_identification:_identify(new_data/rvolmea/reports/20251022_140821) by extension 'ignore_ament_install'
[0.512s] Level 1:colcon.colcon_core.package_identification:_identify(new_data/rvolmea/reports/20251022_140821) by extensions ['colcon_pkg']
[0.512s] Level 1:colcon.colcon_core.package_identification:_identify(new_data/rvolmea/reports/20251022_140821) by extension 'colcon_pkg'
[0.512s] Level 1:colcon.colcon_core.package_identification:_identify(new_data/rvolmea/reports/20251022_140821) by extensions ['colcon_meta']
[0.512s] Level 1:colcon.colcon_core.package_identification:_identify(new_data/rvolmea/reports/20251022_140821) by extension 'colcon_meta'
[0.512s] Level 1:colcon.colcon_core.package_identification:_identify(new_data/rvolmea/reports/20251022_140821) by extensions ['ros']
[0.512s] Level 1:colcon.colcon_core.package_identification:_identify(new_data/rvolmea/reports/20251022_140821) by extension 'ros'
[0.513s] Level 1:colcon.colcon_core.package_identification:_identify(new_data/rvolmea/reports/20251022_140821) by extensions ['cmake', 'python']
[0.513s] Level 1:colcon.colcon_core.package_identification:_identify(new_data/rvolmea/reports/20251022_140821) by extension 'cmake'
[0.513s] Level 1:colcon.colcon_core.package_identification:_identify(new_data/rvolmea/reports/20251022_140821) by extension 'python'
[0.513s] Level 1:colcon.colcon_core.package_identification:_identify(new_data/rvolmea/reports/20251022_140821) by extensions ['python_setup_py']
[0.513s] Level 1:colcon.colcon_core.package_identification:_identify(new_data/rvolmea/reports/20251022_140821) by extension 'python_setup_py'
[0.514s] Level 1:colcon.colcon_core.package_identification:_identify(new_data/rvolmea/reports/20251022_140821/per_file) by extensions ['ignore', 'ignore_ament_install']
[0.514s] Level 1:colcon.colcon_core.package_identification:_identify(new_data/rvolmea/reports/20251022_140821/per_file) by extension 'ignore'
[0.514s] Level 1:colcon.colcon_core.package_identification:_identify(new_data/rvolmea/reports/20251022_140821/per_file) by extension 'ignore_ament_install'
[0.514s] Level 1:colcon.colcon_core.package_identification:_identify(new_data/rvolmea/reports/20251022_140821/per_file) by extensions ['colcon_pkg']
[0.514s] Level 1:colcon.colcon_core.package_identification:_identify(new_data/rvolmea/reports/20251022_140821/per_file) by extension 'colcon_pkg'
[0.514s] Level 1:colcon.colcon_core.package_identification:_identify(new_data/rvolmea/reports/20251022_140821/per_file) by extensions ['colcon_meta']
[0.515s] Level 1:colcon.colcon_core.package_identification:_identify(new_data/rvolmea/reports/20251022_140821/per_file) by extension 'colcon_meta'
[0.515s] Level 1:colcon.colcon_core.package_identification:_identify(new_data/rvolmea/reports/20251022_140821/per_file) by extensions ['ros']
[0.515s] Level 1:colcon.colcon_core.package_identification:_identify(new_data/rvolmea/reports/20251022_140821/per_file) by extension 'ros'
[0.515s] Level 1:colcon.colcon_core.package_identification:_identify(new_data/rvolmea/reports/20251022_140821/per_file) by extensions ['cmake', 'python']
[0.515s] Level 1:colcon.colcon_core.package_identification:_identify(new_data/rvolmea/reports/20251022_140821/per_file) by extension 'cmake'
[0.515s] Level 1:colcon.colcon_core.package_identification:_identify(new_data/rvolmea/reports/20251022_140821/per_file) by extension 'python'
[0.516s] Level 1:colcon.colcon_core.package_identification:_identify(new_data/rvolmea/reports/20251022_140821/per_file) by extensions ['python_setup_py']
[0.516s] Level 1:colcon.colcon_core.package_identification:_identify(new_data/rvolmea/reports/20251022_140821/per_file) by extension 'python_setup_py'
[0.516s] Level 1:colcon.colcon_core.package_identification:_identify(new_data/rvolmea/reports/20251022_141447) by extensions ['ignore', 'ignore_ament_install']
[0.516s] Level 1:colcon.colcon_core.package_identification:_identify(new_data/rvolmea/reports/20251022_141447) by extension 'ignore'
[0.516s] Level 1:colcon.colcon_core.package_identification:_identify(new_data/rvolmea/reports/20251022_141447) by extension 'ignore_ament_install'
[0.517s] Level 1:colcon.colcon_core.package_identification:_identify(new_data/rvolmea/reports/20251022_141447) by extensions ['colcon_pkg']
[0.517s] Level 1:colcon.colcon_core.package_identification:_identify(new_data/rvolmea/reports/20251022_141447) by extension 'colcon_pkg'
[0.517s] Level 1:colcon.colcon_core.package_identification:_identify(new_data/rvolmea/reports/20251022_141447) by extensions ['colcon_meta']
[0.517s] Level 1:colcon.colcon_core.package_identification:_identify(new_data/rvolmea/reports/20251022_141447) by extension 'colcon_meta'
[0.517s] Level 1:colcon.colcon_core.package_identification:_identify(new_data/rvolmea/reports/20251022_141447) by extensions ['ros']
[0.517s] Level 1:colcon.colcon_core.package_identification:_identify(new_data/rvolmea/reports/20251022_141447) by extension 'ros'
[0.518s] Level 1:colcon.colcon_core.package_identification:_identify(new_data/rvolmea/reports/20251022_141447) by extensions ['cmake', 'python']
[0.518s] Level 1:colcon.colcon_core.package_identification:_identify(new_data/rvolmea/reports/20251022_141447) by extension 'cmake'
[0.518s] Level 1:colcon.colcon_core.package_identification:_identify(new_data/rvolmea/reports/20251022_141447) by extension 'python'
[0.518s] Level 1:colcon.colcon_core.package_identification:_identify(new_data/rvolmea/reports/20251022_141447) by extensions ['python_setup_py']
[0.518s] Level 1:colcon.colcon_core.package_identification:_identify(new_data/rvolmea/reports/20251022_141447) by extension 'python_setup_py'
[0.518s] Level 1:colcon.colcon_core.package_identification:_identify(new_data/rvolmea/reports/20251022_141447/per_file) by extensions ['ignore', 'ignore_ament_install']
[0.519s] Level 1:colcon.colcon_core.package_identification:_identify(new_data/rvolmea/reports/20251022_141447/per_file) by extension 'ignore'
[0.519s] Level 1:colcon.colcon_core.package_identification:_identify(new_data/rvolmea/reports/20251022_141447/per_file) by extension 'ignore_ament_install'
[0.519s] Level 1:colcon.colcon_core.package_identification:_identify(new_data/rvolmea/reports/20251022_141447/per_file) by extensions ['colcon_pkg']
[0.519s] Level 1:colcon.colcon_core.package_identification:_identify(new_data/rvolmea/reports/20251022_141447/per_file) by extension 'colcon_pkg'
[0.519s] Level 1:colcon.colcon_core.package_identification:_identify(new_data/rvolmea/reports/20251022_141447/per_file) by extensions ['colcon_meta']
[0.519s] Level 1:colcon.colcon_core.package_identification:_identify(new_data/rvolmea/reports/20251022_141447/per_file) by extension 'colcon_meta'
[0.520s] Level 1:colcon.colcon_core.package_identification:_identify(new_data/rvolmea/reports/20251022_141447/per_file) by extensions ['ros']
[0.520s] Level 1:colcon.colcon_core.package_identification:_identify(new_data/rvolmea/reports/20251022_141447/per_file) by extension 'ros'
[0.520s] Level 1:colcon.colcon_core.package_identification:_identify(new_data/rvolmea/reports/20251022_141447/per_file) by extensions ['cmake', 'python']
[0.520s] Level 1:colcon.colcon_core.package_identification:_identify(new_data/rvolmea/reports/20251022_141447/per_file) by extension 'cmake'
[0.520s] Level 1:colcon.colcon_core.package_identification:_identify(new_data/rvolmea/reports/20251022_141447/per_file) by extension 'python'
[0.520s] Level 1:colcon.colcon_core.package_identification:_identify(new_data/rvolmea/reports/20251022_141447/per_file) by extensions ['python_setup_py']
[0.521s] Level 1:colcon.colcon_core.package_identification:_identify(new_data/rvolmea/reports/20251022_141447/per_file) by extension 'python_setup_py'
[0.521s] Level 1:colcon.colcon_core.package_identification:_identify(new_data/rvolmea/reports/20251022_141618) by extensions ['ignore', 'ignore_ament_install']
[0.521s] Level 1:colcon.colcon_core.package_identification:_identify(new_data/rvolmea/reports/20251022_141618) by extension 'ignore'
[0.521s] Level 1:colcon.colcon_core.package_identification:_identify(new_data/rvolmea/reports/20251022_141618) by extension 'ignore_ament_install'
[0.522s] Level 1:colcon.colcon_core.package_identification:_identify(new_data/rvolmea/reports/20251022_141618) by extensions ['colcon_pkg']
[0.522s] Level 1:colcon.colcon_core.package_identification:_identify(new_data/rvolmea/reports/20251022_141618) by extension 'colcon_pkg'
[0.522s] Level 1:colcon.colcon_core.package_identification:_identify(new_data/rvolmea/reports/20251022_141618) by extensions ['colcon_meta']
[0.522s] Level 1:colcon.colcon_core.package_identification:_identify(new_data/rvolmea/reports/20251022_141618) by extension 'colcon_meta'
[0.522s] Level 1:colcon.colcon_core.package_identification:_identify(new_data/rvolmea/reports/20251022_141618) by extensions ['ros']
[0.522s] Level 1:colcon.colcon_core.package_identification:_identify(new_data/rvolmea/reports/20251022_141618) by extension 'ros'
[0.522s] Level 1:colcon.colcon_core.package_identification:_identify(new_data/rvolmea/reports/20251022_141618) by extensions ['cmake', 'python']
[0.522s] Level 1:colcon.colcon_core.package_identification:_identify(new_data/rvolmea/reports/20251022_141618) by extension 'cmake'
[0.523s] Level 1:colcon.colcon_core.package_identification:_identify(new_data/rvolmea/reports/20251022_141618) by extension 'python'
[0.523s] Level 1:colcon.colcon_core.package_identification:_identify(new_data/rvolmea/reports/20251022_141618) by extensions ['python_setup_py']
[0.523s] Level 1:colcon.colcon_core.package_identification:_identify(new_data/rvolmea/reports/20251022_141618) by extension 'python_setup_py'
[0.523s] Level 1:colcon.colcon_core.package_identification:_identify(new_data/rvolmea/reports/20251022_141618/per_file) by extensions ['ignore', 'ignore_ament_install']
[0.524s] Level 1:colcon.colcon_core.package_identification:_identify(new_data/rvolmea/reports/20251022_141618/per_file) by extension 'ignore'
[0.524s] Level 1:colcon.colcon_core.package_identification:_identify(new_data/rvolmea/reports/20251022_141618/per_file) by extension 'ignore_ament_install'
[0.524s] Level 1:colcon.colcon_core.package_identification:_identify(new_data/rvolmea/reports/20251022_141618/per_file) by extensions ['colcon_pkg']
[0.524s] Level 1:colcon.colcon_core.package_identification:_identify(new_data/rvolmea/reports/20251022_141618/per_file) by extension 'colcon_pkg'
[0.524s] Level 1:colcon.colcon_core.package_identification:_identify(new_data/rvolmea/reports/20251022_141618/per_file) by extensions ['colcon_meta']
[0.524s] Level 1:colcon.colcon_core.package_identification:_identify(new_data/rvolmea/reports/20251022_141618/per_file) by extension 'colcon_meta'
[0.525s] Level 1:colcon.colcon_core.package_identification:_identify(new_data/rvolmea/reports/20251022_141618/per_file) by extensions ['ros']
[0.525s] Level 1:colcon.colcon_core.package_identification:_identify(new_data/rvolmea/reports/20251022_141618/per_file) by extension 'ros'
[0.525s] Level 1:colcon.colcon_core.package_identification:_identify(new_data/rvolmea/reports/20251022_141618/per_file) by extensions ['cmake', 'python']
[0.525s] Level 1:colcon.colcon_core.package_identification:_identify(new_data/rvolmea/reports/20251022_141618/per_file) by extension 'cmake'
[0.525s] Level 1:colcon.colcon_core.package_identification:_identify(new_data/rvolmea/reports/20251022_141618/per_file) by extension 'python'
[0.525s] Level 1:colcon.colcon_core.package_identification:_identify(new_data/rvolmea/reports/20251022_141618/per_file) by extensions ['python_setup_py']
[0.525s] Level 1:colcon.colcon_core.package_identification:_identify(new_data/rvolmea/reports/20251022_141618/per_file) by extension 'python_setup_py'
[0.526s] Level 1:colcon.colcon_core.package_identification:_identify(src) by extensions ['ignore', 'ignore_ament_install']
[0.526s] Level 1:colcon.colcon_core.package_identification:_identify(src) by extension 'ignore'
[0.526s] Level 1:colcon.colcon_core.package_identification:_identify(src) by extension 'ignore_ament_install'
[0.526s] Level 1:colcon.colcon_core.package_identification:_identify(src) by extensions ['colcon_pkg']
[0.526s] Level 1:colcon.colcon_core.package_identification:_identify(src) by extension 'colcon_pkg'
[0.527s] Level 1:colcon.colcon_core.package_identification:_identify(src) by extensions ['colcon_meta']
[0.527s] Level 1:colcon.colcon_core.package_identification:_identify(src) by extension 'colcon_meta'
[0.527s] Level 1:colcon.colcon_core.package_identification:_identify(src) by extensions ['ros']
[0.527s] Level 1:colcon.colcon_core.package_identification:_identify(src) by extension 'ros'
[0.527s] Level 1:colcon.colcon_core.package_identification:_identify(src) by extensions ['cmake', 'python']
[0.527s] Level 1:colcon.colcon_core.package_identification:_identify(src) by extension 'cmake'
[0.527s] Level 1:colcon.colcon_core.package_identification:_identify(src) by extension 'python'
[0.528s] Level 1:colcon.colcon_core.package_identification:_identify(src) by extensions ['python_setup_py']
[0.528s] Level 1:colcon.colcon_core.package_identification:_identify(src) by extension 'python_setup_py'
[0.528s] Level 1:colcon.colcon_core.package_identification:_identify(src/ai_motor_controller) by extensions ['ignore', 'ignore_ament_install']
[0.528s] Level 1:colcon.colcon_core.package_identification:_identify(src/ai_motor_controller) by extension 'ignore'
[0.528s] Level 1:colcon.colcon_core.package_identification:_identify(src/ai_motor_controller) by extension 'ignore_ament_install'
[0.529s] Level 1:colcon.colcon_core.package_identification:_identify(src/ai_motor_controller) by extensions ['colcon_pkg']
[0.529s] Level 1:colcon.colcon_core.package_identification:_identify(src/ai_motor_controller) by extension 'colcon_pkg'
[0.529s] Level 1:colcon.colcon_core.package_identification:_identify(src/ai_motor_controller) by extensions ['colcon_meta']
[0.529s] Level 1:colcon.colcon_core.package_identification:_identify(src/ai_motor_controller) by extension 'colcon_meta'
[0.529s] Level 1:colcon.colcon_core.package_identification:_identify(src/ai_motor_controller) by extensions ['ros']
[0.529s] Level 1:colcon.colcon_core.package_identification:_identify(src/ai_motor_controller) by extension 'ros'
[0.543s] DEBUG:colcon.colcon_core.package_identification:Package 'src/ai_motor_controller' with type 'ros.ament_cmake' and name 'ai_motor_controller'
[0.543s] Level 1:colcon.colcon_core.package_discovery:discover_packages(recursive) using defaults
[0.544s] Level 1:colcon.colcon_core.package_discovery:discover_packages(ignore) discover
[0.544s] Level 1:colcon.colcon_core.package_discovery:discover_packages(ignore) using defaults
[0.544s] Level 1:colcon.colcon_core.package_discovery:discover_packages(path) discover
[0.544s] Level 1:colcon.colcon_core.package_discovery:discover_packages(path) using defaults
[0.599s] Level 1:colcon.colcon_core.package_discovery:discover_packages(prefix_path) check parameters
[0.599s] Level 1:colcon.colcon_core.package_discovery:discover_packages(prefix_path) discover
[0.604s] DEBUG:colcon.colcon_installed_package_information.package_discovery:Found 1 installed packages in /home/lunet/ttcc4/direct_motor_control_ws/install
[0.605s] DEBUG:colcon.colcon_installed_package_information.package_discovery:Found 2 installed packages in /home/lunet/ttcc4/ws_sensor_combined/install
[0.609s] DEBUG:colcon.colcon_installed_package_information.package_discovery:Found 319 installed packages in /opt/ros/rolling
[0.612s] Level 1:colcon.colcon_core.package_discovery:discover_packages(prefix_path) using defaults
[0.706s] Level 5:colcon.colcon_core.verb:set package 'ai_motor_controller' build argument 'cmake_args' from command line to 'None'
[0.706s] Level 5:colcon.colcon_core.verb:set package 'ai_motor_controller' build argument 'cmake_target' from command line to 'None'
[0.706s] Level 5:colcon.colcon_core.verb:set package 'ai_motor_controller' build argument 'cmake_target_skip_unavailable' from command line to 'False'
[0.706s] Level 5:colcon.colcon_core.verb:set package 'ai_motor_controller' build argument 'cmake_clean_cache' from command line to 'False'
[0.706s] Level 5:colcon.colcon_core.verb:set package 'ai_motor_controller' build argument 'cmake_clean_first' from command line to 'False'
[0.706s] Level 5:colcon.colcon_core.verb:set package 'ai_motor_controller' build argument 'cmake_force_configure' from command line to 'False'
[0.706s] Level 5:colcon.colcon_core.verb:set package 'ai_motor_controller' build argument 'ament_cmake_args' from command line to 'None'
[0.706s] Level 5:colcon.colcon_core.verb:set package 'ai_motor_controller' build argument 'catkin_cmake_args' from command line to 'None'
[0.706s] Level 5:colcon.colcon_core.verb:set package 'ai_motor_controller' build argument 'catkin_skip_building_tests' from command line to 'False'
[0.706s] DEBUG:colcon.colcon_core.verb:Building package 'ai_motor_controller' with the following arguments: {'ament_cmake_args': None, 'build_base': '/home/lunet/ttcc4/direct_motor_control_ws/build/ai_motor_controller', 'catkin_cmake_args': None, 'catkin_skip_building_tests': False, 'cmake_args': None, 'cmake_clean_cache': False, 'cmake_clean_first': False, 'cmake_force_configure': False, 'cmake_target': None, 'cmake_target_skip_unavailable': False, 'install_base': '/home/lunet/ttcc4/direct_motor_control_ws/install/ai_motor_controller', 'merge_install': False, 'path': '/home/lunet/ttcc4/direct_motor_control_ws/src/ai_motor_controller', 'symlink_install': False, 'test_result_base': None}
[0.707s] INFO:colcon.colcon_core.executor:Executing jobs using 'parallel' executor
[0.708s] DEBUG:colcon.colcon_parallel_executor.executor.parallel:run_until_complete
[0.708s] INFO:colcon.colcon_ros.task.ament_cmake.build:Building ROS package in '/home/lunet/ttcc4/direct_motor_control_ws/src/ai_motor_controller' with build type 'ament_cmake'
[0.708s] INFO:colcon.colcon_cmake.task.cmake.build:Building CMake package in '/home/lunet/ttcc4/direct_motor_control_ws/src/ai_motor_controller'
[0.712s] INFO:colcon.colcon_core.plugin_system:Skipping extension 'colcon_core.shell.bat': Not used on non-Windows systems
[0.713s] INFO:colcon.colcon_core.shell:Skip shell extension 'powershell' for command environment: Not usable outside of PowerShell
[0.713s] DEBUG:colcon.colcon_core.shell:Skip shell extension 'dsv' for command environment
[0.728s] DEBUG:colcon.colcon_core.event_handler.log_command:Invoking command in '/home/lunet/ttcc4/direct_motor_control_ws/build/ai_motor_controller': CMAKE_PREFIX_PATH=${CMAKE_PREFIX_PATH}:/opt/ros/rolling CONDA_PROMPT_MODIFIER=(base) DEBUGINFOD_URLS=https://debuginfod.ubuntu.com /home/lunet/ttcc4/anaconda3/bin/cmake --build /home/lunet/ttcc4/direct_motor_control_ws/build/ai_motor_controller -- -j8 -l8
[111.852s] DEBUG:colcon.colcon_core.event_handler.log_command:Invoked command in '/home/lunet/ttcc4/direct_motor_control_ws/build/ai_motor_controller' returned '0': CMAKE_PREFIX_PATH=${CMAKE_PREFIX_PATH}:/opt/ros/rolling CONDA_PROMPT_MODIFIER=(base) DEBUGINFOD_URLS=https://debuginfod.ubuntu.com /home/lunet/ttcc4/anaconda3/bin/cmake --build /home/lunet/ttcc4/direct_motor_control_ws/build/ai_motor_controller -- -j8 -l8
[112.100s] DEBUG:colcon.colcon_core.event_handler.log_command:Invoking command in '/home/lunet/ttcc4/direct_motor_control_ws/build/ai_motor_controller': CMAKE_PREFIX_PATH=${CMAKE_PREFIX_PATH}:/opt/ros/rolling CONDA_PROMPT_MODIFIER=(base) DEBUGINFOD_URLS=https://debuginfod.ubuntu.com /home/lunet/ttcc4/anaconda3/bin/cmake --install /home/lunet/ttcc4/direct_motor_control_ws/build/ai_motor_controller
[112.255s] Level 1:colcon.colcon_core.environment:create_environment_scripts_only(ai_motor_controller)
[112.258s] DEBUG:colcon.colcon_core.event_handler.log_command:Invoked command in '/home/lunet/ttcc4/direct_motor_control_ws/build/ai_motor_controller' returned '0': CMAKE_PREFIX_PATH=${CMAKE_PREFIX_PATH}:/opt/ros/rolling CONDA_PROMPT_MODIFIER=(base) DEBUGINFOD_URLS=https://debuginfod.ubuntu.com /home/lunet/ttcc4/anaconda3/bin/cmake --install /home/lunet/ttcc4/direct_motor_control_ws/build/ai_motor_controller
[112.267s] Level 1:colcon.colcon_core.environment:checking '/home/lunet/ttcc4/direct_motor_control_ws/install/ai_motor_controller' for CMake module files
[112.268s] Level 1:colcon.colcon_core.environment:checking '/home/lunet/ttcc4/direct_motor_control_ws/install/ai_motor_controller' for CMake config files
[112.269s] Level 1:colcon.colcon_core.shell:create_environment_hook('ai_motor_controller', 'cmake_prefix_path')
[112.270s] INFO:colcon.colcon_core.shell:Creating environment hook '/home/lunet/ttcc4/direct_motor_control_ws/install/ai_motor_controller/share/ai_motor_controller/hook/cmake_prefix_path.ps1'
[112.273s] INFO:colcon.colcon_core.shell:Creating environment descriptor '/home/lunet/ttcc4/direct_motor_control_ws/install/ai_motor_controller/share/ai_motor_controller/hook/cmake_prefix_path.dsv'
[112.275s] INFO:colcon.colcon_core.shell:Creating environment hook '/home/lunet/ttcc4/direct_motor_control_ws/install/ai_motor_controller/share/ai_motor_controller/hook/cmake_prefix_path.sh'
[112.277s] Level 1:colcon.colcon_core.environment:checking '/home/lunet/ttcc4/direct_motor_control_ws/install/ai_motor_controller/lib'
[112.278s] Level 1:colcon.colcon_core.environment:checking '/home/lunet/ttcc4/direct_motor_control_ws/install/ai_motor_controller/bin'
[112.278s] Level 1:colcon.colcon_core.environment:checking '/home/lunet/ttcc4/direct_motor_control_ws/install/ai_motor_controller/lib/pkgconfig/ai_motor_controller.pc'
[112.279s] Level 1:colcon.colcon_core.environment:checking '/home/lunet/ttcc4/direct_motor_control_ws/install/ai_motor_controller/lib/python3.12/site-packages'
[112.279s] Level 1:colcon.colcon_core.environment:checking '/home/lunet/ttcc4/direct_motor_control_ws/install/ai_motor_controller/bin'
[112.280s] INFO:colcon.colcon_core.shell:Creating package script '/home/lunet/ttcc4/direct_motor_control_ws/install/ai_motor_controller/share/ai_motor_controller/package.ps1'
[112.283s] INFO:colcon.colcon_core.shell:Creating package descriptor '/home/lunet/ttcc4/direct_motor_control_ws/install/ai_motor_controller/share/ai_motor_controller/package.dsv'
[112.285s] INFO:colcon.colcon_core.shell:Creating package script '/home/lunet/ttcc4/direct_motor_control_ws/install/ai_motor_controller/share/ai_motor_controller/package.sh'
[112.288s] INFO:colcon.colcon_core.shell:Creating package script '/home/lunet/ttcc4/direct_motor_control_ws/install/ai_motor_controller/share/ai_motor_controller/package.bash'
[112.289s] INFO:colcon.colcon_core.shell:Creating package script '/home/lunet/ttcc4/direct_motor_control_ws/install/ai_motor_controller/share/ai_motor_controller/package.zsh'
[112.291s] Level 1:colcon.colcon_core.environment:create_file_with_runtime_dependencies(/home/lunet/ttcc4/direct_motor_control_ws/install/ai_motor_controller/share/colcon-core/packages/ai_motor_controller)
[112.293s] Level 1:colcon.colcon_core.environment:create_environment_scripts_only(ai_motor_controller)
[112.294s] Level 1:colcon.colcon_core.environment:checking '/home/lunet/ttcc4/direct_motor_control_ws/install/ai_motor_controller' for CMake module files
[112.296s] Level 1:colcon.colcon_core.environment:checking '/home/lunet/ttcc4/direct_motor_control_ws/install/ai_motor_controller' for CMake config files
[112.296s] Level 1:colcon.colcon_core.shell:create_environment_hook('ai_motor_controller', 'cmake_prefix_path')
[112.297s] INFO:colcon.colcon_core.shell:Creating environment hook '/home/lunet/ttcc4/direct_motor_control_ws/install/ai_motor_controller/share/ai_motor_controller/hook/cmake_prefix_path.ps1'
[112.299s] INFO:colcon.colcon_core.shell:Creating environment descriptor '/home/lunet/ttcc4/direct_motor_control_ws/install/ai_motor_controller/share/ai_motor_controller/hook/cmake_prefix_path.dsv'
[112.300s] INFO:colcon.colcon_core.shell:Creating environment hook '/home/lunet/ttcc4/direct_motor_control_ws/install/ai_motor_controller/share/ai_motor_controller/hook/cmake_prefix_path.sh'
[112.302s] Level 1:colcon.colcon_core.environment:checking '/home/lunet/ttcc4/direct_motor_control_ws/install/ai_motor_controller/lib'
[112.302s] Level 1:colcon.colcon_core.environment:checking '/home/lunet/ttcc4/direct_motor_control_ws/install/ai_motor_controller/bin'
[112.303s] Level 1:colcon.colcon_core.environment:checking '/home/lunet/ttcc4/direct_motor_control_ws/install/ai_motor_controller/lib/pkgconfig/ai_motor_controller.pc'
[112.303s] Level 1:colcon.colcon_core.environment:checking '/home/lunet/ttcc4/direct_motor_control_ws/install/ai_motor_controller/lib/python3.12/site-packages'
[112.303s] Level 1:colcon.colcon_core.environment:checking '/home/lunet/ttcc4/direct_motor_control_ws/install/ai_motor_controller/bin'
[112.304s] INFO:colcon.colcon_core.shell:Creating package script '/home/lunet/ttcc4/direct_motor_control_ws/install/ai_motor_controller/share/ai_motor_controller/package.ps1'
[112.307s] INFO:colcon.colcon_core.shell:Creating package descriptor '/home/lunet/ttcc4/direct_motor_control_ws/install/ai_motor_controller/share/ai_motor_controller/package.dsv'
[112.309s] INFO:colcon.colcon_core.shell:Creating package script '/home/lunet/ttcc4/direct_motor_control_ws/install/ai_motor_controller/share/ai_motor_controller/package.sh'
[112.310s] INFO:colcon.colcon_core.shell:Creating package script '/home/lunet/ttcc4/direct_motor_control_ws/install/ai_motor_controller/share/ai_motor_controller/package.bash'
[112.311s] INFO:colcon.colcon_core.shell:Creating package script '/home/lunet/ttcc4/direct_motor_control_ws/install/ai_motor_controller/share/ai_motor_controller/package.zsh'
[112.313s] Level 1:colcon.colcon_core.environment:create_file_with_runtime_dependencies(/home/lunet/ttcc4/direct_motor_control_ws/install/ai_motor_controller/share/colcon-core/packages/ai_motor_controller)
[112.314s] DEBUG:colcon.colcon_parallel_executor.executor.parallel:closing loop
[112.316s] DEBUG:colcon.colcon_parallel_executor.executor.parallel:loop closed
[112.316s] DEBUG:colcon.colcon_parallel_executor.executor.parallel:run_until_complete finished with '0'
[112.317s] DEBUG:colcon.colcon_core.event_reactor:joining thread
[112.360s] INFO:colcon.colcon_core.plugin_system:Skipping extension 'colcon_notification.desktop_notification.terminal_notifier': Not used on non-Darwin systems
[112.361s] INFO:colcon.colcon_core.plugin_system:Skipping extension 'colcon_notification.desktop_notification.win32': Not used on non-Windows systems
[112.361s] INFO:colcon.colcon_notification.desktop_notification:Sending desktop notification using 'notify2'
[112.482s] DEBUG:colcon.colcon_core.event_reactor:joined thread
[112.483s] INFO:colcon.colcon_core.shell:Creating prefix script '/home/lunet/ttcc4/direct_motor_control_ws/install/local_setup.ps1'
[112.485s] INFO:colcon.colcon_core.shell:Creating prefix util module '/home/lunet/ttcc4/direct_motor_control_ws/install/_local_setup_util_ps1.py'
[112.488s] INFO:colcon.colcon_core.shell:Creating prefix chain script '/home/lunet/ttcc4/direct_motor_control_ws/install/setup.ps1'
[112.500s] INFO:colcon.colcon_core.shell:Creating prefix script '/home/lunet/ttcc4/direct_motor_control_ws/install/local_setup.sh'
[112.502s] INFO:colcon.colcon_core.shell:Creating prefix util module '/home/lunet/ttcc4/direct_motor_control_ws/install/_local_setup_util_sh.py'
[112.504s] INFO:colcon.colcon_core.shell:Creating prefix chain script '/home/lunet/ttcc4/direct_motor_control_ws/install/setup.sh'
[112.507s] INFO:colcon.colcon_core.shell:Creating prefix script '/home/lunet/ttcc4/direct_motor_control_ws/install/local_setup.bash'
[112.510s] INFO:colcon.colcon_core.shell:Creating prefix chain script '/home/lunet/ttcc4/direct_motor_control_ws/install/setup.bash'
[112.515s] INFO:colcon.colcon_core.shell:Creating prefix script '/home/lunet/ttcc4/direct_motor_control_ws/install/local_setup.zsh'
[112.517s] INFO:colcon.colcon_core.shell:Creating prefix chain script '/home/lunet/ttcc4/direct_motor_control_ws/install/setup.zsh'
