[01m[K/home/lunet/ttcc4/direct_motor_control_ws/src/ai_motor_controller/src/lemniscate.cpp:[m[K In member function ‘[01m[Kvoid OffboardControl::[01;32m[KrvolmeaControl[m[K()[m[K’:
[01m[K/home/lunet/ttcc4/direct_motor_control_ws/src/ai_motor_controller/src/lemniscate.cpp:603:21:[m[K [01;35m[Kwarning: [m[Kunused variable ‘[01m[Kmax_thrust[m[K’ [[01;35m[K-Wunused-variable[m[K]
  603 |     constexpr float [01;35m[Kmax_thrust[m[K = 44.0f;
      |                     [01;35m[K^~~~~~~~~~[m[K
[01m[K/home/lunet/ttcc4/direct_motor_control_ws/src/ai_motor_controller/src/lemniscate.cpp:616:21:[m[K [01;35m[Kwarning: [m[Kvariable ‘[01m[Kangular_velocity[m[K’ set but not used [[01;35m[K-Wunused-but-set-variable[m[K]
  616 |     Eigen::Vector3f [01;35m[Kangular_velocity[m[K = Eigen::Vector3f(local_angular_velocity_x_, local_angular_velocity_y_, local_angular_velocity_z_);
      |                     [01;35m[K^~~~~~~~~~~~~~~~[m[K
[01m[K/home/lunet/ttcc4/direct_motor_control_ws/src/ai_motor_controller/src/lemniscate.cpp:[m[K In member function ‘[01m[KEigen::Vector4f OffboardControl::[01;32m[KgetPositionAtTime[m[K(float)[m[K’:
[01m[K/home/lunet/ttcc4/direct_motor_control_ws/src/ai_motor_controller/src/lemniscate.cpp:993:23:[m[K [01;31m[Kerror: [m[K‘[01m[Kprev_yaw_[m[K’ was not declared in this scope
  993 |     if (std::isfinite([01;31m[Kprev_yaw_[m[K)) {
      |                       [01;31m[K^~~~~~~~~[m[K
[01m[K/home/lunet/ttcc4/direct_motor_control_ws/src/ai_motor_controller/src/lemniscate.cpp:1000:5:[m[K [01;31m[Kerror: [m[K‘[01m[Kprev_yaw_[m[K’ was not declared in this scope
 1000 |     [01;31m[Kprev_yaw_[m[K = yaw;
      |     [01;31m[K^~~~~~~~~[m[K
[01m[K/home/lunet/ttcc4/direct_motor_control_ws/src/ai_motor_controller/src/lemniscate.cpp:991:24:[m[K [01;35m[Kwarning: [m[Kunused variable ‘[01m[Kyaw_prev[m[K’ [[01;35m[K-Wunused-variable[m[K]
  991 |     static const float [01;35m[Kyaw_prev[m[K = std::numeric_limits<float>::infinity();
      |                        [01;35m[K^~~~~~~~[m[K
gmake[2]: *** [CMakeFiles/lemniscate.dir/build.make:76: CMakeFiles/lemniscate.dir/src/lemniscate.cpp.o] Error 1
gmake[1]: *** [CMakeFiles/Makefile2:139: CMakeFiles/lemniscate.dir/all] Error 2
gmake: *** [Makefile:146: all] Error 2
