[ 50%] Built target wrench
[ 75%] [32mBuilding CXX object CMakeFiles/lemniscate.dir/src/lemniscate.cpp.o[0m
gmake[2]: *** Deleting file 'CMakeFiles/lemniscate.dir/src/lemniscate.cpp.o'
gmake[2]: *** [CMakeFiles/lemniscate.dir/build.make:76: CMakeFiles/lemniscate.dir/src/lemniscate.cpp.o] Interrupt
gmake[1]: *** [CMakeFiles/Makefile2:139: CMakeFiles/lemniscate.dir/all] Interrupt
gmake: *** [Makefile:146: all] Interrupt
Traceback (most recent call last):
  File "/home/lunet/ttcc4/anaconda3/bin/cmake", line 8, in <module>
    sys.exit(cmake())
  File "/home/lunet/ttcc4/anaconda3/lib/python3.9/site-packages/cmake/__init__.py", line 43, in cmake
    raise SystemExit(_program('cmake', sys.argv[1:]))
  File "/home/lunet/ttcc4/anaconda3/lib/python3.9/site-packages/cmake/__init__.py", line 39, in _program
    return subprocess.call([os.path.join(CMAKE_BIN_DIR, name)] + args, close_fds=False)
  File "/home/lunet/ttcc4/anaconda3/lib/python3.9/subprocess.py", line 351, in call
    return p.wait(timeout=timeout)
  File "/home/lunet/ttcc4/anaconda3/lib/python3.9/subprocess.py", line 1189, in wait
    return self._wait(timeout=timeout)
  File "/home/lunet/ttcc4/anaconda3/lib/python3.9/subprocess.py", line 1917, in _wait
    (pid, sts) = self._try_wait(0)
  File "/home/lunet/ttcc4/anaconda3/lib/python3.9/subprocess.py", line 1875, in _try_wait
    (pid, sts) = os.waitpid(self.pid, wait_flags)
KeyboardInterrupt
