[0mCMake Deprecation Warning at /opt/ros/rolling/share/ament_cmake_target_dependencies/cmake/ament_target_dependencies.cmake:87 (message):
  ament_target_dependencies() is deprecated.  Use target_link_libraries()
  with modern CMake targets instead.  Try replacing this call with:

    target_link_libraries(lemniscate PUBLIC
      ${px4_msgs_TARGETS}
      px4_ros_com::frame_transforms
      rclcpp::rclcpp
    )

Call Stack (most recent call first):
  CMakeLists.txt:35 (ament_target_dependencies)

[0m
[0mCMake Deprecation Warning at /opt/ros/rolling/share/ament_cmake_target_dependencies/cmake/ament_target_dependencies.cmake:87 (message):
  ament_target_dependencies() is deprecated.  Use target_link_libraries()
  with modern CMake targets instead.  Try replacing this call with:

    target_link_libraries(lissajous PUBLIC
      ${px4_msgs_TARGETS}
      px4_ros_com::frame_transforms
      rclcpp::rclcpp
    )

Call Stack (most recent call first):
  CMakeLists.txt:42 (ament_target_dependencies)

[0m
