[ 25%] [32mBuilding CXX object CMakeFiles/lemniscate.dir/src/lemniscate.cpp.o[0m
[ 75%] Built target wrench
[01m[K/home/lunet/ttcc4/direct_motor_control_ws/src/ai_motor_controller/src/lemniscate.cpp:[m[K In member function ‘[01m[Kvoid OffboardControl::[01;32m[KrvolmeaControl[m[K()[m[K’:
[01m[K/home/lunet/ttcc4/direct_motor_control_ws/src/ai_motor_controller/src/lemniscate.cpp:631:56:[m[K [01;31m[Kerror: [m[Kno matching function for call to ‘[01m[Kclamp(Eigen::DenseCoeffsBase<Eigen::Matrix<float, 3, 1>, 1>::Scalar&, Eigen::DenseCoeffsBase<Eigen::Matrix<double, 10, 1, 0, 10, 1>, 1>::Scalar, Eigen::DenseCoeffsBase<Eigen::Matrix<double, 10, 1, 0, 10, 1>, 1>::Scalar&)[m[K’
  631 |     for(int i=0; i<3; i++) adaptive_dot[i] = [01;31m[Kstd::clamp(adaptive_dot[i], -coefs[6], coefs[6])[m[K;
      |                                              [01;31m[K~~~~~~~~~~^~~~~~~~~~~~~~~~~~~~~~~~~~~~~~~~~~~~~~[m[K
In file included from [01m[K/usr/include/c++/13/algorithm:61[m[K,
                 from [01m[K/home/lunet/ttcc4/ws_sensor_combined/install/px4_msgs/include/px4_msgs/px4_msgs/msg/detail/offboard_control_mode__struct.hpp:11[m[K,
                 from [01m[K/home/lunet/ttcc4/ws_sensor_combined/install/px4_msgs/include/px4_msgs/px4_msgs/msg/offboard_control_mode.hpp:7[m[K,
                 from [01m[K/home/lunet/ttcc4/direct_motor_control_ws/src/ai_motor_controller/src/lemniscate.cpp:1[m[K:
[01m[K/usr/include/c++/13/bits/stl_algo.h:3667:5:[m[K [01;36m[Knote: [m[Kcandidate: ‘[01m[Ktemplate<class _Tp> constexpr const _Tp& std::[01;32m[Kclamp[m[K(const _Tp&, const _Tp&, const _Tp&)[m[K’
 3667 |     [01;36m[Kclamp[m[K(const _Tp& __val, const _Tp& __lo, const _Tp& __hi)
      |     [01;36m[K^~~~~[m[K
[01m[K/usr/include/c++/13/bits/stl_algo.h:3667:5:[m[K [01;36m[Knote: [m[K  template argument deduction/substitution failed:
[01m[K/home/lunet/ttcc4/direct_motor_control_ws/src/ai_motor_controller/src/lemniscate.cpp:631:56:[m[K [01;36m[Knote: [m[K  deduced conflicting types for parameter ‘[01m[Kconst _Tp[m[K’ (‘[01m[Kfloat[m[K’ and ‘[01m[KEigen::DenseCoeffsBase<Eigen::Matrix<double, 10, 1, 0, 10, 1>, 1>::Scalar[m[K’ {aka ‘[01m[Kdouble[m[K’})
  631 |     for(int i=0; i<3; i++) adaptive_dot[i] = [01;36m[Kstd::clamp(adaptive_dot[i], -coefs[6], coefs[6])[m[K;
      |                                              [01;36m[K~~~~~~~~~~^~~~~~~~~~~~~~~~~~~~~~~~~~~~~~~~~~~~~~[m[K
[01m[K/usr/include/c++/13/bits/stl_algo.h:3687:5:[m[K [01;36m[Knote: [m[Kcandidate: ‘[01m[Ktemplate<class _Tp, class _Compare> constexpr const _Tp& std::[01;32m[Kclamp[m[K(const _Tp&, const _Tp&, const _Tp&, _Compare)[m[K’
 3687 |     [01;36m[Kclamp[m[K(const _Tp& __val, const _Tp& __lo, const _Tp& __hi, _Compare __comp)
      |     [01;36m[K^~~~~[m[K
[01m[K/usr/include/c++/13/bits/stl_algo.h:3687:5:[m[K [01;36m[Knote: [m[K  template argument deduction/substitution failed:
[01m[K/home/lunet/ttcc4/direct_motor_control_ws/src/ai_motor_controller/src/lemniscate.cpp:631:56:[m[K [01;36m[Knote: [m[K  deduced conflicting types for parameter ‘[01m[Kconst _Tp[m[K’ (‘[01m[Kfloat[m[K’ and ‘[01m[KEigen::DenseCoeffsBase<Eigen::Matrix<double, 10, 1, 0, 10, 1>, 1>::Scalar[m[K’ {aka ‘[01m[Kdouble[m[K’})
  631 |     for(int i=0; i<3; i++) adaptive_dot[i] = [01;36m[Kstd::clamp(adaptive_dot[i], -coefs[6], coefs[6])[m[K;
      |                                              [01;36m[K~~~~~~~~~~^~~~~~~~~~~~~~~~~~~~~~~~~~~~~~~~~~~~~~[m[K
[01m[K/home/lunet/ttcc4/direct_motor_control_ws/src/ai_motor_controller/src/lemniscate.cpp:638:23:[m[K [01;31m[Kerror: [m[Kno matching function for call to ‘[01m[Kclamp(float&, Eigen::DenseCoeffsBase<Eigen::Matrix<double, 10, 1, 0, 10, 1>, 1>::Scalar, Eigen::DenseCoeffsBase<Eigen::Matrix<double, 10, 1, 0, 10, 1>, 1>::Scalar)[m[K’
  638 |     z_int = [01;31m[Kstd::clamp(z_int, -coefs[6]*10.0f, coefs[6]*10.0f)[m[K;
      |             [01;31m[K~~~~~~~~~~^~~~~~~~~~~~~~~~~~~~~~~~~~~~~~~~~~~~~~~~[m[K
[01m[K/usr/include/c++/13/bits/stl_algo.h:3667:5:[m[K [01;36m[Knote: [m[Kcandidate: ‘[01m[Ktemplate<class _Tp> constexpr const _Tp& std::[01;32m[Kclamp[m[K(const _Tp&, const _Tp&, const _Tp&)[m[K’
 3667 |     [01;36m[Kclamp[m[K(const _Tp& __val, const _Tp& __lo, const _Tp& __hi)
      |     [01;36m[K^~~~~[m[K
[01m[K/usr/include/c++/13/bits/stl_algo.h:3667:5:[m[K [01;36m[Knote: [m[K  template argument deduction/substitution failed:
[01m[K/home/lunet/ttcc4/direct_motor_control_ws/src/ai_motor_controller/src/lemniscate.cpp:638:23:[m[K [01;36m[Knote: [m[K  deduced conflicting types for parameter ‘[01m[Kconst _Tp[m[K’ (‘[01m[Kfloat[m[K’ and ‘[01m[KEigen::DenseCoeffsBase<Eigen::Matrix<double, 10, 1, 0, 10, 1>, 1>::Scalar[m[K’ {aka ‘[01m[Kdouble[m[K’})
  638 |     z_int = [01;36m[Kstd::clamp(z_int, -coefs[6]*10.0f, coefs[6]*10.0f)[m[K;
      |             [01;36m[K~~~~~~~~~~^~~~~~~~~~~~~~~~~~~~~~~~~~~~~~~~~~~~~~~~[m[K
[01m[K/usr/include/c++/13/bits/stl_algo.h:3687:5:[m[K [01;36m[Knote: [m[Kcandidate: ‘[01m[Ktemplate<class _Tp, class _Compare> constexpr const _Tp& std::[01;32m[Kclamp[m[K(const _Tp&, const _Tp&, const _Tp&, _Compare)[m[K’
 3687 |     [01;36m[Kclamp[m[K(const _Tp& __val, const _Tp& __lo, const _Tp& __hi, _Compare __comp)
      |     [01;36m[K^~~~~[m[K
[01m[K/usr/include/c++/13/bits/stl_algo.h:3687:5:[m[K [01;36m[Knote: [m[K  template argument deduction/substitution failed:
[01m[K/home/lunet/ttcc4/direct_motor_control_ws/src/ai_motor_controller/src/lemniscate.cpp:638:23:[m[K [01;36m[Knote: [m[K  deduced conflicting types for parameter ‘[01m[Kconst _Tp[m[K’ (‘[01m[Kfloat[m[K’ and ‘[01m[KEigen::DenseCoeffsBase<Eigen::Matrix<double, 10, 1, 0, 10, 1>, 1>::Scalar[m[K’ {aka ‘[01m[Kdouble[m[K’})
  638 |     z_int = [01;36m[Kstd::clamp(z_int, -coefs[6]*10.0f, coefs[6]*10.0f)[m[K;
      |             [01;36m[K~~~~~~~~~~^~~~~~~~~~~~~~~~~~~~~~~~~~~~~~~~~~~~~~~~[m[K
[01m[K/home/lunet/ttcc4/direct_motor_control_ws/src/ai_motor_controller/src/lemniscate.cpp:603:21:[m[K [01;35m[Kwarning: [m[Kunused variable ‘[01m[Kmax_thrust[m[K’ [[01;35m[K-Wunused-variable[m[K]
  603 |     constexpr float [01;35m[Kmax_thrust[m[K = 44.0f;
      |                     [01;35m[K^~~~~~~~~~[m[K
gmake[2]: *** [CMakeFiles/lemniscate.dir/build.make:76: CMakeFiles/lemniscate.dir/src/lemniscate.cpp.o] Error 1
gmake[1]: *** [CMakeFiles/Makefile2:139: CMakeFiles/lemniscate.dir/all] Error 2
gmake: *** [Makefile:146: all] Error 2
