[0.431s] DEBUG:colcon:Command line arguments: ['/usr/bin/colcon', 'build']
[0.431s] DEBUG:colcon:Parsed command line arguments: Namespace(log_base=None, log_level=None, verb_name='build', build_base='build', install_base='install', merge_install=False, symlink_install=False, test_result_base=None, continue_on_error=False, executor='parallel', parallel_workers=8, event_handlers=None, ignore_user_meta=False, metas=['./colcon.meta'], base_paths=['.'], packages_ignore=None, packages_ignore_regex=None, paths=None, packages_up_to=None, packages_up_to_regex=None, packages_above=None, packages_above_and_dependencies=None, packages_above_depth=None, packages_select_by_dep=None, packages_skip_by_dep=None, packages_skip_up_to=None, packages_select_build_failed=False, packages_skip_build_finished=False, packages_select_test_failures=False, packages_skip_test_passed=False, packages_select=None, packages_skip=None, packages_select_regex=None, packages_skip_regex=None, packages_start=None, packages_end=None, allow_overriding=[], cmake_args=None, cmake_target=None, cmake_target_skip_unavailable=False, cmake_clean_cache=False, cmake_clean_first=False, cmake_force_configure=False, ament_cmake_args=None, catkin_cmake_args=None, catkin_skip_building_tests=False, mixin_files=None, mixin=None, verb_parser=<colcon_mixin.mixin.mixin_argument.MixinArgumentDecorator object at 0x73cb79cd0da0>, verb_extension=<colcon_core.verb.build.BuildVerb object at 0x73cb7ac53d40>, main=<bound method BuildVerb.main of <colcon_core.verb.build.BuildVerb object at 0x73cb7ac53d40>>, mixin_verb=('build',))
[0.600s] Level 1:colcon.colcon_core.package_discovery:discover_packages(colcon_meta) check parameters
[0.600s] Level 1:colcon.colcon_core.package_discovery:discover_packages(recursive) check parameters
[0.600s] Level 1:colcon.colcon_core.package_discovery:discover_packages(ignore) check parameters
[0.600s] Level 1:colcon.colcon_core.package_discovery:discover_packages(path) check parameters
[0.600s] Level 1:colcon.colcon_core.package_discovery:discover_packages(colcon_meta) discover
[0.601s] Level 1:colcon.colcon_core.package_discovery:discover_packages(recursive) discover
[0.601s] INFO:colcon.colcon_core.package_discovery:Crawling recursively for packages in '/home/lunet/ttcc4/direct_motor_control_ws'
[0.601s] Level 1:colcon.colcon_core.package_identification:_identify(.) by extensions ['ignore', 'ignore_ament_install']
[0.601s] Level 1:colcon.colcon_core.package_identification:_identify(.) by extension 'ignore'
[0.602s] Level 1:colcon.colcon_core.package_identification:_identify(.) by extension 'ignore_ament_install'
[0.602s] Level 1:colcon.colcon_core.package_identification:_identify(.) by extensions ['colcon_pkg']
[0.602s] Level 1:colcon.colcon_core.package_identification:_identify(.) by extension 'colcon_pkg'
[0.602s] Level 1:colcon.colcon_core.package_identification:_identify(.) by extensions ['colcon_meta']
[0.602s] Level 1:colcon.colcon_core.package_identification:_identify(.) by extension 'colcon_meta'
[0.602s] Level 1:colcon.colcon_core.package_identification:_identify(.) by extensions ['ros']
[0.602s] Level 1:colcon.colcon_core.package_identification:_identify(.) by extension 'ros'
[0.721s] Level 1:colcon.colcon_core.package_identification:_identify(.) by extensions ['cmake', 'python']
[0.722s] Level 1:colcon.colcon_core.package_identification:_identify(.) by extension 'cmake'
[0.722s] Level 1:colcon.colcon_core.package_identification:_identify(.) by extension 'python'
[0.722s] Level 1:colcon.colcon_core.package_identification:_identify(.) by extensions ['python_setup_py']
[0.722s] Level 1:colcon.colcon_core.package_identification:_identify(.) by extension 'python_setup_py'
[0.722s] Level 1:colcon.colcon_core.package_identification:_identify(build) by extensions ['ignore', 'ignore_ament_install']
[0.722s] Level 1:colcon.colcon_core.package_identification:_identify(build) by extension 'ignore'
[0.722s] Level 1:colcon.colcon_core.package_identification:_identify(build) ignored
[0.723s] Level 1:colcon.colcon_core.package_identification:_identify(install) by extensions ['ignore', 'ignore_ament_install']
[0.723s] Level 1:colcon.colcon_core.package_identification:_identify(install) by extension 'ignore'
[0.723s] Level 1:colcon.colcon_core.package_identification:_identify(install) ignored
[0.723s] Level 1:colcon.colcon_core.package_identification:_identify(lissajous_data_sitl) by extensions ['ignore', 'ignore_ament_install']
[0.724s] Level 1:colcon.colcon_core.package_identification:_identify(lissajous_data_sitl) by extension 'ignore'
[0.724s] Level 1:colcon.colcon_core.package_identification:_identify(lissajous_data_sitl) by extension 'ignore_ament_install'
[0.724s] Level 1:colcon.colcon_core.package_identification:_identify(lissajous_data_sitl) by extensions ['colcon_pkg']
[0.724s] Level 1:colcon.colcon_core.package_identification:_identify(lissajous_data_sitl) by extension 'colcon_pkg'
[0.724s] Level 1:colcon.colcon_core.package_identification:_identify(lissajous_data_sitl) by extensions ['colcon_meta']
[0.724s] Level 1:colcon.colcon_core.package_identification:_identify(lissajous_data_sitl) by extension 'colcon_meta'
[0.724s] Level 1:colcon.colcon_core.package_identification:_identify(lissajous_data_sitl) by extensions ['ros']
[0.724s] Level 1:colcon.colcon_core.package_identification:_identify(lissajous_data_sitl) by extension 'ros'
[0.724s] Level 1:colcon.colcon_core.package_identification:_identify(lissajous_data_sitl) by extensions ['cmake', 'python']
[0.724s] Level 1:colcon.colcon_core.package_identification:_identify(lissajous_data_sitl) by extension 'cmake'
[0.724s] Level 1:colcon.colcon_core.package_identification:_identify(lissajous_data_sitl) by extension 'python'
[0.724s] Level 1:colcon.colcon_core.package_identification:_identify(lissajous_data_sitl) by extensions ['python_setup_py']
[0.724s] Level 1:colcon.colcon_core.package_identification:_identify(lissajous_data_sitl) by extension 'python_setup_py'
[0.725s] Level 1:colcon.colcon_core.package_identification:_identify(lissajous_data_sitl/lqr) by extensions ['ignore', 'ignore_ament_install']
[0.725s] Level 1:colcon.colcon_core.package_identification:_identify(lissajous_data_sitl/lqr) by extension 'ignore'
[0.725s] Level 1:colcon.colcon_core.package_identification:_identify(lissajous_data_sitl/lqr) by extension 'ignore_ament_install'
[0.725s] Level 1:colcon.colcon_core.package_identification:_identify(lissajous_data_sitl/lqr) by extensions ['colcon_pkg']
[0.725s] Level 1:colcon.colcon_core.package_identification:_identify(lissajous_data_sitl/lqr) by extension 'colcon_pkg'
[0.725s] Level 1:colcon.colcon_core.package_identification:_identify(lissajous_data_sitl/lqr) by extensions ['colcon_meta']
[0.725s] Level 1:colcon.colcon_core.package_identification:_identify(lissajous_data_sitl/lqr) by extension 'colcon_meta'
[0.725s] Level 1:colcon.colcon_core.package_identification:_identify(lissajous_data_sitl/lqr) by extensions ['ros']
[0.725s] Level 1:colcon.colcon_core.package_identification:_identify(lissajous_data_sitl/lqr) by extension 'ros'
[0.725s] Level 1:colcon.colcon_core.package_identification:_identify(lissajous_data_sitl/lqr) by extensions ['cmake', 'python']
[0.725s] Level 1:colcon.colcon_core.package_identification:_identify(lissajous_data_sitl/lqr) by extension 'cmake'
[0.725s] Level 1:colcon.colcon_core.package_identification:_identify(lissajous_data_sitl/lqr) by extension 'python'
[0.725s] Level 1:colcon.colcon_core.package_identification:_identify(lissajous_data_sitl/lqr) by extensions ['python_setup_py']
[0.725s] Level 1:colcon.colcon_core.package_identification:_identify(lissajous_data_sitl/lqr) by extension 'python_setup_py'
[0.726s] Level 1:colcon.colcon_core.package_identification:_identify(log) by extensions ['ignore', 'ignore_ament_install']
[0.726s] Level 1:colcon.colcon_core.package_identification:_identify(log) by extension 'ignore'
[0.726s] Level 1:colcon.colcon_core.package_identification:_identify(log) ignored
[0.726s] Level 1:colcon.colcon_core.package_identification:_identify(new_data) by extensions ['ignore', 'ignore_ament_install']
[0.727s] Level 1:colcon.colcon_core.package_identification:_identify(new_data) by extension 'ignore'
[0.727s] Level 1:colcon.colcon_core.package_identification:_identify(new_data) by extension 'ignore_ament_install'
[0.727s] Level 1:colcon.colcon_core.package_identification:_identify(new_data) by extensions ['colcon_pkg']
[0.727s] Level 1:colcon.colcon_core.package_identification:_identify(new_data) by extension 'colcon_pkg'
[0.727s] Level 1:colcon.colcon_core.package_identification:_identify(new_data) by extensions ['colcon_meta']
[0.727s] Level 1:colcon.colcon_core.package_identification:_identify(new_data) by extension 'colcon_meta'
[0.727s] Level 1:colcon.colcon_core.package_identification:_identify(new_data) by extensions ['ros']
[0.727s] Level 1:colcon.colcon_core.package_identification:_identify(new_data) by extension 'ros'
[0.727s] Level 1:colcon.colcon_core.package_identification:_identify(new_data) by extensions ['cmake', 'python']
[0.727s] Level 1:colcon.colcon_core.package_identification:_identify(new_data) by extension 'cmake'
[0.727s] Level 1:colcon.colcon_core.package_identification:_identify(new_data) by extension 'python'
[0.727s] Level 1:colcon.colcon_core.package_identification:_identify(new_data) by extensions ['python_setup_py']
[0.727s] Level 1:colcon.colcon_core.package_identification:_identify(new_data) by extension 'python_setup_py'
[0.728s] Level 1:colcon.colcon_core.package_identification:_identify(new_data/lqr) by extensions ['ignore', 'ignore_ament_install']
[0.728s] Level 1:colcon.colcon_core.package_identification:_identify(new_data/lqr) by extension 'ignore'
[0.728s] Level 1:colcon.colcon_core.package_identification:_identify(new_data/lqr) by extension 'ignore_ament_install'
[0.728s] Level 1:colcon.colcon_core.package_identification:_identify(new_data/lqr) by extensions ['colcon_pkg']
[0.728s] Level 1:colcon.colcon_core.package_identification:_identify(new_data/lqr) by extension 'colcon_pkg'
[0.728s] Level 1:colcon.colcon_core.package_identification:_identify(new_data/lqr) by extensions ['colcon_meta']
[0.728s] Level 1:colcon.colcon_core.package_identification:_identify(new_data/lqr) by extension 'colcon_meta'
[0.728s] Level 1:colcon.colcon_core.package_identification:_identify(new_data/lqr) by extensions ['ros']
[0.728s] Level 1:colcon.colcon_core.package_identification:_identify(new_data/lqr) by extension 'ros'
[0.729s] Level 1:colcon.colcon_core.package_identification:_identify(new_data/lqr) by extensions ['cmake', 'python']
[0.729s] Level 1:colcon.colcon_core.package_identification:_identify(new_data/lqr) by extension 'cmake'
[0.729s] Level 1:colcon.colcon_core.package_identification:_identify(new_data/lqr) by extension 'python'
[0.729s] Level 1:colcon.colcon_core.package_identification:_identify(new_data/lqr) by extensions ['python_setup_py']
[0.729s] Level 1:colcon.colcon_core.package_identification:_identify(new_data/lqr) by extension 'python_setup_py'
[0.729s] Level 1:colcon.colcon_core.package_identification:_identify(new_data/piddob) by extensions ['ignore', 'ignore_ament_install']
[0.729s] Level 1:colcon.colcon_core.package_identification:_identify(new_data/piddob) by extension 'ignore'
[0.729s] Level 1:colcon.colcon_core.package_identification:_identify(new_data/piddob) by extension 'ignore_ament_install'
[0.730s] Level 1:colcon.colcon_core.package_identification:_identify(new_data/piddob) by extensions ['colcon_pkg']
[0.730s] Level 1:colcon.colcon_core.package_identification:_identify(new_data/piddob) by extension 'colcon_pkg'
[0.730s] Level 1:colcon.colcon_core.package_identification:_identify(new_data/piddob) by extensions ['colcon_meta']
[0.730s] Level 1:colcon.colcon_core.package_identification:_identify(new_data/piddob) by extension 'colcon_meta'
[0.730s] Level 1:colcon.colcon_core.package_identification:_identify(new_data/piddob) by extensions ['ros']
[0.730s] Level 1:colcon.colcon_core.package_identification:_identify(new_data/piddob) by extension 'ros'
[0.730s] Level 1:colcon.colcon_core.package_identification:_identify(new_data/piddob) by extensions ['cmake', 'python']
[0.730s] Level 1:colcon.colcon_core.package_identification:_identify(new_data/piddob) by extension 'cmake'
[0.730s] Level 1:colcon.colcon_core.package_identification:_identify(new_data/piddob) by extension 'python'
[0.730s] Level 1:colcon.colcon_core.package_identification:_identify(new_data/piddob) by extensions ['python_setup_py']
[0.730s] Level 1:colcon.colcon_core.package_identification:_identify(new_data/piddob) by extension 'python_setup_py'
[0.731s] Level 1:colcon.colcon_core.package_identification:_identify(new_data/piddob/reports) by extensions ['ignore', 'ignore_ament_install']
[0.731s] Level 1:colcon.colcon_core.package_identification:_identify(new_data/piddob/reports) by extension 'ignore'
[0.731s] Level 1:colcon.colcon_core.package_identification:_identify(new_data/piddob/reports) by extension 'ignore_ament_install'
[0.731s] Level 1:colcon.colcon_core.package_identification:_identify(new_data/piddob/reports) by extensions ['colcon_pkg']
[0.731s] Level 1:colcon.colcon_core.package_identification:_identify(new_data/piddob/reports) by extension 'colcon_pkg'
[0.731s] Level 1:colcon.colcon_core.package_identification:_identify(new_data/piddob/reports) by extensions ['colcon_meta']
[0.731s] Level 1:colcon.colcon_core.package_identification:_identify(new_data/piddob/reports) by extension 'colcon_meta'
[0.731s] Level 1:colcon.colcon_core.package_identification:_identify(new_data/piddob/reports) by extensions ['ros']
[0.732s] Level 1:colcon.colcon_core.package_identification:_identify(new_data/piddob/reports) by extension 'ros'
[0.732s] Level 1:colcon.colcon_core.package_identification:_identify(new_data/piddob/reports) by extensions ['cmake', 'python']
[0.732s] Level 1:colcon.colcon_core.package_identification:_identify(new_data/piddob/reports) by extension 'cmake'
[0.732s] Level 1:colcon.colcon_core.package_identification:_identify(new_data/piddob/reports) by extension 'python'
[0.732s] Level 1:colcon.colcon_core.package_identification:_identify(new_data/piddob/reports) by extensions ['python_setup_py']
[0.732s] Level 1:colcon.colcon_core.package_identification:_identify(new_data/piddob/reports) by extension 'python_setup_py'
[0.732s] Level 1:colcon.colcon_core.package_identification:_identify(new_data/piddob/reports/20251022_140621) by extensions ['ignore', 'ignore_ament_install']
[0.732s] Level 1:colcon.colcon_core.package_identification:_identify(new_data/piddob/reports/20251022_140621) by extension 'ignore'
[0.733s] Level 1:colcon.colcon_core.package_identification:_identify(new_data/piddob/reports/20251022_140621) by extension 'ignore_ament_install'
[0.733s] Level 1:colcon.colcon_core.package_identification:_identify(new_data/piddob/reports/20251022_140621) by extensions ['colcon_pkg']
[0.733s] Level 1:colcon.colcon_core.package_identification:_identify(new_data/piddob/reports/20251022_140621) by extension 'colcon_pkg'
[0.733s] Level 1:colcon.colcon_core.package_identification:_identify(new_data/piddob/reports/20251022_140621) by extensions ['colcon_meta']
[0.733s] Level 1:colcon.colcon_core.package_identification:_identify(new_data/piddob/reports/20251022_140621) by extension 'colcon_meta'
[0.733s] Level 1:colcon.colcon_core.package_identification:_identify(new_data/piddob/reports/20251022_140621) by extensions ['ros']
[0.733s] Level 1:colcon.colcon_core.package_identification:_identify(new_data/piddob/reports/20251022_140621) by extension 'ros'
[0.733s] Level 1:colcon.colcon_core.package_identification:_identify(new_data/piddob/reports/20251022_140621) by extensions ['cmake', 'python']
[0.733s] Level 1:colcon.colcon_core.package_identification:_identify(new_data/piddob/reports/20251022_140621) by extension 'cmake'
[0.733s] Level 1:colcon.colcon_core.package_identification:_identify(new_data/piddob/reports/20251022_140621) by extension 'python'
[0.733s] Level 1:colcon.colcon_core.package_identification:_identify(new_data/piddob/reports/20251022_140621) by extensions ['python_setup_py']
[0.733s] Level 1:colcon.colcon_core.package_identification:_identify(new_data/piddob/reports/20251022_140621) by extension 'python_setup_py'
[0.734s] Level 1:colcon.colcon_core.package_identification:_identify(new_data/piddob/reports/20251022_140621/per_file) by extensions ['ignore', 'ignore_ament_install']
[0.734s] Level 1:colcon.colcon_core.package_identification:_identify(new_data/piddob/reports/20251022_140621/per_file) by extension 'ignore'
[0.734s] Level 1:colcon.colcon_core.package_identification:_identify(new_data/piddob/reports/20251022_140621/per_file) by extension 'ignore_ament_install'
[0.734s] Level 1:colcon.colcon_core.package_identification:_identify(new_data/piddob/reports/20251022_140621/per_file) by extensions ['colcon_pkg']
[0.734s] Level 1:colcon.colcon_core.package_identification:_identify(new_data/piddob/reports/20251022_140621/per_file) by extension 'colcon_pkg'
[0.734s] Level 1:colcon.colcon_core.package_identification:_identify(new_data/piddob/reports/20251022_140621/per_file) by extensions ['colcon_meta']
[0.735s] Level 1:colcon.colcon_core.package_identification:_identify(new_data/piddob/reports/20251022_140621/per_file) by extension 'colcon_meta'
[0.735s] Level 1:colcon.colcon_core.package_identification:_identify(new_data/piddob/reports/20251022_140621/per_file) by extensions ['ros']
[0.735s] Level 1:colcon.colcon_core.package_identification:_identify(new_data/piddob/reports/20251022_140621/per_file) by extension 'ros'
[0.735s] Level 1:colcon.colcon_core.package_identification:_identify(new_data/piddob/reports/20251022_140621/per_file) by extensions ['cmake', 'python']
[0.735s] Level 1:colcon.colcon_core.package_identification:_identify(new_data/piddob/reports/20251022_140621/per_file) by extension 'cmake'
[0.735s] Level 1:colcon.colcon_core.package_identification:_identify(new_data/piddob/reports/20251022_140621/per_file) by extension 'python'
[0.735s] Level 1:colcon.colcon_core.package_identification:_identify(new_data/piddob/reports/20251022_140621/per_file) by extensions ['python_setup_py']
[0.735s] Level 1:colcon.colcon_core.package_identification:_identify(new_data/piddob/reports/20251022_140621/per_file) by extension 'python_setup_py'
[0.735s] Level 1:colcon.colcon_core.package_identification:_identify(new_data/piddob/reports/20251022_140821) by extensions ['ignore', 'ignore_ament_install']
[0.735s] Level 1:colcon.colcon_core.package_identification:_identify(new_data/piddob/reports/20251022_140821) by extension 'ignore'
[0.736s] Level 1:colcon.colcon_core.package_identification:_identify(new_data/piddob/reports/20251022_140821) by extension 'ignore_ament_install'
[0.736s] Level 1:colcon.colcon_core.package_identification:_identify(new_data/piddob/reports/20251022_140821) by extensions ['colcon_pkg']
[0.736s] Level 1:colcon.colcon_core.package_identification:_identify(new_data/piddob/reports/20251022_140821) by extension 'colcon_pkg'
[0.736s] Level 1:colcon.colcon_core.package_identification:_identify(new_data/piddob/reports/20251022_140821) by extensions ['colcon_meta']
[0.736s] Level 1:colcon.colcon_core.package_identification:_identify(new_data/piddob/reports/20251022_140821) by extension 'colcon_meta'
[0.736s] Level 1:colcon.colcon_core.package_identification:_identify(new_data/piddob/reports/20251022_140821) by extensions ['ros']
[0.736s] Level 1:colcon.colcon_core.package_identification:_identify(new_data/piddob/reports/20251022_140821) by extension 'ros'
[0.736s] Level 1:colcon.colcon_core.package_identification:_identify(new_data/piddob/reports/20251022_140821) by extensions ['cmake', 'python']
[0.736s] Level 1:colcon.colcon_core.package_identification:_identify(new_data/piddob/reports/20251022_140821) by extension 'cmake'
[0.736s] Level 1:colcon.colcon_core.package_identification:_identify(new_data/piddob/reports/20251022_140821) by extension 'python'
[0.737s] Level 1:colcon.colcon_core.package_identification:_identify(new_data/piddob/reports/20251022_140821) by extensions ['python_setup_py']
[0.737s] Level 1:colcon.colcon_core.package_identification:_identify(new_data/piddob/reports/20251022_140821) by extension 'python_setup_py'
[0.737s] Level 1:colcon.colcon_core.package_identification:_identify(new_data/piddob/reports/20251022_140821/per_file) by extensions ['ignore', 'ignore_ament_install']
[0.737s] Level 1:colcon.colcon_core.package_identification:_identify(new_data/piddob/reports/20251022_140821/per_file) by extension 'ignore'
[0.737s] Level 1:colcon.colcon_core.package_identification:_identify(new_data/piddob/reports/20251022_140821/per_file) by extension 'ignore_ament_install'
[0.737s] Level 1:colcon.colcon_core.package_identification:_identify(new_data/piddob/reports/20251022_140821/per_file) by extensions ['colcon_pkg']
[0.737s] Level 1:colcon.colcon_core.package_identification:_identify(new_data/piddob/reports/20251022_140821/per_file) by extension 'colcon_pkg'
[0.738s] Level 1:colcon.colcon_core.package_identification:_identify(new_data/piddob/reports/20251022_140821/per_file) by extensions ['colcon_meta']
[0.738s] Level 1:colcon.colcon_core.package_identification:_identify(new_data/piddob/reports/20251022_140821/per_file) by extension 'colcon_meta'
[0.738s] Level 1:colcon.colcon_core.package_identification:_identify(new_data/piddob/reports/20251022_140821/per_file) by extensions ['ros']
[0.738s] Level 1:colcon.colcon_core.package_identification:_identify(new_data/piddob/reports/20251022_140821/per_file) by extension 'ros'
[0.738s] Level 1:colcon.colcon_core.package_identification:_identify(new_data/piddob/reports/20251022_140821/per_file) by extensions ['cmake', 'python']
[0.738s] Level 1:colcon.colcon_core.package_identification:_identify(new_data/piddob/reports/20251022_140821/per_file) by extension 'cmake'
[0.738s] Level 1:colcon.colcon_core.package_identification:_identify(new_data/piddob/reports/20251022_140821/per_file) by extension 'python'
[0.738s] Level 1:colcon.colcon_core.package_identification:_identify(new_data/piddob/reports/20251022_140821/per_file) by extensions ['python_setup_py']
[0.738s] Level 1:colcon.colcon_core.package_identification:_identify(new_data/piddob/reports/20251022_140821/per_file) by extension 'python_setup_py'
[0.738s] Level 1:colcon.colcon_core.package_identification:_identify(new_data/piddob/reports/20251022_141447) by extensions ['ignore', 'ignore_ament_install']
[0.739s] Level 1:colcon.colcon_core.package_identification:_identify(new_data/piddob/reports/20251022_141447) by extension 'ignore'
[0.739s] Level 1:colcon.colcon_core.package_identification:_identify(new_data/piddob/reports/20251022_141447) by extension 'ignore_ament_install'
[0.739s] Level 1:colcon.colcon_core.package_identification:_identify(new_data/piddob/reports/20251022_141447) by extensions ['colcon_pkg']
[0.739s] Level 1:colcon.colcon_core.package_identification:_identify(new_data/piddob/reports/20251022_141447) by extension 'colcon_pkg'
[0.739s] Level 1:colcon.colcon_core.package_identification:_identify(new_data/piddob/reports/20251022_141447) by extensions ['colcon_meta']
[0.739s] Level 1:colcon.colcon_core.package_identification:_identify(new_data/piddob/reports/20251022_141447) by extension 'colcon_meta'
[0.739s] Level 1:colcon.colcon_core.package_identification:_identify(new_data/piddob/reports/20251022_141447) by extensions ['ros']
[0.739s] Level 1:colcon.colcon_core.package_identification:_identify(new_data/piddob/reports/20251022_141447) by extension 'ros'
[0.739s] Level 1:colcon.colcon_core.package_identification:_identify(new_data/piddob/reports/20251022_141447) by extensions ['cmake', 'python']
[0.739s] Level 1:colcon.colcon_core.package_identification:_identify(new_data/piddob/reports/20251022_141447) by extension 'cmake'
[0.740s] Level 1:colcon.colcon_core.package_identification:_identify(new_data/piddob/reports/20251022_141447) by extension 'python'
[0.740s] Level 1:colcon.colcon_core.package_identification:_identify(new_data/piddob/reports/20251022_141447) by extensions ['python_setup_py']
[0.740s] Level 1:colcon.colcon_core.package_identification:_identify(new_data/piddob/reports/20251022_141447) by extension 'python_setup_py'
[0.740s] Level 1:colcon.colcon_core.package_identification:_identify(new_data/piddob/reports/20251022_141447/per_file) by extensions ['ignore', 'ignore_ament_install']
[0.740s] Level 1:colcon.colcon_core.package_identification:_identify(new_data/piddob/reports/20251022_141447/per_file) by extension 'ignore'
[0.740s] Level 1:colcon.colcon_core.package_identification:_identify(new_data/piddob/reports/20251022_141447/per_file) by extension 'ignore_ament_install'
[0.741s] Level 1:colcon.colcon_core.package_identification:_identify(new_data/piddob/reports/20251022_141447/per_file) by extensions ['colcon_pkg']
[0.741s] Level 1:colcon.colcon_core.package_identification:_identify(new_data/piddob/reports/20251022_141447/per_file) by extension 'colcon_pkg'
[0.741s] Level 1:colcon.colcon_core.package_identification:_identify(new_data/piddob/reports/20251022_141447/per_file) by extensions ['colcon_meta']
[0.741s] Level 1:colcon.colcon_core.package_identification:_identify(new_data/piddob/reports/20251022_141447/per_file) by extension 'colcon_meta'
[0.741s] Level 1:colcon.colcon_core.package_identification:_identify(new_data/piddob/reports/20251022_141447/per_file) by extensions ['ros']
[0.741s] Level 1:colcon.colcon_core.package_identification:_identify(new_data/piddob/reports/20251022_141447/per_file) by extension 'ros'
[0.741s] Level 1:colcon.colcon_core.package_identification:_identify(new_data/piddob/reports/20251022_141447/per_file) by extensions ['cmake', 'python']
[0.741s] Level 1:colcon.colcon_core.package_identification:_identify(new_data/piddob/reports/20251022_141447/per_file) by extension 'cmake'
[0.741s] Level 1:colcon.colcon_core.package_identification:_identify(new_data/piddob/reports/20251022_141447/per_file) by extension 'python'
[0.741s] Level 1:colcon.colcon_core.package_identification:_identify(new_data/piddob/reports/20251022_141447/per_file) by extensions ['python_setup_py']
[0.741s] Level 1:colcon.colcon_core.package_identification:_identify(new_data/piddob/reports/20251022_141447/per_file) by extension 'python_setup_py'
[0.741s] Level 1:colcon.colcon_core.package_identification:_identify(new_data/piddob/reports/20251022_141618) by extensions ['ignore', 'ignore_ament_install']
[0.742s] Level 1:colcon.colcon_core.package_identification:_identify(new_data/piddob/reports/20251022_141618) by extension 'ignore'
[0.742s] Level 1:colcon.colcon_core.package_identification:_identify(new_data/piddob/reports/20251022_141618) by extension 'ignore_ament_install'
[0.742s] Level 1:colcon.colcon_core.package_identification:_identify(new_data/piddob/reports/20251022_141618) by extensions ['colcon_pkg']
[0.742s] Level 1:colcon.colcon_core.package_identification:_identify(new_data/piddob/reports/20251022_141618) by extension 'colcon_pkg'
[0.742s] Level 1:colcon.colcon_core.package_identification:_identify(new_data/piddob/reports/20251022_141618) by extensions ['colcon_meta']
[0.742s] Level 1:colcon.colcon_core.package_identification:_identify(new_data/piddob/reports/20251022_141618) by extension 'colcon_meta'
[0.742s] Level 1:colcon.colcon_core.package_identification:_identify(new_data/piddob/reports/20251022_141618) by extensions ['ros']
[0.742s] Level 1:colcon.colcon_core.package_identification:_identify(new_data/piddob/reports/20251022_141618) by extension 'ros'
[0.742s] Level 1:colcon.colcon_core.package_identification:_identify(new_data/piddob/reports/20251022_141618) by extensions ['cmake', 'python']
[0.742s] Level 1:colcon.colcon_core.package_identification:_identify(new_data/piddob/reports/20251022_141618) by extension 'cmake'
[0.742s] Level 1:colcon.colcon_core.package_identification:_identify(new_data/piddob/reports/20251022_141618) by extension 'python'
[0.742s] Level 1:colcon.colcon_core.package_identification:_identify(new_data/piddob/reports/20251022_141618) by extensions ['python_setup_py']
[0.742s] Level 1:colcon.colcon_core.package_identification:_identify(new_data/piddob/reports/20251022_141618) by extension 'python_setup_py'
[0.743s] Level 1:colcon.colcon_core.package_identification:_identify(new_data/piddob/reports/20251022_141618/per_file) by extensions ['ignore', 'ignore_ament_install']
[0.743s] Level 1:colcon.colcon_core.package_identification:_identify(new_data/piddob/reports/20251022_141618/per_file) by extension 'ignore'
[0.743s] Level 1:colcon.colcon_core.package_identification:_identify(new_data/piddob/reports/20251022_141618/per_file) by extension 'ignore_ament_install'
[0.743s] Level 1:colcon.colcon_core.package_identification:_identify(new_data/piddob/reports/20251022_141618/per_file) by extensions ['colcon_pkg']
[0.743s] Level 1:colcon.colcon_core.package_identification:_identify(new_data/piddob/reports/20251022_141618/per_file) by extension 'colcon_pkg'
[0.743s] Level 1:colcon.colcon_core.package_identification:_identify(new_data/piddob/reports/20251022_141618/per_file) by extensions ['colcon_meta']
[0.743s] Level 1:colcon.colcon_core.package_identification:_identify(new_data/piddob/reports/20251022_141618/per_file) by extension 'colcon_meta'
[0.743s] Level 1:colcon.colcon_core.package_identification:_identify(new_data/piddob/reports/20251022_141618/per_file) by extensions ['ros']
[0.743s] Level 1:colcon.colcon_core.package_identification:_identify(new_data/piddob/reports/20251022_141618/per_file) by extension 'ros'
[0.744s] Level 1:colcon.colcon_core.package_identification:_identify(new_data/piddob/reports/20251022_141618/per_file) by extensions ['cmake', 'python']
[0.744s] Level 1:colcon.colcon_core.package_identification:_identify(new_data/piddob/reports/20251022_141618/per_file) by extension 'cmake'
[0.744s] Level 1:colcon.colcon_core.package_identification:_identify(new_data/piddob/reports/20251022_141618/per_file) by extension 'python'
[0.744s] Level 1:colcon.colcon_core.package_identification:_identify(new_data/piddob/reports/20251022_141618/per_file) by extensions ['python_setup_py']
[0.744s] Level 1:colcon.colcon_core.package_identification:_identify(new_data/piddob/reports/20251022_141618/per_file) by extension 'python_setup_py'
[0.744s] Level 1:colcon.colcon_core.package_identification:_identify(new_data/piddob/reports/20251203_103103) by extensions ['ignore', 'ignore_ament_install']
[0.744s] Level 1:colcon.colcon_core.package_identification:_identify(new_data/piddob/reports/20251203_103103) by extension 'ignore'
[0.744s] Level 1:colcon.colcon_core.package_identification:_identify(new_data/piddob/reports/20251203_103103) by extension 'ignore_ament_install'
[0.745s] Level 1:colcon.colcon_core.package_identification:_identify(new_data/piddob/reports/20251203_103103) by extensions ['colcon_pkg']
[0.745s] Level 1:colcon.colcon_core.package_identification:_identify(new_data/piddob/reports/20251203_103103) by extension 'colcon_pkg'
[0.745s] Level 1:colcon.colcon_core.package_identification:_identify(new_data/piddob/reports/20251203_103103) by extensions ['colcon_meta']
[0.745s] Level 1:colcon.colcon_core.package_identification:_identify(new_data/piddob/reports/20251203_103103) by extension 'colcon_meta'
[0.745s] Level 1:colcon.colcon_core.package_identification:_identify(new_data/piddob/reports/20251203_103103) by extensions ['ros']
[0.745s] Level 1:colcon.colcon_core.package_identification:_identify(new_data/piddob/reports/20251203_103103) by extension 'ros'
[0.745s] Level 1:colcon.colcon_core.package_identification:_identify(new_data/piddob/reports/20251203_103103) by extensions ['cmake', 'python']
[0.745s] Level 1:colcon.colcon_core.package_identification:_identify(new_data/piddob/reports/20251203_103103) by extension 'cmake'
[0.745s] Level 1:colcon.colcon_core.package_identification:_identify(new_data/piddob/reports/20251203_103103) by extension 'python'
[0.746s] Level 1:colcon.colcon_core.package_identification:_identify(new_data/piddob/reports/20251203_103103) by extensions ['python_setup_py']
[0.746s] Level 1:colcon.colcon_core.package_identification:_identify(new_data/piddob/reports/20251203_103103) by extension 'python_setup_py'
[0.746s] Level 1:colcon.colcon_core.package_identification:_identify(new_data/piddob/reports/20251203_103103/per_file) by extensions ['ignore', 'ignore_ament_install']
[0.746s] Level 1:colcon.colcon_core.package_identification:_identify(new_data/piddob/reports/20251203_103103/per_file) by extension 'ignore'
[0.746s] Level 1:colcon.colcon_core.package_identification:_identify(new_data/piddob/reports/20251203_103103/per_file) by extension 'ignore_ament_install'
[0.746s] Level 1:colcon.colcon_core.package_identification:_identify(new_data/piddob/reports/20251203_103103/per_file) by extensions ['colcon_pkg']
[0.747s] Level 1:colcon.colcon_core.package_identification:_identify(new_data/piddob/reports/20251203_103103/per_file) by extension 'colcon_pkg'
[0.747s] Level 1:colcon.colcon_core.package_identification:_identify(new_data/piddob/reports/20251203_103103/per_file) by extensions ['colcon_meta']
[0.747s] Level 1:colcon.colcon_core.package_identification:_identify(new_data/piddob/reports/20251203_103103/per_file) by extension 'colcon_meta'
[0.747s] Level 1:colcon.colcon_core.package_identification:_identify(new_data/piddob/reports/20251203_103103/per_file) by extensions ['ros']
[0.747s] Level 1:colcon.colcon_core.package_identification:_identify(new_data/piddob/reports/20251203_103103/per_file) by extension 'ros'
[0.747s] Level 1:colcon.colcon_core.package_identification:_identify(new_data/piddob/reports/20251203_103103/per_file) by extensions ['cmake', 'python']
[0.747s] Level 1:colcon.colcon_core.package_identification:_identify(new_data/piddob/reports/20251203_103103/per_file) by extension 'cmake'
[0.747s] Level 1:colcon.colcon_core.package_identification:_identify(new_data/piddob/reports/20251203_103103/per_file) by extension 'python'
[0.747s] Level 1:colcon.colcon_core.package_identification:_identify(new_data/piddob/reports/20251203_103103/per_file) by extensions ['python_setup_py']
[0.747s] Level 1:colcon.colcon_core.package_identification:_identify(new_data/piddob/reports/20251203_103103/per_file) by extension 'python_setup_py'
[0.748s] Level 1:colcon.colcon_core.package_identification:_identify(new_data/reports_compare) by extensions ['ignore', 'ignore_ament_install']
[0.748s] Level 1:colcon.colcon_core.package_identification:_identify(new_data/reports_compare) by extension 'ignore'
[0.748s] Level 1:colcon.colcon_core.package_identification:_identify(new_data/reports_compare) by extension 'ignore_ament_install'
[0.748s] Level 1:colcon.colcon_core.package_identification:_identify(new_data/reports_compare) by extensions ['colcon_pkg']
[0.748s] Level 1:colcon.colcon_core.package_identification:_identify(new_data/reports_compare) by extension 'colcon_pkg'
[0.748s] Level 1:colcon.colcon_core.package_identification:_identify(new_data/reports_compare) by extensions ['colcon_meta']
[0.748s] Level 1:colcon.colcon_core.package_identification:_identify(new_data/reports_compare) by extension 'colcon_meta'
[0.748s] Level 1:colcon.colcon_core.package_identification:_identify(new_data/reports_compare) by extensions ['ros']
[0.748s] Level 1:colcon.colcon_core.package_identification:_identify(new_data/reports_compare) by extension 'ros'
[0.749s] Level 1:colcon.colcon_core.package_identification:_identify(new_data/reports_compare) by extensions ['cmake', 'python']
[0.749s] Level 1:colcon.colcon_core.package_identification:_identify(new_data/reports_compare) by extension 'cmake'
[0.749s] Level 1:colcon.colcon_core.package_identification:_identify(new_data/reports_compare) by extension 'python'
[0.749s] Level 1:colcon.colcon_core.package_identification:_identify(new_data/reports_compare) by extensions ['python_setup_py']
[0.749s] Level 1:colcon.colcon_core.package_identification:_identify(new_data/reports_compare) by extension 'python_setup_py'
[0.749s] Level 1:colcon.colcon_core.package_identification:_identify(new_data/reports_compare/20251022_141618) by extensions ['ignore', 'ignore_ament_install']
[0.749s] Level 1:colcon.colcon_core.package_identification:_identify(new_data/reports_compare/20251022_141618) by extension 'ignore'
[0.749s] Level 1:colcon.colcon_core.package_identification:_identify(new_data/reports_compare/20251022_141618) by extension 'ignore_ament_install'
[0.749s] Level 1:colcon.colcon_core.package_identification:_identify(new_data/reports_compare/20251022_141618) by extensions ['colcon_pkg']
[0.749s] Level 1:colcon.colcon_core.package_identification:_identify(new_data/reports_compare/20251022_141618) by extension 'colcon_pkg'
[0.750s] Level 1:colcon.colcon_core.package_identification:_identify(new_data/reports_compare/20251022_141618) by extensions ['colcon_meta']
[0.750s] Level 1:colcon.colcon_core.package_identification:_identify(new_data/reports_compare/20251022_141618) by extension 'colcon_meta'
[0.750s] Level 1:colcon.colcon_core.package_identification:_identify(new_data/reports_compare/20251022_141618) by extensions ['ros']
[0.750s] Level 1:colcon.colcon_core.package_identification:_identify(new_data/reports_compare/20251022_141618) by extension 'ros'
[0.750s] Level 1:colcon.colcon_core.package_identification:_identify(new_data/reports_compare/20251022_141618) by extensions ['cmake', 'python']
[0.750s] Level 1:colcon.colcon_core.package_identification:_identify(new_data/reports_compare/20251022_141618) by extension 'cmake'
[0.750s] Level 1:colcon.colcon_core.package_identification:_identify(new_data/reports_compare/20251022_141618) by extension 'python'
[0.750s] Level 1:colcon.colcon_core.package_identification:_identify(new_data/reports_compare/20251022_141618) by extensions ['python_setup_py']
[0.750s] Level 1:colcon.colcon_core.package_identification:_identify(new_data/reports_compare/20251022_141618) by extension 'python_setup_py'
[0.750s] Level 1:colcon.colcon_core.package_identification:_identify(new_data/reports_compare/20251022_141618/per_file) by extensions ['ignore', 'ignore_ament_install']
[0.751s] Level 1:colcon.colcon_core.package_identification:_identify(new_data/reports_compare/20251022_141618/per_file) by extension 'ignore'
[0.751s] Level 1:colcon.colcon_core.package_identification:_identify(new_data/reports_compare/20251022_141618/per_file) by extension 'ignore_ament_install'
[0.751s] Level 1:colcon.colcon_core.package_identification:_identify(new_data/reports_compare/20251022_141618/per_file) by extensions ['colcon_pkg']
[0.751s] Level 1:colcon.colcon_core.package_identification:_identify(new_data/reports_compare/20251022_141618/per_file) by extension 'colcon_pkg'
[0.751s] Level 1:colcon.colcon_core.package_identification:_identify(new_data/reports_compare/20251022_141618/per_file) by extensions ['colcon_meta']
[0.751s] Level 1:colcon.colcon_core.package_identification:_identify(new_data/reports_compare/20251022_141618/per_file) by extension 'colcon_meta'
[0.751s] Level 1:colcon.colcon_core.package_identification:_identify(new_data/reports_compare/20251022_141618/per_file) by extensions ['ros']
[0.751s] Level 1:colcon.colcon_core.package_identification:_identify(new_data/reports_compare/20251022_141618/per_file) by extension 'ros'
[0.751s] Level 1:colcon.colcon_core.package_identification:_identify(new_data/reports_compare/20251022_141618/per_file) by extensions ['cmake', 'python']
[0.751s] Level 1:colcon.colcon_core.package_identification:_identify(new_data/reports_compare/20251022_141618/per_file) by extension 'cmake'
[0.751s] Level 1:colcon.colcon_core.package_identification:_identify(new_data/reports_compare/20251022_141618/per_file) by extension 'python'
[0.752s] Level 1:colcon.colcon_core.package_identification:_identify(new_data/reports_compare/20251022_141618/per_file) by extensions ['python_setup_py']
[0.752s] Level 1:colcon.colcon_core.package_identification:_identify(new_data/reports_compare/20251022_141618/per_file) by extension 'python_setup_py'
[0.752s] Level 1:colcon.colcon_core.package_identification:_identify(new_data/reports_compare/20251203_103103) by extensions ['ignore', 'ignore_ament_install']
[0.752s] Level 1:colcon.colcon_core.package_identification:_identify(new_data/reports_compare/20251203_103103) by extension 'ignore'
[0.752s] Level 1:colcon.colcon_core.package_identification:_identify(new_data/reports_compare/20251203_103103) by extension 'ignore_ament_install'
[0.752s] Level 1:colcon.colcon_core.package_identification:_identify(new_data/reports_compare/20251203_103103) by extensions ['colcon_pkg']
[0.752s] Level 1:colcon.colcon_core.package_identification:_identify(new_data/reports_compare/20251203_103103) by extension 'colcon_pkg'
[0.753s] Level 1:colcon.colcon_core.package_identification:_identify(new_data/reports_compare/20251203_103103) by extensions ['colcon_meta']
[0.753s] Level 1:colcon.colcon_core.package_identification:_identify(new_data/reports_compare/20251203_103103) by extension 'colcon_meta'
[0.753s] Level 1:colcon.colcon_core.package_identification:_identify(new_data/reports_compare/20251203_103103) by extensions ['ros']
[0.753s] Level 1:colcon.colcon_core.package_identification:_identify(new_data/reports_compare/20251203_103103) by extension 'ros'
[0.753s] Level 1:colcon.colcon_core.package_identification:_identify(new_data/reports_compare/20251203_103103) by extensions ['cmake', 'python']
[0.753s] Level 1:colcon.colcon_core.package_identification:_identify(new_data/reports_compare/20251203_103103) by extension 'cmake'
[0.753s] Level 1:colcon.colcon_core.package_identification:_identify(new_data/reports_compare/20251203_103103) by extension 'python'
[0.753s] Level 1:colcon.colcon_core.package_identification:_identify(new_data/reports_compare/20251203_103103) by extensions ['python_setup_py']
[0.753s] Level 1:colcon.colcon_core.package_identification:_identify(new_data/reports_compare/20251203_103103) by extension 'python_setup_py'
[0.754s] Level 1:colcon.colcon_core.package_identification:_identify(new_data/reports_compare/20251203_103103/per_file) by extensions ['ignore', 'ignore_ament_install']
[0.754s] Level 1:colcon.colcon_core.package_identification:_identify(new_data/reports_compare/20251203_103103/per_file) by extension 'ignore'
[0.754s] Level 1:colcon.colcon_core.package_identification:_identify(new_data/reports_compare/20251203_103103/per_file) by extension 'ignore_ament_install'
[0.754s] Level 1:colcon.colcon_core.package_identification:_identify(new_data/reports_compare/20251203_103103/per_file) by extensions ['colcon_pkg']
[0.754s] Level 1:colcon.colcon_core.package_identification:_identify(new_data/reports_compare/20251203_103103/per_file) by extension 'colcon_pkg'
[0.754s] Level 1:colcon.colcon_core.package_identification:_identify(new_data/reports_compare/20251203_103103/per_file) by extensions ['colcon_meta']
[0.754s] Level 1:colcon.colcon_core.package_identification:_identify(new_data/reports_compare/20251203_103103/per_file) by extension 'colcon_meta'
[0.754s] Level 1:colcon.colcon_core.package_identification:_identify(new_data/reports_compare/20251203_103103/per_file) by extensions ['ros']
[0.754s] Level 1:colcon.colcon_core.package_identification:_identify(new_data/reports_compare/20251203_103103/per_file) by extension 'ros'
[0.755s] Level 1:colcon.colcon_core.package_identification:_identify(new_data/reports_compare/20251203_103103/per_file) by extensions ['cmake', 'python']
[0.755s] Level 1:colcon.colcon_core.package_identification:_identify(new_data/reports_compare/20251203_103103/per_file) by extension 'cmake'
[0.755s] Level 1:colcon.colcon_core.package_identification:_identify(new_data/reports_compare/20251203_103103/per_file) by extension 'python'
[0.755s] Level 1:colcon.colcon_core.package_identification:_identify(new_data/reports_compare/20251203_103103/per_file) by extensions ['python_setup_py']
[0.755s] Level 1:colcon.colcon_core.package_identification:_identify(new_data/reports_compare/20251203_103103/per_file) by extension 'python_setup_py'
[0.755s] Level 1:colcon.colcon_core.package_identification:_identify(new_data/rvolmea) by extensions ['ignore', 'ignore_ament_install']
[0.755s] Level 1:colcon.colcon_core.package_identification:_identify(new_data/rvolmea) by extension 'ignore'
[0.755s] Level 1:colcon.colcon_core.package_identification:_identify(new_data/rvolmea) by extension 'ignore_ament_install'
[0.756s] Level 1:colcon.colcon_core.package_identification:_identify(new_data/rvolmea) by extensions ['colcon_pkg']
[0.756s] Level 1:colcon.colcon_core.package_identification:_identify(new_data/rvolmea) by extension 'colcon_pkg'
[0.756s] Level 1:colcon.colcon_core.package_identification:_identify(new_data/rvolmea) by extensions ['colcon_meta']
[0.756s] Level 1:colcon.colcon_core.package_identification:_identify(new_data/rvolmea) by extension 'colcon_meta'
[0.756s] Level 1:colcon.colcon_core.package_identification:_identify(new_data/rvolmea) by extensions ['ros']
[0.756s] Level 1:colcon.colcon_core.package_identification:_identify(new_data/rvolmea) by extension 'ros'
[0.756s] Level 1:colcon.colcon_core.package_identification:_identify(new_data/rvolmea) by extensions ['cmake', 'python']
[0.756s] Level 1:colcon.colcon_core.package_identification:_identify(new_data/rvolmea) by extension 'cmake'
[0.756s] Level 1:colcon.colcon_core.package_identification:_identify(new_data/rvolmea) by extension 'python'
[0.756s] Level 1:colcon.colcon_core.package_identification:_identify(new_data/rvolmea) by extensions ['python_setup_py']
[0.756s] Level 1:colcon.colcon_core.package_identification:_identify(new_data/rvolmea) by extension 'python_setup_py'
[0.757s] Level 1:colcon.colcon_core.package_identification:_identify(new_data/rvolmea/reports) by extensions ['ignore', 'ignore_ament_install']
[0.757s] Level 1:colcon.colcon_core.package_identification:_identify(new_data/rvolmea/reports) by extension 'ignore'
[0.757s] Level 1:colcon.colcon_core.package_identification:_identify(new_data/rvolmea/reports) by extension 'ignore_ament_install'
[0.757s] Level 1:colcon.colcon_core.package_identification:_identify(new_data/rvolmea/reports) by extensions ['colcon_pkg']
[0.757s] Level 1:colcon.colcon_core.package_identification:_identify(new_data/rvolmea/reports) by extension 'colcon_pkg'
[0.757s] Level 1:colcon.colcon_core.package_identification:_identify(new_data/rvolmea/reports) by extensions ['colcon_meta']
[0.757s] Level 1:colcon.colcon_core.package_identification:_identify(new_data/rvolmea/reports) by extension 'colcon_meta'
[0.757s] Level 1:colcon.colcon_core.package_identification:_identify(new_data/rvolmea/reports) by extensions ['ros']
[0.757s] Level 1:colcon.colcon_core.package_identification:_identify(new_data/rvolmea/reports) by extension 'ros'
[0.757s] Level 1:colcon.colcon_core.package_identification:_identify(new_data/rvolmea/reports) by extensions ['cmake', 'python']
[0.757s] Level 1:colcon.colcon_core.package_identification:_identify(new_data/rvolmea/reports) by extension 'cmake'
[0.758s] Level 1:colcon.colcon_core.package_identification:_identify(new_data/rvolmea/reports) by extension 'python'
[0.758s] Level 1:colcon.colcon_core.package_identification:_identify(new_data/rvolmea/reports) by extensions ['python_setup_py']
[0.758s] Level 1:colcon.colcon_core.package_identification:_identify(new_data/rvolmea/reports) by extension 'python_setup_py'
[0.758s] Level 1:colcon.colcon_core.package_identification:_identify(new_data/rvolmea/reports/20251022_130436) by extensions ['ignore', 'ignore_ament_install']
[0.758s] Level 1:colcon.colcon_core.package_identification:_identify(new_data/rvolmea/reports/20251022_130436) by extension 'ignore'
[0.758s] Level 1:colcon.colcon_core.package_identification:_identify(new_data/rvolmea/reports/20251022_130436) by extension 'ignore_ament_install'
[0.758s] Level 1:colcon.colcon_core.package_identification:_identify(new_data/rvolmea/reports/20251022_130436) by extensions ['colcon_pkg']
[0.758s] Level 1:colcon.colcon_core.package_identification:_identify(new_data/rvolmea/reports/20251022_130436) by extension 'colcon_pkg'
[0.758s] Level 1:colcon.colcon_core.package_identification:_identify(new_data/rvolmea/reports/20251022_130436) by extensions ['colcon_meta']
[0.758s] Level 1:colcon.colcon_core.package_identification:_identify(new_data/rvolmea/reports/20251022_130436) by extension 'colcon_meta'
[0.758s] Level 1:colcon.colcon_core.package_identification:_identify(new_data/rvolmea/reports/20251022_130436) by extensions ['ros']
[0.758s] Level 1:colcon.colcon_core.package_identification:_identify(new_data/rvolmea/reports/20251022_130436) by extension 'ros'
[0.758s] Level 1:colcon.colcon_core.package_identification:_identify(new_data/rvolmea/reports/20251022_130436) by extensions ['cmake', 'python']
[0.759s] Level 1:colcon.colcon_core.package_identification:_identify(new_data/rvolmea/reports/20251022_130436) by extension 'cmake'
[0.759s] Level 1:colcon.colcon_core.package_identification:_identify(new_data/rvolmea/reports/20251022_130436) by extension 'python'
[0.759s] Level 1:colcon.colcon_core.package_identification:_identify(new_data/rvolmea/reports/20251022_130436) by extensions ['python_setup_py']
[0.759s] Level 1:colcon.colcon_core.package_identification:_identify(new_data/rvolmea/reports/20251022_130436) by extension 'python_setup_py'
[0.759s] Level 1:colcon.colcon_core.package_identification:_identify(new_data/rvolmea/reports/20251022_130436/per_file) by extensions ['ignore', 'ignore_ament_install']
[0.759s] Level 1:colcon.colcon_core.package_identification:_identify(new_data/rvolmea/reports/20251022_130436/per_file) by extension 'ignore'
[0.759s] Level 1:colcon.colcon_core.package_identification:_identify(new_data/rvolmea/reports/20251022_130436/per_file) by extension 'ignore_ament_install'
[0.760s] Level 1:colcon.colcon_core.package_identification:_identify(new_data/rvolmea/reports/20251022_130436/per_file) by extensions ['colcon_pkg']
[0.760s] Level 1:colcon.colcon_core.package_identification:_identify(new_data/rvolmea/reports/20251022_130436/per_file) by extension 'colcon_pkg'
[0.760s] Level 1:colcon.colcon_core.package_identification:_identify(new_data/rvolmea/reports/20251022_130436/per_file) by extensions ['colcon_meta']
[0.760s] Level 1:colcon.colcon_core.package_identification:_identify(new_data/rvolmea/reports/20251022_130436/per_file) by extension 'colcon_meta'
[0.760s] Level 1:colcon.colcon_core.package_identification:_identify(new_data/rvolmea/reports/20251022_130436/per_file) by extensions ['ros']
[0.760s] Level 1:colcon.colcon_core.package_identification:_identify(new_data/rvolmea/reports/20251022_130436/per_file) by extension 'ros'
[0.760s] Level 1:colcon.colcon_core.package_identification:_identify(new_data/rvolmea/reports/20251022_130436/per_file) by extensions ['cmake', 'python']
[0.760s] Level 1:colcon.colcon_core.package_identification:_identify(new_data/rvolmea/reports/20251022_130436/per_file) by extension 'cmake'
[0.760s] Level 1:colcon.colcon_core.package_identification:_identify(new_data/rvolmea/reports/20251022_130436/per_file) by extension 'python'
[0.760s] Level 1:colcon.colcon_core.package_identification:_identify(new_data/rvolmea/reports/20251022_130436/per_file) by extensions ['python_setup_py']
[0.760s] Level 1:colcon.colcon_core.package_identification:_identify(new_data/rvolmea/reports/20251022_130436/per_file) by extension 'python_setup_py'
[0.761s] Level 1:colcon.colcon_core.package_identification:_identify(new_data/rvolmea/reports/20251022_140821) by extensions ['ignore', 'ignore_ament_install']
[0.761s] Level 1:colcon.colcon_core.package_identification:_identify(new_data/rvolmea/reports/20251022_140821) by extension 'ignore'
[0.761s] Level 1:colcon.colcon_core.package_identification:_identify(new_data/rvolmea/reports/20251022_140821) by extension 'ignore_ament_install'
[0.761s] Level 1:colcon.colcon_core.package_identification:_identify(new_data/rvolmea/reports/20251022_140821) by extensions ['colcon_pkg']
[0.761s] Level 1:colcon.colcon_core.package_identification:_identify(new_data/rvolmea/reports/20251022_140821) by extension 'colcon_pkg'
[0.761s] Level 1:colcon.colcon_core.package_identification:_identify(new_data/rvolmea/reports/20251022_140821) by extensions ['colcon_meta']
[0.761s] Level 1:colcon.colcon_core.package_identification:_identify(new_data/rvolmea/reports/20251022_140821) by extension 'colcon_meta'
[0.761s] Level 1:colcon.colcon_core.package_identification:_identify(new_data/rvolmea/reports/20251022_140821) by extensions ['ros']
[0.761s] Level 1:colcon.colcon_core.package_identification:_identify(new_data/rvolmea/reports/20251022_140821) by extension 'ros'
[0.762s] Level 1:colcon.colcon_core.package_identification:_identify(new_data/rvolmea/reports/20251022_140821) by extensions ['cmake', 'python']
[0.762s] Level 1:colcon.colcon_core.package_identification:_identify(new_data/rvolmea/reports/20251022_140821) by extension 'cmake'
[0.762s] Level 1:colcon.colcon_core.package_identification:_identify(new_data/rvolmea/reports/20251022_140821) by extension 'python'
[0.762s] Level 1:colcon.colcon_core.package_identification:_identify(new_data/rvolmea/reports/20251022_140821) by extensions ['python_setup_py']
[0.762s] Level 1:colcon.colcon_core.package_identification:_identify(new_data/rvolmea/reports/20251022_140821) by extension 'python_setup_py'
[0.762s] Level 1:colcon.colcon_core.package_identification:_identify(new_data/rvolmea/reports/20251022_140821/per_file) by extensions ['ignore', 'ignore_ament_install']
[0.762s] Level 1:colcon.colcon_core.package_identification:_identify(new_data/rvolmea/reports/20251022_140821/per_file) by extension 'ignore'
[0.763s] Level 1:colcon.colcon_core.package_identification:_identify(new_data/rvolmea/reports/20251022_140821/per_file) by extension 'ignore_ament_install'
[0.763s] Level 1:colcon.colcon_core.package_identification:_identify(new_data/rvolmea/reports/20251022_140821/per_file) by extensions ['colcon_pkg']
[0.763s] Level 1:colcon.colcon_core.package_identification:_identify(new_data/rvolmea/reports/20251022_140821/per_file) by extension 'colcon_pkg'
[0.763s] Level 1:colcon.colcon_core.package_identification:_identify(new_data/rvolmea/reports/20251022_140821/per_file) by extensions ['colcon_meta']
[0.763s] Level 1:colcon.colcon_core.package_identification:_identify(new_data/rvolmea/reports/20251022_140821/per_file) by extension 'colcon_meta'
[0.763s] Level 1:colcon.colcon_core.package_identification:_identify(new_data/rvolmea/reports/20251022_140821/per_file) by extensions ['ros']
[0.763s] Level 1:colcon.colcon_core.package_identification:_identify(new_data/rvolmea/reports/20251022_140821/per_file) by extension 'ros'
[0.763s] Level 1:colcon.colcon_core.package_identification:_identify(new_data/rvolmea/reports/20251022_140821/per_file) by extensions ['cmake', 'python']
[0.763s] Level 1:colcon.colcon_core.package_identification:_identify(new_data/rvolmea/reports/20251022_140821/per_file) by extension 'cmake'
[0.763s] Level 1:colcon.colcon_core.package_identification:_identify(new_data/rvolmea/reports/20251022_140821/per_file) by extension 'python'
[0.763s] Level 1:colcon.colcon_core.package_identification:_identify(new_data/rvolmea/reports/20251022_140821/per_file) by extensions ['python_setup_py']
[0.764s] Level 1:colcon.colcon_core.package_identification:_identify(new_data/rvolmea/reports/20251022_140821/per_file) by extension 'python_setup_py'
[0.764s] Level 1:colcon.colcon_core.package_identification:_identify(new_data/rvolmea/reports/20251022_141447) by extensions ['ignore', 'ignore_ament_install']
[0.764s] Level 1:colcon.colcon_core.package_identification:_identify(new_data/rvolmea/reports/20251022_141447) by extension 'ignore'
[0.764s] Level 1:colcon.colcon_core.package_identification:_identify(new_data/rvolmea/reports/20251022_141447) by extension 'ignore_ament_install'
[0.764s] Level 1:colcon.colcon_core.package_identification:_identify(new_data/rvolmea/reports/20251022_141447) by extensions ['colcon_pkg']
[0.764s] Level 1:colcon.colcon_core.package_identification:_identify(new_data/rvolmea/reports/20251022_141447) by extension 'colcon_pkg'
[0.764s] Level 1:colcon.colcon_core.package_identification:_identify(new_data/rvolmea/reports/20251022_141447) by extensions ['colcon_meta']
[0.764s] Level 1:colcon.colcon_core.package_identification:_identify(new_data/rvolmea/reports/20251022_141447) by extension 'colcon_meta'
[0.765s] Level 1:colcon.colcon_core.package_identification:_identify(new_data/rvolmea/reports/20251022_141447) by extensions ['ros']
[0.765s] Level 1:colcon.colcon_core.package_identification:_identify(new_data/rvolmea/reports/20251022_141447) by extension 'ros'
[0.765s] Level 1:colcon.colcon_core.package_identification:_identify(new_data/rvolmea/reports/20251022_141447) by extensions ['cmake', 'python']
[0.765s] Level 1:colcon.colcon_core.package_identification:_identify(new_data/rvolmea/reports/20251022_141447) by extension 'cmake'
[0.765s] Level 1:colcon.colcon_core.package_identification:_identify(new_data/rvolmea/reports/20251022_141447) by extension 'python'
[0.765s] Level 1:colcon.colcon_core.package_identification:_identify(new_data/rvolmea/reports/20251022_141447) by extensions ['python_setup_py']
[0.765s] Level 1:colcon.colcon_core.package_identification:_identify(new_data/rvolmea/reports/20251022_141447) by extension 'python_setup_py'
[0.765s] Level 1:colcon.colcon_core.package_identification:_identify(new_data/rvolmea/reports/20251022_141447/per_file) by extensions ['ignore', 'ignore_ament_install']
[0.766s] Level 1:colcon.colcon_core.package_identification:_identify(new_data/rvolmea/reports/20251022_141447/per_file) by extension 'ignore'
[0.766s] Level 1:colcon.colcon_core.package_identification:_identify(new_data/rvolmea/reports/20251022_141447/per_file) by extension 'ignore_ament_install'
[0.766s] Level 1:colcon.colcon_core.package_identification:_identify(new_data/rvolmea/reports/20251022_141447/per_file) by extensions ['colcon_pkg']
[0.766s] Level 1:colcon.colcon_core.package_identification:_identify(new_data/rvolmea/reports/20251022_141447/per_file) by extension 'colcon_pkg'
[0.766s] Level 1:colcon.colcon_core.package_identification:_identify(new_data/rvolmea/reports/20251022_141447/per_file) by extensions ['colcon_meta']
[0.766s] Level 1:colcon.colcon_core.package_identification:_identify(new_data/rvolmea/reports/20251022_141447/per_file) by extension 'colcon_meta'
[0.766s] Level 1:colcon.colcon_core.package_identification:_identify(new_data/rvolmea/reports/20251022_141447/per_file) by extensions ['ros']
[0.766s] Level 1:colcon.colcon_core.package_identification:_identify(new_data/rvolmea/reports/20251022_141447/per_file) by extension 'ros'
[0.766s] Level 1:colcon.colcon_core.package_identification:_identify(new_data/rvolmea/reports/20251022_141447/per_file) by extensions ['cmake', 'python']
[0.766s] Level 1:colcon.colcon_core.package_identification:_identify(new_data/rvolmea/reports/20251022_141447/per_file) by extension 'cmake'
[0.767s] Level 1:colcon.colcon_core.package_identification:_identify(new_data/rvolmea/reports/20251022_141447/per_file) by extension 'python'
[0.767s] Level 1:colcon.colcon_core.package_identification:_identify(new_data/rvolmea/reports/20251022_141447/per_file) by extensions ['python_setup_py']
[0.767s] Level 1:colcon.colcon_core.package_identification:_identify(new_data/rvolmea/reports/20251022_141447/per_file) by extension 'python_setup_py'
[0.767s] Level 1:colcon.colcon_core.package_identification:_identify(new_data/rvolmea/reports/20251022_141618) by extensions ['ignore', 'ignore_ament_install']
[0.767s] Level 1:colcon.colcon_core.package_identification:_identify(new_data/rvolmea/reports/20251022_141618) by extension 'ignore'
[0.767s] Level 1:colcon.colcon_core.package_identification:_identify(new_data/rvolmea/reports/20251022_141618) by extension 'ignore_ament_install'
[0.767s] Level 1:colcon.colcon_core.package_identification:_identify(new_data/rvolmea/reports/20251022_141618) by extensions ['colcon_pkg']
[0.767s] Level 1:colcon.colcon_core.package_identification:_identify(new_data/rvolmea/reports/20251022_141618) by extension 'colcon_pkg'
[0.767s] Level 1:colcon.colcon_core.package_identification:_identify(new_data/rvolmea/reports/20251022_141618) by extensions ['colcon_meta']
[0.767s] Level 1:colcon.colcon_core.package_identification:_identify(new_data/rvolmea/reports/20251022_141618) by extension 'colcon_meta'
[0.767s] Level 1:colcon.colcon_core.package_identification:_identify(new_data/rvolmea/reports/20251022_141618) by extensions ['ros']
[0.768s] Level 1:colcon.colcon_core.package_identification:_identify(new_data/rvolmea/reports/20251022_141618) by extension 'ros'
[0.768s] Level 1:colcon.colcon_core.package_identification:_identify(new_data/rvolmea/reports/20251022_141618) by extensions ['cmake', 'python']
[0.768s] Level 1:colcon.colcon_core.package_identification:_identify(new_data/rvolmea/reports/20251022_141618) by extension 'cmake'
[0.768s] Level 1:colcon.colcon_core.package_identification:_identify(new_data/rvolmea/reports/20251022_141618) by extension 'python'
[0.768s] Level 1:colcon.colcon_core.package_identification:_identify(new_data/rvolmea/reports/20251022_141618) by extensions ['python_setup_py']
[0.768s] Level 1:colcon.colcon_core.package_identification:_identify(new_data/rvolmea/reports/20251022_141618) by extension 'python_setup_py'
[0.768s] Level 1:colcon.colcon_core.package_identification:_identify(new_data/rvolmea/reports/20251022_141618/per_file) by extensions ['ignore', 'ignore_ament_install']
[0.769s] Level 1:colcon.colcon_core.package_identification:_identify(new_data/rvolmea/reports/20251022_141618/per_file) by extension 'ignore'
[0.769s] Level 1:colcon.colcon_core.package_identification:_identify(new_data/rvolmea/reports/20251022_141618/per_file) by extension 'ignore_ament_install'
[0.769s] Level 1:colcon.colcon_core.package_identification:_identify(new_data/rvolmea/reports/20251022_141618/per_file) by extensions ['colcon_pkg']
[0.769s] Level 1:colcon.colcon_core.package_identification:_identify(new_data/rvolmea/reports/20251022_141618/per_file) by extension 'colcon_pkg'
[0.769s] Level 1:colcon.colcon_core.package_identification:_identify(new_data/rvolmea/reports/20251022_141618/per_file) by extensions ['colcon_meta']
[0.769s] Level 1:colcon.colcon_core.package_identification:_identify(new_data/rvolmea/reports/20251022_141618/per_file) by extension 'colcon_meta'
[0.769s] Level 1:colcon.colcon_core.package_identification:_identify(new_data/rvolmea/reports/20251022_141618/per_file) by extensions ['ros']
[0.769s] Level 1:colcon.colcon_core.package_identification:_identify(new_data/rvolmea/reports/20251022_141618/per_file) by extension 'ros'
[0.770s] Level 1:colcon.colcon_core.package_identification:_identify(new_data/rvolmea/reports/20251022_141618/per_file) by extensions ['cmake', 'python']
[0.770s] Level 1:colcon.colcon_core.package_identification:_identify(new_data/rvolmea/reports/20251022_141618/per_file) by extension 'cmake'
[0.770s] Level 1:colcon.colcon_core.package_identification:_identify(new_data/rvolmea/reports/20251022_141618/per_file) by extension 'python'
[0.770s] Level 1:colcon.colcon_core.package_identification:_identify(new_data/rvolmea/reports/20251022_141618/per_file) by extensions ['python_setup_py']
[0.770s] Level 1:colcon.colcon_core.package_identification:_identify(new_data/rvolmea/reports/20251022_141618/per_file) by extension 'python_setup_py'
[0.770s] Level 1:colcon.colcon_core.package_identification:_identify(new_data/rvolmea/reports/20251203_103103) by extensions ['ignore', 'ignore_ament_install']
[0.770s] Level 1:colcon.colcon_core.package_identification:_identify(new_data/rvolmea/reports/20251203_103103) by extension 'ignore'
[0.770s] Level 1:colcon.colcon_core.package_identification:_identify(new_data/rvolmea/reports/20251203_103103) by extension 'ignore_ament_install'
[0.770s] Level 1:colcon.colcon_core.package_identification:_identify(new_data/rvolmea/reports/20251203_103103) by extensions ['colcon_pkg']
[0.771s] Level 1:colcon.colcon_core.package_identification:_identify(new_data/rvolmea/reports/20251203_103103) by extension 'colcon_pkg'
[0.771s] Level 1:colcon.colcon_core.package_identification:_identify(new_data/rvolmea/reports/20251203_103103) by extensions ['colcon_meta']
[0.771s] Level 1:colcon.colcon_core.package_identification:_identify(new_data/rvolmea/reports/20251203_103103) by extension 'colcon_meta'
[0.771s] Level 1:colcon.colcon_core.package_identification:_identify(new_data/rvolmea/reports/20251203_103103) by extensions ['ros']
[0.771s] Level 1:colcon.colcon_core.package_identification:_identify(new_data/rvolmea/reports/20251203_103103) by extension 'ros'
[0.771s] Level 1:colcon.colcon_core.package_identification:_identify(new_data/rvolmea/reports/20251203_103103) by extensions ['cmake', 'python']
[0.771s] Level 1:colcon.colcon_core.package_identification:_identify(new_data/rvolmea/reports/20251203_103103) by extension 'cmake'
[0.771s] Level 1:colcon.colcon_core.package_identification:_identify(new_data/rvolmea/reports/20251203_103103) by extension 'python'
[0.771s] Level 1:colcon.colcon_core.package_identification:_identify(new_data/rvolmea/reports/20251203_103103) by extensions ['python_setup_py']
[0.771s] Level 1:colcon.colcon_core.package_identification:_identify(new_data/rvolmea/reports/20251203_103103) by extension 'python_setup_py'
[0.772s] Level 1:colcon.colcon_core.package_identification:_identify(new_data/rvolmea/reports/20251203_103103/per_file) by extensions ['ignore', 'ignore_ament_install']
[0.772s] Level 1:colcon.colcon_core.package_identification:_identify(new_data/rvolmea/reports/20251203_103103/per_file) by extension 'ignore'
[0.772s] Level 1:colcon.colcon_core.package_identification:_identify(new_data/rvolmea/reports/20251203_103103/per_file) by extension 'ignore_ament_install'
[0.772s] Level 1:colcon.colcon_core.package_identification:_identify(new_data/rvolmea/reports/20251203_103103/per_file) by extensions ['colcon_pkg']
[0.772s] Level 1:colcon.colcon_core.package_identification:_identify(new_data/rvolmea/reports/20251203_103103/per_file) by extension 'colcon_pkg'
[0.772s] Level 1:colcon.colcon_core.package_identification:_identify(new_data/rvolmea/reports/20251203_103103/per_file) by extensions ['colcon_meta']
[0.772s] Level 1:colcon.colcon_core.package_identification:_identify(new_data/rvolmea/reports/20251203_103103/per_file) by extension 'colcon_meta'
[0.773s] Level 1:colcon.colcon_core.package_identification:_identify(new_data/rvolmea/reports/20251203_103103/per_file) by extensions ['ros']
[0.773s] Level 1:colcon.colcon_core.package_identification:_identify(new_data/rvolmea/reports/20251203_103103/per_file) by extension 'ros'
[0.773s] Level 1:colcon.colcon_core.package_identification:_identify(new_data/rvolmea/reports/20251203_103103/per_file) by extensions ['cmake', 'python']
[0.773s] Level 1:colcon.colcon_core.package_identification:_identify(new_data/rvolmea/reports/20251203_103103/per_file) by extension 'cmake'
[0.773s] Level 1:colcon.colcon_core.package_identification:_identify(new_data/rvolmea/reports/20251203_103103/per_file) by extension 'python'
[0.773s] Level 1:colcon.colcon_core.package_identification:_identify(new_data/rvolmea/reports/20251203_103103/per_file) by extensions ['python_setup_py']
[0.773s] Level 1:colcon.colcon_core.package_identification:_identify(new_data/rvolmea/reports/20251203_103103/per_file) by extension 'python_setup_py'
[0.774s] Level 1:colcon.colcon_core.package_identification:_identify(real_data) by extensions ['ignore', 'ignore_ament_install']
[0.774s] Level 1:colcon.colcon_core.package_identification:_identify(real_data) by extension 'ignore'
[0.774s] Level 1:colcon.colcon_core.package_identification:_identify(real_data) by extension 'ignore_ament_install'
[0.774s] Level 1:colcon.colcon_core.package_identification:_identify(real_data) by extensions ['colcon_pkg']
[0.774s] Level 1:colcon.colcon_core.package_identification:_identify(real_data) by extension 'colcon_pkg'
[0.774s] Level 1:colcon.colcon_core.package_identification:_identify(real_data) by extensions ['colcon_meta']
[0.774s] Level 1:colcon.colcon_core.package_identification:_identify(real_data) by extension 'colcon_meta'
[0.774s] Level 1:colcon.colcon_core.package_identification:_identify(real_data) by extensions ['ros']
[0.774s] Level 1:colcon.colcon_core.package_identification:_identify(real_data) by extension 'ros'
[0.775s] Level 1:colcon.colcon_core.package_identification:_identify(real_data) by extensions ['cmake', 'python']
[0.775s] Level 1:colcon.colcon_core.package_identification:_identify(real_data) by extension 'cmake'
[0.775s] Level 1:colcon.colcon_core.package_identification:_identify(real_data) by extension 'python'
[0.775s] Level 1:colcon.colcon_core.package_identification:_identify(real_data) by extensions ['python_setup_py']
[0.775s] Level 1:colcon.colcon_core.package_identification:_identify(real_data) by extension 'python_setup_py'
[0.775s] Level 1:colcon.colcon_core.package_identification:_identify(real_data/pid) by extensions ['ignore', 'ignore_ament_install']
[0.775s] Level 1:colcon.colcon_core.package_identification:_identify(real_data/pid) by extension 'ignore'
[0.775s] Level 1:colcon.colcon_core.package_identification:_identify(real_data/pid) by extension 'ignore_ament_install'
[0.776s] Level 1:colcon.colcon_core.package_identification:_identify(real_data/pid) by extensions ['colcon_pkg']
[0.776s] Level 1:colcon.colcon_core.package_identification:_identify(real_data/pid) by extension 'colcon_pkg'
[0.776s] Level 1:colcon.colcon_core.package_identification:_identify(real_data/pid) by extensions ['colcon_meta']
[0.776s] Level 1:colcon.colcon_core.package_identification:_identify(real_data/pid) by extension 'colcon_meta'
[0.776s] Level 1:colcon.colcon_core.package_identification:_identify(real_data/pid) by extensions ['ros']
[0.776s] Level 1:colcon.colcon_core.package_identification:_identify(real_data/pid) by extension 'ros'
[0.776s] Level 1:colcon.colcon_core.package_identification:_identify(real_data/pid) by extensions ['cmake', 'python']
[0.776s] Level 1:colcon.colcon_core.package_identification:_identify(real_data/pid) by extension 'cmake'
[0.776s] Level 1:colcon.colcon_core.package_identification:_identify(real_data/pid) by extension 'python'
[0.776s] Level 1:colcon.colcon_core.package_identification:_identify(real_data/pid) by extensions ['python_setup_py']
[0.776s] Level 1:colcon.colcon_core.package_identification:_identify(real_data/pid) by extension 'python_setup_py'
[0.777s] Level 1:colcon.colcon_core.package_identification:_identify(real_data/rvolmea) by extensions ['ignore', 'ignore_ament_install']
[0.777s] Level 1:colcon.colcon_core.package_identification:_identify(real_data/rvolmea) by extension 'ignore'
[0.777s] Level 1:colcon.colcon_core.package_identification:_identify(real_data/rvolmea) by extension 'ignore_ament_install'
[0.777s] Level 1:colcon.colcon_core.package_identification:_identify(real_data/rvolmea) by extensions ['colcon_pkg']
[0.777s] Level 1:colcon.colcon_core.package_identification:_identify(real_data/rvolmea) by extension 'colcon_pkg'
[0.777s] Level 1:colcon.colcon_core.package_identification:_identify(real_data/rvolmea) by extensions ['colcon_meta']
[0.777s] Level 1:colcon.colcon_core.package_identification:_identify(real_data/rvolmea) by extension 'colcon_meta'
[0.777s] Level 1:colcon.colcon_core.package_identification:_identify(real_data/rvolmea) by extensions ['ros']
[0.777s] Level 1:colcon.colcon_core.package_identification:_identify(real_data/rvolmea) by extension 'ros'
[0.777s] Level 1:colcon.colcon_core.package_identification:_identify(real_data/rvolmea) by extensions ['cmake', 'python']
[0.778s] Level 1:colcon.colcon_core.package_identification:_identify(real_data/rvolmea) by extension 'cmake'
[0.778s] Level 1:colcon.colcon_core.package_identification:_identify(real_data/rvolmea) by extension 'python'
[0.778s] Level 1:colcon.colcon_core.package_identification:_identify(real_data/rvolmea) by extensions ['python_setup_py']
[0.778s] Level 1:colcon.colcon_core.package_identification:_identify(real_data/rvolmea) by extension 'python_setup_py'
[0.778s] Level 1:colcon.colcon_core.package_identification:_identify(src) by extensions ['ignore', 'ignore_ament_install']
[0.778s] Level 1:colcon.colcon_core.package_identification:_identify(src) by extension 'ignore'
[0.778s] Level 1:colcon.colcon_core.package_identification:_identify(src) by extension 'ignore_ament_install'
[0.778s] Level 1:colcon.colcon_core.package_identification:_identify(src) by extensions ['colcon_pkg']
[0.779s] Level 1:colcon.colcon_core.package_identification:_identify(src) by extension 'colcon_pkg'
[0.779s] Level 1:colcon.colcon_core.package_identification:_identify(src) by extensions ['colcon_meta']
[0.779s] Level 1:colcon.colcon_core.package_identification:_identify(src) by extension 'colcon_meta'
[0.779s] Level 1:colcon.colcon_core.package_identification:_identify(src) by extensions ['ros']
[0.779s] Level 1:colcon.colcon_core.package_identification:_identify(src) by extension 'ros'
[0.779s] Level 1:colcon.colcon_core.package_identification:_identify(src) by extensions ['cmake', 'python']
[0.779s] Level 1:colcon.colcon_core.package_identification:_identify(src) by extension 'cmake'
[0.779s] Level 1:colcon.colcon_core.package_identification:_identify(src) by extension 'python'
[0.779s] Level 1:colcon.colcon_core.package_identification:_identify(src) by extensions ['python_setup_py']
[0.779s] Level 1:colcon.colcon_core.package_identification:_identify(src) by extension 'python_setup_py'
[0.780s] Level 1:colcon.colcon_core.package_identification:_identify(src/ai_motor_controller) by extensions ['ignore', 'ignore_ament_install']
[0.780s] Level 1:colcon.colcon_core.package_identification:_identify(src/ai_motor_controller) by extension 'ignore'
[0.780s] Level 1:colcon.colcon_core.package_identification:_identify(src/ai_motor_controller) by extension 'ignore_ament_install'
[0.780s] Level 1:colcon.colcon_core.package_identification:_identify(src/ai_motor_controller) by extensions ['colcon_pkg']
[0.780s] Level 1:colcon.colcon_core.package_identification:_identify(src/ai_motor_controller) by extension 'colcon_pkg'
[0.780s] Level 1:colcon.colcon_core.package_identification:_identify(src/ai_motor_controller) by extensions ['colcon_meta']
[0.780s] Level 1:colcon.colcon_core.package_identification:_identify(src/ai_motor_controller) by extension 'colcon_meta'
[0.780s] Level 1:colcon.colcon_core.package_identification:_identify(src/ai_motor_controller) by extensions ['ros']
[0.780s] Level 1:colcon.colcon_core.package_identification:_identify(src/ai_motor_controller) by extension 'ros'
[0.794s] DEBUG:colcon.colcon_core.package_identification:Package 'src/ai_motor_controller' with type 'ros.ament_cmake' and name 'ai_motor_controller'
[0.794s] Level 1:colcon.colcon_core.package_discovery:discover_packages(recursive) using defaults
[0.794s] Level 1:colcon.colcon_core.package_discovery:discover_packages(ignore) discover
[0.794s] Level 1:colcon.colcon_core.package_discovery:discover_packages(ignore) using defaults
[0.794s] Level 1:colcon.colcon_core.package_discovery:discover_packages(path) discover
[0.794s] Level 1:colcon.colcon_core.package_discovery:discover_packages(path) using defaults
[0.865s] Level 1:colcon.colcon_core.package_discovery:discover_packages(prefix_path) check parameters
[0.865s] Level 1:colcon.colcon_core.package_discovery:discover_packages(prefix_path) discover
[0.874s] DEBUG:colcon.colcon_installed_package_information.package_discovery:Found 1 installed packages in /home/lunet/ttcc4/direct_motor_control_ws/install
[0.876s] DEBUG:colcon.colcon_installed_package_information.package_discovery:Found 2 installed packages in /home/lunet/ttcc4/ws_sensor_combined/install
[0.881s] DEBUG:colcon.colcon_installed_package_information.package_discovery:Found 319 installed packages in /opt/ros/rolling
[0.888s] Level 1:colcon.colcon_core.package_discovery:discover_packages(prefix_path) using defaults
[1.012s] Level 5:colcon.colcon_core.verb:set package 'ai_motor_controller' build argument 'cmake_args' from command line to 'None'
[1.013s] Level 5:colcon.colcon_core.verb:set package 'ai_motor_controller' build argument 'cmake_target' from command line to 'None'
[1.013s] Level 5:colcon.colcon_core.verb:set package 'ai_motor_controller' build argument 'cmake_target_skip_unavailable' from command line to 'False'
[1.013s] Level 5:colcon.colcon_core.verb:set package 'ai_motor_controller' build argument 'cmake_clean_cache' from command line to 'False'
[1.013s] Level 5:colcon.colcon_core.verb:set package 'ai_motor_controller' build argument 'cmake_clean_first' from command line to 'False'
[1.013s] Level 5:colcon.colcon_core.verb:set package 'ai_motor_controller' build argument 'cmake_force_configure' from command line to 'False'
[1.013s] Level 5:colcon.colcon_core.verb:set package 'ai_motor_controller' build argument 'ament_cmake_args' from command line to 'None'
[1.013s] Level 5:colcon.colcon_core.verb:set package 'ai_motor_controller' build argument 'catkin_cmake_args' from command line to 'None'
[1.013s] Level 5:colcon.colcon_core.verb:set package 'ai_motor_controller' build argument 'catkin_skip_building_tests' from command line to 'False'
[1.013s] DEBUG:colcon.colcon_core.verb:Building package 'ai_motor_controller' with the following arguments: {'ament_cmake_args': None, 'build_base': '/home/lunet/ttcc4/direct_motor_control_ws/build/ai_motor_controller', 'catkin_cmake_args': None, 'catkin_skip_building_tests': False, 'cmake_args': None, 'cmake_clean_cache': False, 'cmake_clean_first': False, 'cmake_force_configure': False, 'cmake_target': None, 'cmake_target_skip_unavailable': False, 'install_base': '/home/lunet/ttcc4/direct_motor_control_ws/install/ai_motor_controller', 'merge_install': False, 'path': '/home/lunet/ttcc4/direct_motor_control_ws/src/ai_motor_controller', 'symlink_install': False, 'test_result_base': None}
[1.014s] INFO:colcon.colcon_core.executor:Executing jobs using 'parallel' executor
[1.017s] DEBUG:colcon.colcon_parallel_executor.executor.parallel:run_until_complete
[1.017s] INFO:colcon.colcon_ros.task.ament_cmake.build:Building ROS package in '/home/lunet/ttcc4/direct_motor_control_ws/src/ai_motor_controller' with build type 'ament_cmake'
[1.018s] INFO:colcon.colcon_cmake.task.cmake.build:Building CMake package in '/home/lunet/ttcc4/direct_motor_control_ws/src/ai_motor_controller'
[1.038s] INFO:colcon.colcon_core.plugin_system:Skipping extension 'colcon_core.shell.bat': Not used on non-Windows systems
[1.039s] INFO:colcon.colcon_core.shell:Skip shell extension 'powershell' for command environment: Not usable outside of PowerShell
[1.039s] DEBUG:colcon.colcon_core.shell:Skip shell extension 'dsv' for command environment
[1.076s] DEBUG:colcon.colcon_core.event_handler.log_command:Invoking command in '/home/lunet/ttcc4/direct_motor_control_ws/build/ai_motor_controller': CMAKE_PREFIX_PATH=${CMAKE_PREFIX_PATH}:/opt/ros/rolling CONDA_PROMPT_MODIFIER=(base) DEBUGINFOD_URLS=https://debuginfod.ubuntu.com /home/lunet/ttcc4/anaconda3/bin/cmake --build /home/lunet/ttcc4/direct_motor_control_ws/build/ai_motor_controller -- -j8 -l8
[113.960s] DEBUG:colcon.colcon_core.event_handler.log_command:Invoked command in '/home/lunet/ttcc4/direct_motor_control_ws/build/ai_motor_controller' returned '0': CMAKE_PREFIX_PATH=${CMAKE_PREFIX_PATH}:/opt/ros/rolling CONDA_PROMPT_MODIFIER=(base) DEBUGINFOD_URLS=https://debuginfod.ubuntu.com /home/lunet/ttcc4/anaconda3/bin/cmake --build /home/lunet/ttcc4/direct_motor_control_ws/build/ai_motor_controller -- -j8 -l8
[114.063s] DEBUG:colcon.colcon_core.event_handler.log_command:Invoking command in '/home/lunet/ttcc4/direct_motor_control_ws/build/ai_motor_controller': CMAKE_PREFIX_PATH=${CMAKE_PREFIX_PATH}:/opt/ros/rolling CONDA_PROMPT_MODIFIER=(base) DEBUGINFOD_URLS=https://debuginfod.ubuntu.com /home/lunet/ttcc4/anaconda3/bin/cmake --install /home/lunet/ttcc4/direct_motor_control_ws/build/ai_motor_controller
[114.231s] Level 1:colcon.colcon_core.environment:create_environment_scripts_only(ai_motor_controller)
[114.232s] DEBUG:colcon.colcon_core.event_handler.log_command:Invoked command in '/home/lunet/ttcc4/direct_motor_control_ws/build/ai_motor_controller' returned '0': CMAKE_PREFIX_PATH=${CMAKE_PREFIX_PATH}:/opt/ros/rolling CONDA_PROMPT_MODIFIER=(base) DEBUGINFOD_URLS=https://debuginfod.ubuntu.com /home/lunet/ttcc4/anaconda3/bin/cmake --install /home/lunet/ttcc4/direct_motor_control_ws/build/ai_motor_controller
[114.237s] Level 1:colcon.colcon_core.environment:checking '/home/lunet/ttcc4/direct_motor_control_ws/install/ai_motor_controller' for CMake module files
[114.238s] Level 1:colcon.colcon_core.environment:checking '/home/lunet/ttcc4/direct_motor_control_ws/install/ai_motor_controller' for CMake config files
[114.239s] Level 1:colcon.colcon_core.shell:create_environment_hook('ai_motor_controller', 'cmake_prefix_path')
[114.240s] INFO:colcon.colcon_core.shell:Creating environment hook '/home/lunet/ttcc4/direct_motor_control_ws/install/ai_motor_controller/share/ai_motor_controller/hook/cmake_prefix_path.ps1'
[114.243s] INFO:colcon.colcon_core.shell:Creating environment descriptor '/home/lunet/ttcc4/direct_motor_control_ws/install/ai_motor_controller/share/ai_motor_controller/hook/cmake_prefix_path.dsv'
[114.245s] INFO:colcon.colcon_core.shell:Creating environment hook '/home/lunet/ttcc4/direct_motor_control_ws/install/ai_motor_controller/share/ai_motor_controller/hook/cmake_prefix_path.sh'
[114.247s] Level 1:colcon.colcon_core.environment:checking '/home/lunet/ttcc4/direct_motor_control_ws/install/ai_motor_controller/lib'
[114.248s] Level 1:colcon.colcon_core.environment:checking '/home/lunet/ttcc4/direct_motor_control_ws/install/ai_motor_controller/bin'
[114.248s] Level 1:colcon.colcon_core.environment:checking '/home/lunet/ttcc4/direct_motor_control_ws/install/ai_motor_controller/lib/pkgconfig/ai_motor_controller.pc'
[114.249s] Level 1:colcon.colcon_core.environment:checking '/home/lunet/ttcc4/direct_motor_control_ws/install/ai_motor_controller/lib/python3.12/site-packages'
[114.249s] Level 1:colcon.colcon_core.environment:checking '/home/lunet/ttcc4/direct_motor_control_ws/install/ai_motor_controller/bin'
[114.249s] INFO:colcon.colcon_core.shell:Creating package script '/home/lunet/ttcc4/direct_motor_control_ws/install/ai_motor_controller/share/ai_motor_controller/package.ps1'
[114.251s] INFO:colcon.colcon_core.shell:Creating package descriptor '/home/lunet/ttcc4/direct_motor_control_ws/install/ai_motor_controller/share/ai_motor_controller/package.dsv'
[114.253s] INFO:colcon.colcon_core.shell:Creating package script '/home/lunet/ttcc4/direct_motor_control_ws/install/ai_motor_controller/share/ai_motor_controller/package.sh'
[114.254s] INFO:colcon.colcon_core.shell:Creating package script '/home/lunet/ttcc4/direct_motor_control_ws/install/ai_motor_controller/share/ai_motor_controller/package.bash'
[114.255s] INFO:colcon.colcon_core.shell:Creating package script '/home/lunet/ttcc4/direct_motor_control_ws/install/ai_motor_controller/share/ai_motor_controller/package.zsh'
[114.257s] Level 1:colcon.colcon_core.environment:create_file_with_runtime_dependencies(/home/lunet/ttcc4/direct_motor_control_ws/install/ai_motor_controller/share/colcon-core/packages/ai_motor_controller)
[114.259s] Level 1:colcon.colcon_core.environment:create_environment_scripts_only(ai_motor_controller)
[114.259s] Level 1:colcon.colcon_core.environment:checking '/home/lunet/ttcc4/direct_motor_control_ws/install/ai_motor_controller' for CMake module files
[114.260s] Level 1:colcon.colcon_core.environment:checking '/home/lunet/ttcc4/direct_motor_control_ws/install/ai_motor_controller' for CMake config files
[114.261s] Level 1:colcon.colcon_core.shell:create_environment_hook('ai_motor_controller', 'cmake_prefix_path')
[114.261s] INFO:colcon.colcon_core.shell:Creating environment hook '/home/lunet/ttcc4/direct_motor_control_ws/install/ai_motor_controller/share/ai_motor_controller/hook/cmake_prefix_path.ps1'
[114.263s] INFO:colcon.colcon_core.shell:Creating environment descriptor '/home/lunet/ttcc4/direct_motor_control_ws/install/ai_motor_controller/share/ai_motor_controller/hook/cmake_prefix_path.dsv'
[114.264s] INFO:colcon.colcon_core.shell:Creating environment hook '/home/lunet/ttcc4/direct_motor_control_ws/install/ai_motor_controller/share/ai_motor_controller/hook/cmake_prefix_path.sh'
[114.265s] Level 1:colcon.colcon_core.environment:checking '/home/lunet/ttcc4/direct_motor_control_ws/install/ai_motor_controller/lib'
[114.266s] Level 1:colcon.colcon_core.environment:checking '/home/lunet/ttcc4/direct_motor_control_ws/install/ai_motor_controller/bin'
[114.266s] Level 1:colcon.colcon_core.environment:checking '/home/lunet/ttcc4/direct_motor_control_ws/install/ai_motor_controller/lib/pkgconfig/ai_motor_controller.pc'
[114.266s] Level 1:colcon.colcon_core.environment:checking '/home/lunet/ttcc4/direct_motor_control_ws/install/ai_motor_controller/lib/python3.12/site-packages'
[114.266s] Level 1:colcon.colcon_core.environment:checking '/home/lunet/ttcc4/direct_motor_control_ws/install/ai_motor_controller/bin'
[114.267s] INFO:colcon.colcon_core.shell:Creating package script '/home/lunet/ttcc4/direct_motor_control_ws/install/ai_motor_controller/share/ai_motor_controller/package.ps1'
[114.267s] INFO:colcon.colcon_core.shell:Creating package descriptor '/home/lunet/ttcc4/direct_motor_control_ws/install/ai_motor_controller/share/ai_motor_controller/package.dsv'
[114.268s] INFO:colcon.colcon_core.shell:Creating package script '/home/lunet/ttcc4/direct_motor_control_ws/install/ai_motor_controller/share/ai_motor_controller/package.sh'
[114.269s] INFO:colcon.colcon_core.shell:Creating package script '/home/lunet/ttcc4/direct_motor_control_ws/install/ai_motor_controller/share/ai_motor_controller/package.bash'
[114.271s] INFO:colcon.colcon_core.shell:Creating package script '/home/lunet/ttcc4/direct_motor_control_ws/install/ai_motor_controller/share/ai_motor_controller/package.zsh'
[114.273s] Level 1:colcon.colcon_core.environment:create_file_with_runtime_dependencies(/home/lunet/ttcc4/direct_motor_control_ws/install/ai_motor_controller/share/colcon-core/packages/ai_motor_controller)
[114.274s] DEBUG:colcon.colcon_parallel_executor.executor.parallel:closing loop
[114.274s] DEBUG:colcon.colcon_parallel_executor.executor.parallel:loop closed
[114.274s] DEBUG:colcon.colcon_parallel_executor.executor.parallel:run_until_complete finished with '0'
[114.274s] DEBUG:colcon.colcon_core.event_reactor:joining thread
[114.291s] INFO:colcon.colcon_core.plugin_system:Skipping extension 'colcon_notification.desktop_notification.terminal_notifier': Not used on non-Darwin systems
[114.291s] INFO:colcon.colcon_core.plugin_system:Skipping extension 'colcon_notification.desktop_notification.win32': Not used on non-Windows systems
[114.291s] INFO:colcon.colcon_notification.desktop_notification:Sending desktop notification using 'notify2'
[114.347s] DEBUG:colcon.colcon_core.event_reactor:joined thread
[114.349s] INFO:colcon.colcon_core.shell:Creating prefix script '/home/lunet/ttcc4/direct_motor_control_ws/install/local_setup.ps1'
[114.350s] INFO:colcon.colcon_core.shell:Creating prefix util module '/home/lunet/ttcc4/direct_motor_control_ws/install/_local_setup_util_ps1.py'
[114.352s] INFO:colcon.colcon_core.shell:Creating prefix chain script '/home/lunet/ttcc4/direct_motor_control_ws/install/setup.ps1'
[114.354s] INFO:colcon.colcon_core.shell:Creating prefix script '/home/lunet/ttcc4/direct_motor_control_ws/install/local_setup.sh'
[114.356s] INFO:colcon.colcon_core.shell:Creating prefix util module '/home/lunet/ttcc4/direct_motor_control_ws/install/_local_setup_util_sh.py'
[114.357s] INFO:colcon.colcon_core.shell:Creating prefix chain script '/home/lunet/ttcc4/direct_motor_control_ws/install/setup.sh'
[114.360s] INFO:colcon.colcon_core.shell:Creating prefix script '/home/lunet/ttcc4/direct_motor_control_ws/install/local_setup.bash'
[114.361s] INFO:colcon.colcon_core.shell:Creating prefix chain script '/home/lunet/ttcc4/direct_motor_control_ws/install/setup.bash'
[114.362s] INFO:colcon.colcon_core.shell:Creating prefix script '/home/lunet/ttcc4/direct_motor_control_ws/install/local_setup.zsh'
[114.363s] INFO:colcon.colcon_core.shell:Creating prefix chain script '/home/lunet/ttcc4/direct_motor_control_ws/install/setup.zsh'
