[0.013s] Invoking command in '/home/lunet/ttcc4/direct_motor_control_ws/build/ai_motor_controller': CMAKE_PREFIX_PATH=${CMAKE_PREFIX_PATH}:/opt/ros/rolling CONDA_PROMPT_MODIFIER=(base) DEBUGINFOD_URLS=https://debuginfod.ubuntu.com /home/lunet/ttcc4/anaconda3/bin/cmake --build /home/lunet/ttcc4/direct_motor_control_ws/build/ai_motor_controller -- -j8 -l8
[0.075s] [ 50%] Built target wrench
[0.081s] [ 75%] [32mBuilding CXX object CMakeFiles/lemniscate.dir/src/lemniscate.cpp.o[0m
[34.346s] [01m[K/home/lunet/ttcc4/direct_motor_control_ws/src/ai_motor_controller/src/lemniscate.cpp:[m[K In member function ‘[01m[Kvoid OffboardControl::[01;32m[KrvolmeaControl[m[K()[m[K’:
[34.346s] [01m[K/home/lunet/ttcc4/direct_motor_control_ws/src/ai_motor_controller/src/lemniscate.cpp:603:21:[m[K [01;35m[Kwarning: [m[Kunused variable ‘[01m[Kmax_thrust[m[K’ [[01;35m[K-Wunused-variable[m[K]
[34.346s]   603 |     constexpr float [01;35m[Kmax_thrust[m[K = 44.0f;
[34.346s]       |                     [01;35m[K^~~~~~~~~~[m[K
[34.346s] [01m[K/home/lunet/ttcc4/direct_motor_control_ws/src/ai_motor_controller/src/lemniscate.cpp:614:21:[m[K [01;35m[Kwarning: [m[Kvariable ‘[01m[Kangular_velocity[m[K’ set but not used [[01;35m[K-Wunused-but-set-variable[m[K]
[34.346s]   614 |     Eigen::Vector3f [01;35m[Kangular_velocity[m[K = Eigen::Vector3f(local_angular_velocity_x_, local_angular_velocity_y_, local_angular_velocity_z_);
[34.346s]       |                     [01;35m[K^~~~~~~~~~~~~~~~[m[K
[34.363s] [100%] [32m[1mLinking CXX executable lemniscate[0m
[36.024s] [100%] Built target lemniscate
[36.034s] Invoked command in '/home/lunet/ttcc4/direct_motor_control_ws/build/ai_motor_controller' returned '0': CMAKE_PREFIX_PATH=${CMAKE_PREFIX_PATH}:/opt/ros/rolling CONDA_PROMPT_MODIFIER=(base) DEBUGINFOD_URLS=https://debuginfod.ubuntu.com /home/lunet/ttcc4/anaconda3/bin/cmake --build /home/lunet/ttcc4/direct_motor_control_ws/build/ai_motor_controller -- -j8 -l8
[36.081s] Invoking command in '/home/lunet/ttcc4/direct_motor_control_ws/build/ai_motor_controller': CMAKE_PREFIX_PATH=${CMAKE_PREFIX_PATH}:/opt/ros/rolling CONDA_PROMPT_MODIFIER=(base) DEBUGINFOD_URLS=https://debuginfod.ubuntu.com /home/lunet/ttcc4/anaconda3/bin/cmake --install /home/lunet/ttcc4/direct_motor_control_ws/build/ai_motor_controller
[36.117s] -- Install configuration: ""
[36.118s] -- Installing: /home/lunet/ttcc4/direct_motor_control_ws/install/ai_motor_controller/lib/ai_motor_controller/lemniscate
[36.138s] -- Set runtime path of "/home/lunet/ttcc4/direct_motor_control_ws/install/ai_motor_controller/lib/ai_motor_controller/lemniscate" to ""
[36.140s] -- Up-to-date: /home/lunet/ttcc4/direct_motor_control_ws/install/ai_motor_controller/lib/ai_motor_controller/wrench
[36.140s] -- Up-to-date: /home/lunet/ttcc4/direct_motor_control_ws/install/ai_motor_controller/share/ai_motor_controller//launch
[36.140s] -- Up-to-date: /home/lunet/ttcc4/direct_motor_control_ws/install/ai_motor_controller/share/ai_motor_controller//launch/lemniscate_launch.py
[36.140s] -- Up-to-date: /home/lunet/ttcc4/direct_motor_control_ws/install/ai_motor_controller/share/ai_motor_controller//launch/traj.csv
[36.140s] -- Up-to-date: /home/lunet/ttcc4/direct_motor_control_ws/install/ai_motor_controller/share/ai_motor_controller//launch/wrench_launch.py
[36.140s] -- Up-to-date: /home/lunet/ttcc4/direct_motor_control_ws/install/ai_motor_controller/share/ai_motor_controller//launch/__pycache__
[36.140s] -- Up-to-date: /home/lunet/ttcc4/direct_motor_control_ws/install/ai_motor_controller/share/ai_motor_controller//launch/__pycache__/wrench_launch.cpython-312.pyc
[36.140s] -- Up-to-date: /home/lunet/ttcc4/direct_motor_control_ws/install/ai_motor_controller/share/ai_motor_controller//config
[36.140s] -- Up-to-date: /home/lunet/ttcc4/direct_motor_control_ws/install/ai_motor_controller/share/ai_motor_controller//config/pid_params.yaml
[36.141s] -- Up-to-date: /home/lunet/ttcc4/direct_motor_control_ws/install/ai_motor_controller/share/ament_index/resource_index/package_run_dependencies/ai_motor_controller
[36.141s] -- Up-to-date: /home/lunet/ttcc4/direct_motor_control_ws/install/ai_motor_controller/share/ament_index/resource_index/parent_prefix_path/ai_motor_controller
[36.141s] -- Up-to-date: /home/lunet/ttcc4/direct_motor_control_ws/install/ai_motor_controller/share/ai_motor_controller/environment/ament_prefix_path.sh
[36.141s] -- Up-to-date: /home/lunet/ttcc4/direct_motor_control_ws/install/ai_motor_controller/share/ai_motor_controller/environment/ament_prefix_path.dsv
[36.141s] -- Up-to-date: /home/lunet/ttcc4/direct_motor_control_ws/install/ai_motor_controller/share/ai_motor_controller/environment/path.sh
[36.142s] -- Up-to-date: /home/lunet/ttcc4/direct_motor_control_ws/install/ai_motor_controller/share/ai_motor_controller/environment/path.dsv
[36.142s] -- Up-to-date: /home/lunet/ttcc4/direct_motor_control_ws/install/ai_motor_controller/share/ai_motor_controller/local_setup.bash
[36.142s] -- Up-to-date: /home/lunet/ttcc4/direct_motor_control_ws/install/ai_motor_controller/share/ai_motor_controller/local_setup.sh
[36.142s] -- Up-to-date: /home/lunet/ttcc4/direct_motor_control_ws/install/ai_motor_controller/share/ai_motor_controller/local_setup.zsh
[36.142s] -- Up-to-date: /home/lunet/ttcc4/direct_motor_control_ws/install/ai_motor_controller/share/ai_motor_controller/local_setup.dsv
[36.142s] -- Installing: /home/lunet/ttcc4/direct_motor_control_ws/install/ai_motor_controller/share/ai_motor_controller/package.dsv
[36.142s] -- Up-to-date: /home/lunet/ttcc4/direct_motor_control_ws/install/ai_motor_controller/share/ament_index/resource_index/packages/ai_motor_controller
[36.142s] -- Up-to-date: /home/lunet/ttcc4/direct_motor_control_ws/install/ai_motor_controller/share/ai_motor_controller/cmake/ament_cmake_export_dependencies-extras.cmake
[36.143s] -- Up-to-date: /home/lunet/ttcc4/direct_motor_control_ws/install/ai_motor_controller/share/ai_motor_controller/cmake/ai_motor_controllerConfig.cmake
[36.143s] -- Up-to-date: /home/lunet/ttcc4/direct_motor_control_ws/install/ai_motor_controller/share/ai_motor_controller/cmake/ai_motor_controllerConfig-version.cmake
[36.143s] -- Up-to-date: /home/lunet/ttcc4/direct_motor_control_ws/install/ai_motor_controller/share/ai_motor_controller/package.xml
[36.147s] Invoked command in '/home/lunet/ttcc4/direct_motor_control_ws/build/ai_motor_controller' returned '0': CMAKE_PREFIX_PATH=${CMAKE_PREFIX_PATH}:/opt/ros/rolling CONDA_PROMPT_MODIFIER=(base) DEBUGINFOD_URLS=https://debuginfod.ubuntu.com /home/lunet/ttcc4/anaconda3/bin/cmake --install /home/lunet/ttcc4/direct_motor_control_ws/build/ai_motor_controller
