[0.165s] DEBUG:colcon:Command line arguments: ['/usr/bin/colcon', 'build']
[0.165s] DEBUG:colcon:Parsed command line arguments: Namespace(log_base=None, log_level=None, verb_name='build', build_base='build', install_base='install', merge_install=False, symlink_install=False, test_result_base=None, continue_on_error=False, executor='parallel', parallel_workers=8, event_handlers=None, ignore_user_meta=False, metas=['./colcon.meta'], base_paths=['.'], packages_ignore=None, packages_ignore_regex=None, paths=None, packages_up_to=None, packages_up_to_regex=None, packages_above=None, packages_above_and_dependencies=None, packages_above_depth=None, packages_select_by_dep=None, packages_skip_by_dep=None, packages_skip_up_to=None, packages_select_build_failed=False, packages_skip_build_finished=False, packages_select_test_failures=False, packages_skip_test_passed=False, packages_select=None, packages_skip=None, packages_select_regex=None, packages_skip_regex=None, packages_start=None, packages_end=None, allow_overriding=[], cmake_args=None, cmake_target=None, cmake_target_skip_unavailable=False, cmake_clean_cache=False, cmake_clean_first=False, cmake_force_configure=False, ament_cmake_args=None, catkin_cmake_args=None, catkin_skip_building_tests=False, mixin_files=None, mixin=None, verb_parser=<colcon_mixin.mixin.mixin_argument.MixinArgumentDecorator object at 0x7811ba998ec0>, verb_extension=<colcon_core.verb.build.BuildVerb object at 0x7811bb369e20>, main=<bound method BuildVerb.main of <colcon_core.verb.build.BuildVerb object at 0x7811bb369e20>>, mixin_verb=('build',))
[0.266s] Level 1:colcon.colcon_core.package_discovery:discover_packages(colcon_meta) check parameters
[0.266s] Level 1:colcon.colcon_core.package_discovery:discover_packages(recursive) check parameters
[0.266s] Level 1:colcon.colcon_core.package_discovery:discover_packages(ignore) check parameters
[0.266s] Level 1:colcon.colcon_core.package_discovery:discover_packages(path) check parameters
[0.266s] Level 1:colcon.colcon_core.package_discovery:discover_packages(colcon_meta) discover
[0.266s] Level 1:colcon.colcon_core.package_discovery:discover_packages(recursive) discover
[0.266s] INFO:colcon.colcon_core.package_discovery:Crawling recursively for packages in '/home/lunet/ttcc4/direct_motor_control_ws'
[0.266s] Level 1:colcon.colcon_core.package_identification:_identify(.) by extensions ['ignore', 'ignore_ament_install']
[0.266s] Level 1:colcon.colcon_core.package_identification:_identify(.) by extension 'ignore'
[0.266s] Level 1:colcon.colcon_core.package_identification:_identify(.) by extension 'ignore_ament_install'
[0.266s] Level 1:colcon.colcon_core.package_identification:_identify(.) by extensions ['colcon_pkg']
[0.266s] Level 1:colcon.colcon_core.package_identification:_identify(.) by extension 'colcon_pkg'
[0.266s] Level 1:colcon.colcon_core.package_identification:_identify(.) by extensions ['colcon_meta']
[0.266s] Level 1:colcon.colcon_core.package_identification:_identify(.) by extension 'colcon_meta'
[0.266s] Level 1:colcon.colcon_core.package_identification:_identify(.) by extensions ['ros']
[0.266s] Level 1:colcon.colcon_core.package_identification:_identify(.) by extension 'ros'
[0.321s] Level 1:colcon.colcon_core.package_identification:_identify(.) by extensions ['cmake', 'python']
[0.321s] Level 1:colcon.colcon_core.package_identification:_identify(.) by extension 'cmake'
[0.321s] Level 1:colcon.colcon_core.package_identification:_identify(.) by extension 'python'
[0.321s] Level 1:colcon.colcon_core.package_identification:_identify(.) by extensions ['python_setup_py']
[0.321s] Level 1:colcon.colcon_core.package_identification:_identify(.) by extension 'python_setup_py'
[0.321s] Level 1:colcon.colcon_core.package_identification:_identify(build) by extensions ['ignore', 'ignore_ament_install']
[0.322s] Level 1:colcon.colcon_core.package_identification:_identify(build) by extension 'ignore'
[0.322s] Level 1:colcon.colcon_core.package_identification:_identify(build) ignored
[0.322s] Level 1:colcon.colcon_core.package_identification:_identify(install) by extensions ['ignore', 'ignore_ament_install']
[0.322s] Level 1:colcon.colcon_core.package_identification:_identify(install) by extension 'ignore'
[0.322s] Level 1:colcon.colcon_core.package_identification:_identify(install) ignored
[0.322s] Level 1:colcon.colcon_core.package_identification:_identify(log) by extensions ['ignore', 'ignore_ament_install']
[0.322s] Level 1:colcon.colcon_core.package_identification:_identify(log) by extension 'ignore'
[0.322s] Level 1:colcon.colcon_core.package_identification:_identify(log) ignored
[0.322s] Level 1:colcon.colcon_core.package_identification:_identify(piddob) by extensions ['ignore', 'ignore_ament_install']
[0.322s] Level 1:colcon.colcon_core.package_identification:_identify(piddob) by extension 'ignore'
[0.323s] Level 1:colcon.colcon_core.package_identification:_identify(piddob) by extension 'ignore_ament_install'
[0.323s] Level 1:colcon.colcon_core.package_identification:_identify(piddob) by extensions ['colcon_pkg']
[0.323s] Level 1:colcon.colcon_core.package_identification:_identify(piddob) by extension 'colcon_pkg'
[0.323s] Level 1:colcon.colcon_core.package_identification:_identify(piddob) by extensions ['colcon_meta']
[0.323s] Level 1:colcon.colcon_core.package_identification:_identify(piddob) by extension 'colcon_meta'
[0.323s] Level 1:colcon.colcon_core.package_identification:_identify(piddob) by extensions ['ros']
[0.323s] Level 1:colcon.colcon_core.package_identification:_identify(piddob) by extension 'ros'
[0.323s] Level 1:colcon.colcon_core.package_identification:_identify(piddob) by extensions ['cmake', 'python']
[0.323s] Level 1:colcon.colcon_core.package_identification:_identify(piddob) by extension 'cmake'
[0.323s] Level 1:colcon.colcon_core.package_identification:_identify(piddob) by extension 'python'
[0.323s] Level 1:colcon.colcon_core.package_identification:_identify(piddob) by extensions ['python_setup_py']
[0.323s] Level 1:colcon.colcon_core.package_identification:_identify(piddob) by extension 'python_setup_py'
[0.323s] Level 1:colcon.colcon_core.package_identification:_identify(piddob_wrench) by extensions ['ignore', 'ignore_ament_install']
[0.323s] Level 1:colcon.colcon_core.package_identification:_identify(piddob_wrench) by extension 'ignore'
[0.323s] Level 1:colcon.colcon_core.package_identification:_identify(piddob_wrench) by extension 'ignore_ament_install'
[0.323s] Level 1:colcon.colcon_core.package_identification:_identify(piddob_wrench) by extensions ['colcon_pkg']
[0.323s] Level 1:colcon.colcon_core.package_identification:_identify(piddob_wrench) by extension 'colcon_pkg'
[0.323s] Level 1:colcon.colcon_core.package_identification:_identify(piddob_wrench) by extensions ['colcon_meta']
[0.323s] Level 1:colcon.colcon_core.package_identification:_identify(piddob_wrench) by extension 'colcon_meta'
[0.323s] Level 1:colcon.colcon_core.package_identification:_identify(piddob_wrench) by extensions ['ros']
[0.323s] Level 1:colcon.colcon_core.package_identification:_identify(piddob_wrench) by extension 'ros'
[0.324s] Level 1:colcon.colcon_core.package_identification:_identify(piddob_wrench) by extensions ['cmake', 'python']
[0.324s] Level 1:colcon.colcon_core.package_identification:_identify(piddob_wrench) by extension 'cmake'
[0.324s] Level 1:colcon.colcon_core.package_identification:_identify(piddob_wrench) by extension 'python'
[0.324s] Level 1:colcon.colcon_core.package_identification:_identify(piddob_wrench) by extensions ['python_setup_py']
[0.324s] Level 1:colcon.colcon_core.package_identification:_identify(piddob_wrench) by extension 'python_setup_py'
[0.324s] Level 1:colcon.colcon_core.package_identification:_identify(rvolmea) by extensions ['ignore', 'ignore_ament_install']
[0.324s] Level 1:colcon.colcon_core.package_identification:_identify(rvolmea) by extension 'ignore'
[0.324s] Level 1:colcon.colcon_core.package_identification:_identify(rvolmea) by extension 'ignore_ament_install'
[0.324s] Level 1:colcon.colcon_core.package_identification:_identify(rvolmea) by extensions ['colcon_pkg']
[0.324s] Level 1:colcon.colcon_core.package_identification:_identify(rvolmea) by extension 'colcon_pkg'
[0.324s] Level 1:colcon.colcon_core.package_identification:_identify(rvolmea) by extensions ['colcon_meta']
[0.324s] Level 1:colcon.colcon_core.package_identification:_identify(rvolmea) by extension 'colcon_meta'
[0.324s] Level 1:colcon.colcon_core.package_identification:_identify(rvolmea) by extensions ['ros']
[0.324s] Level 1:colcon.colcon_core.package_identification:_identify(rvolmea) by extension 'ros'
[0.324s] Level 1:colcon.colcon_core.package_identification:_identify(rvolmea) by extensions ['cmake', 'python']
[0.324s] Level 1:colcon.colcon_core.package_identification:_identify(rvolmea) by extension 'cmake'
[0.324s] Level 1:colcon.colcon_core.package_identification:_identify(rvolmea) by extension 'python'
[0.324s] Level 1:colcon.colcon_core.package_identification:_identify(rvolmea) by extensions ['python_setup_py']
[0.324s] Level 1:colcon.colcon_core.package_identification:_identify(rvolmea) by extension 'python_setup_py'
[0.325s] Level 1:colcon.colcon_core.package_identification:_identify(rvolmea_wrench) by extensions ['ignore', 'ignore_ament_install']
[0.325s] Level 1:colcon.colcon_core.package_identification:_identify(rvolmea_wrench) by extension 'ignore'
[0.325s] Level 1:colcon.colcon_core.package_identification:_identify(rvolmea_wrench) by extension 'ignore_ament_install'
[0.325s] Level 1:colcon.colcon_core.package_identification:_identify(rvolmea_wrench) by extensions ['colcon_pkg']
[0.325s] Level 1:colcon.colcon_core.package_identification:_identify(rvolmea_wrench) by extension 'colcon_pkg'
[0.325s] Level 1:colcon.colcon_core.package_identification:_identify(rvolmea_wrench) by extensions ['colcon_meta']
[0.325s] Level 1:colcon.colcon_core.package_identification:_identify(rvolmea_wrench) by extension 'colcon_meta'
[0.325s] Level 1:colcon.colcon_core.package_identification:_identify(rvolmea_wrench) by extensions ['ros']
[0.325s] Level 1:colcon.colcon_core.package_identification:_identify(rvolmea_wrench) by extension 'ros'
[0.325s] Level 1:colcon.colcon_core.package_identification:_identify(rvolmea_wrench) by extensions ['cmake', 'python']
[0.325s] Level 1:colcon.colcon_core.package_identification:_identify(rvolmea_wrench) by extension 'cmake'
[0.325s] Level 1:colcon.colcon_core.package_identification:_identify(rvolmea_wrench) by extension 'python'
[0.325s] Level 1:colcon.colcon_core.package_identification:_identify(rvolmea_wrench) by extensions ['python_setup_py']
[0.325s] Level 1:colcon.colcon_core.package_identification:_identify(rvolmea_wrench) by extension 'python_setup_py'
[0.325s] Level 1:colcon.colcon_core.package_identification:_identify(simulated_data) by extensions ['ignore', 'ignore_ament_install']
[0.325s] Level 1:colcon.colcon_core.package_identification:_identify(simulated_data) by extension 'ignore'
[0.325s] Level 1:colcon.colcon_core.package_identification:_identify(simulated_data) by extension 'ignore_ament_install'
[0.326s] Level 1:colcon.colcon_core.package_identification:_identify(simulated_data) by extensions ['colcon_pkg']
[0.326s] Level 1:colcon.colcon_core.package_identification:_identify(simulated_data) by extension 'colcon_pkg'
[0.326s] Level 1:colcon.colcon_core.package_identification:_identify(simulated_data) by extensions ['colcon_meta']
[0.326s] Level 1:colcon.colcon_core.package_identification:_identify(simulated_data) by extension 'colcon_meta'
[0.326s] Level 1:colcon.colcon_core.package_identification:_identify(simulated_data) by extensions ['ros']
[0.326s] Level 1:colcon.colcon_core.package_identification:_identify(simulated_data) by extension 'ros'
[0.326s] Level 1:colcon.colcon_core.package_identification:_identify(simulated_data) by extensions ['cmake', 'python']
[0.326s] Level 1:colcon.colcon_core.package_identification:_identify(simulated_data) by extension 'cmake'
[0.326s] Level 1:colcon.colcon_core.package_identification:_identify(simulated_data) by extension 'python'
[0.326s] Level 1:colcon.colcon_core.package_identification:_identify(simulated_data) by extensions ['python_setup_py']
[0.326s] Level 1:colcon.colcon_core.package_identification:_identify(simulated_data) by extension 'python_setup_py'
[0.326s] Level 1:colcon.colcon_core.package_identification:_identify(simulated_data/pid_faulty_motor) by extensions ['ignore', 'ignore_ament_install']
[0.326s] Level 1:colcon.colcon_core.package_identification:_identify(simulated_data/pid_faulty_motor) by extension 'ignore'
[0.326s] Level 1:colcon.colcon_core.package_identification:_identify(simulated_data/pid_faulty_motor) by extension 'ignore_ament_install'
[0.326s] Level 1:colcon.colcon_core.package_identification:_identify(simulated_data/pid_faulty_motor) by extensions ['colcon_pkg']
[0.326s] Level 1:colcon.colcon_core.package_identification:_identify(simulated_data/pid_faulty_motor) by extension 'colcon_pkg'
[0.326s] Level 1:colcon.colcon_core.package_identification:_identify(simulated_data/pid_faulty_motor) by extensions ['colcon_meta']
[0.326s] Level 1:colcon.colcon_core.package_identification:_identify(simulated_data/pid_faulty_motor) by extension 'colcon_meta'
[0.326s] Level 1:colcon.colcon_core.package_identification:_identify(simulated_data/pid_faulty_motor) by extensions ['ros']
[0.326s] Level 1:colcon.colcon_core.package_identification:_identify(simulated_data/pid_faulty_motor) by extension 'ros'
[0.327s] Level 1:colcon.colcon_core.package_identification:_identify(simulated_data/pid_faulty_motor) by extensions ['cmake', 'python']
[0.327s] Level 1:colcon.colcon_core.package_identification:_identify(simulated_data/pid_faulty_motor) by extension 'cmake'
[0.327s] Level 1:colcon.colcon_core.package_identification:_identify(simulated_data/pid_faulty_motor) by extension 'python'
[0.327s] Level 1:colcon.colcon_core.package_identification:_identify(simulated_data/pid_faulty_motor) by extensions ['python_setup_py']
[0.327s] Level 1:colcon.colcon_core.package_identification:_identify(simulated_data/pid_faulty_motor) by extension 'python_setup_py'
[0.327s] Level 1:colcon.colcon_core.package_identification:_identify(simulated_data/pid_nominal) by extensions ['ignore', 'ignore_ament_install']
[0.327s] Level 1:colcon.colcon_core.package_identification:_identify(simulated_data/pid_nominal) by extension 'ignore'
[0.327s] Level 1:colcon.colcon_core.package_identification:_identify(simulated_data/pid_nominal) by extension 'ignore_ament_install'
[0.327s] Level 1:colcon.colcon_core.package_identification:_identify(simulated_data/pid_nominal) by extensions ['colcon_pkg']
[0.327s] Level 1:colcon.colcon_core.package_identification:_identify(simulated_data/pid_nominal) by extension 'colcon_pkg'
[0.327s] Level 1:colcon.colcon_core.package_identification:_identify(simulated_data/pid_nominal) by extensions ['colcon_meta']
[0.327s] Level 1:colcon.colcon_core.package_identification:_identify(simulated_data/pid_nominal) by extension 'colcon_meta'
[0.327s] Level 1:colcon.colcon_core.package_identification:_identify(simulated_data/pid_nominal) by extensions ['ros']
[0.327s] Level 1:colcon.colcon_core.package_identification:_identify(simulated_data/pid_nominal) by extension 'ros'
[0.327s] Level 1:colcon.colcon_core.package_identification:_identify(simulated_data/pid_nominal) by extensions ['cmake', 'python']
[0.327s] Level 1:colcon.colcon_core.package_identification:_identify(simulated_data/pid_nominal) by extension 'cmake'
[0.327s] Level 1:colcon.colcon_core.package_identification:_identify(simulated_data/pid_nominal) by extension 'python'
[0.328s] Level 1:colcon.colcon_core.package_identification:_identify(simulated_data/pid_nominal) by extensions ['python_setup_py']
[0.328s] Level 1:colcon.colcon_core.package_identification:_identify(simulated_data/pid_nominal) by extension 'python_setup_py'
[0.328s] Level 1:colcon.colcon_core.package_identification:_identify(simulated_data/rl_nominal) by extensions ['ignore', 'ignore_ament_install']
[0.328s] Level 1:colcon.colcon_core.package_identification:_identify(simulated_data/rl_nominal) by extension 'ignore'
[0.328s] Level 1:colcon.colcon_core.package_identification:_identify(simulated_data/rl_nominal) by extension 'ignore_ament_install'
[0.328s] Level 1:colcon.colcon_core.package_identification:_identify(simulated_data/rl_nominal) by extensions ['colcon_pkg']
[0.328s] Level 1:colcon.colcon_core.package_identification:_identify(simulated_data/rl_nominal) by extension 'colcon_pkg'
[0.328s] Level 1:colcon.colcon_core.package_identification:_identify(simulated_data/rl_nominal) by extensions ['colcon_meta']
[0.328s] Level 1:colcon.colcon_core.package_identification:_identify(simulated_data/rl_nominal) by extension 'colcon_meta'
[0.328s] Level 1:colcon.colcon_core.package_identification:_identify(simulated_data/rl_nominal) by extensions ['ros']
[0.328s] Level 1:colcon.colcon_core.package_identification:_identify(simulated_data/rl_nominal) by extension 'ros'
[0.328s] Level 1:colcon.colcon_core.package_identification:_identify(simulated_data/rl_nominal) by extensions ['cmake', 'python']
[0.328s] Level 1:colcon.colcon_core.package_identification:_identify(simulated_data/rl_nominal) by extension 'cmake'
[0.328s] Level 1:colcon.colcon_core.package_identification:_identify(simulated_data/rl_nominal) by extension 'python'
[0.328s] Level 1:colcon.colcon_core.package_identification:_identify(simulated_data/rl_nominal) by extensions ['python_setup_py']
[0.328s] Level 1:colcon.colcon_core.package_identification:_identify(simulated_data/rl_nominal) by extension 'python_setup_py'
[0.328s] Level 1:colcon.colcon_core.package_identification:_identify(src) by extensions ['ignore', 'ignore_ament_install']
[0.328s] Level 1:colcon.colcon_core.package_identification:_identify(src) by extension 'ignore'
[0.328s] Level 1:colcon.colcon_core.package_identification:_identify(src) by extension 'ignore_ament_install'
[0.328s] Level 1:colcon.colcon_core.package_identification:_identify(src) by extensions ['colcon_pkg']
[0.328s] Level 1:colcon.colcon_core.package_identification:_identify(src) by extension 'colcon_pkg'
[0.328s] Level 1:colcon.colcon_core.package_identification:_identify(src) by extensions ['colcon_meta']
[0.329s] Level 1:colcon.colcon_core.package_identification:_identify(src) by extension 'colcon_meta'
[0.329s] Level 1:colcon.colcon_core.package_identification:_identify(src) by extensions ['ros']
[0.329s] Level 1:colcon.colcon_core.package_identification:_identify(src) by extension 'ros'
[0.329s] Level 1:colcon.colcon_core.package_identification:_identify(src) by extensions ['cmake', 'python']
[0.329s] Level 1:colcon.colcon_core.package_identification:_identify(src) by extension 'cmake'
[0.329s] Level 1:colcon.colcon_core.package_identification:_identify(src) by extension 'python'
[0.329s] Level 1:colcon.colcon_core.package_identification:_identify(src) by extensions ['python_setup_py']
[0.329s] Level 1:colcon.colcon_core.package_identification:_identify(src) by extension 'python_setup_py'
[0.329s] Level 1:colcon.colcon_core.package_identification:_identify(src/ai_motor_controller) by extensions ['ignore', 'ignore_ament_install']
[0.329s] Level 1:colcon.colcon_core.package_identification:_identify(src/ai_motor_controller) by extension 'ignore'
[0.329s] Level 1:colcon.colcon_core.package_identification:_identify(src/ai_motor_controller) by extension 'ignore_ament_install'
[0.329s] Level 1:colcon.colcon_core.package_identification:_identify(src/ai_motor_controller) by extensions ['colcon_pkg']
[0.329s] Level 1:colcon.colcon_core.package_identification:_identify(src/ai_motor_controller) by extension 'colcon_pkg'
[0.329s] Level 1:colcon.colcon_core.package_identification:_identify(src/ai_motor_controller) by extensions ['colcon_meta']
[0.329s] Level 1:colcon.colcon_core.package_identification:_identify(src/ai_motor_controller) by extension 'colcon_meta'
[0.329s] Level 1:colcon.colcon_core.package_identification:_identify(src/ai_motor_controller) by extensions ['ros']
[0.329s] Level 1:colcon.colcon_core.package_identification:_identify(src/ai_motor_controller) by extension 'ros'
[0.334s] DEBUG:colcon.colcon_core.package_identification:Package 'src/ai_motor_controller' with type 'ros.ament_cmake' and name 'ai_motor_controller'
[0.334s] Level 1:colcon.colcon_core.package_discovery:discover_packages(recursive) using defaults
[0.334s] Level 1:colcon.colcon_core.package_discovery:discover_packages(ignore) discover
[0.334s] Level 1:colcon.colcon_core.package_discovery:discover_packages(ignore) using defaults
[0.334s] Level 1:colcon.colcon_core.package_discovery:discover_packages(path) discover
[0.334s] Level 1:colcon.colcon_core.package_discovery:discover_packages(path) using defaults
[0.368s] Level 1:colcon.colcon_core.package_discovery:discover_packages(prefix_path) check parameters
[0.368s] Level 1:colcon.colcon_core.package_discovery:discover_packages(prefix_path) discover
[0.372s] DEBUG:colcon.colcon_installed_package_information.package_discovery:Found 1 installed packages in /home/lunet/ttcc4/direct_motor_control_ws/install
[0.372s] DEBUG:colcon.colcon_installed_package_information.package_discovery:Found 2 installed packages in /home/lunet/ttcc4/ws_sensor_combined/install
[0.374s] DEBUG:colcon.colcon_installed_package_information.package_discovery:Found 319 installed packages in /opt/ros/rolling
[0.376s] Level 1:colcon.colcon_core.package_discovery:discover_packages(prefix_path) using defaults
[0.465s] Level 5:colcon.colcon_core.verb:set package 'ai_motor_controller' build argument 'cmake_args' from command line to 'None'
[0.465s] Level 5:colcon.colcon_core.verb:set package 'ai_motor_controller' build argument 'cmake_target' from command line to 'None'
[0.465s] Level 5:colcon.colcon_core.verb:set package 'ai_motor_controller' build argument 'cmake_target_skip_unavailable' from command line to 'False'
[0.465s] Level 5:colcon.colcon_core.verb:set package 'ai_motor_controller' build argument 'cmake_clean_cache' from command line to 'False'
[0.465s] Level 5:colcon.colcon_core.verb:set package 'ai_motor_controller' build argument 'cmake_clean_first' from command line to 'False'
[0.465s] Level 5:colcon.colcon_core.verb:set package 'ai_motor_controller' build argument 'cmake_force_configure' from command line to 'False'
[0.465s] Level 5:colcon.colcon_core.verb:set package 'ai_motor_controller' build argument 'ament_cmake_args' from command line to 'None'
[0.465s] Level 5:colcon.colcon_core.verb:set package 'ai_motor_controller' build argument 'catkin_cmake_args' from command line to 'None'
[0.465s] Level 5:colcon.colcon_core.verb:set package 'ai_motor_controller' build argument 'catkin_skip_building_tests' from command line to 'False'
[0.465s] DEBUG:colcon.colcon_core.verb:Building package 'ai_motor_controller' with the following arguments: {'ament_cmake_args': None, 'build_base': '/home/lunet/ttcc4/direct_motor_control_ws/build/ai_motor_controller', 'catkin_cmake_args': None, 'catkin_skip_building_tests': False, 'cmake_args': None, 'cmake_clean_cache': False, 'cmake_clean_first': False, 'cmake_force_configure': False, 'cmake_target': None, 'cmake_target_skip_unavailable': False, 'install_base': '/home/lunet/ttcc4/direct_motor_control_ws/install/ai_motor_controller', 'merge_install': False, 'path': '/home/lunet/ttcc4/direct_motor_control_ws/src/ai_motor_controller', 'symlink_install': False, 'test_result_base': None}
[0.465s] INFO:colcon.colcon_core.executor:Executing jobs using 'parallel' executor
[0.466s] DEBUG:colcon.colcon_parallel_executor.executor.parallel:run_until_complete
[0.466s] INFO:colcon.colcon_ros.task.ament_cmake.build:Building ROS package in '/home/lunet/ttcc4/direct_motor_control_ws/src/ai_motor_controller' with build type 'ament_cmake'
[0.466s] INFO:colcon.colcon_cmake.task.cmake.build:Building CMake package in '/home/lunet/ttcc4/direct_motor_control_ws/src/ai_motor_controller'
[0.471s] INFO:colcon.colcon_core.plugin_system:Skipping extension 'colcon_core.shell.bat': Not used on non-Windows systems
[0.472s] INFO:colcon.colcon_core.shell:Skip shell extension 'powershell' for command environment: Not usable outside of PowerShell
[0.472s] DEBUG:colcon.colcon_core.shell:Skip shell extension 'dsv' for command environment
[0.483s] DEBUG:colcon.colcon_core.event_handler.log_command:Invoking command in '/home/lunet/ttcc4/direct_motor_control_ws/build/ai_motor_controller': CMAKE_PREFIX_PATH=${CMAKE_PREFIX_PATH}:/opt/ros/rolling CONDA_PROMPT_MODIFIER=(base) DEBUGINFOD_URLS=https://debuginfod.ubuntu.com /home/lunet/ttcc4/anaconda3/bin/cmake --build /home/lunet/ttcc4/direct_motor_control_ws/build/ai_motor_controller -- -j8 -l8
[90.422s] DEBUG:colcon.colcon_core.event_handler.log_command:Invoked command in '/home/lunet/ttcc4/direct_motor_control_ws/build/ai_motor_controller' returned '0': CMAKE_PREFIX_PATH=${CMAKE_PREFIX_PATH}:/opt/ros/rolling CONDA_PROMPT_MODIFIER=(base) DEBUGINFOD_URLS=https://debuginfod.ubuntu.com /home/lunet/ttcc4/anaconda3/bin/cmake --build /home/lunet/ttcc4/direct_motor_control_ws/build/ai_motor_controller -- -j8 -l8
[90.525s] DEBUG:colcon.colcon_core.event_handler.log_command:Invoking command in '/home/lunet/ttcc4/direct_motor_control_ws/build/ai_motor_controller': CMAKE_PREFIX_PATH=${CMAKE_PREFIX_PATH}:/opt/ros/rolling CONDA_PROMPT_MODIFIER=(base) DEBUGINFOD_URLS=https://debuginfod.ubuntu.com /home/lunet/ttcc4/anaconda3/bin/cmake --install /home/lunet/ttcc4/direct_motor_control_ws/build/ai_motor_controller
[90.707s] Level 1:colcon.colcon_core.environment:create_environment_scripts_only(ai_motor_controller)
[90.709s] DEBUG:colcon.colcon_core.event_handler.log_command:Invoked command in '/home/lunet/ttcc4/direct_motor_control_ws/build/ai_motor_controller' returned '0': CMAKE_PREFIX_PATH=${CMAKE_PREFIX_PATH}:/opt/ros/rolling CONDA_PROMPT_MODIFIER=(base) DEBUGINFOD_URLS=https://debuginfod.ubuntu.com /home/lunet/ttcc4/anaconda3/bin/cmake --install /home/lunet/ttcc4/direct_motor_control_ws/build/ai_motor_controller
[90.720s] Level 1:colcon.colcon_core.environment:checking '/home/lunet/ttcc4/direct_motor_control_ws/install/ai_motor_controller' for CMake module files
[90.721s] Level 1:colcon.colcon_core.environment:checking '/home/lunet/ttcc4/direct_motor_control_ws/install/ai_motor_controller' for CMake config files
[90.721s] Level 1:colcon.colcon_core.shell:create_environment_hook('ai_motor_controller', 'cmake_prefix_path')
[90.722s] INFO:colcon.colcon_core.shell:Creating environment hook '/home/lunet/ttcc4/direct_motor_control_ws/install/ai_motor_controller/share/ai_motor_controller/hook/cmake_prefix_path.ps1'
[90.725s] INFO:colcon.colcon_core.shell:Creating environment descriptor '/home/lunet/ttcc4/direct_motor_control_ws/install/ai_motor_controller/share/ai_motor_controller/hook/cmake_prefix_path.dsv'
[90.727s] INFO:colcon.colcon_core.shell:Creating environment hook '/home/lunet/ttcc4/direct_motor_control_ws/install/ai_motor_controller/share/ai_motor_controller/hook/cmake_prefix_path.sh'
[90.731s] Level 1:colcon.colcon_core.environment:checking '/home/lunet/ttcc4/direct_motor_control_ws/install/ai_motor_controller/lib'
[90.732s] Level 1:colcon.colcon_core.environment:checking '/home/lunet/ttcc4/direct_motor_control_ws/install/ai_motor_controller/bin'
[90.732s] Level 1:colcon.colcon_core.environment:checking '/home/lunet/ttcc4/direct_motor_control_ws/install/ai_motor_controller/lib/pkgconfig/ai_motor_controller.pc'
[90.733s] Level 1:colcon.colcon_core.environment:checking '/home/lunet/ttcc4/direct_motor_control_ws/install/ai_motor_controller/lib/python3.12/site-packages'
[90.734s] Level 1:colcon.colcon_core.environment:checking '/home/lunet/ttcc4/direct_motor_control_ws/install/ai_motor_controller/bin'
[90.735s] INFO:colcon.colcon_core.shell:Creating package script '/home/lunet/ttcc4/direct_motor_control_ws/install/ai_motor_controller/share/ai_motor_controller/package.ps1'
[90.738s] INFO:colcon.colcon_core.shell:Creating package descriptor '/home/lunet/ttcc4/direct_motor_control_ws/install/ai_motor_controller/share/ai_motor_controller/package.dsv'
[90.739s] INFO:colcon.colcon_core.shell:Creating package script '/home/lunet/ttcc4/direct_motor_control_ws/install/ai_motor_controller/share/ai_motor_controller/package.sh'
[90.742s] INFO:colcon.colcon_core.shell:Creating package script '/home/lunet/ttcc4/direct_motor_control_ws/install/ai_motor_controller/share/ai_motor_controller/package.bash'
[90.744s] INFO:colcon.colcon_core.shell:Creating package script '/home/lunet/ttcc4/direct_motor_control_ws/install/ai_motor_controller/share/ai_motor_controller/package.zsh'
[90.746s] Level 1:colcon.colcon_core.environment:create_file_with_runtime_dependencies(/home/lunet/ttcc4/direct_motor_control_ws/install/ai_motor_controller/share/colcon-core/packages/ai_motor_controller)
[90.747s] Level 1:colcon.colcon_core.environment:create_environment_scripts_only(ai_motor_controller)
[90.748s] Level 1:colcon.colcon_core.environment:checking '/home/lunet/ttcc4/direct_motor_control_ws/install/ai_motor_controller' for CMake module files
[90.749s] Level 1:colcon.colcon_core.environment:checking '/home/lunet/ttcc4/direct_motor_control_ws/install/ai_motor_controller' for CMake config files
[90.749s] Level 1:colcon.colcon_core.shell:create_environment_hook('ai_motor_controller', 'cmake_prefix_path')
[90.750s] INFO:colcon.colcon_core.shell:Creating environment hook '/home/lunet/ttcc4/direct_motor_control_ws/install/ai_motor_controller/share/ai_motor_controller/hook/cmake_prefix_path.ps1'
[90.751s] INFO:colcon.colcon_core.shell:Creating environment descriptor '/home/lunet/ttcc4/direct_motor_control_ws/install/ai_motor_controller/share/ai_motor_controller/hook/cmake_prefix_path.dsv'
[90.752s] INFO:colcon.colcon_core.shell:Creating environment hook '/home/lunet/ttcc4/direct_motor_control_ws/install/ai_motor_controller/share/ai_motor_controller/hook/cmake_prefix_path.sh'
[90.755s] Level 1:colcon.colcon_core.environment:checking '/home/lunet/ttcc4/direct_motor_control_ws/install/ai_motor_controller/lib'
[90.757s] Level 1:colcon.colcon_core.environment:checking '/home/lunet/ttcc4/direct_motor_control_ws/install/ai_motor_controller/bin'
[90.757s] Level 1:colcon.colcon_core.environment:checking '/home/lunet/ttcc4/direct_motor_control_ws/install/ai_motor_controller/lib/pkgconfig/ai_motor_controller.pc'
[90.758s] Level 1:colcon.colcon_core.environment:checking '/home/lunet/ttcc4/direct_motor_control_ws/install/ai_motor_controller/lib/python3.12/site-packages'
[90.759s] Level 1:colcon.colcon_core.environment:checking '/home/lunet/ttcc4/direct_motor_control_ws/install/ai_motor_controller/bin'
[90.760s] INFO:colcon.colcon_core.shell:Creating package script '/home/lunet/ttcc4/direct_motor_control_ws/install/ai_motor_controller/share/ai_motor_controller/package.ps1'
[90.762s] INFO:colcon.colcon_core.shell:Creating package descriptor '/home/lunet/ttcc4/direct_motor_control_ws/install/ai_motor_controller/share/ai_motor_controller/package.dsv'
[90.764s] INFO:colcon.colcon_core.shell:Creating package script '/home/lunet/ttcc4/direct_motor_control_ws/install/ai_motor_controller/share/ai_motor_controller/package.sh'
[90.766s] INFO:colcon.colcon_core.shell:Creating package script '/home/lunet/ttcc4/direct_motor_control_ws/install/ai_motor_controller/share/ai_motor_controller/package.bash'
[90.767s] INFO:colcon.colcon_core.shell:Creating package script '/home/lunet/ttcc4/direct_motor_control_ws/install/ai_motor_controller/share/ai_motor_controller/package.zsh'
[90.771s] Level 1:colcon.colcon_core.environment:create_file_with_runtime_dependencies(/home/lunet/ttcc4/direct_motor_control_ws/install/ai_motor_controller/share/colcon-core/packages/ai_motor_controller)
[90.773s] DEBUG:colcon.colcon_parallel_executor.executor.parallel:closing loop
[90.775s] DEBUG:colcon.colcon_parallel_executor.executor.parallel:loop closed
[90.776s] DEBUG:colcon.colcon_parallel_executor.executor.parallel:run_until_complete finished with '0'
[90.777s] DEBUG:colcon.colcon_core.event_reactor:joining thread
[90.802s] INFO:colcon.colcon_core.plugin_system:Skipping extension 'colcon_notification.desktop_notification.terminal_notifier': Not used on non-Darwin systems
[90.802s] INFO:colcon.colcon_core.plugin_system:Skipping extension 'colcon_notification.desktop_notification.win32': Not used on non-Windows systems
[90.802s] INFO:colcon.colcon_notification.desktop_notification:Sending desktop notification using 'notify2'
[90.851s] DEBUG:colcon.colcon_core.event_reactor:joined thread
[90.852s] INFO:colcon.colcon_core.shell:Creating prefix script '/home/lunet/ttcc4/direct_motor_control_ws/install/local_setup.ps1'
[90.855s] INFO:colcon.colcon_core.shell:Creating prefix util module '/home/lunet/ttcc4/direct_motor_control_ws/install/_local_setup_util_ps1.py'
[90.859s] INFO:colcon.colcon_core.shell:Creating prefix chain script '/home/lunet/ttcc4/direct_motor_control_ws/install/setup.ps1'
[90.864s] INFO:colcon.colcon_core.shell:Creating prefix script '/home/lunet/ttcc4/direct_motor_control_ws/install/local_setup.sh'
[90.865s] INFO:colcon.colcon_core.shell:Creating prefix util module '/home/lunet/ttcc4/direct_motor_control_ws/install/_local_setup_util_sh.py'
[90.867s] INFO:colcon.colcon_core.shell:Creating prefix chain script '/home/lunet/ttcc4/direct_motor_control_ws/install/setup.sh'
[90.872s] INFO:colcon.colcon_core.shell:Creating prefix script '/home/lunet/ttcc4/direct_motor_control_ws/install/local_setup.bash'
[90.874s] INFO:colcon.colcon_core.shell:Creating prefix chain script '/home/lunet/ttcc4/direct_motor_control_ws/install/setup.bash'
[90.880s] INFO:colcon.colcon_core.shell:Creating prefix script '/home/lunet/ttcc4/direct_motor_control_ws/install/local_setup.zsh'
[90.882s] INFO:colcon.colcon_core.shell:Creating prefix chain script '/home/lunet/ttcc4/direct_motor_control_ws/install/setup.zsh'
