[0.050s] Invoking command in '/home/lunet/ttcc4/direct_motor_control_ws/build/ai_motor_controller': CMAKE_PREFIX_PATH=${CMAKE_PREFIX_PATH}:/opt/ros/rolling CONDA_PROMPT_MODIFIER=(base) DEBUGINFOD_URLS=https://debuginfod.ubuntu.com /home/lunet/ttcc4/anaconda3/bin/cmake --build /home/lunet/ttcc4/direct_motor_control_ws/build/ai_motor_controller -- -j8 -l8
[0.290s] [ 25%] [32mBuilding CXX object CMakeFiles/lemniscate.dir/src/lemniscate.cpp.o[0m
[94.509s] [ 50%] [32m[1mLinking CXX executable lemniscate[0m
[99.605s] [ 50%] Built target lemniscate
[99.653s] [100%] Built target wrench
[99.689s] Invoked command in '/home/lunet/ttcc4/direct_motor_control_ws/build/ai_motor_controller' returned '0': CMAKE_PREFIX_PATH=${CMAKE_PREFIX_PATH}:/opt/ros/rolling CONDA_PROMPT_MODIFIER=(base) DEBUGINFOD_URLS=https://debuginfod.ubuntu.com /home/lunet/ttcc4/anaconda3/bin/cmake --build /home/lunet/ttcc4/direct_motor_control_ws/build/ai_motor_controller -- -j8 -l8
[99.807s] Invoking command in '/home/lunet/ttcc4/direct_motor_control_ws/build/ai_motor_controller': CMAKE_PREFIX_PATH=${CMAKE_PREFIX_PATH}:/opt/ros/rolling CONDA_PROMPT_MODIFIER=(base) DEBUGINFOD_URLS=https://debuginfod.ubuntu.com /home/lunet/ttcc4/anaconda3/bin/cmake --install /home/lunet/ttcc4/direct_motor_control_ws/build/ai_motor_controller
[99.918s] -- Install configuration: ""
[99.919s] -- Installing: /home/lunet/ttcc4/direct_motor_control_ws/install/ai_motor_controller/lib/ai_motor_controller/lemniscate
[99.986s] -- Set runtime path of "/home/lunet/ttcc4/direct_motor_control_ws/install/ai_motor_controller/lib/ai_motor_controller/lemniscate" to ""
[99.986s] -- Up-to-date: /home/lunet/ttcc4/direct_motor_control_ws/install/ai_motor_controller/lib/ai_motor_controller/wrench
[99.986s] -- Up-to-date: /home/lunet/ttcc4/direct_motor_control_ws/install/ai_motor_controller/share/ai_motor_controller//launch
[99.987s] -- Up-to-date: /home/lunet/ttcc4/direct_motor_control_ws/install/ai_motor_controller/share/ai_motor_controller//launch/lemniscate_launch.py
[99.987s] -- Up-to-date: /home/lunet/ttcc4/direct_motor_control_ws/install/ai_motor_controller/share/ai_motor_controller//launch/traj.csv
[99.987s] -- Up-to-date: /home/lunet/ttcc4/direct_motor_control_ws/install/ai_motor_controller/share/ai_motor_controller//launch/wrench_launch.py
[99.988s] -- Up-to-date: /home/lunet/ttcc4/direct_motor_control_ws/install/ai_motor_controller/share/ai_motor_controller//launch/__pycache__
[99.988s] -- Up-to-date: /home/lunet/ttcc4/direct_motor_control_ws/install/ai_motor_controller/share/ai_motor_controller//launch/__pycache__/wrench_launch.cpython-312.pyc
[99.988s] -- Up-to-date: /home/lunet/ttcc4/direct_motor_control_ws/install/ai_motor_controller/share/ai_motor_controller//config
[99.989s] -- Up-to-date: /home/lunet/ttcc4/direct_motor_control_ws/install/ai_motor_controller/share/ai_motor_controller//config/pid_params.yaml
[99.989s] -- Up-to-date: /home/lunet/ttcc4/direct_motor_control_ws/install/ai_motor_controller/share/ament_index/resource_index/package_run_dependencies/ai_motor_controller
[99.989s] -- Up-to-date: /home/lunet/ttcc4/direct_motor_control_ws/install/ai_motor_controller/share/ament_index/resource_index/parent_prefix_path/ai_motor_controller
[99.990s] -- Up-to-date: /home/lunet/ttcc4/direct_motor_control_ws/install/ai_motor_controller/share/ai_motor_controller/environment/ament_prefix_path.sh
[99.990s] -- Up-to-date: /home/lunet/ttcc4/direct_motor_control_ws/install/ai_motor_controller/share/ai_motor_controller/environment/ament_prefix_path.dsv
[99.990s] -- Up-to-date: /home/lunet/ttcc4/direct_motor_control_ws/install/ai_motor_controller/share/ai_motor_controller/environment/path.sh
[99.990s] -- Up-to-date: /home/lunet/ttcc4/direct_motor_control_ws/install/ai_motor_controller/share/ai_motor_controller/environment/path.dsv
[99.991s] -- Up-to-date: /home/lunet/ttcc4/direct_motor_control_ws/install/ai_motor_controller/share/ai_motor_controller/local_setup.bash
[99.991s] -- Up-to-date: /home/lunet/ttcc4/direct_motor_control_ws/install/ai_motor_controller/share/ai_motor_controller/local_setup.sh
[99.991s] -- Up-to-date: /home/lunet/ttcc4/direct_motor_control_ws/install/ai_motor_controller/share/ai_motor_controller/local_setup.zsh
[99.991s] -- Up-to-date: /home/lunet/ttcc4/direct_motor_control_ws/install/ai_motor_controller/share/ai_motor_controller/local_setup.dsv
[99.992s] -- Installing: /home/lunet/ttcc4/direct_motor_control_ws/install/ai_motor_controller/share/ai_motor_controller/package.dsv
[99.992s] -- Up-to-date: /home/lunet/ttcc4/direct_motor_control_ws/install/ai_motor_controller/share/ament_index/resource_index/packages/ai_motor_controller
[99.992s] -- Up-to-date: /home/lunet/ttcc4/direct_motor_control_ws/install/ai_motor_controller/share/ai_motor_controller/cmake/ament_cmake_export_dependencies-extras.cmake
[99.992s] -- Up-to-date: /home/lunet/ttcc4/direct_motor_control_ws/install/ai_motor_controller/share/ai_motor_controller/cmake/ai_motor_controllerConfig.cmake
[99.992s] -- Up-to-date: /home/lunet/ttcc4/direct_motor_control_ws/install/ai_motor_controller/share/ai_motor_controller/cmake/ai_motor_controllerConfig-version.cmake
[99.992s] -- Up-to-date: /home/lunet/ttcc4/direct_motor_control_ws/install/ai_motor_controller/share/ai_motor_controller/package.xml
[100.009s] Invoked command in '/home/lunet/ttcc4/direct_motor_control_ws/build/ai_motor_controller' returned '0': CMAKE_PREFIX_PATH=${CMAKE_PREFIX_PATH}:/opt/ros/rolling CONDA_PROMPT_MODIFIER=(base) DEBUGINFOD_URLS=https://debuginfod.ubuntu.com /home/lunet/ttcc4/anaconda3/bin/cmake --install /home/lunet/ttcc4/direct_motor_control_ws/build/ai_motor_controller
