[0.057s] Invoking command in '/home/lunet/ttcc4/direct_motor_control_ws/build/ai_motor_controller': CMAKE_PREFIX_PATH=${CMAKE_PREFIX_PATH}:/opt/ros/rolling CONDA_PROMPT_MODIFIER=(base) DEBUGINFOD_URLS=https://debuginfod.ubuntu.com /home/lunet/ttcc4/anaconda3/bin/cmake --build /home/lunet/ttcc4/direct_motor_control_ws/build/ai_motor_controller -- -j8 -l8
[0.400s] [ 50%] [32mBuilding CXX object CMakeFiles/wrench.dir/src/wrench_disturbance.cpp.o[0m
[0.402s] [ 50%] [32mBuilding CXX object CMakeFiles/lemniscate.dir/src/lemniscate.cpp.o[0m
[0.875s] [ 75%] [32m[1mLinking CXX executable wrench[0m
[7.079s] [ 75%] Built target wrench
[101.013s] [01m[K/home/lunet/ttcc4/direct_motor_control_ws/src/ai_motor_controller/src/lemniscate.cpp:[m[K In member function ‘[01m[Kvoid OffboardControl::[01;32m[KrvolmeaControl[m[K()[m[K’:
[101.013s] [01m[K/home/lunet/ttcc4/direct_motor_control_ws/src/ai_motor_controller/src/lemniscate.cpp:603:21:[m[K [01;35m[Kwarning: [m[Kunused variable ‘[01m[Kmax_thrust[m[K’ [[01;35m[K-Wunused-variable[m[K]
[101.013s]   603 |     constexpr float [01;35m[Kmax_thrust[m[K = 44.0f;
[101.014s]       |                     [01;35m[K^~~~~~~~~~[m[K
[101.014s] [01m[K/home/lunet/ttcc4/direct_motor_control_ws/src/ai_motor_controller/src/lemniscate.cpp:614:21:[m[K [01;35m[Kwarning: [m[Kvariable ‘[01m[Kangular_velocity[m[K’ set but not used [[01;35m[K-Wunused-but-set-variable[m[K]
[101.014s]   614 |     Eigen::Vector3f [01;35m[Kangular_velocity[m[K = Eigen::Vector3f(local_angular_velocity_x_, local_angular_velocity_y_, local_angular_velocity_z_);
[101.014s]       |                     [01;35m[K^~~~~~~~~~~~~~~~[m[K
[101.044s] [100%] [32m[1mLinking CXX executable lemniscate[0m
[106.128s] [100%] Built target lemniscate
[106.164s] Invoked command in '/home/lunet/ttcc4/direct_motor_control_ws/build/ai_motor_controller' returned '0': CMAKE_PREFIX_PATH=${CMAKE_PREFIX_PATH}:/opt/ros/rolling CONDA_PROMPT_MODIFIER=(base) DEBUGINFOD_URLS=https://debuginfod.ubuntu.com /home/lunet/ttcc4/anaconda3/bin/cmake --build /home/lunet/ttcc4/direct_motor_control_ws/build/ai_motor_controller -- -j8 -l8
[106.294s] Invoking command in '/home/lunet/ttcc4/direct_motor_control_ws/build/ai_motor_controller': CMAKE_PREFIX_PATH=${CMAKE_PREFIX_PATH}:/opt/ros/rolling CONDA_PROMPT_MODIFIER=(base) DEBUGINFOD_URLS=https://debuginfod.ubuntu.com /home/lunet/ttcc4/anaconda3/bin/cmake --install /home/lunet/ttcc4/direct_motor_control_ws/build/ai_motor_controller
[106.410s] -- Install configuration: ""
[106.416s] -- Installing: /home/lunet/ttcc4/direct_motor_control_ws/install/ai_motor_controller/lib/ai_motor_controller/lemniscate
[106.479s] -- Set runtime path of "/home/lunet/ttcc4/direct_motor_control_ws/install/ai_motor_controller/lib/ai_motor_controller/lemniscate" to ""
[106.481s] -- Installing: /home/lunet/ttcc4/direct_motor_control_ws/install/ai_motor_controller/lib/ai_motor_controller/wrench
[106.589s] -- Set runtime path of "/home/lunet/ttcc4/direct_motor_control_ws/install/ai_motor_controller/lib/ai_motor_controller/wrench" to ""
[106.592s] -- Up-to-date: /home/lunet/ttcc4/direct_motor_control_ws/install/ai_motor_controller/share/ai_motor_controller//launch
[106.593s] -- Up-to-date: /home/lunet/ttcc4/direct_motor_control_ws/install/ai_motor_controller/share/ai_motor_controller//launch/lemniscate_launch.py
[106.593s] -- Up-to-date: /home/lunet/ttcc4/direct_motor_control_ws/install/ai_motor_controller/share/ai_motor_controller//launch/traj.csv
[106.593s] -- Up-to-date: /home/lunet/ttcc4/direct_motor_control_ws/install/ai_motor_controller/share/ai_motor_controller//launch/wrench_launch.py
[106.594s] -- Up-to-date: /home/lunet/ttcc4/direct_motor_control_ws/install/ai_motor_controller/share/ai_motor_controller//launch/__pycache__
[106.594s] -- Up-to-date: /home/lunet/ttcc4/direct_motor_control_ws/install/ai_motor_controller/share/ai_motor_controller//launch/__pycache__/wrench_launch.cpython-312.pyc
[106.595s] -- Up-to-date: /home/lunet/ttcc4/direct_motor_control_ws/install/ai_motor_controller/share/ai_motor_controller//config
[106.595s] -- Installing: /home/lunet/ttcc4/direct_motor_control_ws/install/ai_motor_controller/share/ai_motor_controller//config/pid_params.yaml
[106.599s] -- Up-to-date: /home/lunet/ttcc4/direct_motor_control_ws/install/ai_motor_controller/share/ament_index/resource_index/package_run_dependencies/ai_motor_controller
[106.605s] -- Up-to-date: /home/lunet/ttcc4/direct_motor_control_ws/install/ai_motor_controller/share/ament_index/resource_index/parent_prefix_path/ai_motor_controller
[106.606s] -- Up-to-date: /home/lunet/ttcc4/direct_motor_control_ws/install/ai_motor_controller/share/ai_motor_controller/environment/ament_prefix_path.sh
[106.606s] -- Up-to-date: /home/lunet/ttcc4/direct_motor_control_ws/install/ai_motor_controller/share/ai_motor_controller/environment/ament_prefix_path.dsv
[106.606s] -- Up-to-date: /home/lunet/ttcc4/direct_motor_control_ws/install/ai_motor_controller/share/ai_motor_controller/environment/path.sh
[106.606s] -- Up-to-date: /home/lunet/ttcc4/direct_motor_control_ws/install/ai_motor_controller/share/ai_motor_controller/environment/path.dsv
[106.607s] -- Up-to-date: /home/lunet/ttcc4/direct_motor_control_ws/install/ai_motor_controller/share/ai_motor_controller/local_setup.bash
[106.607s] -- Up-to-date: /home/lunet/ttcc4/direct_motor_control_ws/install/ai_motor_controller/share/ai_motor_controller/local_setup.sh
[106.607s] -- Up-to-date: /home/lunet/ttcc4/direct_motor_control_ws/install/ai_motor_controller/share/ai_motor_controller/local_setup.zsh
[106.612s] -- Up-to-date: /home/lunet/ttcc4/direct_motor_control_ws/install/ai_motor_controller/share/ai_motor_controller/local_setup.dsv
[106.613s] -- Installing: /home/lunet/ttcc4/direct_motor_control_ws/install/ai_motor_controller/share/ai_motor_controller/package.dsv
[106.613s] -- Up-to-date: /home/lunet/ttcc4/direct_motor_control_ws/install/ai_motor_controller/share/ament_index/resource_index/packages/ai_motor_controller
[106.613s] -- Up-to-date: /home/lunet/ttcc4/direct_motor_control_ws/install/ai_motor_controller/share/ai_motor_controller/cmake/ament_cmake_export_dependencies-extras.cmake
[106.614s] -- Up-to-date: /home/lunet/ttcc4/direct_motor_control_ws/install/ai_motor_controller/share/ai_motor_controller/cmake/ai_motor_controllerConfig.cmake
[106.614s] -- Up-to-date: /home/lunet/ttcc4/direct_motor_control_ws/install/ai_motor_controller/share/ai_motor_controller/cmake/ai_motor_controllerConfig-version.cmake
[106.614s] -- Up-to-date: /home/lunet/ttcc4/direct_motor_control_ws/install/ai_motor_controller/share/ai_motor_controller/package.xml
[106.629s] Invoked command in '/home/lunet/ttcc4/direct_motor_control_ws/build/ai_motor_controller' returned '0': CMAKE_PREFIX_PATH=${CMAKE_PREFIX_PATH}:/opt/ros/rolling CONDA_PROMPT_MODIFIER=(base) DEBUGINFOD_URLS=https://debuginfod.ubuntu.com /home/lunet/ttcc4/anaconda3/bin/cmake --install /home/lunet/ttcc4/direct_motor_control_ws/build/ai_motor_controller
