[0.043s] Invoking command in '/home/lunet/ttcc4/direct_motor_control_ws/build/ai_motor_controller': CMAKE_PREFIX_PATH=${CMAKE_PREFIX_PATH}:/opt/ros/rolling CONDA_PROMPT_MODIFIER=(base) DEBUGINFOD_URLS=https://debuginfod.ubuntu.com /home/lunet/ttcc4/anaconda3/bin/cmake --build /home/lunet/ttcc4/direct_motor_control_ws/build/ai_motor_controller -- -j8 -l8
[0.273s] [ 50%] Built target wrench
[0.289s] [100%] Built target lemniscate
[0.319s] Invoked command in '/home/lunet/ttcc4/direct_motor_control_ws/build/ai_motor_controller' returned '0': CMAKE_PREFIX_PATH=${CMAKE_PREFIX_PATH}:/opt/ros/rolling CONDA_PROMPT_MODIFIER=(base) DEBUGINFOD_URLS=https://debuginfod.ubuntu.com /home/lunet/ttcc4/anaconda3/bin/cmake --build /home/lunet/ttcc4/direct_motor_control_ws/build/ai_motor_controller -- -j8 -l8
[0.411s] Invoking command in '/home/lunet/ttcc4/direct_motor_control_ws/build/ai_motor_controller': CMAKE_PREFIX_PATH=${CMAKE_PREFIX_PATH}:/opt/ros/rolling CONDA_PROMPT_MODIFIER=(base) DEBUGINFOD_URLS=https://debuginfod.ubuntu.com /home/lunet/ttcc4/anaconda3/bin/cmake --install /home/lunet/ttcc4/direct_motor_control_ws/build/ai_motor_controller
[0.484s] -- Install configuration: ""
[0.484s] -- Up-to-date: /home/lunet/ttcc4/direct_motor_control_ws/install/ai_motor_controller/lib/ai_motor_controller/lemniscate
[0.488s] -- Up-to-date: /home/lunet/ttcc4/direct_motor_control_ws/install/ai_motor_controller/lib/ai_motor_controller/wrench
[0.489s] -- Up-to-date: /home/lunet/ttcc4/direct_motor_control_ws/install/ai_motor_controller/share/ai_motor_controller//launch
[0.489s] -- Up-to-date: /home/lunet/ttcc4/direct_motor_control_ws/install/ai_motor_controller/share/ai_motor_controller//launch/lemniscate_launch.py
[0.489s] -- Up-to-date: /home/lunet/ttcc4/direct_motor_control_ws/install/ai_motor_controller/share/ai_motor_controller//launch/traj.csv
[0.490s] -- Up-to-date: /home/lunet/ttcc4/direct_motor_control_ws/install/ai_motor_controller/share/ai_motor_controller//launch/wrench_launch.py
[0.490s] -- Up-to-date: /home/lunet/ttcc4/direct_motor_control_ws/install/ai_motor_controller/share/ai_motor_controller//launch/__pycache__
[0.491s] -- Up-to-date: /home/lunet/ttcc4/direct_motor_control_ws/install/ai_motor_controller/share/ai_motor_controller//launch/__pycache__/wrench_launch.cpython-312.pyc
[0.491s] -- Up-to-date: /home/lunet/ttcc4/direct_motor_control_ws/install/ai_motor_controller/share/ai_motor_controller//config
[0.491s] -- Up-to-date: /home/lunet/ttcc4/direct_motor_control_ws/install/ai_motor_controller/share/ai_motor_controller//config/pid_params.yaml
[0.492s] -- Up-to-date: /home/lunet/ttcc4/direct_motor_control_ws/install/ai_motor_controller/share/ament_index/resource_index/package_run_dependencies/ai_motor_controller
[0.492s] -- Up-to-date: /home/lunet/ttcc4/direct_motor_control_ws/install/ai_motor_controller/share/ament_index/resource_index/parent_prefix_path/ai_motor_controller
[0.493s] -- Up-to-date: /home/lunet/ttcc4/direct_motor_control_ws/install/ai_motor_controller/share/ai_motor_controller/environment/ament_prefix_path.sh
[0.493s] -- Up-to-date: /home/lunet/ttcc4/direct_motor_control_ws/install/ai_motor_controller/share/ai_motor_controller/environment/ament_prefix_path.dsv
[0.493s] -- Up-to-date: /home/lunet/ttcc4/direct_motor_control_ws/install/ai_motor_controller/share/ai_motor_controller/environment/path.sh
[0.494s] -- Up-to-date: /home/lunet/ttcc4/direct_motor_control_ws/install/ai_motor_controller/share/ai_motor_controller/environment/path.dsv
[0.494s] -- Up-to-date: /home/lunet/ttcc4/direct_motor_control_ws/install/ai_motor_controller/share/ai_motor_controller/local_setup.bash
[0.494s] -- Up-to-date: /home/lunet/ttcc4/direct_motor_control_ws/install/ai_motor_controller/share/ai_motor_controller/local_setup.sh
[0.494s] -- Up-to-date: /home/lunet/ttcc4/direct_motor_control_ws/install/ai_motor_controller/share/ai_motor_controller/local_setup.zsh
[0.494s] -- Up-to-date: /home/lunet/ttcc4/direct_motor_control_ws/install/ai_motor_controller/share/ai_motor_controller/local_setup.dsv
[0.494s] -- Installing: /home/lunet/ttcc4/direct_motor_control_ws/install/ai_motor_controller/share/ai_motor_controller/package.dsv
[0.495s] -- Up-to-date: /home/lunet/ttcc4/direct_motor_control_ws/install/ai_motor_controller/share/ament_index/resource_index/packages/ai_motor_controller
[0.495s] -- Up-to-date: /home/lunet/ttcc4/direct_motor_control_ws/install/ai_motor_controller/share/ai_motor_controller/cmake/ament_cmake_export_dependencies-extras.cmake
[0.495s] -- Up-to-date: /home/lunet/ttcc4/direct_motor_control_ws/install/ai_motor_controller/share/ai_motor_controller/cmake/ai_motor_controllerConfig.cmake
[0.495s] -- Up-to-date: /home/lunet/ttcc4/direct_motor_control_ws/install/ai_motor_controller/share/ai_motor_controller/cmake/ai_motor_controllerConfig-version.cmake
[0.495s] -- Up-to-date: /home/lunet/ttcc4/direct_motor_control_ws/install/ai_motor_controller/share/ai_motor_controller/package.xml
[0.512s] Invoked command in '/home/lunet/ttcc4/direct_motor_control_ws/build/ai_motor_controller' returned '0': CMAKE_PREFIX_PATH=${CMAKE_PREFIX_PATH}:/opt/ros/rolling CONDA_PROMPT_MODIFIER=(base) DEBUGINFOD_URLS=https://debuginfod.ubuntu.com /home/lunet/ttcc4/anaconda3/bin/cmake --install /home/lunet/ttcc4/direct_motor_control_ws/build/ai_motor_controller
