[0mCMake Deprecation Warning at /opt/ros/rolling/share/ament_cmake_target_dependencies/cmake/ament_target_dependencies.cmake:87 (message):
  ament_target_dependencies() is deprecated.  Use target_link_libraries()
  with modern CMake targets instead.  Try replacing this call with:

    target_link_libraries(lemniscate PUBLIC
      ${px4_msgs_TARGETS}
      px4_ros_com::frame_transforms
      rclcpp::rclcpp
    )

Call Stack (most recent call first):
  CMakeLists.txt:33 (ament_target_dependencies)

[0m
[0mCMake Deprecation Warning at /opt/ros/rolling/share/ament_cmake_target_dependencies/cmake/ament_target_dependencies.cmake:87 (message):
  ament_target_dependencies() is deprecated.  Use target_link_libraries()
  with modern CMake targets instead.  Try replacing this call with:

    target_link_libraries(wrench PUBLIC
      ${px4_msgs_TARGETS}
      px4_ros_com::frame_transforms
      rclcpp::rclcpp
    )

Call Stack (most recent call first):
  CMakeLists.txt:40 (ament_target_dependencies)

[0m
[01m[K/home/lunet/ttcc4/direct_motor_control_ws/src/ai_motor_controller/src/lemniscate.cpp:13:10:[m[K [01;31m[Kfatal error: [m[Kpx4_msgs/msg/VehicleRatesSetpoint.hpp: No such file or directory
   13 | #include [01;31m[K<px4_msgs/msg/VehicleRatesSetpoint.hpp>[m[K
      |          [01;31m[K^~~~~~~~~~~~~~~~~~~~~~~~~~~~~~~~~~~~~~~[m[K
compilation terminated.
gmake[2]: *** [CMakeFiles/lemniscate.dir/build.make:76: CMakeFiles/lemniscate.dir/src/lemniscate.cpp.o] Error 1
gmake[1]: *** [CMakeFiles/Makefile2:139: CMakeFiles/lemniscate.dir/all] Error 2
gmake[1]: *** Waiting for unfinished jobs....
gmake: *** [Makefile:146: all] Error 2
