[0.012s] Invoking command in '/home/lunet/ttcc4/direct_motor_control_ws/build/ai_motor_controller': CMAKE_PREFIX_PATH=${CMAKE_PREFIX_PATH}:/opt/ros/rolling CONDA_PROMPT_MODIFIER=(base) DEBUGINFOD_URLS=https://debuginfod.ubuntu.com /home/lunet/ttcc4/anaconda3/bin/cmake /home/lunet/ttcc4/direct_motor_control_ws/src/ai_motor_controller -DCMAKE_INSTALL_PREFIX=/home/lunet/ttcc4/direct_motor_control_ws/install/ai_motor_controller
[0.042s] -- Found ament_cmake: 2.8.2 (/opt/ros/rolling/share/ament_cmake/cmake)
[0.122s] -- Found builtin_interfaces: 2.4.0 (/opt/ros/rolling/share/builtin_interfaces/cmake)
[0.144s] -- Found rosidl_generator_c: 4.10.0 (/opt/ros/rolling/share/rosidl_generator_c/cmake)
[0.151s] -- Found rosidl_generator_cpp: 4.10.0 (/opt/ros/rolling/share/rosidl_generator_cpp/cmake)
[0.159s] -- Using all available rosidl_typesupport_c: rosidl_typesupport_fastrtps_c;rosidl_typesupport_introspection_c
[0.170s] -- Using all available rosidl_typesupport_cpp: rosidl_typesupport_fastrtps_cpp;rosidl_typesupport_introspection_cpp
[0.179s] -- Found eigen3_cmake_module: 0.5.0 (/opt/ros/rolling/share/eigen3_cmake_module/cmake)
[0.181s] -- Found px4_msgs: 2.0.1 (/home/lunet/ttcc4/ws_sensor_combined/install/px4_msgs/share/px4_msgs/cmake)
[0.221s] -- Found rclcpp: 29.6.0 (/opt/ros/rolling/share/rclcpp/cmake)
[0.275s] -- Found rmw_implementation_cmake: 7.9.0 (/opt/ros/rolling/share/rmw_implementation_cmake/cmake)
[0.280s] -- Found rmw_fastrtps_cpp: 9.4.0 (/opt/ros/rolling/share/rmw_fastrtps_cpp/cmake)
[0.376s] -- Found OpenSSL: /usr/lib/x86_64-linux-gnu/libcrypto.so (found version "3.0.13")  
[0.386s] -- Using RMW implementation 'rmw_fastrtps_cpp' as default
[0.466s] -- Found px4_ros_com: 0.1.0 (/home/lunet/ttcc4/ws_sensor_combined/install/px4_ros_com/share/px4_ros_com/cmake)
[0.543s] [0mCMake Deprecation Warning at /opt/ros/rolling/share/ament_cmake_target_dependencies/cmake/ament_target_dependencies.cmake:87 (message):
[0.543s]   ament_target_dependencies() is deprecated.  Use target_link_libraries()
[0.543s]   with modern CMake targets instead.  Try replacing this call with:
[0.543s] 
[0.543s]     target_link_libraries(lemniscate PUBLIC
[0.543s]       ${px4_msgs_TARGETS}
[0.543s]       px4_ros_com::frame_transforms
[0.543s]       rclcpp::rclcpp
[0.543s]     )
[0.543s] 
[0.543s] Call Stack (most recent call first):
[0.543s]   CMakeLists.txt:33 (ament_target_dependencies)
[0.543s] 
[0.543s] [0m
[0.543s] [0mCMake Deprecation Warning at /opt/ros/rolling/share/ament_cmake_target_dependencies/cmake/ament_target_dependencies.cmake:87 (message):
[0.543s]   ament_target_dependencies() is deprecated.  Use target_link_libraries()
[0.544s]   with modern CMake targets instead.  Try replacing this call with:
[0.544s] 
[0.544s]     target_link_libraries(wrench PUBLIC
[0.544s]       ${px4_msgs_TARGETS}
[0.544s]       px4_ros_com::frame_transforms
[0.544s]       rclcpp::rclcpp
[0.544s]     )
[0.544s] 
[0.544s] Call Stack (most recent call first):
[0.544s]   CMakeLists.txt:40 (ament_target_dependencies)
[0.544s] 
[0.544s] [0m
[0.547s] -- Found ament_lint_auto: 0.20.0 (/opt/ros/rolling/share/ament_lint_auto/cmake)
[0.646s] -- Added test 'copyright' to check source files copyright and LICENSE
[0.648s] -- Added test 'cppcheck' to perform static code analysis on C / C++ code
[0.648s] -- Configured cppcheck include dirs: /home/lunet/ttcc4/direct_motor_control_ws/src/ai_motor_controller/include
[0.648s] -- Configured cppcheck exclude dirs and/or files: 
[0.649s] -- Added test 'cpplint' to check C / C++ code against the Google style
[0.649s] -- Configured cpplint exclude dirs and/or files: 
[0.650s] -- Added test 'flake8' to check Python code syntax and style conventions
[0.650s] -- Configured 'flake8' exclude dirs and/or files: 
[0.651s] -- Added test 'lint_cmake' to check CMake code style
[0.652s] -- Added test 'pep257' to check Python code against some of the docstring style conventions in PEP 257
[0.653s] -- Added test 'uncrustify' to check C / C++ code style
[0.653s] -- Configured uncrustify additional arguments: 
[0.654s] -- Added test 'xmllint' to check XML markup files
[0.656s] -- Configuring done (0.6s)
[0.667s] -- Generating done (0.0s)
[0.672s] -- Build files have been written to: /home/lunet/ttcc4/direct_motor_control_ws/build/ai_motor_controller
[0.683s] Invoked command in '/home/lunet/ttcc4/direct_motor_control_ws/build/ai_motor_controller' returned '0': CMAKE_PREFIX_PATH=${CMAKE_PREFIX_PATH}:/opt/ros/rolling CONDA_PROMPT_MODIFIER=(base) DEBUGINFOD_URLS=https://debuginfod.ubuntu.com /home/lunet/ttcc4/anaconda3/bin/cmake /home/lunet/ttcc4/direct_motor_control_ws/src/ai_motor_controller -DCMAKE_INSTALL_PREFIX=/home/lunet/ttcc4/direct_motor_control_ws/install/ai_motor_controller
[0.684s] Invoking command in '/home/lunet/ttcc4/direct_motor_control_ws/build/ai_motor_controller': CMAKE_PREFIX_PATH=${CMAKE_PREFIX_PATH}:/opt/ros/rolling CONDA_PROMPT_MODIFIER=(base) DEBUGINFOD_URLS=https://debuginfod.ubuntu.com /home/lunet/ttcc4/anaconda3/bin/cmake --build /home/lunet/ttcc4/direct_motor_control_ws/build/ai_motor_controller -- -j8 -l8
[0.728s] [ 50%] [32mBuilding CXX object CMakeFiles/wrench.dir/src/wrench_disturbance.cpp.o[0m
[0.728s] [ 50%] [32mBuilding CXX object CMakeFiles/lemniscate.dir/src/lemniscate.cpp.o[0m
[0.918s] [ 75%] [32m[1mLinking CXX executable wrench[0m
[0.935s] [01m[K/home/lunet/ttcc4/direct_motor_control_ws/src/ai_motor_controller/src/lemniscate.cpp:13:10:[m[K [01;31m[Kfatal error: [m[Kpx4_msgs/msg/VehicleRatesSetpoint.hpp: No such file or directory
[0.936s]    13 | #include [01;31m[K<px4_msgs/msg/VehicleRatesSetpoint.hpp>[m[K
[0.936s]       |          [01;31m[K^~~~~~~~~~~~~~~~~~~~~~~~~~~~~~~~~~~~~~~[m[K
[0.936s] compilation terminated.
[0.939s] gmake[2]: *** [CMakeFiles/lemniscate.dir/build.make:76: CMakeFiles/lemniscate.dir/src/lemniscate.cpp.o] Error 1
[0.939s] gmake[1]: *** [CMakeFiles/Makefile2:139: CMakeFiles/lemniscate.dir/all] Error 2
[0.939s] gmake[1]: *** Waiting for unfinished jobs....
[2.061s] [ 75%] Built target wrench
[2.061s] gmake: *** [Makefile:146: all] Error 2
[2.066s] Invoked command in '/home/lunet/ttcc4/direct_motor_control_ws/build/ai_motor_controller' returned '2': CMAKE_PREFIX_PATH=${CMAKE_PREFIX_PATH}:/opt/ros/rolling CONDA_PROMPT_MODIFIER=(base) DEBUGINFOD_URLS=https://debuginfod.ubuntu.com /home/lunet/ttcc4/anaconda3/bin/cmake --build /home/lunet/ttcc4/direct_motor_control_ws/build/ai_motor_controller -- -j8 -l8
