[0.060s] Invoking command in '/home/lunet/ttcc4/direct_motor_control_ws/build/ai_motor_controller': CMAKE_PREFIX_PATH=${CMAKE_PREFIX_PATH}:/opt/ros/rolling CONDA_PROMPT_MODIFIER=(base) DEBUGINFOD_URLS=https://debuginfod.ubuntu.com /home/lunet/ttcc4/anaconda3/bin/cmake --build /home/lunet/ttcc4/direct_motor_control_ws/build/ai_motor_controller -- -j8 -l8
[0.349s] [ 50%] Built target wrench
[0.384s] [ 75%] [32mBuilding CXX object CMakeFiles/lemniscate.dir/src/lemniscate.cpp.o[0m
[35.455s] gmake[2]: *** [CMakeFiles/lemniscate.dir/build.make:76: CMakeFiles/lemniscate.dir/src/lemniscate.cpp.o] Interrupt
[35.456s] gmake[1]: *** [CMakeFiles/Makefile2:139: CMakeFiles/lemniscate.dir/all] Interrupt
[35.459s] gmake: *** [Makefile:146: all] Interrupt
[35.461s] Traceback (most recent call last):
[35.463s]   File "/home/lunet/ttcc4/anaconda3/bin/cmake", line 8, in <module>
[35.464s]     sys.exit(cmake())
[35.464s]   File "/home/lunet/ttcc4/anaconda3/lib/python3.9/site-packages/cmake/__init__.py", line 43, in cmake
[35.464s]     raise SystemExit(_program('cmake', sys.argv[1:]))
[35.473s]   File "/home/lunet/ttcc4/anaconda3/lib/python3.9/site-packages/cmake/__init__.py", line 39, in _program
[35.477s]     return subprocess.call([os.path.join(CMAKE_BIN_DIR, name)] + args, close_fds=False)
[35.480s]   File "/home/lunet/ttcc4/anaconda3/lib/python3.9/subprocess.py", line 351, in call
[35.482s]     return p.wait(timeout=timeout)
[35.484s]   File "/home/lunet/ttcc4/anaconda3/lib/python3.9/subprocess.py", line 1189, in wait
[35.484s]     return self._wait(timeout=timeout)
[35.485s]   File "/home/lunet/ttcc4/anaconda3/lib/python3.9/subprocess.py", line 1917, in _wait
[35.485s]     (pid, sts) = self._try_wait(0)
[35.485s]   File "/home/lunet/ttcc4/anaconda3/lib/python3.9/subprocess.py", line 1875, in _try_wait
[35.485s]     (pid, sts) = os.waitpid(self.pid, wait_flags)
[35.485s] KeyboardInterrupt
[35.596s] Invoked command in '/home/lunet/ttcc4/direct_motor_control_ws/build/ai_motor_controller' returned '-2': CMAKE_PREFIX_PATH=${CMAKE_PREFIX_PATH}:/opt/ros/rolling CONDA_PROMPT_MODIFIER=(base) DEBUGINFOD_URLS=https://debuginfod.ubuntu.com /home/lunet/ttcc4/anaconda3/bin/cmake --build /home/lunet/ttcc4/direct_motor_control_ws/build/ai_motor_controller -- -j8 -l8
