-- The C compiler identification is GNU 13.3.0
-- The CXX compiler identification is GNU 13.3.0
-- Detecting C compiler ABI info
-- Detecting C compiler ABI info - done
-- Check for working C compiler: /usr/lib/ccache/cc - skipped
-- Detecting C compile features
-- Detecting C compile features - done
-- Detecting CXX compiler ABI info
-- Detecting CXX compiler ABI info - done
-- Check for working CXX compiler: /usr/lib/ccache/c++ - skipped
-- Detecting CXX compile features
-- Detecting CXX compile features - done
-- Found ament_cmake: 2.8.2 (/opt/ros/rolling/share/ament_cmake/cmake)
-- Found Python3: /home/lunet/ttcc4/anaconda3/bin/python3 (found version "3.9.13") found components: Interpreter 
-- Found builtin_interfaces: 2.4.0 (/opt/ros/rolling/share/builtin_interfaces/cmake)
-- Found rosidl_generator_c: 4.10.0 (/opt/ros/rolling/share/rosidl_generator_c/cmake)
-- Found rosidl_generator_cpp: 4.10.0 (/opt/ros/rolling/share/rosidl_generator_cpp/cmake)
-- Using all available rosidl_typesupport_c: rosidl_typesupport_fastrtps_c;rosidl_typesupport_introspection_c
-- Using all available rosidl_typesupport_cpp: rosidl_typesupport_fastrtps_cpp;rosidl_typesupport_introspection_cpp
-- Found eigen3_cmake_module: 0.5.0 (/opt/ros/rolling/share/eigen3_cmake_module/cmake)
-- Found Eigen3: TRUE (found version "3.4.0") 
-- Configuring incomplete, errors occurred!
[31mCMake Error at CMakeLists.txt:17 (find_package):
  By not providing "Findpx4_msgs.cmake" in CMAKE_MODULE_PATH this project has
  asked CMake to find a package configuration file provided by "px4_msgs",
  but CMake did not find one.

  Could not find a package configuration file provided by "px4_msgs" with any
  of the following names:

    px4_msgsConfig.cmake
    px4_msgs-config.cmake

  Add the installation prefix of "px4_msgs" to CMAKE_PREFIX_PATH or set
  "px4_msgs_DIR" to a directory containing one of the above files.  If
  "px4_msgs" provides a separate development package or SDK, be sure it has
  been installed.

[0m
