[0.088s] DEBUG:colcon:Command line arguments: ['/usr/bin/colcon', 'build']
[0.088s] DEBUG:colcon:Parsed command line arguments: Namespace(log_base=None, log_level=None, verb_name='build', build_base='build', install_base='install', merge_install=False, symlink_install=False, test_result_base=None, continue_on_error=False, executor='parallel', parallel_workers=8, event_handlers=None, ignore_user_meta=False, metas=['./colcon.meta'], base_paths=['.'], packages_ignore=None, packages_ignore_regex=None, paths=None, packages_up_to=None, packages_up_to_regex=None, packages_above=None, packages_above_and_dependencies=None, packages_above_depth=None, packages_select_by_dep=None, packages_skip_by_dep=None, packages_skip_up_to=None, packages_select_build_failed=False, packages_skip_build_finished=False, packages_select_test_failures=False, packages_skip_test_passed=False, packages_select=None, packages_skip=None, packages_select_regex=None, packages_skip_regex=None, packages_start=None, packages_end=None, allow_overriding=[], cmake_args=None, cmake_target=None, cmake_target_skip_unavailable=False, cmake_clean_cache=False, cmake_clean_first=False, cmake_force_configure=False, ament_cmake_args=None, catkin_cmake_args=None, catkin_skip_building_tests=False, mixin_files=None, mixin=None, verb_parser=<colcon_mixin.mixin.mixin_argument.MixinArgumentDecorator object at 0x7e71dfbccf80>, verb_extension=<colcon_core.verb.build.BuildVerb object at 0x7e71dfce9730>, main=<bound method BuildVerb.main of <colcon_core.verb.build.BuildVerb object at 0x7e71dfce9730>>, mixin_verb=('build',))
[0.117s] Level 1:colcon.colcon_core.package_discovery:discover_packages(colcon_meta) check parameters
[0.117s] Level 1:colcon.colcon_core.package_discovery:discover_packages(recursive) check parameters
[0.117s] Level 1:colcon.colcon_core.package_discovery:discover_packages(ignore) check parameters
[0.117s] Level 1:colcon.colcon_core.package_discovery:discover_packages(path) check parameters
[0.117s] Level 1:colcon.colcon_core.package_discovery:discover_packages(colcon_meta) discover
[0.117s] Level 1:colcon.colcon_core.package_discovery:discover_packages(recursive) discover
[0.117s] INFO:colcon.colcon_core.package_discovery:Crawling recursively for packages in '/home/lunet/ttcc4/direct_motor_control_ws'
[0.118s] Level 1:colcon.colcon_core.package_identification:_identify(.) by extensions ['ignore', 'ignore_ament_install']
[0.118s] Level 1:colcon.colcon_core.package_identification:_identify(.) by extension 'ignore'
[0.118s] Level 1:colcon.colcon_core.package_identification:_identify(.) by extension 'ignore_ament_install'
[0.118s] Level 1:colcon.colcon_core.package_identification:_identify(.) by extensions ['colcon_pkg']
[0.118s] Level 1:colcon.colcon_core.package_identification:_identify(.) by extension 'colcon_pkg'
[0.118s] Level 1:colcon.colcon_core.package_identification:_identify(.) by extensions ['colcon_meta']
[0.118s] Level 1:colcon.colcon_core.package_identification:_identify(.) by extension 'colcon_meta'
[0.118s] Level 1:colcon.colcon_core.package_identification:_identify(.) by extensions ['ros']
[0.118s] Level 1:colcon.colcon_core.package_identification:_identify(.) by extension 'ros'
[0.142s] Level 1:colcon.colcon_core.package_identification:_identify(.) by extensions ['cmake', 'python']
[0.142s] Level 1:colcon.colcon_core.package_identification:_identify(.) by extension 'cmake'
[0.142s] Level 1:colcon.colcon_core.package_identification:_identify(.) by extension 'python'
[0.142s] Level 1:colcon.colcon_core.package_identification:_identify(.) by extensions ['python_setup_py']
[0.142s] Level 1:colcon.colcon_core.package_identification:_identify(.) by extension 'python_setup_py'
[0.142s] Level 1:colcon.colcon_core.package_identification:_identify(build) by extensions ['ignore', 'ignore_ament_install']
[0.142s] Level 1:colcon.colcon_core.package_identification:_identify(build) by extension 'ignore'
[0.142s] Level 1:colcon.colcon_core.package_identification:_identify(build) ignored
[0.142s] Level 1:colcon.colcon_core.package_identification:_identify(install) by extensions ['ignore', 'ignore_ament_install']
[0.142s] Level 1:colcon.colcon_core.package_identification:_identify(install) by extension 'ignore'
[0.142s] Level 1:colcon.colcon_core.package_identification:_identify(install) ignored
[0.142s] Level 1:colcon.colcon_core.package_identification:_identify(log) by extensions ['ignore', 'ignore_ament_install']
[0.143s] Level 1:colcon.colcon_core.package_identification:_identify(log) by extension 'ignore'
[0.143s] Level 1:colcon.colcon_core.package_identification:_identify(log) ignored
[0.143s] Level 1:colcon.colcon_core.package_identification:_identify(new_data) by extensions ['ignore', 'ignore_ament_install']
[0.143s] Level 1:colcon.colcon_core.package_identification:_identify(new_data) by extension 'ignore'
[0.143s] Level 1:colcon.colcon_core.package_identification:_identify(new_data) by extension 'ignore_ament_install'
[0.143s] Level 1:colcon.colcon_core.package_identification:_identify(new_data) by extensions ['colcon_pkg']
[0.143s] Level 1:colcon.colcon_core.package_identification:_identify(new_data) by extension 'colcon_pkg'
[0.143s] Level 1:colcon.colcon_core.package_identification:_identify(new_data) by extensions ['colcon_meta']
[0.143s] Level 1:colcon.colcon_core.package_identification:_identify(new_data) by extension 'colcon_meta'
[0.143s] Level 1:colcon.colcon_core.package_identification:_identify(new_data) by extensions ['ros']
[0.143s] Level 1:colcon.colcon_core.package_identification:_identify(new_data) by extension 'ros'
[0.143s] Level 1:colcon.colcon_core.package_identification:_identify(new_data) by extensions ['cmake', 'python']
[0.143s] Level 1:colcon.colcon_core.package_identification:_identify(new_data) by extension 'cmake'
[0.143s] Level 1:colcon.colcon_core.package_identification:_identify(new_data) by extension 'python'
[0.143s] Level 1:colcon.colcon_core.package_identification:_identify(new_data) by extensions ['python_setup_py']
[0.143s] Level 1:colcon.colcon_core.package_identification:_identify(new_data) by extension 'python_setup_py'
[0.143s] Level 1:colcon.colcon_core.package_identification:_identify(new_data/piddob) by extensions ['ignore', 'ignore_ament_install']
[0.143s] Level 1:colcon.colcon_core.package_identification:_identify(new_data/piddob) by extension 'ignore'
[0.143s] Level 1:colcon.colcon_core.package_identification:_identify(new_data/piddob) by extension 'ignore_ament_install'
[0.143s] Level 1:colcon.colcon_core.package_identification:_identify(new_data/piddob) by extensions ['colcon_pkg']
[0.143s] Level 1:colcon.colcon_core.package_identification:_identify(new_data/piddob) by extension 'colcon_pkg'
[0.143s] Level 1:colcon.colcon_core.package_identification:_identify(new_data/piddob) by extensions ['colcon_meta']
[0.143s] Level 1:colcon.colcon_core.package_identification:_identify(new_data/piddob) by extension 'colcon_meta'
[0.143s] Level 1:colcon.colcon_core.package_identification:_identify(new_data/piddob) by extensions ['ros']
[0.143s] Level 1:colcon.colcon_core.package_identification:_identify(new_data/piddob) by extension 'ros'
[0.143s] Level 1:colcon.colcon_core.package_identification:_identify(new_data/piddob) by extensions ['cmake', 'python']
[0.143s] Level 1:colcon.colcon_core.package_identification:_identify(new_data/piddob) by extension 'cmake'
[0.144s] Level 1:colcon.colcon_core.package_identification:_identify(new_data/piddob) by extension 'python'
[0.144s] Level 1:colcon.colcon_core.package_identification:_identify(new_data/piddob) by extensions ['python_setup_py']
[0.144s] Level 1:colcon.colcon_core.package_identification:_identify(new_data/piddob) by extension 'python_setup_py'
[0.144s] Level 1:colcon.colcon_core.package_identification:_identify(new_data/piddob/reports) by extensions ['ignore', 'ignore_ament_install']
[0.144s] Level 1:colcon.colcon_core.package_identification:_identify(new_data/piddob/reports) by extension 'ignore'
[0.144s] Level 1:colcon.colcon_core.package_identification:_identify(new_data/piddob/reports) by extension 'ignore_ament_install'
[0.144s] Level 1:colcon.colcon_core.package_identification:_identify(new_data/piddob/reports) by extensions ['colcon_pkg']
[0.144s] Level 1:colcon.colcon_core.package_identification:_identify(new_data/piddob/reports) by extension 'colcon_pkg'
[0.144s] Level 1:colcon.colcon_core.package_identification:_identify(new_data/piddob/reports) by extensions ['colcon_meta']
[0.144s] Level 1:colcon.colcon_core.package_identification:_identify(new_data/piddob/reports) by extension 'colcon_meta'
[0.144s] Level 1:colcon.colcon_core.package_identification:_identify(new_data/piddob/reports) by extensions ['ros']
[0.144s] Level 1:colcon.colcon_core.package_identification:_identify(new_data/piddob/reports) by extension 'ros'
[0.144s] Level 1:colcon.colcon_core.package_identification:_identify(new_data/piddob/reports) by extensions ['cmake', 'python']
[0.144s] Level 1:colcon.colcon_core.package_identification:_identify(new_data/piddob/reports) by extension 'cmake'
[0.144s] Level 1:colcon.colcon_core.package_identification:_identify(new_data/piddob/reports) by extension 'python'
[0.144s] Level 1:colcon.colcon_core.package_identification:_identify(new_data/piddob/reports) by extensions ['python_setup_py']
[0.144s] Level 1:colcon.colcon_core.package_identification:_identify(new_data/piddob/reports) by extension 'python_setup_py'
[0.144s] Level 1:colcon.colcon_core.package_identification:_identify(new_data/piddob/reports/20251022_140621) by extensions ['ignore', 'ignore_ament_install']
[0.144s] Level 1:colcon.colcon_core.package_identification:_identify(new_data/piddob/reports/20251022_140621) by extension 'ignore'
[0.144s] Level 1:colcon.colcon_core.package_identification:_identify(new_data/piddob/reports/20251022_140621) by extension 'ignore_ament_install'
[0.144s] Level 1:colcon.colcon_core.package_identification:_identify(new_data/piddob/reports/20251022_140621) by extensions ['colcon_pkg']
[0.144s] Level 1:colcon.colcon_core.package_identification:_identify(new_data/piddob/reports/20251022_140621) by extension 'colcon_pkg'
[0.144s] Level 1:colcon.colcon_core.package_identification:_identify(new_data/piddob/reports/20251022_140621) by extensions ['colcon_meta']
[0.144s] Level 1:colcon.colcon_core.package_identification:_identify(new_data/piddob/reports/20251022_140621) by extension 'colcon_meta'
[0.144s] Level 1:colcon.colcon_core.package_identification:_identify(new_data/piddob/reports/20251022_140621) by extensions ['ros']
[0.144s] Level 1:colcon.colcon_core.package_identification:_identify(new_data/piddob/reports/20251022_140621) by extension 'ros'
[0.144s] Level 1:colcon.colcon_core.package_identification:_identify(new_data/piddob/reports/20251022_140621) by extensions ['cmake', 'python']
[0.145s] Level 1:colcon.colcon_core.package_identification:_identify(new_data/piddob/reports/20251022_140621) by extension 'cmake'
[0.145s] Level 1:colcon.colcon_core.package_identification:_identify(new_data/piddob/reports/20251022_140621) by extension 'python'
[0.145s] Level 1:colcon.colcon_core.package_identification:_identify(new_data/piddob/reports/20251022_140621) by extensions ['python_setup_py']
[0.145s] Level 1:colcon.colcon_core.package_identification:_identify(new_data/piddob/reports/20251022_140621) by extension 'python_setup_py'
[0.145s] Level 1:colcon.colcon_core.package_identification:_identify(new_data/piddob/reports/20251022_140621/per_file) by extensions ['ignore', 'ignore_ament_install']
[0.145s] Level 1:colcon.colcon_core.package_identification:_identify(new_data/piddob/reports/20251022_140621/per_file) by extension 'ignore'
[0.145s] Level 1:colcon.colcon_core.package_identification:_identify(new_data/piddob/reports/20251022_140621/per_file) by extension 'ignore_ament_install'
[0.145s] Level 1:colcon.colcon_core.package_identification:_identify(new_data/piddob/reports/20251022_140621/per_file) by extensions ['colcon_pkg']
[0.145s] Level 1:colcon.colcon_core.package_identification:_identify(new_data/piddob/reports/20251022_140621/per_file) by extension 'colcon_pkg'
[0.145s] Level 1:colcon.colcon_core.package_identification:_identify(new_data/piddob/reports/20251022_140621/per_file) by extensions ['colcon_meta']
[0.145s] Level 1:colcon.colcon_core.package_identification:_identify(new_data/piddob/reports/20251022_140621/per_file) by extension 'colcon_meta'
[0.145s] Level 1:colcon.colcon_core.package_identification:_identify(new_data/piddob/reports/20251022_140621/per_file) by extensions ['ros']
[0.145s] Level 1:colcon.colcon_core.package_identification:_identify(new_data/piddob/reports/20251022_140621/per_file) by extension 'ros'
[0.145s] Level 1:colcon.colcon_core.package_identification:_identify(new_data/piddob/reports/20251022_140621/per_file) by extensions ['cmake', 'python']
[0.145s] Level 1:colcon.colcon_core.package_identification:_identify(new_data/piddob/reports/20251022_140621/per_file) by extension 'cmake'
[0.145s] Level 1:colcon.colcon_core.package_identification:_identify(new_data/piddob/reports/20251022_140621/per_file) by extension 'python'
[0.145s] Level 1:colcon.colcon_core.package_identification:_identify(new_data/piddob/reports/20251022_140621/per_file) by extensions ['python_setup_py']
[0.145s] Level 1:colcon.colcon_core.package_identification:_identify(new_data/piddob/reports/20251022_140621/per_file) by extension 'python_setup_py'
[0.145s] Level 1:colcon.colcon_core.package_identification:_identify(new_data/piddob/reports/20251022_140821) by extensions ['ignore', 'ignore_ament_install']
[0.145s] Level 1:colcon.colcon_core.package_identification:_identify(new_data/piddob/reports/20251022_140821) by extension 'ignore'
[0.145s] Level 1:colcon.colcon_core.package_identification:_identify(new_data/piddob/reports/20251022_140821) by extension 'ignore_ament_install'
[0.145s] Level 1:colcon.colcon_core.package_identification:_identify(new_data/piddob/reports/20251022_140821) by extensions ['colcon_pkg']
[0.145s] Level 1:colcon.colcon_core.package_identification:_identify(new_data/piddob/reports/20251022_140821) by extension 'colcon_pkg'
[0.145s] Level 1:colcon.colcon_core.package_identification:_identify(new_data/piddob/reports/20251022_140821) by extensions ['colcon_meta']
[0.145s] Level 1:colcon.colcon_core.package_identification:_identify(new_data/piddob/reports/20251022_140821) by extension 'colcon_meta'
[0.145s] Level 1:colcon.colcon_core.package_identification:_identify(new_data/piddob/reports/20251022_140821) by extensions ['ros']
[0.145s] Level 1:colcon.colcon_core.package_identification:_identify(new_data/piddob/reports/20251022_140821) by extension 'ros'
[0.146s] Level 1:colcon.colcon_core.package_identification:_identify(new_data/piddob/reports/20251022_140821) by extensions ['cmake', 'python']
[0.146s] Level 1:colcon.colcon_core.package_identification:_identify(new_data/piddob/reports/20251022_140821) by extension 'cmake'
[0.146s] Level 1:colcon.colcon_core.package_identification:_identify(new_data/piddob/reports/20251022_140821) by extension 'python'
[0.146s] Level 1:colcon.colcon_core.package_identification:_identify(new_data/piddob/reports/20251022_140821) by extensions ['python_setup_py']
[0.146s] Level 1:colcon.colcon_core.package_identification:_identify(new_data/piddob/reports/20251022_140821) by extension 'python_setup_py'
[0.146s] Level 1:colcon.colcon_core.package_identification:_identify(new_data/piddob/reports/20251022_140821/per_file) by extensions ['ignore', 'ignore_ament_install']
[0.146s] Level 1:colcon.colcon_core.package_identification:_identify(new_data/piddob/reports/20251022_140821/per_file) by extension 'ignore'
[0.146s] Level 1:colcon.colcon_core.package_identification:_identify(new_data/piddob/reports/20251022_140821/per_file) by extension 'ignore_ament_install'
[0.146s] Level 1:colcon.colcon_core.package_identification:_identify(new_data/piddob/reports/20251022_140821/per_file) by extensions ['colcon_pkg']
[0.146s] Level 1:colcon.colcon_core.package_identification:_identify(new_data/piddob/reports/20251022_140821/per_file) by extension 'colcon_pkg'
[0.146s] Level 1:colcon.colcon_core.package_identification:_identify(new_data/piddob/reports/20251022_140821/per_file) by extensions ['colcon_meta']
[0.146s] Level 1:colcon.colcon_core.package_identification:_identify(new_data/piddob/reports/20251022_140821/per_file) by extension 'colcon_meta'
[0.146s] Level 1:colcon.colcon_core.package_identification:_identify(new_data/piddob/reports/20251022_140821/per_file) by extensions ['ros']
[0.146s] Level 1:colcon.colcon_core.package_identification:_identify(new_data/piddob/reports/20251022_140821/per_file) by extension 'ros'
[0.146s] Level 1:colcon.colcon_core.package_identification:_identify(new_data/piddob/reports/20251022_140821/per_file) by extensions ['cmake', 'python']
[0.146s] Level 1:colcon.colcon_core.package_identification:_identify(new_data/piddob/reports/20251022_140821/per_file) by extension 'cmake'
[0.146s] Level 1:colcon.colcon_core.package_identification:_identify(new_data/piddob/reports/20251022_140821/per_file) by extension 'python'
[0.146s] Level 1:colcon.colcon_core.package_identification:_identify(new_data/piddob/reports/20251022_140821/per_file) by extensions ['python_setup_py']
[0.146s] Level 1:colcon.colcon_core.package_identification:_identify(new_data/piddob/reports/20251022_140821/per_file) by extension 'python_setup_py'
[0.146s] Level 1:colcon.colcon_core.package_identification:_identify(new_data/piddob/reports/20251022_141447) by extensions ['ignore', 'ignore_ament_install']
[0.146s] Level 1:colcon.colcon_core.package_identification:_identify(new_data/piddob/reports/20251022_141447) by extension 'ignore'
[0.146s] Level 1:colcon.colcon_core.package_identification:_identify(new_data/piddob/reports/20251022_141447) by extension 'ignore_ament_install'
[0.146s] Level 1:colcon.colcon_core.package_identification:_identify(new_data/piddob/reports/20251022_141447) by extensions ['colcon_pkg']
[0.146s] Level 1:colcon.colcon_core.package_identification:_identify(new_data/piddob/reports/20251022_141447) by extension 'colcon_pkg'
[0.146s] Level 1:colcon.colcon_core.package_identification:_identify(new_data/piddob/reports/20251022_141447) by extensions ['colcon_meta']
[0.146s] Level 1:colcon.colcon_core.package_identification:_identify(new_data/piddob/reports/20251022_141447) by extension 'colcon_meta'
[0.146s] Level 1:colcon.colcon_core.package_identification:_identify(new_data/piddob/reports/20251022_141447) by extensions ['ros']
[0.146s] Level 1:colcon.colcon_core.package_identification:_identify(new_data/piddob/reports/20251022_141447) by extension 'ros'
[0.147s] Level 1:colcon.colcon_core.package_identification:_identify(new_data/piddob/reports/20251022_141447) by extensions ['cmake', 'python']
[0.147s] Level 1:colcon.colcon_core.package_identification:_identify(new_data/piddob/reports/20251022_141447) by extension 'cmake'
[0.147s] Level 1:colcon.colcon_core.package_identification:_identify(new_data/piddob/reports/20251022_141447) by extension 'python'
[0.147s] Level 1:colcon.colcon_core.package_identification:_identify(new_data/piddob/reports/20251022_141447) by extensions ['python_setup_py']
[0.147s] Level 1:colcon.colcon_core.package_identification:_identify(new_data/piddob/reports/20251022_141447) by extension 'python_setup_py'
[0.147s] Level 1:colcon.colcon_core.package_identification:_identify(new_data/piddob/reports/20251022_141447/per_file) by extensions ['ignore', 'ignore_ament_install']
[0.147s] Level 1:colcon.colcon_core.package_identification:_identify(new_data/piddob/reports/20251022_141447/per_file) by extension 'ignore'
[0.147s] Level 1:colcon.colcon_core.package_identification:_identify(new_data/piddob/reports/20251022_141447/per_file) by extension 'ignore_ament_install'
[0.147s] Level 1:colcon.colcon_core.package_identification:_identify(new_data/piddob/reports/20251022_141447/per_file) by extensions ['colcon_pkg']
[0.147s] Level 1:colcon.colcon_core.package_identification:_identify(new_data/piddob/reports/20251022_141447/per_file) by extension 'colcon_pkg'
[0.147s] Level 1:colcon.colcon_core.package_identification:_identify(new_data/piddob/reports/20251022_141447/per_file) by extensions ['colcon_meta']
[0.147s] Level 1:colcon.colcon_core.package_identification:_identify(new_data/piddob/reports/20251022_141447/per_file) by extension 'colcon_meta'
[0.147s] Level 1:colcon.colcon_core.package_identification:_identify(new_data/piddob/reports/20251022_141447/per_file) by extensions ['ros']
[0.147s] Level 1:colcon.colcon_core.package_identification:_identify(new_data/piddob/reports/20251022_141447/per_file) by extension 'ros'
[0.147s] Level 1:colcon.colcon_core.package_identification:_identify(new_data/piddob/reports/20251022_141447/per_file) by extensions ['cmake', 'python']
[0.147s] Level 1:colcon.colcon_core.package_identification:_identify(new_data/piddob/reports/20251022_141447/per_file) by extension 'cmake'
[0.147s] Level 1:colcon.colcon_core.package_identification:_identify(new_data/piddob/reports/20251022_141447/per_file) by extension 'python'
[0.147s] Level 1:colcon.colcon_core.package_identification:_identify(new_data/piddob/reports/20251022_141447/per_file) by extensions ['python_setup_py']
[0.147s] Level 1:colcon.colcon_core.package_identification:_identify(new_data/piddob/reports/20251022_141447/per_file) by extension 'python_setup_py'
[0.147s] Level 1:colcon.colcon_core.package_identification:_identify(new_data/piddob/reports/20251022_141618) by extensions ['ignore', 'ignore_ament_install']
[0.147s] Level 1:colcon.colcon_core.package_identification:_identify(new_data/piddob/reports/20251022_141618) by extension 'ignore'
[0.147s] Level 1:colcon.colcon_core.package_identification:_identify(new_data/piddob/reports/20251022_141618) by extension 'ignore_ament_install'
[0.147s] Level 1:colcon.colcon_core.package_identification:_identify(new_data/piddob/reports/20251022_141618) by extensions ['colcon_pkg']
[0.147s] Level 1:colcon.colcon_core.package_identification:_identify(new_data/piddob/reports/20251022_141618) by extension 'colcon_pkg'
[0.147s] Level 1:colcon.colcon_core.package_identification:_identify(new_data/piddob/reports/20251022_141618) by extensions ['colcon_meta']
[0.147s] Level 1:colcon.colcon_core.package_identification:_identify(new_data/piddob/reports/20251022_141618) by extension 'colcon_meta'
[0.147s] Level 1:colcon.colcon_core.package_identification:_identify(new_data/piddob/reports/20251022_141618) by extensions ['ros']
[0.147s] Level 1:colcon.colcon_core.package_identification:_identify(new_data/piddob/reports/20251022_141618) by extension 'ros'
[0.148s] Level 1:colcon.colcon_core.package_identification:_identify(new_data/piddob/reports/20251022_141618) by extensions ['cmake', 'python']
[0.148s] Level 1:colcon.colcon_core.package_identification:_identify(new_data/piddob/reports/20251022_141618) by extension 'cmake'
[0.148s] Level 1:colcon.colcon_core.package_identification:_identify(new_data/piddob/reports/20251022_141618) by extension 'python'
[0.148s] Level 1:colcon.colcon_core.package_identification:_identify(new_data/piddob/reports/20251022_141618) by extensions ['python_setup_py']
[0.148s] Level 1:colcon.colcon_core.package_identification:_identify(new_data/piddob/reports/20251022_141618) by extension 'python_setup_py'
[0.148s] Level 1:colcon.colcon_core.package_identification:_identify(new_data/piddob/reports/20251022_141618/per_file) by extensions ['ignore', 'ignore_ament_install']
[0.148s] Level 1:colcon.colcon_core.package_identification:_identify(new_data/piddob/reports/20251022_141618/per_file) by extension 'ignore'
[0.148s] Level 1:colcon.colcon_core.package_identification:_identify(new_data/piddob/reports/20251022_141618/per_file) by extension 'ignore_ament_install'
[0.148s] Level 1:colcon.colcon_core.package_identification:_identify(new_data/piddob/reports/20251022_141618/per_file) by extensions ['colcon_pkg']
[0.148s] Level 1:colcon.colcon_core.package_identification:_identify(new_data/piddob/reports/20251022_141618/per_file) by extension 'colcon_pkg'
[0.148s] Level 1:colcon.colcon_core.package_identification:_identify(new_data/piddob/reports/20251022_141618/per_file) by extensions ['colcon_meta']
[0.148s] Level 1:colcon.colcon_core.package_identification:_identify(new_data/piddob/reports/20251022_141618/per_file) by extension 'colcon_meta'
[0.148s] Level 1:colcon.colcon_core.package_identification:_identify(new_data/piddob/reports/20251022_141618/per_file) by extensions ['ros']
[0.148s] Level 1:colcon.colcon_core.package_identification:_identify(new_data/piddob/reports/20251022_141618/per_file) by extension 'ros'
[0.148s] Level 1:colcon.colcon_core.package_identification:_identify(new_data/piddob/reports/20251022_141618/per_file) by extensions ['cmake', 'python']
[0.148s] Level 1:colcon.colcon_core.package_identification:_identify(new_data/piddob/reports/20251022_141618/per_file) by extension 'cmake'
[0.148s] Level 1:colcon.colcon_core.package_identification:_identify(new_data/piddob/reports/20251022_141618/per_file) by extension 'python'
[0.148s] Level 1:colcon.colcon_core.package_identification:_identify(new_data/piddob/reports/20251022_141618/per_file) by extensions ['python_setup_py']
[0.148s] Level 1:colcon.colcon_core.package_identification:_identify(new_data/piddob/reports/20251022_141618/per_file) by extension 'python_setup_py'
[0.148s] Level 1:colcon.colcon_core.package_identification:_identify(new_data/reports_compare) by extensions ['ignore', 'ignore_ament_install']
[0.148s] Level 1:colcon.colcon_core.package_identification:_identify(new_data/reports_compare) by extension 'ignore'
[0.148s] Level 1:colcon.colcon_core.package_identification:_identify(new_data/reports_compare) by extension 'ignore_ament_install'
[0.148s] Level 1:colcon.colcon_core.package_identification:_identify(new_data/reports_compare) by extensions ['colcon_pkg']
[0.148s] Level 1:colcon.colcon_core.package_identification:_identify(new_data/reports_compare) by extension 'colcon_pkg'
[0.148s] Level 1:colcon.colcon_core.package_identification:_identify(new_data/reports_compare) by extensions ['colcon_meta']
[0.148s] Level 1:colcon.colcon_core.package_identification:_identify(new_data/reports_compare) by extension 'colcon_meta'
[0.148s] Level 1:colcon.colcon_core.package_identification:_identify(new_data/reports_compare) by extensions ['ros']
[0.148s] Level 1:colcon.colcon_core.package_identification:_identify(new_data/reports_compare) by extension 'ros'
[0.149s] Level 1:colcon.colcon_core.package_identification:_identify(new_data/reports_compare) by extensions ['cmake', 'python']
[0.149s] Level 1:colcon.colcon_core.package_identification:_identify(new_data/reports_compare) by extension 'cmake'
[0.149s] Level 1:colcon.colcon_core.package_identification:_identify(new_data/reports_compare) by extension 'python'
[0.149s] Level 1:colcon.colcon_core.package_identification:_identify(new_data/reports_compare) by extensions ['python_setup_py']
[0.149s] Level 1:colcon.colcon_core.package_identification:_identify(new_data/reports_compare) by extension 'python_setup_py'
[0.149s] Level 1:colcon.colcon_core.package_identification:_identify(new_data/reports_compare/20251022_141618) by extensions ['ignore', 'ignore_ament_install']
[0.149s] Level 1:colcon.colcon_core.package_identification:_identify(new_data/reports_compare/20251022_141618) by extension 'ignore'
[0.149s] Level 1:colcon.colcon_core.package_identification:_identify(new_data/reports_compare/20251022_141618) by extension 'ignore_ament_install'
[0.149s] Level 1:colcon.colcon_core.package_identification:_identify(new_data/reports_compare/20251022_141618) by extensions ['colcon_pkg']
[0.149s] Level 1:colcon.colcon_core.package_identification:_identify(new_data/reports_compare/20251022_141618) by extension 'colcon_pkg'
[0.149s] Level 1:colcon.colcon_core.package_identification:_identify(new_data/reports_compare/20251022_141618) by extensions ['colcon_meta']
[0.149s] Level 1:colcon.colcon_core.package_identification:_identify(new_data/reports_compare/20251022_141618) by extension 'colcon_meta'
[0.149s] Level 1:colcon.colcon_core.package_identification:_identify(new_data/reports_compare/20251022_141618) by extensions ['ros']
[0.149s] Level 1:colcon.colcon_core.package_identification:_identify(new_data/reports_compare/20251022_141618) by extension 'ros'
[0.149s] Level 1:colcon.colcon_core.package_identification:_identify(new_data/reports_compare/20251022_141618) by extensions ['cmake', 'python']
[0.149s] Level 1:colcon.colcon_core.package_identification:_identify(new_data/reports_compare/20251022_141618) by extension 'cmake'
[0.149s] Level 1:colcon.colcon_core.package_identification:_identify(new_data/reports_compare/20251022_141618) by extension 'python'
[0.149s] Level 1:colcon.colcon_core.package_identification:_identify(new_data/reports_compare/20251022_141618) by extensions ['python_setup_py']
[0.149s] Level 1:colcon.colcon_core.package_identification:_identify(new_data/reports_compare/20251022_141618) by extension 'python_setup_py'
[0.149s] Level 1:colcon.colcon_core.package_identification:_identify(new_data/reports_compare/20251022_141618/per_file) by extensions ['ignore', 'ignore_ament_install']
[0.149s] Level 1:colcon.colcon_core.package_identification:_identify(new_data/reports_compare/20251022_141618/per_file) by extension 'ignore'
[0.149s] Level 1:colcon.colcon_core.package_identification:_identify(new_data/reports_compare/20251022_141618/per_file) by extension 'ignore_ament_install'
[0.149s] Level 1:colcon.colcon_core.package_identification:_identify(new_data/reports_compare/20251022_141618/per_file) by extensions ['colcon_pkg']
[0.149s] Level 1:colcon.colcon_core.package_identification:_identify(new_data/reports_compare/20251022_141618/per_file) by extension 'colcon_pkg'
[0.149s] Level 1:colcon.colcon_core.package_identification:_identify(new_data/reports_compare/20251022_141618/per_file) by extensions ['colcon_meta']
[0.149s] Level 1:colcon.colcon_core.package_identification:_identify(new_data/reports_compare/20251022_141618/per_file) by extension 'colcon_meta'
[0.149s] Level 1:colcon.colcon_core.package_identification:_identify(new_data/reports_compare/20251022_141618/per_file) by extensions ['ros']
[0.149s] Level 1:colcon.colcon_core.package_identification:_identify(new_data/reports_compare/20251022_141618/per_file) by extension 'ros'
[0.149s] Level 1:colcon.colcon_core.package_identification:_identify(new_data/reports_compare/20251022_141618/per_file) by extensions ['cmake', 'python']
[0.150s] Level 1:colcon.colcon_core.package_identification:_identify(new_data/reports_compare/20251022_141618/per_file) by extension 'cmake'
[0.150s] Level 1:colcon.colcon_core.package_identification:_identify(new_data/reports_compare/20251022_141618/per_file) by extension 'python'
[0.150s] Level 1:colcon.colcon_core.package_identification:_identify(new_data/reports_compare/20251022_141618/per_file) by extensions ['python_setup_py']
[0.150s] Level 1:colcon.colcon_core.package_identification:_identify(new_data/reports_compare/20251022_141618/per_file) by extension 'python_setup_py'
[0.150s] Level 1:colcon.colcon_core.package_identification:_identify(new_data/rvolmea) by extensions ['ignore', 'ignore_ament_install']
[0.150s] Level 1:colcon.colcon_core.package_identification:_identify(new_data/rvolmea) by extension 'ignore'
[0.150s] Level 1:colcon.colcon_core.package_identification:_identify(new_data/rvolmea) by extension 'ignore_ament_install'
[0.150s] Level 1:colcon.colcon_core.package_identification:_identify(new_data/rvolmea) by extensions ['colcon_pkg']
[0.150s] Level 1:colcon.colcon_core.package_identification:_identify(new_data/rvolmea) by extension 'colcon_pkg'
[0.150s] Level 1:colcon.colcon_core.package_identification:_identify(new_data/rvolmea) by extensions ['colcon_meta']
[0.150s] Level 1:colcon.colcon_core.package_identification:_identify(new_data/rvolmea) by extension 'colcon_meta'
[0.150s] Level 1:colcon.colcon_core.package_identification:_identify(new_data/rvolmea) by extensions ['ros']
[0.150s] Level 1:colcon.colcon_core.package_identification:_identify(new_data/rvolmea) by extension 'ros'
[0.150s] Level 1:colcon.colcon_core.package_identification:_identify(new_data/rvolmea) by extensions ['cmake', 'python']
[0.150s] Level 1:colcon.colcon_core.package_identification:_identify(new_data/rvolmea) by extension 'cmake'
[0.150s] Level 1:colcon.colcon_core.package_identification:_identify(new_data/rvolmea) by extension 'python'
[0.150s] Level 1:colcon.colcon_core.package_identification:_identify(new_data/rvolmea) by extensions ['python_setup_py']
[0.150s] Level 1:colcon.colcon_core.package_identification:_identify(new_data/rvolmea) by extension 'python_setup_py'
[0.150s] Level 1:colcon.colcon_core.package_identification:_identify(new_data/rvolmea/reports) by extensions ['ignore', 'ignore_ament_install']
[0.150s] Level 1:colcon.colcon_core.package_identification:_identify(new_data/rvolmea/reports) by extension 'ignore'
[0.150s] Level 1:colcon.colcon_core.package_identification:_identify(new_data/rvolmea/reports) by extension 'ignore_ament_install'
[0.150s] Level 1:colcon.colcon_core.package_identification:_identify(new_data/rvolmea/reports) by extensions ['colcon_pkg']
[0.150s] Level 1:colcon.colcon_core.package_identification:_identify(new_data/rvolmea/reports) by extension 'colcon_pkg'
[0.150s] Level 1:colcon.colcon_core.package_identification:_identify(new_data/rvolmea/reports) by extensions ['colcon_meta']
[0.150s] Level 1:colcon.colcon_core.package_identification:_identify(new_data/rvolmea/reports) by extension 'colcon_meta'
[0.150s] Level 1:colcon.colcon_core.package_identification:_identify(new_data/rvolmea/reports) by extensions ['ros']
[0.150s] Level 1:colcon.colcon_core.package_identification:_identify(new_data/rvolmea/reports) by extension 'ros'
[0.150s] Level 1:colcon.colcon_core.package_identification:_identify(new_data/rvolmea/reports) by extensions ['cmake', 'python']
[0.151s] Level 1:colcon.colcon_core.package_identification:_identify(new_data/rvolmea/reports) by extension 'cmake'
[0.151s] Level 1:colcon.colcon_core.package_identification:_identify(new_data/rvolmea/reports) by extension 'python'
[0.151s] Level 1:colcon.colcon_core.package_identification:_identify(new_data/rvolmea/reports) by extensions ['python_setup_py']
[0.151s] Level 1:colcon.colcon_core.package_identification:_identify(new_data/rvolmea/reports) by extension 'python_setup_py'
[0.151s] Level 1:colcon.colcon_core.package_identification:_identify(new_data/rvolmea/reports/20251022_130436) by extensions ['ignore', 'ignore_ament_install']
[0.151s] Level 1:colcon.colcon_core.package_identification:_identify(new_data/rvolmea/reports/20251022_130436) by extension 'ignore'
[0.151s] Level 1:colcon.colcon_core.package_identification:_identify(new_data/rvolmea/reports/20251022_130436) by extension 'ignore_ament_install'
[0.151s] Level 1:colcon.colcon_core.package_identification:_identify(new_data/rvolmea/reports/20251022_130436) by extensions ['colcon_pkg']
[0.151s] Level 1:colcon.colcon_core.package_identification:_identify(new_data/rvolmea/reports/20251022_130436) by extension 'colcon_pkg'
[0.151s] Level 1:colcon.colcon_core.package_identification:_identify(new_data/rvolmea/reports/20251022_130436) by extensions ['colcon_meta']
[0.151s] Level 1:colcon.colcon_core.package_identification:_identify(new_data/rvolmea/reports/20251022_130436) by extension 'colcon_meta'
[0.151s] Level 1:colcon.colcon_core.package_identification:_identify(new_data/rvolmea/reports/20251022_130436) by extensions ['ros']
[0.151s] Level 1:colcon.colcon_core.package_identification:_identify(new_data/rvolmea/reports/20251022_130436) by extension 'ros'
[0.151s] Level 1:colcon.colcon_core.package_identification:_identify(new_data/rvolmea/reports/20251022_130436) by extensions ['cmake', 'python']
[0.151s] Level 1:colcon.colcon_core.package_identification:_identify(new_data/rvolmea/reports/20251022_130436) by extension 'cmake'
[0.151s] Level 1:colcon.colcon_core.package_identification:_identify(new_data/rvolmea/reports/20251022_130436) by extension 'python'
[0.151s] Level 1:colcon.colcon_core.package_identification:_identify(new_data/rvolmea/reports/20251022_130436) by extensions ['python_setup_py']
[0.151s] Level 1:colcon.colcon_core.package_identification:_identify(new_data/rvolmea/reports/20251022_130436) by extension 'python_setup_py'
[0.151s] Level 1:colcon.colcon_core.package_identification:_identify(new_data/rvolmea/reports/20251022_130436/per_file) by extensions ['ignore', 'ignore_ament_install']
[0.151s] Level 1:colcon.colcon_core.package_identification:_identify(new_data/rvolmea/reports/20251022_130436/per_file) by extension 'ignore'
[0.151s] Level 1:colcon.colcon_core.package_identification:_identify(new_data/rvolmea/reports/20251022_130436/per_file) by extension 'ignore_ament_install'
[0.151s] Level 1:colcon.colcon_core.package_identification:_identify(new_data/rvolmea/reports/20251022_130436/per_file) by extensions ['colcon_pkg']
[0.151s] Level 1:colcon.colcon_core.package_identification:_identify(new_data/rvolmea/reports/20251022_130436/per_file) by extension 'colcon_pkg'
[0.151s] Level 1:colcon.colcon_core.package_identification:_identify(new_data/rvolmea/reports/20251022_130436/per_file) by extensions ['colcon_meta']
[0.151s] Level 1:colcon.colcon_core.package_identification:_identify(new_data/rvolmea/reports/20251022_130436/per_file) by extension 'colcon_meta'
[0.151s] Level 1:colcon.colcon_core.package_identification:_identify(new_data/rvolmea/reports/20251022_130436/per_file) by extensions ['ros']
[0.151s] Level 1:colcon.colcon_core.package_identification:_identify(new_data/rvolmea/reports/20251022_130436/per_file) by extension 'ros'
[0.152s] Level 1:colcon.colcon_core.package_identification:_identify(new_data/rvolmea/reports/20251022_130436/per_file) by extensions ['cmake', 'python']
[0.152s] Level 1:colcon.colcon_core.package_identification:_identify(new_data/rvolmea/reports/20251022_130436/per_file) by extension 'cmake'
[0.152s] Level 1:colcon.colcon_core.package_identification:_identify(new_data/rvolmea/reports/20251022_130436/per_file) by extension 'python'
[0.152s] Level 1:colcon.colcon_core.package_identification:_identify(new_data/rvolmea/reports/20251022_130436/per_file) by extensions ['python_setup_py']
[0.152s] Level 1:colcon.colcon_core.package_identification:_identify(new_data/rvolmea/reports/20251022_130436/per_file) by extension 'python_setup_py'
[0.152s] Level 1:colcon.colcon_core.package_identification:_identify(new_data/rvolmea/reports/20251022_140821) by extensions ['ignore', 'ignore_ament_install']
[0.152s] Level 1:colcon.colcon_core.package_identification:_identify(new_data/rvolmea/reports/20251022_140821) by extension 'ignore'
[0.152s] Level 1:colcon.colcon_core.package_identification:_identify(new_data/rvolmea/reports/20251022_140821) by extension 'ignore_ament_install'
[0.152s] Level 1:colcon.colcon_core.package_identification:_identify(new_data/rvolmea/reports/20251022_140821) by extensions ['colcon_pkg']
[0.152s] Level 1:colcon.colcon_core.package_identification:_identify(new_data/rvolmea/reports/20251022_140821) by extension 'colcon_pkg'
[0.152s] Level 1:colcon.colcon_core.package_identification:_identify(new_data/rvolmea/reports/20251022_140821) by extensions ['colcon_meta']
[0.152s] Level 1:colcon.colcon_core.package_identification:_identify(new_data/rvolmea/reports/20251022_140821) by extension 'colcon_meta'
[0.152s] Level 1:colcon.colcon_core.package_identification:_identify(new_data/rvolmea/reports/20251022_140821) by extensions ['ros']
[0.152s] Level 1:colcon.colcon_core.package_identification:_identify(new_data/rvolmea/reports/20251022_140821) by extension 'ros'
[0.152s] Level 1:colcon.colcon_core.package_identification:_identify(new_data/rvolmea/reports/20251022_140821) by extensions ['cmake', 'python']
[0.152s] Level 1:colcon.colcon_core.package_identification:_identify(new_data/rvolmea/reports/20251022_140821) by extension 'cmake'
[0.152s] Level 1:colcon.colcon_core.package_identification:_identify(new_data/rvolmea/reports/20251022_140821) by extension 'python'
[0.152s] Level 1:colcon.colcon_core.package_identification:_identify(new_data/rvolmea/reports/20251022_140821) by extensions ['python_setup_py']
[0.152s] Level 1:colcon.colcon_core.package_identification:_identify(new_data/rvolmea/reports/20251022_140821) by extension 'python_setup_py'
[0.152s] Level 1:colcon.colcon_core.package_identification:_identify(new_data/rvolmea/reports/20251022_140821/per_file) by extensions ['ignore', 'ignore_ament_install']
[0.152s] Level 1:colcon.colcon_core.package_identification:_identify(new_data/rvolmea/reports/20251022_140821/per_file) by extension 'ignore'
[0.152s] Level 1:colcon.colcon_core.package_identification:_identify(new_data/rvolmea/reports/20251022_140821/per_file) by extension 'ignore_ament_install'
[0.152s] Level 1:colcon.colcon_core.package_identification:_identify(new_data/rvolmea/reports/20251022_140821/per_file) by extensions ['colcon_pkg']
[0.152s] Level 1:colcon.colcon_core.package_identification:_identify(new_data/rvolmea/reports/20251022_140821/per_file) by extension 'colcon_pkg'
[0.152s] Level 1:colcon.colcon_core.package_identification:_identify(new_data/rvolmea/reports/20251022_140821/per_file) by extensions ['colcon_meta']
[0.152s] Level 1:colcon.colcon_core.package_identification:_identify(new_data/rvolmea/reports/20251022_140821/per_file) by extension 'colcon_meta'
[0.152s] Level 1:colcon.colcon_core.package_identification:_identify(new_data/rvolmea/reports/20251022_140821/per_file) by extensions ['ros']
[0.152s] Level 1:colcon.colcon_core.package_identification:_identify(new_data/rvolmea/reports/20251022_140821/per_file) by extension 'ros'
[0.153s] Level 1:colcon.colcon_core.package_identification:_identify(new_data/rvolmea/reports/20251022_140821/per_file) by extensions ['cmake', 'python']
[0.153s] Level 1:colcon.colcon_core.package_identification:_identify(new_data/rvolmea/reports/20251022_140821/per_file) by extension 'cmake'
[0.153s] Level 1:colcon.colcon_core.package_identification:_identify(new_data/rvolmea/reports/20251022_140821/per_file) by extension 'python'
[0.153s] Level 1:colcon.colcon_core.package_identification:_identify(new_data/rvolmea/reports/20251022_140821/per_file) by extensions ['python_setup_py']
[0.153s] Level 1:colcon.colcon_core.package_identification:_identify(new_data/rvolmea/reports/20251022_140821/per_file) by extension 'python_setup_py'
[0.153s] Level 1:colcon.colcon_core.package_identification:_identify(new_data/rvolmea/reports/20251022_141447) by extensions ['ignore', 'ignore_ament_install']
[0.153s] Level 1:colcon.colcon_core.package_identification:_identify(new_data/rvolmea/reports/20251022_141447) by extension 'ignore'
[0.153s] Level 1:colcon.colcon_core.package_identification:_identify(new_data/rvolmea/reports/20251022_141447) by extension 'ignore_ament_install'
[0.153s] Level 1:colcon.colcon_core.package_identification:_identify(new_data/rvolmea/reports/20251022_141447) by extensions ['colcon_pkg']
[0.153s] Level 1:colcon.colcon_core.package_identification:_identify(new_data/rvolmea/reports/20251022_141447) by extension 'colcon_pkg'
[0.153s] Level 1:colcon.colcon_core.package_identification:_identify(new_data/rvolmea/reports/20251022_141447) by extensions ['colcon_meta']
[0.153s] Level 1:colcon.colcon_core.package_identification:_identify(new_data/rvolmea/reports/20251022_141447) by extension 'colcon_meta'
[0.153s] Level 1:colcon.colcon_core.package_identification:_identify(new_data/rvolmea/reports/20251022_141447) by extensions ['ros']
[0.153s] Level 1:colcon.colcon_core.package_identification:_identify(new_data/rvolmea/reports/20251022_141447) by extension 'ros'
[0.153s] Level 1:colcon.colcon_core.package_identification:_identify(new_data/rvolmea/reports/20251022_141447) by extensions ['cmake', 'python']
[0.153s] Level 1:colcon.colcon_core.package_identification:_identify(new_data/rvolmea/reports/20251022_141447) by extension 'cmake'
[0.153s] Level 1:colcon.colcon_core.package_identification:_identify(new_data/rvolmea/reports/20251022_141447) by extension 'python'
[0.153s] Level 1:colcon.colcon_core.package_identification:_identify(new_data/rvolmea/reports/20251022_141447) by extensions ['python_setup_py']
[0.153s] Level 1:colcon.colcon_core.package_identification:_identify(new_data/rvolmea/reports/20251022_141447) by extension 'python_setup_py'
[0.153s] Level 1:colcon.colcon_core.package_identification:_identify(new_data/rvolmea/reports/20251022_141447/per_file) by extensions ['ignore', 'ignore_ament_install']
[0.153s] Level 1:colcon.colcon_core.package_identification:_identify(new_data/rvolmea/reports/20251022_141447/per_file) by extension 'ignore'
[0.153s] Level 1:colcon.colcon_core.package_identification:_identify(new_data/rvolmea/reports/20251022_141447/per_file) by extension 'ignore_ament_install'
[0.153s] Level 1:colcon.colcon_core.package_identification:_identify(new_data/rvolmea/reports/20251022_141447/per_file) by extensions ['colcon_pkg']
[0.153s] Level 1:colcon.colcon_core.package_identification:_identify(new_data/rvolmea/reports/20251022_141447/per_file) by extension 'colcon_pkg'
[0.153s] Level 1:colcon.colcon_core.package_identification:_identify(new_data/rvolmea/reports/20251022_141447/per_file) by extensions ['colcon_meta']
[0.153s] Level 1:colcon.colcon_core.package_identification:_identify(new_data/rvolmea/reports/20251022_141447/per_file) by extension 'colcon_meta'
[0.153s] Level 1:colcon.colcon_core.package_identification:_identify(new_data/rvolmea/reports/20251022_141447/per_file) by extensions ['ros']
[0.153s] Level 1:colcon.colcon_core.package_identification:_identify(new_data/rvolmea/reports/20251022_141447/per_file) by extension 'ros'
[0.154s] Level 1:colcon.colcon_core.package_identification:_identify(new_data/rvolmea/reports/20251022_141447/per_file) by extensions ['cmake', 'python']
[0.154s] Level 1:colcon.colcon_core.package_identification:_identify(new_data/rvolmea/reports/20251022_141447/per_file) by extension 'cmake'
[0.154s] Level 1:colcon.colcon_core.package_identification:_identify(new_data/rvolmea/reports/20251022_141447/per_file) by extension 'python'
[0.154s] Level 1:colcon.colcon_core.package_identification:_identify(new_data/rvolmea/reports/20251022_141447/per_file) by extensions ['python_setup_py']
[0.154s] Level 1:colcon.colcon_core.package_identification:_identify(new_data/rvolmea/reports/20251022_141447/per_file) by extension 'python_setup_py'
[0.154s] Level 1:colcon.colcon_core.package_identification:_identify(new_data/rvolmea/reports/20251022_141618) by extensions ['ignore', 'ignore_ament_install']
[0.154s] Level 1:colcon.colcon_core.package_identification:_identify(new_data/rvolmea/reports/20251022_141618) by extension 'ignore'
[0.154s] Level 1:colcon.colcon_core.package_identification:_identify(new_data/rvolmea/reports/20251022_141618) by extension 'ignore_ament_install'
[0.154s] Level 1:colcon.colcon_core.package_identification:_identify(new_data/rvolmea/reports/20251022_141618) by extensions ['colcon_pkg']
[0.154s] Level 1:colcon.colcon_core.package_identification:_identify(new_data/rvolmea/reports/20251022_141618) by extension 'colcon_pkg'
[0.154s] Level 1:colcon.colcon_core.package_identification:_identify(new_data/rvolmea/reports/20251022_141618) by extensions ['colcon_meta']
[0.154s] Level 1:colcon.colcon_core.package_identification:_identify(new_data/rvolmea/reports/20251022_141618) by extension 'colcon_meta'
[0.154s] Level 1:colcon.colcon_core.package_identification:_identify(new_data/rvolmea/reports/20251022_141618) by extensions ['ros']
[0.154s] Level 1:colcon.colcon_core.package_identification:_identify(new_data/rvolmea/reports/20251022_141618) by extension 'ros'
[0.154s] Level 1:colcon.colcon_core.package_identification:_identify(new_data/rvolmea/reports/20251022_141618) by extensions ['cmake', 'python']
[0.154s] Level 1:colcon.colcon_core.package_identification:_identify(new_data/rvolmea/reports/20251022_141618) by extension 'cmake'
[0.154s] Level 1:colcon.colcon_core.package_identification:_identify(new_data/rvolmea/reports/20251022_141618) by extension 'python'
[0.154s] Level 1:colcon.colcon_core.package_identification:_identify(new_data/rvolmea/reports/20251022_141618) by extensions ['python_setup_py']
[0.154s] Level 1:colcon.colcon_core.package_identification:_identify(new_data/rvolmea/reports/20251022_141618) by extension 'python_setup_py'
[0.154s] Level 1:colcon.colcon_core.package_identification:_identify(new_data/rvolmea/reports/20251022_141618/per_file) by extensions ['ignore', 'ignore_ament_install']
[0.154s] Level 1:colcon.colcon_core.package_identification:_identify(new_data/rvolmea/reports/20251022_141618/per_file) by extension 'ignore'
[0.154s] Level 1:colcon.colcon_core.package_identification:_identify(new_data/rvolmea/reports/20251022_141618/per_file) by extension 'ignore_ament_install'
[0.154s] Level 1:colcon.colcon_core.package_identification:_identify(new_data/rvolmea/reports/20251022_141618/per_file) by extensions ['colcon_pkg']
[0.154s] Level 1:colcon.colcon_core.package_identification:_identify(new_data/rvolmea/reports/20251022_141618/per_file) by extension 'colcon_pkg'
[0.154s] Level 1:colcon.colcon_core.package_identification:_identify(new_data/rvolmea/reports/20251022_141618/per_file) by extensions ['colcon_meta']
[0.154s] Level 1:colcon.colcon_core.package_identification:_identify(new_data/rvolmea/reports/20251022_141618/per_file) by extension 'colcon_meta'
[0.154s] Level 1:colcon.colcon_core.package_identification:_identify(new_data/rvolmea/reports/20251022_141618/per_file) by extensions ['ros']
[0.154s] Level 1:colcon.colcon_core.package_identification:_identify(new_data/rvolmea/reports/20251022_141618/per_file) by extension 'ros'
[0.155s] Level 1:colcon.colcon_core.package_identification:_identify(new_data/rvolmea/reports/20251022_141618/per_file) by extensions ['cmake', 'python']
[0.155s] Level 1:colcon.colcon_core.package_identification:_identify(new_data/rvolmea/reports/20251022_141618/per_file) by extension 'cmake'
[0.155s] Level 1:colcon.colcon_core.package_identification:_identify(new_data/rvolmea/reports/20251022_141618/per_file) by extension 'python'
[0.155s] Level 1:colcon.colcon_core.package_identification:_identify(new_data/rvolmea/reports/20251022_141618/per_file) by extensions ['python_setup_py']
[0.155s] Level 1:colcon.colcon_core.package_identification:_identify(new_data/rvolmea/reports/20251022_141618/per_file) by extension 'python_setup_py'
[0.155s] Level 1:colcon.colcon_core.package_identification:_identify(src) by extensions ['ignore', 'ignore_ament_install']
[0.155s] Level 1:colcon.colcon_core.package_identification:_identify(src) by extension 'ignore'
[0.155s] Level 1:colcon.colcon_core.package_identification:_identify(src) by extension 'ignore_ament_install'
[0.155s] Level 1:colcon.colcon_core.package_identification:_identify(src) by extensions ['colcon_pkg']
[0.155s] Level 1:colcon.colcon_core.package_identification:_identify(src) by extension 'colcon_pkg'
[0.155s] Level 1:colcon.colcon_core.package_identification:_identify(src) by extensions ['colcon_meta']
[0.155s] Level 1:colcon.colcon_core.package_identification:_identify(src) by extension 'colcon_meta'
[0.155s] Level 1:colcon.colcon_core.package_identification:_identify(src) by extensions ['ros']
[0.155s] Level 1:colcon.colcon_core.package_identification:_identify(src) by extension 'ros'
[0.155s] Level 1:colcon.colcon_core.package_identification:_identify(src) by extensions ['cmake', 'python']
[0.155s] Level 1:colcon.colcon_core.package_identification:_identify(src) by extension 'cmake'
[0.155s] Level 1:colcon.colcon_core.package_identification:_identify(src) by extension 'python'
[0.155s] Level 1:colcon.colcon_core.package_identification:_identify(src) by extensions ['python_setup_py']
[0.155s] Level 1:colcon.colcon_core.package_identification:_identify(src) by extension 'python_setup_py'
[0.155s] Level 1:colcon.colcon_core.package_identification:_identify(src/ai_motor_controller) by extensions ['ignore', 'ignore_ament_install']
[0.155s] Level 1:colcon.colcon_core.package_identification:_identify(src/ai_motor_controller) by extension 'ignore'
[0.155s] Level 1:colcon.colcon_core.package_identification:_identify(src/ai_motor_controller) by extension 'ignore_ament_install'
[0.155s] Level 1:colcon.colcon_core.package_identification:_identify(src/ai_motor_controller) by extensions ['colcon_pkg']
[0.155s] Level 1:colcon.colcon_core.package_identification:_identify(src/ai_motor_controller) by extension 'colcon_pkg'
[0.155s] Level 1:colcon.colcon_core.package_identification:_identify(src/ai_motor_controller) by extensions ['colcon_meta']
[0.155s] Level 1:colcon.colcon_core.package_identification:_identify(src/ai_motor_controller) by extension 'colcon_meta'
[0.155s] Level 1:colcon.colcon_core.package_identification:_identify(src/ai_motor_controller) by extensions ['ros']
[0.155s] Level 1:colcon.colcon_core.package_identification:_identify(src/ai_motor_controller) by extension 'ros'
[0.159s] DEBUG:colcon.colcon_core.package_identification:Package 'src/ai_motor_controller' with type 'ros.ament_cmake' and name 'ai_motor_controller'
[0.159s] Level 1:colcon.colcon_core.package_discovery:discover_packages(recursive) using defaults
[0.159s] Level 1:colcon.colcon_core.package_discovery:discover_packages(ignore) discover
[0.159s] Level 1:colcon.colcon_core.package_discovery:discover_packages(ignore) using defaults
[0.159s] Level 1:colcon.colcon_core.package_discovery:discover_packages(path) discover
[0.159s] Level 1:colcon.colcon_core.package_discovery:discover_packages(path) using defaults
[0.172s] Level 1:colcon.colcon_core.package_discovery:discover_packages(prefix_path) check parameters
[0.172s] Level 1:colcon.colcon_core.package_discovery:discover_packages(prefix_path) discover
[0.174s] DEBUG:colcon.colcon_installed_package_information.package_discovery:Found 1 installed packages in /home/lunet/ttcc4/direct_motor_control_ws/install
[0.174s] DEBUG:colcon.colcon_installed_package_information.package_discovery:Found 2 installed packages in /home/lunet/ttcc4/ws_sensor_combined/install
[0.175s] DEBUG:colcon.colcon_installed_package_information.package_discovery:Found 319 installed packages in /opt/ros/rolling
[0.176s] Level 1:colcon.colcon_core.package_discovery:discover_packages(prefix_path) using defaults
[0.207s] Level 5:colcon.colcon_core.verb:set package 'ai_motor_controller' build argument 'cmake_args' from command line to 'None'
[0.207s] Level 5:colcon.colcon_core.verb:set package 'ai_motor_controller' build argument 'cmake_target' from command line to 'None'
[0.207s] Level 5:colcon.colcon_core.verb:set package 'ai_motor_controller' build argument 'cmake_target_skip_unavailable' from command line to 'False'
[0.207s] Level 5:colcon.colcon_core.verb:set package 'ai_motor_controller' build argument 'cmake_clean_cache' from command line to 'False'
[0.207s] Level 5:colcon.colcon_core.verb:set package 'ai_motor_controller' build argument 'cmake_clean_first' from command line to 'False'
[0.207s] Level 5:colcon.colcon_core.verb:set package 'ai_motor_controller' build argument 'cmake_force_configure' from command line to 'False'
[0.207s] Level 5:colcon.colcon_core.verb:set package 'ai_motor_controller' build argument 'ament_cmake_args' from command line to 'None'
[0.207s] Level 5:colcon.colcon_core.verb:set package 'ai_motor_controller' build argument 'catkin_cmake_args' from command line to 'None'
[0.207s] Level 5:colcon.colcon_core.verb:set package 'ai_motor_controller' build argument 'catkin_skip_building_tests' from command line to 'False'
[0.207s] DEBUG:colcon.colcon_core.verb:Building package 'ai_motor_controller' with the following arguments: {'ament_cmake_args': None, 'build_base': '/home/lunet/ttcc4/direct_motor_control_ws/build/ai_motor_controller', 'catkin_cmake_args': None, 'catkin_skip_building_tests': False, 'cmake_args': None, 'cmake_clean_cache': False, 'cmake_clean_first': False, 'cmake_force_configure': False, 'cmake_target': None, 'cmake_target_skip_unavailable': False, 'install_base': '/home/lunet/ttcc4/direct_motor_control_ws/install/ai_motor_controller', 'merge_install': False, 'path': '/home/lunet/ttcc4/direct_motor_control_ws/src/ai_motor_controller', 'symlink_install': False, 'test_result_base': None}
[0.207s] INFO:colcon.colcon_core.executor:Executing jobs using 'parallel' executor
[0.208s] DEBUG:colcon.colcon_parallel_executor.executor.parallel:run_until_complete
[0.208s] INFO:colcon.colcon_ros.task.ament_cmake.build:Building ROS package in '/home/lunet/ttcc4/direct_motor_control_ws/src/ai_motor_controller' with build type 'ament_cmake'
[0.209s] INFO:colcon.colcon_cmake.task.cmake.build:Building CMake package in '/home/lunet/ttcc4/direct_motor_control_ws/src/ai_motor_controller'
[0.210s] INFO:colcon.colcon_core.plugin_system:Skipping extension 'colcon_core.shell.bat': Not used on non-Windows systems
[0.210s] INFO:colcon.colcon_core.shell:Skip shell extension 'powershell' for command environment: Not usable outside of PowerShell
[0.210s] DEBUG:colcon.colcon_core.shell:Skip shell extension 'dsv' for command environment
[0.218s] DEBUG:colcon.colcon_core.event_handler.log_command:Invoking command in '/home/lunet/ttcc4/direct_motor_control_ws/build/ai_motor_controller': CMAKE_PREFIX_PATH=${CMAKE_PREFIX_PATH}:/opt/ros/rolling CONDA_PROMPT_MODIFIER=(base) DEBUGINFOD_URLS=https://debuginfod.ubuntu.com /home/lunet/ttcc4/anaconda3/bin/cmake --build /home/lunet/ttcc4/direct_motor_control_ws/build/ai_motor_controller -- -j8 -l8
[9.878s] DEBUG:colcon.colcon_core.event_handler.log_command:Invoked command in '/home/lunet/ttcc4/direct_motor_control_ws/build/ai_motor_controller' returned '2': CMAKE_PREFIX_PATH=${CMAKE_PREFIX_PATH}:/opt/ros/rolling CONDA_PROMPT_MODIFIER=(base) DEBUGINFOD_URLS=https://debuginfod.ubuntu.com /home/lunet/ttcc4/anaconda3/bin/cmake --build /home/lunet/ttcc4/direct_motor_control_ws/build/ai_motor_controller -- -j8 -l8
[9.879s] Level 1:colcon.colcon_core.environment:create_environment_scripts_only(ai_motor_controller)
[9.881s] Level 1:colcon.colcon_core.environment:checking '/home/lunet/ttcc4/direct_motor_control_ws/install/ai_motor_controller' for CMake module files
[9.882s] Level 1:colcon.colcon_core.environment:checking '/home/lunet/ttcc4/direct_motor_control_ws/install/ai_motor_controller' for CMake config files
[9.882s] Level 1:colcon.colcon_core.shell:create_environment_hook('ai_motor_controller', 'cmake_prefix_path')
[9.882s] INFO:colcon.colcon_core.shell:Creating environment hook '/home/lunet/ttcc4/direct_motor_control_ws/install/ai_motor_controller/share/ai_motor_controller/hook/cmake_prefix_path.ps1'
[9.883s] INFO:colcon.colcon_core.shell:Creating environment descriptor '/home/lunet/ttcc4/direct_motor_control_ws/install/ai_motor_controller/share/ai_motor_controller/hook/cmake_prefix_path.dsv'
[9.884s] INFO:colcon.colcon_core.shell:Creating environment hook '/home/lunet/ttcc4/direct_motor_control_ws/install/ai_motor_controller/share/ai_motor_controller/hook/cmake_prefix_path.sh'
[9.886s] Level 1:colcon.colcon_core.environment:checking '/home/lunet/ttcc4/direct_motor_control_ws/install/ai_motor_controller/lib'
[9.886s] Level 1:colcon.colcon_core.environment:checking '/home/lunet/ttcc4/direct_motor_control_ws/install/ai_motor_controller/bin'
[9.886s] Level 1:colcon.colcon_core.environment:checking '/home/lunet/ttcc4/direct_motor_control_ws/install/ai_motor_controller/lib/pkgconfig/ai_motor_controller.pc'
[9.886s] Level 1:colcon.colcon_core.environment:checking '/home/lunet/ttcc4/direct_motor_control_ws/install/ai_motor_controller/lib/python3.12/site-packages'
[9.887s] Level 1:colcon.colcon_core.environment:checking '/home/lunet/ttcc4/direct_motor_control_ws/install/ai_motor_controller/bin'
[9.887s] INFO:colcon.colcon_core.shell:Creating package script '/home/lunet/ttcc4/direct_motor_control_ws/install/ai_motor_controller/share/ai_motor_controller/package.ps1'
[9.888s] INFO:colcon.colcon_core.shell:Creating package descriptor '/home/lunet/ttcc4/direct_motor_control_ws/install/ai_motor_controller/share/ai_motor_controller/package.dsv'
[9.889s] INFO:colcon.colcon_core.shell:Creating package script '/home/lunet/ttcc4/direct_motor_control_ws/install/ai_motor_controller/share/ai_motor_controller/package.sh'
[9.889s] INFO:colcon.colcon_core.shell:Creating package script '/home/lunet/ttcc4/direct_motor_control_ws/install/ai_motor_controller/share/ai_motor_controller/package.bash'
[9.890s] INFO:colcon.colcon_core.shell:Creating package script '/home/lunet/ttcc4/direct_motor_control_ws/install/ai_motor_controller/share/ai_motor_controller/package.zsh'
[9.890s] Level 1:colcon.colcon_core.environment:create_file_with_runtime_dependencies(/home/lunet/ttcc4/direct_motor_control_ws/install/ai_motor_controller/share/colcon-core/packages/ai_motor_controller)
[9.901s] DEBUG:colcon.colcon_parallel_executor.executor.parallel:closing loop
[9.901s] DEBUG:colcon.colcon_parallel_executor.executor.parallel:loop closed
[9.901s] DEBUG:colcon.colcon_parallel_executor.executor.parallel:run_until_complete finished with '2'
[9.901s] DEBUG:colcon.colcon_core.event_reactor:joining thread
[9.914s] INFO:colcon.colcon_core.plugin_system:Skipping extension 'colcon_notification.desktop_notification.terminal_notifier': Not used on non-Darwin systems
[9.914s] INFO:colcon.colcon_core.plugin_system:Skipping extension 'colcon_notification.desktop_notification.win32': Not used on non-Windows systems
[9.914s] INFO:colcon.colcon_notification.desktop_notification:Sending desktop notification using 'notify2'
[9.928s] DEBUG:colcon.colcon_core.event_reactor:joined thread
[9.928s] INFO:colcon.colcon_core.shell:Creating prefix script '/home/lunet/ttcc4/direct_motor_control_ws/install/local_setup.ps1'
[9.929s] INFO:colcon.colcon_core.shell:Creating prefix util module '/home/lunet/ttcc4/direct_motor_control_ws/install/_local_setup_util_ps1.py'
[9.929s] INFO:colcon.colcon_core.shell:Creating prefix chain script '/home/lunet/ttcc4/direct_motor_control_ws/install/setup.ps1'
[9.930s] INFO:colcon.colcon_core.shell:Creating prefix script '/home/lunet/ttcc4/direct_motor_control_ws/install/local_setup.sh'
[9.931s] INFO:colcon.colcon_core.shell:Creating prefix util module '/home/lunet/ttcc4/direct_motor_control_ws/install/_local_setup_util_sh.py'
[9.931s] INFO:colcon.colcon_core.shell:Creating prefix chain script '/home/lunet/ttcc4/direct_motor_control_ws/install/setup.sh'
[9.932s] INFO:colcon.colcon_core.shell:Creating prefix script '/home/lunet/ttcc4/direct_motor_control_ws/install/local_setup.bash'
[9.932s] INFO:colcon.colcon_core.shell:Creating prefix chain script '/home/lunet/ttcc4/direct_motor_control_ws/install/setup.bash'
[9.933s] INFO:colcon.colcon_core.shell:Creating prefix script '/home/lunet/ttcc4/direct_motor_control_ws/install/local_setup.zsh'
[9.933s] INFO:colcon.colcon_core.shell:Creating prefix chain script '/home/lunet/ttcc4/direct_motor_control_ws/install/setup.zsh'
