[0.021s] Invoking command in '/home/lunet/ttcc4/direct_motor_control_ws/build/ai_motor_controller': CMAKE_PREFIX_PATH=${CMAKE_PREFIX_PATH}:/opt/ros/rolling CONDA_PROMPT_MODIFIER=(base) DEBUGINFOD_URLS=https://debuginfod.ubuntu.com /home/lunet/ttcc4/anaconda3/bin/cmake --build /home/lunet/ttcc4/direct_motor_control_ws/build/ai_motor_controller -- -j8 -l8
[0.115s] [ 50%] Built target wrench
[0.132s] [ 75%] [32mBuilding CXX object CMakeFiles/lemniscate.dir/src/lemniscate.cpp.o[0m
[38.747s] [100%] [32m[1mLinking CXX executable lemniscate[0m
[41.121s] [100%] Built target lemniscate
[41.136s] Invoked command in '/home/lunet/ttcc4/direct_motor_control_ws/build/ai_motor_controller' returned '0': CMAKE_PREFIX_PATH=${CMAKE_PREFIX_PATH}:/opt/ros/rolling CONDA_PROMPT_MODIFIER=(base) DEBUGINFOD_URLS=https://debuginfod.ubuntu.com /home/lunet/ttcc4/anaconda3/bin/cmake --build /home/lunet/ttcc4/direct_motor_control_ws/build/ai_motor_controller -- -j8 -l8
[41.199s] Invoking command in '/home/lunet/ttcc4/direct_motor_control_ws/build/ai_motor_controller': CMAKE_PREFIX_PATH=${CMAKE_PREFIX_PATH}:/opt/ros/rolling CONDA_PROMPT_MODIFIER=(base) DEBUGINFOD_URLS=https://debuginfod.ubuntu.com /home/lunet/ttcc4/anaconda3/bin/cmake --install /home/lunet/ttcc4/direct_motor_control_ws/build/ai_motor_controller
[41.233s] -- Install configuration: ""
[41.235s] -- Installing: /home/lunet/ttcc4/direct_motor_control_ws/install/ai_motor_controller/lib/ai_motor_controller/lemniscate
[41.262s] -- Set runtime path of "/home/lunet/ttcc4/direct_motor_control_ws/install/ai_motor_controller/lib/ai_motor_controller/lemniscate" to ""
[41.263s] -- Installing: /home/lunet/ttcc4/direct_motor_control_ws/install/ai_motor_controller/lib/ai_motor_controller/wrench
[41.301s] -- Set runtime path of "/home/lunet/ttcc4/direct_motor_control_ws/install/ai_motor_controller/lib/ai_motor_controller/wrench" to ""
[41.301s] -- Up-to-date: /home/lunet/ttcc4/direct_motor_control_ws/install/ai_motor_controller/share/ai_motor_controller//launch
[41.302s] -- Up-to-date: /home/lunet/ttcc4/direct_motor_control_ws/install/ai_motor_controller/share/ai_motor_controller//launch/lemniscate_launch.py
[41.302s] -- Up-to-date: /home/lunet/ttcc4/direct_motor_control_ws/install/ai_motor_controller/share/ai_motor_controller//launch/traj.csv
[41.302s] -- Up-to-date: /home/lunet/ttcc4/direct_motor_control_ws/install/ai_motor_controller/share/ai_motor_controller//launch/wrench_launch.py
[41.302s] -- Up-to-date: /home/lunet/ttcc4/direct_motor_control_ws/install/ai_motor_controller/share/ai_motor_controller//launch/__pycache__
[41.303s] -- Up-to-date: /home/lunet/ttcc4/direct_motor_control_ws/install/ai_motor_controller/share/ai_motor_controller//launch/__pycache__/wrench_launch.cpython-312.pyc
[41.303s] -- Up-to-date: /home/lunet/ttcc4/direct_motor_control_ws/install/ai_motor_controller/share/ai_motor_controller//config
[41.303s] -- Up-to-date: /home/lunet/ttcc4/direct_motor_control_ws/install/ai_motor_controller/share/ai_motor_controller//config/pid_params.yaml
[41.303s] -- Up-to-date: /home/lunet/ttcc4/direct_motor_control_ws/install/ai_motor_controller/share/ament_index/resource_index/package_run_dependencies/ai_motor_controller
[41.304s] -- Up-to-date: /home/lunet/ttcc4/direct_motor_control_ws/install/ai_motor_controller/share/ament_index/resource_index/parent_prefix_path/ai_motor_controller
[41.304s] -- Up-to-date: /home/lunet/ttcc4/direct_motor_control_ws/install/ai_motor_controller/share/ai_motor_controller/environment/ament_prefix_path.sh
[41.304s] -- Up-to-date: /home/lunet/ttcc4/direct_motor_control_ws/install/ai_motor_controller/share/ai_motor_controller/environment/ament_prefix_path.dsv
[41.304s] -- Up-to-date: /home/lunet/ttcc4/direct_motor_control_ws/install/ai_motor_controller/share/ai_motor_controller/environment/path.sh
[41.304s] -- Up-to-date: /home/lunet/ttcc4/direct_motor_control_ws/install/ai_motor_controller/share/ai_motor_controller/environment/path.dsv
[41.304s] -- Up-to-date: /home/lunet/ttcc4/direct_motor_control_ws/install/ai_motor_controller/share/ai_motor_controller/local_setup.bash
[41.304s] -- Up-to-date: /home/lunet/ttcc4/direct_motor_control_ws/install/ai_motor_controller/share/ai_motor_controller/local_setup.sh
[41.304s] -- Up-to-date: /home/lunet/ttcc4/direct_motor_control_ws/install/ai_motor_controller/share/ai_motor_controller/local_setup.zsh
[41.305s] -- Up-to-date: /home/lunet/ttcc4/direct_motor_control_ws/install/ai_motor_controller/share/ai_motor_controller/local_setup.dsv
[41.305s] -- Installing: /home/lunet/ttcc4/direct_motor_control_ws/install/ai_motor_controller/share/ai_motor_controller/package.dsv
[41.307s] -- Up-to-date: /home/lunet/ttcc4/direct_motor_control_ws/install/ai_motor_controller/share/ament_index/resource_index/packages/ai_motor_controller
[41.307s] -- Up-to-date: /home/lunet/ttcc4/direct_motor_control_ws/install/ai_motor_controller/share/ai_motor_controller/cmake/ament_cmake_export_dependencies-extras.cmake
[41.307s] -- Up-to-date: /home/lunet/ttcc4/direct_motor_control_ws/install/ai_motor_controller/share/ai_motor_controller/cmake/ai_motor_controllerConfig.cmake
[41.307s] -- Up-to-date: /home/lunet/ttcc4/direct_motor_control_ws/install/ai_motor_controller/share/ai_motor_controller/cmake/ai_motor_controllerConfig-version.cmake
[41.307s] -- Up-to-date: /home/lunet/ttcc4/direct_motor_control_ws/install/ai_motor_controller/share/ai_motor_controller/package.xml
[41.317s] Invoked command in '/home/lunet/ttcc4/direct_motor_control_ws/build/ai_motor_controller' returned '0': CMAKE_PREFIX_PATH=${CMAKE_PREFIX_PATH}:/opt/ros/rolling CONDA_PROMPT_MODIFIER=(base) DEBUGINFOD_URLS=https://debuginfod.ubuntu.com /home/lunet/ttcc4/anaconda3/bin/cmake --install /home/lunet/ttcc4/direct_motor_control_ws/build/ai_motor_controller
