[0.013s] Invoking command in '/home/lunet/ttcc4/direct_motor_control_ws/build/ai_motor_controller': CMAKE_PREFIX_PATH=${CMAKE_PREFIX_PATH}:/opt/ros/rolling CONDA_PROMPT_MODIFIER=(base) DEBUGINFOD_URLS=https://debuginfod.ubuntu.com /home/lunet/ttcc4/anaconda3/bin/cmake --build /home/lunet/ttcc4/direct_motor_control_ws/build/ai_motor_controller -- -j8 -l8
[0.092s] [ 50%] Built target wrench
[0.096s] [ 75%] [32mBuilding CXX object CMakeFiles/lemniscate.dir/src/lemniscate.cpp.o[0m
[86.797s] gmake[2]: *** Deleting file 'CMakeFiles/lemniscate.dir/src/lemniscate.cpp.o'
[86.808s] gmake[2]: *** wait: No child processes. Stop.
[86.809s] gmake[2]: *** Waiting for unfinished jobs....
[86.809s] gmake[2]: *** wait: No child processes. Stop.
[86.812s] gmake[1]: *** [CMakeFiles/Makefile2:139: CMakeFiles/lemniscate.dir/all] Error 2
[86.812s] gmake: *** [Makefile:146: all] Interrupt
[86.830s] Traceback (most recent call last):
[86.831s]   File "/home/lunet/ttcc4/anaconda3/bin/cmake", line 8, in <module>
[86.831s]     sys.exit(cmake())
[86.831s]   File "/home/lunet/ttcc4/anaconda3/lib/python3.9/site-packages/cmake/__init__.py", line 43, in cmake
[86.831s]     raise SystemExit(_program('cmake', sys.argv[1:]))
[86.833s]   File "/home/lunet/ttcc4/anaconda3/lib/python3.9/site-packages/cmake/__init__.py", line 39, in _program
[86.834s]     return subprocess.call([os.path.join(CMAKE_BIN_DIR, name)] + args, close_fds=False)
[86.834s]   File "/home/lunet/ttcc4/anaconda3/lib/python3.9/subprocess.py", line 351, in call
[86.834s]     return p.wait(timeout=timeout)
[86.835s]   File "/home/lunet/ttcc4/anaconda3/lib/python3.9/subprocess.py", line 1189, in wait
[86.835s]     return self._wait(timeout=timeout)
[86.835s]   File "/home/lunet/ttcc4/anaconda3/lib/python3.9/subprocess.py", line 1917, in _wait
[86.835s]     (pid, sts) = self._try_wait(0)
[86.835s]   File "/home/lunet/ttcc4/anaconda3/lib/python3.9/subprocess.py", line 1875, in _try_wait
[86.835s]     (pid, sts) = os.waitpid(self.pid, wait_flags)
[86.836s] KeyboardInterrupt
[86.927s] Invoked command in '/home/lunet/ttcc4/direct_motor_control_ws/build/ai_motor_controller' returned '-2': CMAKE_PREFIX_PATH=${CMAKE_PREFIX_PATH}:/opt/ros/rolling CONDA_PROMPT_MODIFIER=(base) DEBUGINFOD_URLS=https://debuginfod.ubuntu.com /home/lunet/ttcc4/anaconda3/bin/cmake --build /home/lunet/ttcc4/direct_motor_control_ws/build/ai_motor_controller -- -j8 -l8
